#
# There is insufficient memory for the Java Runtime Environment to continue.
# Native memory allocation (malloc) failed to allocate 715808 bytes for Chunk::new
# Possible reasons:
#   The system is out of physical RAM or swap space
#   The process is running with CompressedOops enabled, and the Java Heap may be blocking the growth of the native heap
# Possible solutions:
#   Reduce memory load on the system
#   Increase physical memory or swap space
#   Check if swap backing store is full
#   Decrease Java heap size (-Xmx/-Xms)
#   Decrease number of Java threads
#   Decrease Java thread stack sizes (-Xss)
#   Set larger code cache with -XX:ReservedCodeCacheSize=
#   JVM is running with Unscaled Compressed Oops mode in which the Java heap is
#     placed in the first 4GB address space. The Java Heap base address is the
#     maximum limit for the native heap growth. Please use -XX:HeapBaseMinAddress
#     to set the Java Heap base and to place the Java Heap above 4GB virtual address.
# This output file may be truncated or incomplete.
#
#  Out of Memory Error (allocation.cpp:389), pid=14556, tid=0x0000000000002f8c
#
# JRE version: OpenJDK Runtime Environment (8.0_242-b01) (build 1.8.0_242-release-1644-b01)
# Java VM: OpenJDK 64-Bit Server VM (25.242-b01 mixed mode windows-amd64 compressed oops)
# Failed to write core dump. Minidumps are not enabled by default on client versions of Windows
#

---------------  T H R E A D  ---------------

Current thread (0x0000000019326000):  JavaThread "C2 CompilerThread0" daemon [_thread_in_native, id=12172, stack(0x0000000019bf0000,0x0000000019cf0000)]

Stack: [0x0000000019bf0000,0x0000000019cf0000]
[error occurred during error reporting (printing stack bounds), id 0xc0000005]

Native frames: (J=compiled Java code, j=interpreted, Vv=VM code, C=native code)


Current CompileTask:
C2:1420271 17148       4       org.gradle.api.internal.changedetection.state.CachingFileHasher::hash (12 bytes)


---------------  P R O C E S S  ---------------

Java Threads: ( => current thread )
  0x000000002fbe3800 JavaThread "RMI TCP Connection(2)-127.0.0.1" daemon [_thread_in_native, id=19880, stack(0x00000000351c0000,0x00000000352c0000)]
  0x000000002fbdc000 JavaThread "RMI Reaper" [_thread_blocked, id=17004, stack(0x00000000350c0000,0x00000000351c0000)]
  0x000000002fbe1800 JavaThread "RMI TCP Accept-0" daemon [_thread_in_native, id=20744, stack(0x0000000034fc0000,0x00000000350c0000)]
  0x000000002fbe0800 JavaThread "GC Daemon" daemon [_thread_blocked, id=10848, stack(0x0000000034ec0000,0x0000000034fc0000)]
  0x000000002fbe0000 JavaThread "RMI RenewClean-[127.0.0.1:17131,org.jetbrains.kotlin.daemon.common.LoopbackNetworkInterface$ClientLoopbackSocketFactory@6defc3ea]" daemon [_thread_blocked, id=16280, stack(0x0000000034dc0000,0x0000000034ec0000)]
  0x000000002fbdd000 JavaThread "RMI Scheduler(0)" daemon [_thread_blocked, id=1588, stack(0x0000000034cc0000,0x0000000034dc0000)]
  0x000000002fbe3000 JavaThread "stdout" [_thread_in_native, id=10532, stack(0x0000000034650000,0x0000000034750000)]
  0x000000002fbe2000 JavaThread "stderr" [_thread_in_native, id=15540, stack(0x0000000034330000,0x0000000034430000)]
  0x000000002fbdf000 JavaThread "stdout" [_thread_in_native, id=13648, stack(0x0000000034550000,0x0000000034650000)]
  0x000000002fbd4800 JavaThread "stderr" [_thread_in_native, id=9848, stack(0x0000000034450000,0x0000000034550000)]
  0x000000002fbdb800 JavaThread "stdout" [_thread_in_native, id=14200, stack(0x0000000034230000,0x0000000034330000)]
  0x000000002fbda800 JavaThread "stderr" [_thread_in_native, id=14572, stack(0x0000000034130000,0x0000000034230000)]
  0x000000002fbd6000 JavaThread "stdout" [_thread_in_native, id=18136, stack(0x0000000033650000,0x0000000033750000)]
  0x000000002fbd3000 JavaThread "stderr" [_thread_in_native, id=21168, stack(0x0000000032e20000,0x0000000032f20000)]
  0x000000002fbda000 JavaThread "stdout" [_thread_in_native, id=16444, stack(0x0000000034030000,0x0000000034130000)]
  0x000000002fbd2000 JavaThread "stderr" [_thread_in_native, id=18844, stack(0x0000000033f30000,0x0000000034030000)]
  0x000000002fbd9000 JavaThread "stdout" [_thread_in_native, id=18744, stack(0x0000000033e30000,0x0000000033f30000)]
  0x000000002fbd8000 JavaThread "stderr" [_thread_in_native, id=12808, stack(0x0000000033d30000,0x0000000033e30000)]
  0x000000002fbd5000 JavaThread "stdout" [_thread_in_native, id=13772, stack(0x0000000033c30000,0x0000000033d30000)]
  0x000000002fbd7800 JavaThread "stderr" [_thread_in_native, id=20256, stack(0x0000000033b30000,0x0000000033c30000)]
  0x000000002fbd6800 JavaThread "stdout" [_thread_in_native, id=14480, stack(0x0000000033a30000,0x0000000033b30000)]
  0x000000002fbd3800 JavaThread "stderr" [_thread_in_native, id=10516, stack(0x00000000333e0000,0x00000000334e0000)]
  0x000000002fbca800 JavaThread "WorkerExecutor Queue Thread 8" [_thread_blocked, id=5360, stack(0x0000000033930000,0x0000000033a30000)]
  0x000000002fbd1800 JavaThread "WorkerExecutor Queue Thread 7" [_thread_blocked, id=20300, stack(0x0000000033830000,0x0000000033930000)]
  0x000000002fbcb800 JavaThread "pool-4-thread-1" [_thread_blocked, id=14888, stack(0x0000000032b10000,0x0000000032c10000)]
  0x000000002fbcc000 JavaThread "WorkerExecutor Queue Thread 6" [_thread_blocked, id=18668, stack(0x0000000033550000,0x0000000033650000)]
  0x000000002fbca000 JavaThread "WorkerExecutor Queue Thread 5" [_thread_blocked, id=20340, stack(0x0000000032fa0000,0x00000000330a0000)]
  0x000000002fbd0800 JavaThread "WorkerExecutor Queue Thread 4" [_thread_blocked, id=15872, stack(0x00000000332e0000,0x00000000333e0000)]
  0x000000002fbd0000 JavaThread "WorkerExecutor Queue Thread 3" [_thread_blocked, id=7032, stack(0x00000000331e0000,0x00000000332e0000)]
  0x000000002fbcd800 JavaThread "WorkerExecutor Queue Thread 2" [_thread_blocked, id=5432, stack(0x00000000330e0000,0x00000000331e0000)]
  0x000000001f469000 JavaThread "WorkerExecutor Queue" [_thread_blocked, id=15852, stack(0x0000000032a10000,0x0000000032b10000)]
  0x000000001f46a800 JavaThread "Cache worker for execution history cache (C:\Users\Arash\AndroidStudioProjects\NearRoom\.gradle\6.5\executionHistory)" [_thread_blocked, id=16120, stack(0x0000000032710000,0x0000000032810000)]
  0x000000001f469800 JavaThread "Execution worker for ':' Thread 7" [_thread_blocked, id=16812, stack(0x0000000032610000,0x0000000032710000)]
  0x000000001f46c800 JavaThread "Execution worker for ':' Thread 6" [_thread_blocked, id=17112, stack(0x0000000030540000,0x0000000030640000)]
  0x000000001f46b000 JavaThread "Execution worker for ':' Thread 5" [_thread_blocked, id=15592, stack(0x0000000030240000,0x0000000030340000)]
  0x000000001f463800 JavaThread "Execution worker for ':' Thread 4" [_thread_blocked, id=7776, stack(0x000000002eb10000,0x000000002ec10000)]
  0x000000001f462000 JavaThread "Execution worker for ':' Thread 3" [_thread_blocked, id=19648, stack(0x000000002ea10000,0x000000002eb10000)]
  0x000000001f460000 JavaThread "Execution worker for ':' Thread 2" [_thread_blocked, id=15744, stack(0x000000002bd00000,0x000000002be00000)]
  0x000000001f466800 JavaThread "Execution worker for ':'" [_thread_blocked, id=17048, stack(0x000000002bc00000,0x000000002bd00000)]
  0x000000001f466000 JavaThread "Cache worker for file content cache (C:\Users\Arash\AndroidStudioProjects\NearRoom\.gradle\6.5\fileContent)" [_thread_blocked, id=16136, stack(0x000000002bb00000,0x000000002bc00000)]
  0x000000001f460800 JavaThread "Cache worker for Build Output Cleanup Cache (C:\Users\Arash\AndroidStudioProjects\NearRoom\.gradle\buildOutputCleanup)" [_thread_blocked, id=13616, stack(0x000000002ba00000,0x000000002bb00000)]
  0x000000001f465000 JavaThread "jar transforms Thread 232" [_thread_blocked, id=17512, stack(0x000000002b900000,0x000000002ba00000)]
  0x000000001f461800 JavaThread "jar transforms Thread 231" [_thread_blocked, id=14180, stack(0x000000002b800000,0x000000002b900000)]
  0x000000001f464800 JavaThread "jar transforms Thread 230" [_thread_blocked, id=6828, stack(0x000000002b700000,0x000000002b800000)]
  0x000000001f45f000 JavaThread "jar transforms Thread 229" [_thread_blocked, id=18936, stack(0x000000002b600000,0x000000002b700000)]
  0x000000001f45e800 JavaThread "jar transforms Thread 228" [_thread_blocked, id=16108, stack(0x000000002b500000,0x000000002b600000)]
  0x0000000024635800 JavaThread "jar transforms Thread 227" [_thread_blocked, id=18060, stack(0x000000002b400000,0x000000002b500000)]
  0x0000000024639000 JavaThread "jar transforms Thread 226" [_thread_blocked, id=4460, stack(0x000000002b300000,0x000000002b400000)]
  0x000000002463a000 JavaThread "jar transforms Thread 225" [_thread_blocked, id=21208, stack(0x000000002b200000,0x000000002b300000)]
  0x0000000024637000 JavaThread "jar transforms Thread 224" [_thread_blocked, id=12472, stack(0x000000002b100000,0x000000002b200000)]
  0x0000000024637800 JavaThread "jar transforms Thread 223" [_thread_blocked, id=1676, stack(0x000000002b000000,0x000000002b100000)]
  0x0000000024634000 JavaThread "jar transforms Thread 222" [_thread_blocked, id=20568, stack(0x000000002af00000,0x000000002b000000)]
  0x0000000024634800 JavaThread "jar transforms Thread 221" [_thread_blocked, id=2028, stack(0x000000002ae00000,0x000000002af00000)]
  0x0000000024638800 JavaThread "jar transforms Thread 220" [_thread_blocked, id=17416, stack(0x000000002ad00000,0x000000002ae00000)]
  0x0000000024636000 JavaThread "jar transforms Thread 219" [_thread_blocked, id=9720, stack(0x000000002ac00000,0x000000002ad00000)]
  0x0000000024633000 JavaThread "jar transforms Thread 218" [_thread_blocked, id=6484, stack(0x000000002ab00000,0x000000002ac00000)]
  0x0000000024632800 JavaThread "jar transforms Thread 217" [_thread_blocked, id=9200, stack(0x000000002aa00000,0x000000002ab00000)]
  0x000000002462b000 JavaThread "jar transforms Thread 216" [_thread_blocked, id=768, stack(0x000000002a900000,0x000000002aa00000)]
  0x000000002462b800 JavaThread "jar transforms Thread 215" [_thread_blocked, id=20672, stack(0x000000002a800000,0x000000002a900000)]
  0x000000002462e000 JavaThread "jar transforms Thread 214" [_thread_blocked, id=8376, stack(0x000000002a700000,0x000000002a800000)]
  0x0000000024631800 JavaThread "jar transforms Thread 213" [_thread_blocked, id=15312, stack(0x000000002a600000,0x000000002a700000)]
  0x000000002462c800 JavaThread "jar transforms Thread 212" [_thread_blocked, id=13260, stack(0x000000002a400000,0x000000002a500000)]
  0x000000002462d000 JavaThread "jar transforms Thread 211" [_thread_blocked, id=7724, stack(0x000000002a300000,0x000000002a400000)]
  0x0000000024631000 JavaThread "jar transforms Thread 210" [_thread_blocked, id=16680, stack(0x000000002a200000,0x000000002a300000)]
  0x0000000024630000 JavaThread "jar transforms Thread 209" [_thread_blocked, id=7428, stack(0x000000002a100000,0x000000002a200000)]
  0x000000002462f800 JavaThread "jar transforms Thread 208" [_thread_blocked, id=18520, stack(0x000000002a000000,0x000000002a100000)]
  0x000000002462e800 JavaThread "jar transforms Thread 207" [_thread_blocked, id=2648, stack(0x0000000029f00000,0x000000002a000000)]
  0x000000001fef4800 JavaThread "jar transforms Thread 206" [_thread_blocked, id=8136, stack(0x0000000029e00000,0x0000000029f00000)]
  0x000000001fef4000 JavaThread "jar transforms Thread 205" [_thread_blocked, id=14832, stack(0x0000000029d00000,0x0000000029e00000)]
  0x000000001fef3000 JavaThread "jar transforms Thread 204" [_thread_blocked, id=19664, stack(0x0000000029c00000,0x0000000029d00000)]
  0x000000001fef1800 JavaThread "jar transforms Thread 203" [_thread_blocked, id=19320, stack(0x0000000029b00000,0x0000000029c00000)]
  0x000000001fef6000 JavaThread "jar transforms Thread 202" [_thread_blocked, id=21460, stack(0x0000000029a00000,0x0000000029b00000)]
  0x000000001fef1000 JavaThread "jar transforms Thread 201" [_thread_blocked, id=19564, stack(0x0000000029900000,0x0000000029a00000)]
  0x000000001fef2800 JavaThread "jar transforms Thread 200" [_thread_blocked, id=20960, stack(0x0000000029800000,0x0000000029900000)]
  0x000000001fef0000 JavaThread "jar transforms Thread 199" [_thread_blocked, id=17892, stack(0x0000000029700000,0x0000000029800000)]
  0x000000001fef5800 JavaThread "jar transforms Thread 198" [_thread_blocked, id=14492, stack(0x0000000029600000,0x0000000029700000)]
  0x000000001fef7000 JavaThread "jar transforms Thread 197" [_thread_blocked, id=11300, stack(0x0000000029500000,0x0000000029600000)]
  0x000000001fee8800 JavaThread "jar transforms Thread 196" [_thread_blocked, id=13632, stack(0x0000000029400000,0x0000000029500000)]
  0x000000001feef800 JavaThread "jar transforms Thread 195" [_thread_blocked, id=20484, stack(0x0000000029300000,0x0000000029400000)]
  0x000000001fee8000 JavaThread "jar transforms Thread 194" [_thread_blocked, id=13184, stack(0x0000000029200000,0x0000000029300000)]
  0x000000001feed000 JavaThread "jar transforms Thread 193" [_thread_blocked, id=17452, stack(0x0000000029100000,0x0000000029200000)]
  0x000000001feeb000 JavaThread "jar transforms Thread 192" [_thread_blocked, id=15356, stack(0x0000000029000000,0x0000000029100000)]
  0x000000001feee000 JavaThread "jar transforms Thread 191" [_thread_blocked, id=16300, stack(0x0000000028f00000,0x0000000029000000)]
  0x000000001feec800 JavaThread "jar transforms Thread 190" [_thread_blocked, id=17212, stack(0x0000000028e00000,0x0000000028f00000)]
  0x000000001feee800 JavaThread "jar transforms Thread 189" [_thread_blocked, id=18396, stack(0x0000000028d00000,0x0000000028e00000)]
  0x000000001fee9800 JavaThread "jar transforms Thread 188" [_thread_blocked, id=19512, stack(0x0000000028c00000,0x0000000028d00000)]
  0x000000001feeb800 JavaThread "jar transforms Thread 187" [_thread_blocked, id=18840, stack(0x0000000028b00000,0x0000000028c00000)]
  0x000000001feea000 JavaThread "jar transforms Thread 186" [_thread_blocked, id=14020, stack(0x0000000028a00000,0x0000000028b00000)]
  0x000000001f359800 JavaThread "jar transforms Thread 185" [_thread_blocked, id=15308, stack(0x0000000028900000,0x0000000028a00000)]
  0x000000001f359000 JavaThread "jar transforms Thread 184" [_thread_blocked, id=10028, stack(0x0000000028800000,0x0000000028900000)]
  0x000000001f354800 JavaThread "jar transforms Thread 183" [_thread_blocked, id=20668, stack(0x0000000028700000,0x0000000028800000)]
  0x000000001f356000 JavaThread "jar transforms Thread 182" [_thread_blocked, id=19940, stack(0x0000000028600000,0x0000000028700000)]
  0x000000001f358000 JavaThread "jar transforms Thread 181" [_thread_blocked, id=3680, stack(0x0000000028500000,0x0000000028600000)]
  0x000000001f35a800 JavaThread "jar transforms Thread 180" [_thread_blocked, id=9640, stack(0x0000000028400000,0x0000000028500000)]
  0x000000001f355000 JavaThread "jar transforms Thread 179" [_thread_blocked, id=14856, stack(0x0000000028300000,0x0000000028400000)]
  0x000000001f357800 JavaThread "jar transforms Thread 178" [_thread_blocked, id=1988, stack(0x0000000028200000,0x0000000028300000)]
  0x000000001f356800 JavaThread "jar transforms Thread 177" [_thread_blocked, id=15776, stack(0x0000000028100000,0x0000000028200000)]
  0x000000001f34d000 JavaThread "jar transforms Thread 176" [_thread_blocked, id=18276, stack(0x0000000028000000,0x0000000028100000)]
  0x000000001f353800 JavaThread "jar transforms Thread 175" [_thread_blocked, id=19672, stack(0x0000000027f00000,0x0000000028000000)]
  0x000000001f34e800 JavaThread "jar transforms Thread 174" [_thread_blocked, id=14296, stack(0x0000000027e00000,0x0000000027f00000)]
  0x000000001f34c000 JavaThread "jar transforms Thread 173" [_thread_blocked, id=5352, stack(0x0000000027d00000,0x0000000027e00000)]
  0x000000001f351800 JavaThread "jar transforms Thread 172" [_thread_blocked, id=10948, stack(0x0000000027c00000,0x0000000027d00000)]
  0x000000001f353000 JavaThread "jar transforms Thread 171" [_thread_blocked, id=17720, stack(0x0000000027b00000,0x0000000027c00000)]
  0x000000001f350800 JavaThread "jar transforms Thread 170" [_thread_blocked, id=13788, stack(0x0000000027a00000,0x0000000027b00000)]
  0x000000001f352000 JavaThread "jar transforms Thread 169" [_thread_blocked, id=17412, stack(0x0000000027900000,0x0000000027a00000)]
  0x000000001f34d800 JavaThread "jar transforms Thread 168" [_thread_blocked, id=18244, stack(0x0000000027800000,0x0000000027900000)]
  0x000000001f350000 JavaThread "jar transforms Thread 167" [_thread_blocked, id=9916, stack(0x0000000027700000,0x0000000027800000)]
  0x000000001f34f000 JavaThread "jar transforms Thread 166" [_thread_blocked, id=1268, stack(0x0000000027600000,0x0000000027700000)]
  0x000000001f34b800 JavaThread "jar transforms Thread 165" [_thread_blocked, id=2060, stack(0x0000000027500000,0x0000000027600000)]
  0x000000001933b800 JavaThread "jar transforms Thread 164" [_thread_blocked, id=5940, stack(0x0000000027400000,0x0000000027500000)]
  0x0000000019339800 JavaThread "jar transforms Thread 163" [_thread_blocked, id=14936, stack(0x0000000027300000,0x0000000027400000)]
  0x0000000019336800 JavaThread "jar transforms Thread 162" [_thread_blocked, id=14036, stack(0x0000000027200000,0x0000000027300000)]
  0x000000001933a000 JavaThread "jar transforms Thread 161" [_thread_blocked, id=20448, stack(0x0000000027100000,0x0000000027200000)]
  0x0000000019335800 JavaThread "jar transforms Thread 160" [_thread_blocked, id=16304, stack(0x0000000027000000,0x0000000027100000)]
  0x0000000019338800 JavaThread "jar transforms Thread 159" [_thread_blocked, id=15960, stack(0x0000000026f00000,0x0000000027000000)]
  0x000000001f4f5000 JavaThread "jar transforms Thread 158" [_thread_blocked, id=7436, stack(0x0000000026e00000,0x0000000026f00000)]
  0x000000001f4eb800 JavaThread "jar transforms Thread 157" [_thread_blocked, id=10980, stack(0x0000000026d00000,0x0000000026e00000)]
  0x000000001f4eb000 JavaThread "jar transforms Thread 156" [_thread_blocked, id=7276, stack(0x0000000026c00000,0x0000000026d00000)]
  0x000000001f4e8800 JavaThread "jar transforms Thread 155" [_thread_blocked, id=1548, stack(0x0000000026b00000,0x0000000026c00000)]
  0x000000001f4e8000 JavaThread "jar transforms Thread 154" [_thread_blocked, id=2928, stack(0x0000000026a00000,0x0000000026b00000)]
  0x000000001f4ee800 JavaThread "jar transforms Thread 153" [_thread_blocked, id=17176, stack(0x0000000026900000,0x0000000026a00000)]
  0x000000001f4ea000 JavaThread "jar transforms Thread 152" [_thread_blocked, id=9324, stack(0x0000000026800000,0x0000000026900000)]
  0x000000001f4ec800 JavaThread "jar transforms Thread 151" [_thread_blocked, id=9396, stack(0x0000000026700000,0x0000000026800000)]
  0x0000000020eaf000 JavaThread "jar transforms Thread 150" [_thread_blocked, id=9516, stack(0x0000000026600000,0x0000000026700000)]
  0x0000000020eac000 JavaThread "jar transforms Thread 149" [_thread_blocked, id=4320, stack(0x0000000026500000,0x0000000026600000)]
  0x0000000020eae000 JavaThread "jar transforms Thread 148" [_thread_blocked, id=20196, stack(0x0000000026400000,0x0000000026500000)]
  0x0000000020ea9800 JavaThread "jar transforms Thread 147" [_thread_blocked, id=16696, stack(0x0000000026300000,0x0000000026400000)]
  0x0000000020eab000 JavaThread "jar transforms Thread 146" [_thread_blocked, id=17488, stack(0x0000000026200000,0x0000000026300000)]
  0x0000000020ead800 JavaThread "jar transforms Thread 145" [_thread_blocked, id=19492, stack(0x0000000026100000,0x0000000026200000)]
  0x0000000020eac800 JavaThread "jar transforms Thread 144" [_thread_blocked, id=9064, stack(0x0000000026000000,0x0000000026100000)]
  0x0000000020ea9000 JavaThread "jar transforms Thread 143" [_thread_blocked, id=21300, stack(0x0000000025f00000,0x0000000026000000)]
  0x0000000020ea3800 JavaThread "jar transforms Thread 142" [_thread_blocked, id=18800, stack(0x0000000025e00000,0x0000000025f00000)]
  0x0000000020eaa800 JavaThread "jar transforms Thread 141" [_thread_blocked, id=18132, stack(0x0000000025d00000,0x0000000025e00000)]
  0x0000000020ea2000 JavaThread "jar transforms Thread 140" [_thread_blocked, id=21272, stack(0x0000000025a00000,0x0000000025b00000)]
  0x0000000020ea1800 JavaThread "jar transforms Thread 139" [_thread_blocked, id=536, stack(0x0000000025900000,0x0000000025a00000)]
  0x0000000020ea8000 JavaThread "jar transforms Thread 138" [_thread_blocked, id=18104, stack(0x0000000025800000,0x0000000025900000)]
  0x0000000020ea7800 JavaThread "jar transforms Thread 137" [_thread_blocked, id=21068, stack(0x0000000025700000,0x0000000025800000)]
  0x0000000020ea3000 JavaThread "jar transforms Thread 136" [_thread_blocked, id=15080, stack(0x0000000025600000,0x0000000025700000)]
  0x0000000020ea6800 JavaThread "jar transforms Thread 135" [_thread_blocked, id=17132, stack(0x0000000025500000,0x0000000025600000)]
  0x000000001a36f000 JavaThread "jar transforms Thread 134" [_thread_blocked, id=7988, stack(0x0000000025400000,0x0000000025500000)]
  0x000000001a36e800 JavaThread "jar transforms Thread 133" [_thread_blocked, id=19520, stack(0x0000000025300000,0x0000000025400000)]
  0x000000001a36d800 JavaThread "jar transforms Thread 132" [_thread_blocked, id=16516, stack(0x0000000023a10000,0x0000000023b10000)]
  0x000000001a372000 JavaThread "jar transforms Thread 131" [_thread_blocked, id=16920, stack(0x0000000023110000,0x0000000023210000)]
  0x000000001a370800 JavaThread "jar transforms Thread 130" [_thread_blocked, id=20288, stack(0x0000000023010000,0x0000000023110000)]
  0x000000001a370000 JavaThread "jar transforms Thread 129" [_thread_blocked, id=21368, stack(0x0000000022f10000,0x0000000023010000)]
  0x000000001a366000 JavaThread "jar transforms Thread 128" [_thread_blocked, id=14044, stack(0x0000000022c10000,0x0000000022d10000)]
  0x000000001a36d000 JavaThread "jar transforms Thread 127" [_thread_blocked, id=17708, stack(0x0000000022b10000,0x0000000022c10000)]
  0x000000001a365800 JavaThread "jar transforms Thread 126" [_thread_blocked, id=15468, stack(0x0000000022a10000,0x0000000022b10000)]
  0x000000001a36c000 JavaThread "jar transforms Thread 125" [_thread_blocked, id=15420, stack(0x0000000022910000,0x0000000022a10000)]
  0x000000001a364800 JavaThread "jar transforms Thread 124" [_thread_blocked, id=3868, stack(0x0000000022810000,0x0000000022910000)]
  0x000000001a36b800 JavaThread "jar transforms Thread 123" [_thread_blocked, id=20904, stack(0x0000000022710000,0x0000000022810000)]
  0x000000001a369000 JavaThread "jar transforms Thread 122" [_thread_blocked, id=17160, stack(0x0000000022610000,0x0000000022710000)]
  0x000000001a36a800 JavaThread "jar transforms Thread 121" [_thread_blocked, id=11052, stack(0x0000000022510000,0x0000000022610000)]
  0x000000001a367800 JavaThread "jar transforms Thread 120" [_thread_blocked, id=8576, stack(0x0000000022410000,0x0000000022510000)]
  0x000000001a367000 JavaThread "jar transforms Thread 119" [_thread_blocked, id=4720, stack(0x0000000022310000,0x0000000022410000)]
  0x000000001a368800 JavaThread "jar transforms Thread 118" [_thread_blocked, id=19868, stack(0x0000000022210000,0x0000000022310000)]
  0x000000001a36a000 JavaThread "jar transforms Thread 117" [_thread_blocked, id=3160, stack(0x0000000022110000,0x0000000022210000)]
  0x0000000024a7d000 JavaThread "Build operations Thread 8" [_thread_blocked, id=21196, stack(0x0000000022010000,0x0000000022110000)]
  0x0000000024a7b800 JavaThread "Build operations Thread 7" [_thread_blocked, id=15272, stack(0x0000000021f10000,0x0000000022010000)]
  0x0000000024a7a000 JavaThread "Build operations Thread 6" [_thread_blocked, id=4112, stack(0x0000000021e10000,0x0000000021f10000)]
  0x0000000024a79000 JavaThread "Build operations Thread 5" [_thread_blocked, id=1552, stack(0x0000000021d10000,0x0000000021e10000)]
  0x0000000024a7e000 JavaThread "Build operations Thread 4" [_thread_blocked, id=4040, stack(0x0000000021c10000,0x0000000021d10000)]
  0x0000000024a7c800 JavaThread "Build operations Thread 3" [_thread_blocked, id=10604, stack(0x00000000208b0000,0x00000000209b0000)]
  0x0000000024a78800 JavaThread "Build operations Thread 2" [_thread_blocked, id=2816, stack(0x00000000207b0000,0x00000000208b0000)]
  0x0000000024a7b000 JavaThread "Build operations" [_thread_blocked, id=12640, stack(0x00000000206b0000,0x00000000207b0000)]
  0x0000000024a77800 JavaThread "Cache worker for cache directory md-rule (C:\Users\Arash\.gradle\caches\6.5\md-rule)" [_thread_blocked, id=19128, stack(0x00000000205b0000,0x00000000206b0000)]
  0x0000000024a70000 JavaThread "Cache worker for cache directory md-supplier (C:\Users\Arash\.gradle\caches\6.5\md-supplier)" [_thread_blocked, id=15700, stack(0x000000001de10000,0x000000001df10000)]
  0x0000000024a77000 JavaThread "Cache worker for checksums cache (C:\Users\Arash\AndroidStudioProjects\NearRoom\.gradle\checksums)" [_thread_blocked, id=14448, stack(0x000000001db10000,0x000000001dc10000)]
  0x0000000024a6f800 JavaThread "Cache worker for file hash cache (C:\Users\Arash\AndroidStudioProjects\NearRoom\.gradle\6.5\fileHashes)" [_thread_blocked, id=17668, stack(0x000000001d910000,0x000000001da10000)]
  0x0000000024a76000 JavaThread "Thread-158" [_thread_blocked, id=12796, stack(0x000000001d810000,0x000000001d910000)]
  0x0000000024a74800 JavaThread "Stdin handler" [_thread_blocked, id=8436, stack(0x000000001d710000,0x000000001d810000)]
  0x0000000024a73000 JavaThread "Asynchronous log dispatcher for DefaultDaemonConnection: socket connection from /127.0.0.1:50840 to /127.0.0.1:51473" [_thread_blocked, id=20624, stack(0x000000001d0d0000,0x000000001d1d0000)]
  0x0000000024a71800 JavaThread "Daemon worker Thread 2" [_thread_blocked, id=10488, stack(0x000000001cfd0000,0x000000001d0d0000)]
  0x0000000024a74000 JavaThread "Cancel handler" [_thread_blocked, id=3156, stack(0x00000000008c0000,0x00000000009c0000)]
  0x0000000024a6e800 JavaThread "Handler for socket connection from /127.0.0.1:50840 to /127.0.0.1:51473" [_thread_in_native, id=16644, stack(0x00000000007c0000,0x00000000008c0000)]
  0x0000000024a75800 JavaThread "Daemon Thread 2" [_thread_blocked, id=21240, stack(0x00000000006c0000,0x00000000007c0000)]
  0x000000001f4f0000 JavaThread "Memory manager" [_thread_blocked, id=19852, stack(0x000000002e670000,0x000000002e770000)]
  0x000000001a373800 JavaThread "Cache worker for file content cache (C:\Users\Arash\.gradle\caches\6.5\fileContent)" [_thread_blocked, id=2504, stack(0x0000000023910000,0x0000000023a10000)]
  0x000000001a371800 JavaThread "Cache worker for execution history cache (C:\Users\Arash\.gradle\caches\6.5\executionHistory)" [_thread_blocked, id=6792, stack(0x0000000023410000,0x0000000023510000)]
  0x000000001933c800 JavaThread "Cache worker for file hash cache (C:\Users\Arash\.gradle\caches\6.5\fileHashes)" [_thread_blocked, id=18468, stack(0x000000001e310000,0x000000001e410000)]
  0x000000001933b000 JavaThread "File lock request listener" [_thread_in_native, id=10252, stack(0x000000001e210000,0x000000001e310000)]
  0x000000001a412000 JavaThread "Cache worker for journal cache (C:\Users\Arash\.gradle\caches\journal-1)" [_thread_blocked, id=1152, stack(0x000000001e110000,0x000000001e210000)]
  0x000000001be4c800 JavaThread "Daemon periodic checks" [_thread_blocked, id=21276, stack(0x000000001d410000,0x000000001d510000)]
  0x000000001be01000 JavaThread "Incoming local TCP Connector on port 50840" [_thread_in_native, id=15920, stack(0x000000001d1d0000,0x000000001d2d0000)]
  0x000000001bdc4000 JavaThread "Daemon health stats" [_thread_blocked, id=21324, stack(0x000000001cb90000,0x000000001cc90000)]
  0x00000000193c5000 JavaThread "Service Thread" daemon [_thread_blocked, id=16884, stack(0x0000000019ff0000,0x000000001a0f0000)]
  0x0000000019338000 JavaThread "C1 CompilerThread3" daemon [_thread_blocked, id=18404, stack(0x0000000019ef0000,0x0000000019ff0000)]
  0x0000000019337000 JavaThread "C2 CompilerThread2" daemon [_thread_blocked, id=16768, stack(0x0000000019df0000,0x0000000019ef0000)]
  0x000000001752e000 JavaThread "C2 CompilerThread1" daemon [_thread_blocked, id=1504, stack(0x0000000019cf0000,0x0000000019df0000)]
=>0x0000000019326000 JavaThread "C2 CompilerThread0" daemon [_thread_in_native, id=12172, stack(0x0000000019bf0000,0x0000000019cf0000)]
  0x0000000019324000 JavaThread "Attach Listener" daemon [_thread_blocked, id=17952, stack(0x0000000019af0000,0x0000000019bf0000)]
  0x0000000019322800 JavaThread "Signal Dispatcher" daemon [_thread_blocked, id=412, stack(0x00000000199f0000,0x0000000019af0000)]
  0x00000000023ee000 JavaThread "Finalizer" daemon [_thread_blocked, id=19844, stack(0x00000000197f0000,0x00000000198f0000)]
  0x00000000023e7000 JavaThread "Reference Handler" daemon [_thread_blocked, id=10248, stack(0x00000000196f0000,0x00000000197f0000)]
  0x000000000245e000 JavaThread "main" [_thread_blocked, id=3656, stack(0x0000000000a40000,0x0000000000b40000)]

Other Threads:
  0x0000000017516800 VMThread [stack: 0x00000000191f0000,0x00000000192f0000] [id=11644]
  0x00000000193c5800 WatcherThread [stack: 0x000000001a0f0000,0x000000001a1f0000] [id=1396]

VM state:at safepoint (normal execution)

VM Mutex/Monitor currently owned by a thread:  ([mutex/lock_event])
[0x000000000245d6e0] Threads_lock - owner thread: 0x0000000017516800
[0x000000000245cbe0] Heap_lock - owner thread: 0x0000000024a7c800

heap address: 0x0000000080000000, size: 2048 MB, Compressed Oops mode: 32-bit
Narrow klass base: 0x0000000000000000, Narrow klass shift: 3
Compressed class space size: 1073741824 Address: 0x0000000100000000

Heap:
 PSYoungGen      total 314880K, used 309624K [0x00000000d5580000, 0x00000000ee600000, 0x0000000100000000)
  eden space 261120K, 100% used [0x00000000d5580000,0x00000000e5480000,0x00000000e5480000)
  from space 53760K, 90% used [0x00000000e8f80000,0x00000000ebede3f0,0x00000000ec400000)
  to   space 60416K, 86% used [0x00000000e5480000,0x00000000e87bfb70,0x00000000e8f80000)
 ParOldGen       total 272384K, used 90512K [0x0000000080000000, 0x0000000090a00000, 0x00000000d5580000)
  object space 272384K, 33% used [0x0000000080000000,0x00000000858642a8,0x0000000090a00000)
 Metaspace       used 104871K, capacity 109866K, committed 109952K, reserved 1144832K
  class space    used 13682K, capacity 14705K, committed 14720K, reserved 1048576K

Card table byte_map: [0x0000000011870000,0x0000000011c80000] byte_map_base: 0x0000000011470000

Marking Bits: (ParMarkBitMap*) 0x00000000699af030
 Begin Bits: [0x0000000012730000, 0x0000000014730000)
 End Bits:   [0x0000000014730000, 0x0000000016730000)

Polling page: 0x00000000005a0000

CodeCache: size=245760Kb used=48081Kb max_used=50200Kb free=197678Kb
 bounds [0x00000000024b0000, 0x0000000005610000, 0x00000000114b0000]
 total_blobs=15120 nmethods=14173 adapters=859
 compilation: enabled

Compilation events (10 events):
Event: 1420.207 Thread 0x0000000019338000 17208       1       java.util.stream.Sink::cancellationRequested (2 bytes)
Event: 1420.207 Thread 0x0000000019338000 nmethod 17208 0x00000000046e7890 code [0x00000000046e79e0, 0x00000000046e7af0]
Event: 1420.222 Thread 0x0000000019338000 17210       3       java.util.zip.Inflater::<init> (27 bytes)
Event: 1420.223 Thread 0x0000000019338000 nmethod 17210 0x0000000003f995d0 code [0x0000000003f99760, 0x0000000003f99ae8]
Event: 1420.227 Thread 0x0000000019338000 17211       3       java.util.zip.ZipFile::access$1000 (6 bytes)
Event: 1420.227 Thread 0x0000000019338000 nmethod 17211 0x0000000004a8dd90 code [0x0000000004a8df00, 0x0000000004a8e068]
Event: 1420.230 Thread 0x0000000019338000 17212       3       org.gradle.cache.internal.btree.FreeListBlockStore$FreeListEntry::compareTo (9 bytes)
Event: 1420.230 Thread 0x0000000019338000 nmethod 17212 0x0000000003164490 code [0x0000000003164600, 0x0000000003164950]
Event: 1420.230 Thread 0x0000000019338000 17213       3       org.gradle.cache.internal.btree.FreeListBlockStore$FreeListEntry::compareTo (28 bytes)
Event: 1420.230 Thread 0x0000000019338000 nmethod 17213 0x00000000044032d0 code [0x0000000004403440, 0x0000000004403630]

GC Heap History (10 events):
Event: 30.729 GC heap after
Heap after GC invocations=18 (full 3):
 PSYoungGen      total 292864K, used 23588K [0x00000000d5580000, 0x00000000eb780000, 0x0000000100000000)
  eden space 254464K, 0% used [0x00000000d5580000,0x00000000d5580000,0x00000000e4e00000)
  from space 38400K, 61% used [0x00000000e4e00000,0x00000000e65093f8,0x00000000e7380000)
  to   space 38912K, 0% used [0x00000000e9180000,0x00000000e9180000,0x00000000eb780000)
 ParOldGen       total 170496K, used 77179K [0x0000000080000000, 0x000000008a680000, 0x00000000d5580000)
  object space 170496K, 45% used [0x0000000080000000,0x0000000084b5ee60,0x000000008a680000)
 Metaspace       used 93477K, capacity 98386K, committed 98496K, reserved 1134592K
  class space    used 12512K, capacity 13497K, committed 13568K, reserved 1048576K
}
Event: 30.729 GC heap before
{Heap before GC invocations=19 (full 4):
 PSYoungGen      total 292864K, used 23588K [0x00000000d5580000, 0x00000000eb780000, 0x0000000100000000)
  eden space 254464K, 0% used [0x00000000d5580000,0x00000000d5580000,0x00000000e4e00000)
  from space 38400K, 61% used [0x00000000e4e00000,0x00000000e65093f8,0x00000000e7380000)
  to   space 38912K, 0% used [0x00000000e9180000,0x00000000e9180000,0x00000000eb780000)
 ParOldGen       total 170496K, used 77179K [0x0000000080000000, 0x000000008a680000, 0x00000000d5580000)
  object space 170496K, 45% used [0x0000000080000000,0x0000000084b5ee60,0x000000008a680000)
 Metaspace       used 93477K, capacity 98386K, committed 98496K, reserved 1134592K
  class space    used 12512K, capacity 13497K, committed 13568K, reserved 1048576K
Event: 31.043 GC heap after
Heap after GC invocations=19 (full 4):
 PSYoungGen      total 292864K, used 0K [0x00000000d5580000, 0x00000000eb780000, 0x0000000100000000)
  eden space 254464K, 0% used [0x00000000d5580000,0x00000000d5580000,0x00000000e4e00000)
  from space 38400K, 0% used [0x00000000e4e00000,0x00000000e4e00000,0x00000000e7380000)
  to   space 38912K, 0% used [0x00000000e9180000,0x00000000e9180000,0x00000000eb780000)
 ParOldGen       total 272384K, used 75706K [0x0000000080000000, 0x0000000090a00000, 0x00000000d5580000)
  object space 272384K, 27% used [0x0000000080000000,0x00000000849ee900,0x0000000090a00000)
 Metaspace       used 93155K, capacity 97426K, committed 98496K, reserved 1134592K
  class space    used 12408K, capacity 13313K, committed 13568K, reserved 1048576K
}
Event: 1374.846 GC heap before
{Heap before GC invocations=20 (full 4):
 PSYoungGen      total 292864K, used 254464K [0x00000000d5580000, 0x00000000eb780000, 0x0000000100000000)
  eden space 254464K, 100% used [0x00000000d5580000,0x00000000e4e00000,0x00000000e4e00000)
  from space 38400K, 0% used [0x00000000e4e00000,0x00000000e4e00000,0x00000000e7380000)
  to   space 38912K, 0% used [0x00000000e9180000,0x00000000e9180000,0x00000000eb780000)
 ParOldGen       total 272384K, used 75706K [0x0000000080000000, 0x0000000090a00000, 0x00000000d5580000)
  object space 272384K, 27% used [0x0000000080000000,0x00000000849ee900,0x0000000090a00000)
 Metaspace       used 97595K, capacity 102170K, committed 102784K, reserved 1138688K
  class space    used 12820K, capacity 13785K, committed 13952K, reserved 1048576K
Event: 1374.879 GC heap after
Heap after GC invocations=20 (full 4):
 PSYoungGen      total 278528K, used 31179K [0x00000000d5580000, 0x00000000eb000000, 0x0000000100000000)
  eden space 247296K, 0% used [0x00000000d5580000,0x00000000d5580000,0x00000000e4700000)
  from space 31232K, 99% used [0x00000000e9180000,0x00000000eaff2ed0,0x00000000eb000000)
  to   space 41984K, 0% used [0x00000000e5e00000,0x00000000e5e00000,0x00000000e8700000)
 ParOldGen       total 272384K, used 75714K [0x0000000080000000, 0x0000000090a00000, 0x00000000d5580000)
  object space 272384K, 27% used [0x0000000080000000,0x00000000849f0900,0x0000000090a00000)
 Metaspace       used 97595K, capacity 102170K, committed 102784K, reserved 1138688K
  class space    used 12820K, capacity 13785K, committed 13952K, reserved 1048576K
}
Event: 1377.681 GC heap before
{Heap before GC invocations=21 (full 4):
 PSYoungGen      total 278528K, used 278475K [0x00000000d5580000, 0x00000000eb000000, 0x0000000100000000)
  eden space 247296K, 100% used [0x00000000d5580000,0x00000000e4700000,0x00000000e4700000)
  from space 31232K, 99% used [0x00000000e9180000,0x00000000eaff2ed0,0x00000000eb000000)
  to   space 41984K, 0% used [0x00000000e5e00000,0x00000000e5e00000,0x00000000e8700000)
 ParOldGen       total 272384K, used 75714K [0x0000000080000000, 0x0000000090a00000, 0x00000000d5580000)
  object space 272384K, 27% used [0x0000000080000000,0x00000000849f0900,0x0000000090a00000)
 Metaspace       used 100626K, capacity 105290K, committed 105856K, reserved 1140736K
  class space    used 13149K, capacity 14111K, committed 14208K, reserved 1048576K
Event: 1377.720 GC heap after
Heap after GC invocations=21 (full 4):
 PSYoungGen      total 309760K, used 41973K [0x00000000d5580000, 0x00000000ec400000, 0x0000000100000000)
  eden space 267776K, 0% used [0x00000000d5580000,0x00000000d5580000,0x00000000e5b00000)
  from space 41984K, 99% used [0x00000000e5e00000,0x00000000e86fd430,0x00000000e8700000)
  to   space 53760K, 0% used [0x00000000e8f80000,0x00000000e8f80000,0x00000000ec400000)
 ParOldGen       total 272384K, used 90496K [0x0000000080000000, 0x0000000090a00000, 0x00000000d5580000)
  object space 272384K, 33% used [0x0000000080000000,0x00000000858602a8,0x0000000090a00000)
 Metaspace       used 100626K, capacity 105290K, committed 105856K, reserved 1140736K
  class space    used 13149K, capacity 14111K, committed 14208K, reserved 1048576K
}
Event: 1384.031 GC heap before
{Heap before GC invocations=22 (full 4):
 PSYoungGen      total 309760K, used 309749K [0x00000000d5580000, 0x00000000ec400000, 0x0000000100000000)
  eden space 267776K, 100% used [0x00000000d5580000,0x00000000e5b00000,0x00000000e5b00000)
  from space 41984K, 99% used [0x00000000e5e00000,0x00000000e86fd430,0x00000000e8700000)
  to   space 53760K, 0% used [0x00000000e8f80000,0x00000000e8f80000,0x00000000ec400000)
 ParOldGen       total 272384K, used 90496K [0x0000000080000000, 0x0000000090a00000, 0x00000000d5580000)
  object space 272384K, 33% used [0x0000000080000000,0x00000000858602a8,0x0000000090a00000)
 Metaspace       used 102049K, capacity 106780K, committed 107008K, reserved 1142784K
  class space    used 13296K, capacity 14316K, committed 14336K, reserved 1048576K
Event: 1384.077 GC heap after
Heap after GC invocations=22 (full 4):
 PSYoungGen      total 314880K, used 48504K [0x00000000d5580000, 0x00000000ee600000, 0x0000000100000000)
  eden space 261120K, 0% used [0x00000000d5580000,0x00000000d5580000,0x00000000e5480000)
  from space 53760K, 90% used [0x00000000e8f80000,0x00000000ebede3f0,0x00000000ec400000)
  to   space 60416K, 0% used [0x00000000e5480000,0x00000000e5480000,0x00000000e8f80000)
 ParOldGen       total 272384K, used 90504K [0x0000000080000000, 0x0000000090a00000, 0x00000000d5580000)
  object space 272384K, 33% used [0x0000000080000000,0x00000000858622a8,0x0000000090a00000)
 Metaspace       used 102049K, capacity 106780K, committed 107008K, reserved 1142784K
  class space    used 13296K, capacity 14316K, committed 14336K, reserved 1048576K
}
Event: 1420.247 GC heap before
{Heap before GC invocations=23 (full 4):
 PSYoungGen      total 314880K, used 309624K [0x00000000d5580000, 0x00000000ee600000, 0x0000000100000000)
  eden space 261120K, 100% used [0x00000000d5580000,0x00000000e5480000,0x00000000e5480000)
  from space 53760K, 90% used [0x00000000e8f80000,0x00000000ebede3f0,0x00000000ec400000)
  to   space 60416K, 0% used [0x00000000e5480000,0x00000000e5480000,0x00000000e8f80000)
 ParOldGen       total 272384K, used 90504K [0x0000000080000000, 0x0000000090a00000, 0x00000000d5580000)
  object space 272384K, 33% used [0x0000000080000000,0x00000000858622a8,0x0000000090a00000)
 Metaspace       used 104871K, capacity 109866K, committed 109952K, reserved 1144832K
  class space    used 13682K, capacity 14705K, committed 14720K, reserved 1048576K

Deoptimization events (10 events):
Event: 1389.803 Thread 0x000000001f469800 Uncommon trap: reason=unstable_if action=reinterpret pc=0x00000000051a865c method=java.io.ObjectInputStream.filterCheck(Ljava/lang/Class;I)V @ 4
Event: 1389.806 Thread 0x000000001f469800 Uncommon trap: reason=predicate action=maybe_recompile pc=0x0000000005479918 method=java.io.ObjectInputStream$BlockDataInputStream.readFully([BIIZ)V @ 4
Event: 1389.827 Thread 0x000000001f469800 Uncommon trap: reason=unstable_if action=reinterpret pc=0x00000000051cd410 method=java.io.ObjectInputStream$BlockDataInputStream.readUTFBody(J)Ljava/lang/String; @ 3
Event: 1389.900 Thread 0x000000002fbe3800 Uncommon trap: reason=class_check action=maybe_recompile pc=0x0000000002b13974 method=java.lang.ThreadLocal.set(Ljava/lang/Object;)V @ 26
Event: 1389.904 Thread 0x000000002fbe3800 Uncommon trap: reason=unstable_if action=reinterpret pc=0x00000000051f3a0c method=java.io.ObjectInputStream.filterCheck(Ljava/lang/Class;I)V @ 4
Event: 1418.849 Thread 0x000000002fbe3800 Uncommon trap: reason=unstable_if action=reinterpret pc=0x000000000548ee60 method=java.io.ObjectInputStream$BlockDataInputStream.readUTFSpan(Ljava/lang/StringBuilder;J)J @ 35
Event: 1419.720 Thread 0x000000001f469800 Uncommon trap: reason=class_check action=maybe_recompile pc=0x0000000004b4e364 method=org.gradle.internal.operations.logging.LoggingBuildOperationProgressBroadcaster.onOutput(Lorg/gradle/internal/logging/events/OutputEvent;)V @ 8
Event: 1419.720 Thread 0x000000001f469800 Uncommon trap: reason=class_check action=maybe_recompile pc=0x0000000004b4e364 method=org.gradle.internal.operations.logging.LoggingBuildOperationProgressBroadcaster.onOutput(Lorg/gradle/internal/logging/events/OutputEvent;)V @ 8
Event: 1419.720 Thread 0x000000001f469800 Uncommon trap: reason=class_check action=maybe_recompile pc=0x0000000004b4e364 method=org.gradle.internal.operations.logging.LoggingBuildOperationProgressBroadcaster.onOutput(Lorg/gradle/internal/logging/events/OutputEvent;)V @ 8
Event: 1419.720 Thread 0x000000001f469800 Uncommon trap: reason=class_check action=maybe_recompile pc=0x0000000004b4e364 method=org.gradle.internal.operations.logging.LoggingBuildOperationProgressBroadcaster.onOutput(Lorg/gradle/internal/logging/events/OutputEvent;)V @ 8

Classes redefined (0 events):
No events

Internal exceptions (10 events):
Event: 1389.857 Thread 0x000000001f469800 Exception <a 'java/lang/NoSuchMethodError': <clinit>> (0x00000000e01514d8) thrown at [C:\src\AOSP-openjdk-git\hotspot\src\share\vm\prims\jni.cpp, line 1615]
Event: 1389.861 Thread 0x000000001f469800 Exception <a 'java/lang/NoSuchMethodError': <clinit>> (0x00000000e0223930) thrown at [C:\src\AOSP-openjdk-git\hotspot\src\share\vm\prims\jni.cpp, line 1615]
Event: 1420.065 Thread 0x0000000024a7c800 Exception <a 'sun/nio/fs/WindowsException'> (0x00000000e39ad6a8) thrown at [C:\src\AOSP-openjdk-git\hotspot\src\share\vm\prims\jni.cpp, line 710]
Event: 1420.171 Thread 0x000000001f469800 Exception <a 'sun/nio/fs/WindowsException'> (0x00000000e45500f0) thrown at [C:\src\AOSP-openjdk-git\hotspot\src\share\vm\prims\jni.cpp, line 710]
Event: 1420.171 Thread 0x0000000024a7d000 Exception <a 'sun/nio/fs/WindowsException'> (0x00000000e4967598) thrown at [C:\src\AOSP-openjdk-git\hotspot\src\share\vm\prims\jni.cpp, line 710]
Event: 1420.190 Thread 0x000000001f469800 Exception <a 'sun/nio/fs/WindowsException'> (0x00000000e45b69f8) thrown at [C:\src\AOSP-openjdk-git\hotspot\src\share\vm\prims\jni.cpp, line 710]
Event: 1420.195 Thread 0x000000001f469800 Exception <a 'java/lang/NoSuchMethodError': java.lang.Object.lambda$static$0(Ljava/lang/String;)Z> (0x00000000e45dbf88) thrown at [C:\src\AOSP-openjdk-git\hotspot\src\share\vm\interpreter\linkResolver.cpp, line 620]
Event: 1420.207 Thread 0x0000000024a78800 Exception <a 'sun/nio/fs/WindowsException'> (0x00000000e5008190) thrown at [C:\src\AOSP-openjdk-git\hotspot\src\share\vm\prims\jni.cpp, line 710]
Event: 1420.211 Thread 0x0000000024a7e000 Exception <a 'sun/nio/fs/WindowsException'> (0x00000000e4fe7880) thrown at [C:\src\AOSP-openjdk-git\hotspot\src\share\vm\prims\jni.cpp, line 710]
Event: 1420.226 Thread 0x0000000024a7d000 Exception <a 'sun/nio/fs/WindowsException'> (0x00000000e5171058) thrown at [C:\src\AOSP-openjdk-git\hotspot\src\share\vm\prims\jni.cpp, line 710]

Events (10 events):
Event: 1420.191 loading class com/android/build/gradle/internal/dependency/EnumerateClassesDelegate$extractClasses$1$2 done
Event: 1420.192 loading class kotlin/streams/jdk8/StreamsKt
Event: 1420.192 loading class kotlin/streams/jdk8/StreamsKt done
Event: 1420.192 loading class kotlin/streams/jdk8/StreamsKt
Event: 1420.192 loading class kotlin/streams/jdk8/StreamsKt done
Event: 1420.195 loading class com/android/builder/dexing/ClassFileInput
Event: 1420.195 loading class com/android/builder/dexing/ClassFileInput done
Event: 1420.207 Thread 0x0000000024a7b800 DEOPT PACKING pc=0x0000000004c38a3c sp=0x000000002200dea0
Event: 1420.207 Thread 0x0000000024a7b800 DEOPT UNPACKING pc=0x00000000024f75d0 sp=0x000000002200dd58 mode 0
Event: 1420.247 Executing VM operation: ParallelGCFailedAllocation


Dynamic libraries:
0x00007ff7bd020000 - 0x00007ff7bd051000 	C:\Program Files\Android\Android Studio\jre\bin\java.exe
0x00007ffbf89b0000 - 0x00007ffbf8ba6000 	C:\WINDOWS\SYSTEM32\ntdll.dll
0x00007ffbf6de0000 - 0x00007ffbf6e9d000 	C:\WINDOWS\System32\KERNEL32.DLL
0x00007ffbf6560000 - 0x00007ffbf6829000 	C:\WINDOWS\System32\KERNELBASE.dll
0x00007ffbf7030000 - 0x00007ffbf70dc000 	C:\WINDOWS\System32\ADVAPI32.dll
0x00007ffbf6d40000 - 0x00007ffbf6dde000 	C:\WINDOWS\System32\msvcrt.dll
0x00007ffbf8020000 - 0x00007ffbf80bc000 	C:\WINDOWS\System32\sechost.dll
0x00007ffbf7a80000 - 0x00007ffbf7bab000 	C:\WINDOWS\System32\RPCRT4.dll
0x00007ffbf6b10000 - 0x00007ffbf6cb0000 	C:\WINDOWS\System32\USER32.dll
0x00007ffbf68e0000 - 0x00007ffbf6902000 	C:\WINDOWS\System32\win32u.dll
0x00007ffbf6f00000 - 0x00007ffbf6f2a000 	C:\WINDOWS\System32\GDI32.dll
0x00007ffbf6110000 - 0x00007ffbf6219000 	C:\WINDOWS\System32\gdi32full.dll
0x00007ffbf6940000 - 0x00007ffbf69dd000 	C:\WINDOWS\System32\msvcp_win.dll
0x00007ffbf6380000 - 0x00007ffbf6480000 	C:\WINDOWS\System32\ucrtbase.dll
0x00007ffbf54e0000 - 0x00007ffbf577b000 	C:\WINDOWS\WinSxS\amd64_microsoft.windows.common-controls_6595b64144ccf1df_6.0.19041.488_none_ca04af081b815d21\COMCTL32.dll
0x00007ffbf6fa0000 - 0x00007ffbf6fd0000 	C:\WINDOWS\System32\IMM32.DLL
0x0000000069c10000 - 0x0000000069ce2000 	C:\Program Files\Android\Android Studio\jre\jre\bin\msvcr100.dll
0x00000000691e0000 - 0x0000000069a2b000 	C:\Program Files\Android\Android Studio\jre\jre\bin\server\jvm.dll
0x00007ffbf76a0000 - 0x00007ffbf76a8000 	C:\WINDOWS\System32\PSAPI.DLL
0x00007ffbef470000 - 0x00007ffbef47a000 	C:\WINDOWS\SYSTEM32\VERSION.dll
0x00007ffbeb8a0000 - 0x00007ffbeb8c7000 	C:\WINDOWS\SYSTEM32\WINMM.dll
0x00007ffbe8500000 - 0x00007ffbe8509000 	C:\WINDOWS\SYSTEM32\WSOCK32.dll
0x00007ffbf6f30000 - 0x00007ffbf6f9b000 	C:\WINDOWS\System32\WS2_32.dll
0x00007ffbf08f0000 - 0x00007ffbf08ff000 	C:\Program Files\Android\Android Studio\jre\jre\bin\verify.dll
0x00007ffbebd90000 - 0x00007ffbebdb9000 	C:\Program Files\Android\Android Studio\jre\jre\bin\java.dll
0x00007ffbebd70000 - 0x00007ffbebd86000 	C:\Program Files\Android\Android Studio\jre\jre\bin\zip.dll
0x00007ffbf80e0000 - 0x00007ffbf8822000 	C:\WINDOWS\System32\SHELL32.dll
0x00007ffbf39e0000 - 0x00007ffbf4175000 	C:\WINDOWS\SYSTEM32\windows.storage.dll
0x00007ffbf7190000 - 0x00007ffbf74e6000 	C:\WINDOWS\System32\combase.dll
0x00007ffbf5440000 - 0x00007ffbf546c000 	C:\WINDOWS\SYSTEM32\Wldp.dll
0x00007ffbf70e0000 - 0x00007ffbf718e000 	C:\WINDOWS\System32\SHCORE.dll
0x00007ffbf8830000 - 0x00007ffbf8885000 	C:\WINDOWS\System32\shlwapi.dll
0x00007ffbf5ff0000 - 0x00007ffbf6016000 	C:\WINDOWS\SYSTEM32\profapi.dll
0x00007ffbeb540000 - 0x00007ffbeb55a000 	C:\Program Files\Android\Android Studio\jre\jre\bin\net.dll
0x00007ffbf5320000 - 0x00007ffbf538a000 	C:\WINDOWS\system32\mswsock.dll
0x00007ffbeb390000 - 0x00007ffbeb3a3000 	C:\Program Files\Android\Android Studio\jre\jre\bin\nio.dll
0x00007ffbba040000 - 0x00007ffbba067000 	C:\Users\Arash\.gradle\native\f6784746aeab05261644944871eae4fe03e0ef1612fff0a4a95f87b438bc6780\windows-amd64\native-platform.dll
0x00007ffbebbf0000 - 0x00007ffbebbfd000 	C:\Program Files\Android\Android Studio\jre\jre\bin\management.dll
0x00007ffbf5e50000 - 0x00007ffbf5e68000 	C:\WINDOWS\SYSTEM32\CRYPTSP.dll
0x00007ffbf4b70000 - 0x00007ffbf4ba4000 	C:\WINDOWS\system32\rsaenh.dll
0x00007ffbf6910000 - 0x00007ffbf6937000 	C:\WINDOWS\System32\bcrypt.dll
0x00007ffbf5fb0000 - 0x00007ffbf5fde000 	C:\WINDOWS\SYSTEM32\USERENV.dll
0x00007ffbf6480000 - 0x00007ffbf6500000 	C:\WINDOWS\System32\bcryptprimitives.dll
0x00007ffbf5400000 - 0x00007ffbf540c000 	C:\WINDOWS\SYSTEM32\CRYPTBASE.dll
0x00007ffbf4eb0000 - 0x00007ffbf4eeb000 	C:\WINDOWS\SYSTEM32\IPHLPAPI.DLL
0x00007ffbf6b00000 - 0x00007ffbf6b08000 	C:\WINDOWS\System32\NSI.dll
0x00007ffbee300000 - 0x00007ffbee317000 	C:\WINDOWS\SYSTEM32\dhcpcsvc6.DLL
0x00007ffbee2c0000 - 0x00007ffbee2dd000 	C:\WINDOWS\SYSTEM32\dhcpcsvc.DLL
0x00007ffbf4ef0000 - 0x00007ffbf4fbb000 	C:\WINDOWS\SYSTEM32\DNSAPI.dll
0x00007ffbee530000 - 0x00007ffbee53b000 	C:\WINDOWS\SYSTEM32\WINNSI.DLL
0x00007ffbe5a00000 - 0x00007ffbe5a24000 	C:\Program Files\Android\Android Studio\jre\jre\bin\sunec.dll
0x00007ffbeb010000 - 0x00007ffbeb01a000 	C:\Windows\System32\rasadhlp.dll
0x00007ffbebae0000 - 0x00007ffbebb5f000 	C:\WINDOWS\System32\fwpuclnt.dll
0x00007ffbeb380000 - 0x00007ffbeb38b000 	C:\Program Files\Android\Android Studio\jre\jre\bin\sunmscapi.dll
0x00007ffbf6220000 - 0x00007ffbf637d000 	C:\WINDOWS\System32\CRYPT32.dll
0x00007ffbf5e10000 - 0x00007ffbf5e43000 	C:\WINDOWS\SYSTEM32\ntmarta.dll
0x00007ffbeaae0000 - 0x00007ffbeaafe000 	C:\Users\Arash\AppData\Local\Temp\native-platform805757808614086126dir\native-platform.dll

VM Arguments:
jvm_args: -Xmx2048m -Dfile.encoding=windows-1252 -Duser.country=US -Duser.language=en -Duser.variant 
java_command: org.gradle.launcher.daemon.bootstrap.GradleDaemon 6.5
java_class_path (initial): C:\Users\Arash\.gradle\wrapper\dists\gradle-6.5-bin\6nifqtx7604sqp1q6g8wikw7p\gradle-6.5\lib\gradle-launcher-6.5.jar
Launcher Type: SUN_STANDARD

Environment Variables:
PATH=C:\Program Files (x86)\Common Files\Intel\Shared Libraries\redist\intel64\compiler;C:\Program Files (x86)\Common Files\Oracle\Java\javapath;C:\Program Files (x86)\Intel\Intel(R) Management Engine Components\iCLS\;C:\Program Files\Intel\Intel(R) Management Engine Components\iCLS\;C:\Windows\system32;C:\Windows;C:\Windows\System32\Wbem;C:\Windows\System32\WindowsPowerShell\v1.0\;C:\Windows\System32\OpenSSH\;C:\Program Files (x86)\NVIDIA Corporation\PhysX\Common;C:\Program Files (x86)\Intel\Intel(R) Management Engine Components\DAL;C:\Program Files\Intel\Intel(R) Management Engine Components\DAL;C:\Program Files (x86)\Intel\Intel(R) Management Engine Components\IPT;C:\Program Files\Intel\Intel(R) Management Engine Components\IPT;C:\Program Files\NVIDIA Corporation\NVIDIA NvDLISR;C:\Program Files (x86)\Microsoft SQL Server\150\DTS\Binn\;C:\WINDOWS\system32;C:\WINDOWS;C:\WINDOWS\System32\Wbem;C:\WINDOWS\System32\WindowsPowerShell\v1.0\;C:\WINDOWS\System32\OpenSSH\;C:\Program Files\Intel\WiFi\bin\;C:\Program Files\Common Files\Intel\WirelessCommon\;C:\Program Files\nodejs\;C:\Program Files\Git\cmd;C:\Program Files\Java\jdk1.8.0_202\bin;C:\Users\Arash\AppData\Roaming\npm;C:\Program Files\Intel\WiFi\bin\;C:\Program Files\Common Files\Intel\WirelessCommon\;C:\Program Files\heroku\bin
USERNAME=Arash
OS=Windows_NT
PROCESSOR_IDENTIFIER=Intel64 Family 6 Model 142 Stepping 10, GenuineIntel



---------------  S Y S T E M  ---------------

OS: Windows 10.0 , 64 bit Build 19041 (10.0.19041.662)

CPU:total 8 (initial active 8) (4 cores per cpu, 2 threads per core) family 6 model 142 stepping 10, cmov, cx8, fxsr, mmx, sse, sse2, sse3, ssse3, sse4.1, sse4.2, popcnt, avx, avx2, aes, clmul, erms, 3dnowpref, lzcnt, ht, tsc, tscinvbit, bmi1, bmi2, adx

Memory: 4k page, physical 12458928k(877988k free), swap 18602928k(5472k free)

vm_info: OpenJDK 64-Bit Server VM (25.242-b01) for windows-amd64 JRE (1.8.0_242-release-1644-b01), built by "builder" with MS VC++ 10.0 (VS2010)

time: Tue Jan 12 20:22:19 2021
timezone: Iran Standard Time
elapsed time: 1420 seconds (0d 0h 23m 40s)

