#
# There is insufficient memory for the Java Runtime Environment to continue.
# Native memory allocation (malloc) failed to allocate 2627056 bytes for Chunk::new
# Possible reasons:
#   The system is out of physical RAM or swap space
#   The process is running with CompressedOops enabled, and the Java Heap may be blocking the growth of the native heap
# Possible solutions:
#   Reduce memory load on the system
#   Increase physical memory or swap space
#   Check if swap backing store is full
#   Decrease Java heap size (-Xmx/-Xms)
#   Decrease number of Java threads
#   Decrease Java thread stack sizes (-Xss)
#   Set larger code cache with -XX:ReservedCodeCacheSize=
#   JVM is running with Unscaled Compressed Oops mode in which the Java heap is
#     placed in the first 4GB address space. The Java Heap base address is the
#     maximum limit for the native heap growth. Please use -XX:HeapBaseMinAddress
#     to set the Java Heap base and to place the Java Heap above 4GB virtual address.
# This output file may be truncated or incomplete.
#
#  Out of Memory Error (allocation.cpp:389), pid=16756, tid=0x00000000000006e4
#
# JRE version: OpenJDK Runtime Environment (8.0_242-b01) (build 1.8.0_242-release-1644-b01)
# Java VM: OpenJDK 64-Bit Server VM (25.242-b01 mixed mode windows-amd64 compressed oops)
# Failed to write core dump. Minidumps are not enabled by default on client versions of Windows
#

---------------  T H R E A D  ---------------

Current thread (0x0000000017ccd000):  JavaThread "C2 CompilerThread1" daemon [_thread_in_native, id=1764, stack(0x000000001a4a0000,0x000000001a5a0000)]

Stack: [0x000000001a4a0000,0x000000001a5a0000]
[error occurred during error reporting (printing stack bounds), id 0xc0000005]

Native frames: (J=compiled Java code, j=interpreted, Vv=VM code, C=native code)


Current CompileTask:
C2:8653488 25963   !   4       java.io.ObjectInputStream::readObject0 (671 bytes)


---------------  P R O C E S S  ---------------

Java Threads: ( => current thread )
  0x000000001b7de000 JavaThread "stdout" [_thread_in_native, id=18956, stack(0x0000000035b00000,0x0000000035c00000)]
  0x000000001b7d9800 JavaThread "stderr" [_thread_in_native, id=15272, stack(0x0000000035a00000,0x0000000035b00000)]
  0x000000001b7dc000 JavaThread "WorkerExecutor Queue Thread 9" [_thread_in_vm, id=2764, stack(0x0000000036780000,0x0000000036880000)]
  0x000000002065e000 JavaThread "stdout" [_thread_in_native, id=11100, stack(0x0000000036100000,0x0000000036200000)]
  0x0000000020656800 JavaThread "stderr" [_thread_in_native, id=2644, stack(0x0000000036000000,0x0000000036100000)]
  0x000000002064f800 JavaThread "stdout" [_thread_in_native, id=5180, stack(0x0000000032950000,0x0000000032a50000)]
  0x0000000020655800 JavaThread "stderr" [_thread_in_native, id=11700, stack(0x0000000032850000,0x0000000032950000)]
  0x0000000020655000 JavaThread "stdout" [_thread_in_native, id=5672, stack(0x0000000032750000,0x0000000032850000)]
  0x000000002064d000 JavaThread "stderr" [_thread_in_native, id=15188, stack(0x0000000031270000,0x0000000031370000)]
  0x0000000020653800 JavaThread "pool-35-thread-1" [_thread_blocked, id=15920, stack(0x00000000324e0000,0x00000000325e0000)]
  0x0000000020651000 JavaThread "WorkerExecutor Queue Thread 8" [_thread_blocked, id=4064, stack(0x00000000323e0000,0x00000000324e0000)]
  0x0000000020652000 JavaThread "WorkerExecutor Queue Thread 7" [_thread_in_native, id=21156, stack(0x00000000321c0000,0x00000000322c0000)]
  0x000000001ee2c000 JavaThread "WorkerExecutor Queue Thread 6" [_thread_in_native, id=4276, stack(0x00000000322e0000,0x00000000323e0000)]
  0x000000001ee2b800 JavaThread "WorkerExecutor Queue Thread 5" [_thread_blocked, id=1116, stack(0x00000000320c0000,0x00000000321c0000)]
  0x000000001ee31800 JavaThread "WorkerExecutor Queue Thread 4" [_thread_blocked, id=14612, stack(0x0000000031bc0000,0x0000000031cc0000)]
  0x000000001ee2a000 JavaThread "WorkerExecutor Queue Thread 3" [_thread_blocked, id=8408, stack(0x0000000031170000,0x0000000031270000)]
  0x000000001ee2e800 JavaThread "WorkerExecutor Queue Thread 2" [_thread_in_native, id=3708, stack(0x0000000031070000,0x0000000031170000)]
  0x000000001ee30000 JavaThread "WorkerExecutor Queue" [_thread_in_vm, id=18292, stack(0x0000000030cb0000,0x0000000030db0000)]
  0x000000001ee30800 JavaThread "Cache worker for execution history cache (C:\Users\Arash\AndroidStudioProjects\NearRoom\.gradle\6.5\executionHistory)" [_thread_blocked, id=11532, stack(0x0000000030850000,0x0000000030950000)]
  0x000000001ee22800 JavaThread "Execution worker for ':' Thread 7" [_thread_blocked, id=10984, stack(0x0000000030350000,0x0000000030450000)]
  0x000000001ee24000 JavaThread "Execution worker for ':' Thread 6" [_thread_blocked, id=2856, stack(0x0000000030150000,0x0000000030250000)]
  0x000000001ee26000 JavaThread "Execution worker for ':' Thread 5" [_thread_blocked, id=14556, stack(0x0000000030050000,0x0000000030150000)]
  0x000000001ee25800 JavaThread "Execution worker for ':' Thread 4" [_thread_blocked, id=19380, stack(0x000000002f5b0000,0x000000002f6b0000)]
  0x000000001ee29000 JavaThread "Execution worker for ':' Thread 3" [_thread_blocked, id=12336, stack(0x000000002f4b0000,0x000000002f5b0000)]
  0x000000001ee23000 JavaThread "Execution worker for ':' Thread 2" [_thread_blocked, id=18508, stack(0x000000002f3b0000,0x000000002f4b0000)]
  0x000000001ee27800 JavaThread "Execution worker for ':'" [_thread_blocked, id=17384, stack(0x000000002f2b0000,0x000000002f3b0000)]
  0x000000001bb2e800 JavaThread "Cache worker for file content cache (C:\Users\Arash\AndroidStudioProjects\NearRoom\.gradle\6.5\fileContent)" [_thread_blocked, id=4080, stack(0x000000002ebb0000,0x000000002ecb0000)]
  0x000000001bb2d800 JavaThread "Cache worker for Build Output Cleanup Cache (C:\Users\Arash\AndroidStudioProjects\NearRoom\.gradle\buildOutputCleanup)" [_thread_blocked, id=20212, stack(0x000000002d4c0000,0x000000002d5c0000)]
  0x000000001bb30000 JavaThread "Build operations Thread 8" [_thread_blocked, id=15300, stack(0x0000000024ba0000,0x0000000024ca0000)]
  0x000000001bb2f000 JavaThread "Build operations Thread 7" [_thread_blocked, id=17732, stack(0x0000000024aa0000,0x0000000024ba0000)]
  0x000000001bb26000 JavaThread "Build operations Thread 6" [_thread_blocked, id=11656, stack(0x00000000249a0000,0x0000000024aa0000)]
  0x000000001bb2d000 JavaThread "Build operations Thread 5" [_thread_blocked, id=6692, stack(0x00000000248a0000,0x00000000249a0000)]
  0x000000001bb2c000 JavaThread "Build operations Thread 4" [_thread_blocked, id=18108, stack(0x00000000247a0000,0x00000000248a0000)]
  0x000000001bb2b800 JavaThread "Build operations Thread 3" [_thread_blocked, id=12140, stack(0x00000000246a0000,0x00000000247a0000)]
  0x000000001bb2a800 JavaThread "Build operations Thread 2" [_thread_blocked, id=7248, stack(0x0000000022cd0000,0x0000000022dd0000)]
  0x000000001bb2a000 JavaThread "Build operations" [_thread_blocked, id=14320, stack(0x0000000021080000,0x0000000021180000)]
  0x000000001bb21000 JavaThread "Cache worker for cache directory md-rule (C:\Users\Arash\.gradle\caches\6.5\md-rule)" [_thread_blocked, id=20016, stack(0x0000000020d80000,0x0000000020e80000)]
  0x000000001bb25800 JavaThread "Cache worker for cache directory md-supplier (C:\Users\Arash\.gradle\caches\6.5\md-supplier)" [_thread_blocked, id=5912, stack(0x000000001e5e0000,0x000000001e6e0000)]
  0x000000001bb21800 JavaThread "Cache worker for checksums cache (C:\Users\Arash\AndroidStudioProjects\NearRoom\.gradle\checksums)" [_thread_blocked, id=7568, stack(0x000000001e2e0000,0x000000001e3e0000)]
  0x000000001bb24800 JavaThread "Cache worker for file hash cache (C:\Users\Arash\AndroidStudioProjects\NearRoom\.gradle\6.5\fileHashes)" [_thread_blocked, id=21056, stack(0x000000001e0e0000,0x000000001e1e0000)]
  0x000000001bb27800 JavaThread "Thread-2140" [_thread_blocked, id=12644, stack(0x000000001dfe0000,0x000000001e0e0000)]
  0x000000001bb23000 JavaThread "Stdin handler" [_thread_blocked, id=12936, stack(0x000000001dee0000,0x000000001dfe0000)]
  0x000000001bb22800 JavaThread "Asynchronous log dispatcher for DefaultDaemonConnection: socket connection from /127.0.0.1:52153 to /127.0.0.1:54898" [_thread_blocked, id=21060, stack(0x000000001d8a0000,0x000000001d9a0000)]
  0x000000001bb27000 JavaThread "Cancel handler" [_thread_blocked, id=252, stack(0x0000000000ff0000,0x00000000010f0000)]
  0x000000001bb24000 JavaThread "Handler for socket connection from /127.0.0.1:52153 to /127.0.0.1:54898" [_thread_in_native, id=3584, stack(0x0000000000ef0000,0x0000000000ff0000)]
  0x00000000207e7800 JavaThread "jar transforms Thread 1392" [_thread_blocked, id=1628, stack(0x000000002c3a0000,0x000000002c4a0000)]
  0x00000000207ee000 JavaThread "jar transforms Thread 1391" [_thread_blocked, id=7172, stack(0x000000002bfa0000,0x000000002c0a0000)]
  0x00000000207ec800 JavaThread "jar transforms Thread 1390" [_thread_blocked, id=15212, stack(0x000000002bea0000,0x000000002bfa0000)]
  0x00000000207ed800 JavaThread "jar transforms Thread 1389" [_thread_blocked, id=4340, stack(0x000000002bda0000,0x000000002bea0000)]
  0x00000000207e6800 JavaThread "jar transforms Thread 1388" [_thread_blocked, id=1456, stack(0x000000002bca0000,0x000000002bda0000)]
  0x00000000207e6000 JavaThread "jar transforms Thread 1387" [_thread_blocked, id=14960, stack(0x000000002bba0000,0x000000002bca0000)]
  0x00000000207ec000 JavaThread "jar transforms Thread 1386" [_thread_blocked, id=18348, stack(0x000000002baa0000,0x000000002bba0000)]
  0x00000000207eb000 JavaThread "jar transforms Thread 1385" [_thread_blocked, id=3932, stack(0x000000002b9a0000,0x000000002baa0000)]
  0x00000000207e9800 JavaThread "jar transforms Thread 1384" [_thread_blocked, id=16168, stack(0x000000002b8a0000,0x000000002b9a0000)]
  0x00000000207e9000 JavaThread "jar transforms Thread 1383" [_thread_blocked, id=18736, stack(0x000000002b6a0000,0x000000002b7a0000)]
  0x00000000207e3800 JavaThread "jar transforms Thread 1382" [_thread_blocked, id=19568, stack(0x000000002b5a0000,0x000000002b6a0000)]
  0x00000000207ea800 JavaThread "jar transforms Thread 1381" [_thread_blocked, id=1708, stack(0x000000002b4a0000,0x000000002b5a0000)]
  0x00000000207e4800 JavaThread "jar transforms Thread 1380" [_thread_blocked, id=14940, stack(0x000000002b3a0000,0x000000002b4a0000)]
  0x000000001d166800 JavaThread "jar transforms Thread 1379" [_thread_blocked, id=9384, stack(0x000000002b2a0000,0x000000002b3a0000)]
  0x000000001d165800 JavaThread "jar transforms Thread 1378" [_thread_blocked, id=18516, stack(0x000000002b1a0000,0x000000002b2a0000)]
  0x000000001d165000 JavaThread "jar transforms Thread 1377" [_thread_blocked, id=6260, stack(0x000000002b0a0000,0x000000002b1a0000)]
  0x000000001d15d800 JavaThread "jar transforms Thread 1376" [_thread_blocked, id=10740, stack(0x000000002afa0000,0x000000002b0a0000)]
  0x000000001d164000 JavaThread "jar transforms Thread 1375" [_thread_blocked, id=10208, stack(0x000000002aea0000,0x000000002afa0000)]
  0x000000001d15e000 JavaThread "jar transforms Thread 1374" [_thread_blocked, id=14832, stack(0x000000002ada0000,0x000000002aea0000)]
  0x000000001d15c800 JavaThread "jar transforms Thread 1373" [_thread_blocked, id=5508, stack(0x000000002aca0000,0x000000002ada0000)]
  0x000000001d162000 JavaThread "jar transforms Thread 1372" [_thread_blocked, id=10788, stack(0x000000002aba0000,0x000000002aca0000)]
  0x000000001d161000 JavaThread "jar transforms Thread 1371" [_thread_blocked, id=11020, stack(0x000000002aaa0000,0x000000002aba0000)]
  0x000000001d15f800 JavaThread "jar transforms Thread 1370" [_thread_blocked, id=3068, stack(0x000000002a9a0000,0x000000002aaa0000)]
  0x000000001d160800 JavaThread "jar transforms Thread 1369" [_thread_blocked, id=16200, stack(0x000000002a8a0000,0x000000002a9a0000)]
  0x000000001d163800 JavaThread "jar transforms Thread 1368" [_thread_blocked, id=15104, stack(0x000000002a7a0000,0x000000002a8a0000)]
  0x000000001d15f000 JavaThread "jar transforms Thread 1367" [_thread_blocked, id=12208, stack(0x000000002a6a0000,0x000000002a7a0000)]
  0x000000001d162800 JavaThread "jar transforms Thread 1366" [_thread_blocked, id=14492, stack(0x000000002a5a0000,0x000000002a6a0000)]
  0x000000001d155000 JavaThread "jar transforms Thread 1365" [_thread_blocked, id=14524, stack(0x000000002a4a0000,0x000000002a5a0000)]
  0x000000001d15c000 JavaThread "jar transforms Thread 1364" [_thread_blocked, id=9836, stack(0x000000002a3a0000,0x000000002a4a0000)]
  0x000000001d157800 JavaThread "jar transforms Thread 1363" [_thread_blocked, id=6292, stack(0x000000002a2a0000,0x000000002a3a0000)]
  0x000000001d15b000 JavaThread "jar transforms Thread 1362" [_thread_blocked, id=16000, stack(0x000000002a1a0000,0x000000002a2a0000)]
  0x000000001d153800 JavaThread "jar transforms Thread 1361" [_thread_blocked, id=20196, stack(0x000000002a0a0000,0x000000002a1a0000)]
  0x000000001d154800 JavaThread "jar transforms Thread 1360" [_thread_blocked, id=5852, stack(0x0000000029fa0000,0x000000002a0a0000)]
  0x000000001d15a800 JavaThread "jar transforms Thread 1359" [_thread_blocked, id=16604, stack(0x0000000029ea0000,0x0000000029fa0000)]
  0x000000001d153000 JavaThread "jar transforms Thread 1358" [_thread_blocked, id=11240, stack(0x0000000029da0000,0x0000000029ea0000)]
  0x000000001d156000 JavaThread "jar transforms Thread 1357" [_thread_blocked, id=11416, stack(0x0000000029ca0000,0x0000000029da0000)]
  0x000000001d159800 JavaThread "jar transforms Thread 1356" [_thread_blocked, id=20036, stack(0x0000000029ba0000,0x0000000029ca0000)]
  0x000000001d156800 JavaThread "jar transforms Thread 1355" [_thread_blocked, id=3296, stack(0x0000000029aa0000,0x0000000029ba0000)]
  0x000000001d158000 JavaThread "jar transforms Thread 1354" [_thread_blocked, id=17092, stack(0x00000000299a0000,0x0000000029aa0000)]
  0x000000001d159000 JavaThread "jar transforms Thread 1353" [_thread_blocked, id=15792, stack(0x00000000298a0000,0x00000000299a0000)]
  0x000000001d14a800 JavaThread "jar transforms Thread 1352" [_thread_blocked, id=17540, stack(0x00000000297a0000,0x00000000298a0000)]
  0x000000001d151800 JavaThread "jar transforms Thread 1351" [_thread_blocked, id=10020, stack(0x00000000296a0000,0x00000000297a0000)]
  0x000000001d14a000 JavaThread "jar transforms Thread 1350" [_thread_blocked, id=10292, stack(0x00000000295a0000,0x00000000296a0000)]
  0x000000001d150800 JavaThread "jar transforms Thread 1349" [_thread_blocked, id=17656, stack(0x00000000294a0000,0x00000000295a0000)]
  0x000000001d150000 JavaThread "jar transforms Thread 1348" [_thread_blocked, id=10836, stack(0x00000000293a0000,0x00000000294a0000)]
  0x000000001d148800 JavaThread "jar transforms Thread 1347" [_thread_blocked, id=10672, stack(0x00000000292a0000,0x00000000293a0000)]
  0x000000001d149000 JavaThread "jar transforms Thread 1346" [_thread_blocked, id=15036, stack(0x00000000291a0000,0x00000000292a0000)]
  0x000000001d14b800 JavaThread "jar transforms Thread 1345" [_thread_blocked, id=16140, stack(0x00000000290a0000,0x00000000291a0000)]
  0x000000001d14c000 JavaThread "jar transforms Thread 1344" [_thread_blocked, id=7788, stack(0x0000000028fa0000,0x00000000290a0000)]
  0x000000001d14f000 JavaThread "jar transforms Thread 1343" [_thread_blocked, id=16768, stack(0x0000000028ea0000,0x0000000028fa0000)]
  0x000000001d147800 JavaThread "jar transforms Thread 1342" [_thread_blocked, id=17720, stack(0x0000000028da0000,0x0000000028ea0000)]
  0x000000001d14e800 JavaThread "jar transforms Thread 1341" [_thread_blocked, id=19308, stack(0x0000000028ca0000,0x0000000028da0000)]
  0x000000001d14d800 JavaThread "jar transforms Thread 1340" [_thread_blocked, id=16588, stack(0x0000000028ba0000,0x0000000028ca0000)]
  0x0000000023826000 JavaThread "jar transforms Thread 1339" [_thread_blocked, id=12016, stack(0x0000000028aa0000,0x0000000028ba0000)]
  0x000000002382d000 JavaThread "jar transforms Thread 1338" [_thread_blocked, id=18180, stack(0x00000000289a0000,0x0000000028aa0000)]
  0x000000002382c000 JavaThread "jar transforms Thread 1337" [_thread_blocked, id=9808, stack(0x00000000288a0000,0x00000000289a0000)]
  0x0000000023824800 JavaThread "jar transforms Thread 1336" [_thread_blocked, id=13612, stack(0x00000000287a0000,0x00000000288a0000)]
  0x000000002382b800 JavaThread "jar transforms Thread 1335" [_thread_blocked, id=19528, stack(0x00000000286a0000,0x00000000287a0000)]
  0x000000002382a800 JavaThread "jar transforms Thread 1334" [_thread_blocked, id=10768, stack(0x00000000285a0000,0x00000000286a0000)]
  0x000000002382a000 JavaThread "jar transforms Thread 1333" [_thread_blocked, id=19724, stack(0x00000000284a0000,0x00000000285a0000)]
  0x0000000023822800 JavaThread "jar transforms Thread 1332" [_thread_blocked, id=19804, stack(0x00000000283a0000,0x00000000284a0000)]
  0x0000000023829000 JavaThread "jar transforms Thread 1331" [_thread_blocked, id=10012, stack(0x00000000282a0000,0x00000000283a0000)]
  0x0000000023823000 JavaThread "jar transforms Thread 1330" [_thread_blocked, id=11900, stack(0x00000000281a0000,0x00000000282a0000)]
  0x0000000023827800 JavaThread "jar transforms Thread 1329" [_thread_blocked, id=14564, stack(0x00000000280a0000,0x00000000281a0000)]
  0x0000000023828800 JavaThread "jar transforms Thread 1328" [_thread_blocked, id=7444, stack(0x0000000027fa0000,0x00000000280a0000)]
  0x0000000023824000 JavaThread "jar transforms Thread 1327" [_thread_blocked, id=17700, stack(0x0000000027ea0000,0x0000000027fa0000)]
  0x0000000023820000 JavaThread "jar transforms Thread 1326" [_thread_blocked, id=14404, stack(0x0000000027da0000,0x0000000027ea0000)]
  0x0000000023827000 JavaThread "jar transforms Thread 1325" [_thread_blocked, id=4648, stack(0x0000000027ca0000,0x0000000027da0000)]
  0x0000000023825800 JavaThread "jar transforms Thread 1324" [_thread_blocked, id=3152, stack(0x0000000027ba0000,0x0000000027ca0000)]
  0x0000000023821800 JavaThread "jar transforms Thread 1323" [_thread_blocked, id=5972, stack(0x0000000027aa0000,0x0000000027ba0000)]
  0x000000002381a000 JavaThread "jar transforms Thread 1322" [_thread_blocked, id=15008, stack(0x00000000279a0000,0x0000000027aa0000)]
  0x0000000023821000 JavaThread "jar transforms Thread 1321" [_thread_blocked, id=6652, stack(0x00000000278a0000,0x00000000279a0000)]
  0x000000002381f800 JavaThread "jar transforms Thread 1320" [_thread_blocked, id=19912, stack(0x00000000277a0000,0x00000000278a0000)]
  0x000000002381e800 JavaThread "jar transforms Thread 1319" [_thread_blocked, id=11232, stack(0x00000000276a0000,0x00000000277a0000)]
  0x000000002381b000 JavaThread "jar transforms Thread 1318" [_thread_blocked, id=11504, stack(0x00000000275a0000,0x00000000276a0000)]
  0x000000002381b800 JavaThread "jar transforms Thread 1317" [_thread_blocked, id=14012, stack(0x00000000274a0000,0x00000000275a0000)]
  0x000000002381e000 JavaThread "jar transforms Thread 1316" [_thread_blocked, id=8696, stack(0x00000000273a0000,0x00000000274a0000)]
  0x000000002381c800 JavaThread "jar transforms Thread 1315" [_thread_blocked, id=15436, stack(0x00000000272a0000,0x00000000273a0000)]
  0x000000002381d000 JavaThread "jar transforms Thread 1314" [_thread_blocked, id=11648, stack(0x00000000271a0000,0x00000000272a0000)]
  0x0000000023812800 JavaThread "jar transforms Thread 1313" [_thread_blocked, id=12056, stack(0x00000000270a0000,0x00000000271a0000)]
  0x0000000023818000 JavaThread "jar transforms Thread 1312" [_thread_blocked, id=5868, stack(0x0000000026fa0000,0x00000000270a0000)]
  0x0000000023817000 JavaThread "jar transforms Thread 1311" [_thread_blocked, id=792, stack(0x0000000026ea0000,0x0000000026fa0000)]
  0x0000000023818800 JavaThread "jar transforms Thread 1310" [_thread_blocked, id=16344, stack(0x0000000026da0000,0x0000000026ea0000)]
  0x0000000023819800 JavaThread "jar transforms Thread 1309" [_thread_blocked, id=6256, stack(0x0000000026ca0000,0x0000000026da0000)]
  0x0000000023816800 JavaThread "jar transforms Thread 1308" [_thread_blocked, id=20200, stack(0x0000000026ba0000,0x0000000026ca0000)]
  0x0000000023812000 JavaThread "jar transforms Thread 1307" [_thread_blocked, id=21432, stack(0x0000000026aa0000,0x0000000026ba0000)]
  0x000000002380f000 JavaThread "jar transforms Thread 1306" [_thread_blocked, id=21468, stack(0x00000000269a0000,0x0000000026aa0000)]
  0x0000000023815800 JavaThread "jar transforms Thread 1305" [_thread_blocked, id=14128, stack(0x00000000268a0000,0x00000000269a0000)]
  0x000000002380e000 JavaThread "jar transforms Thread 1304" [_thread_blocked, id=19092, stack(0x00000000267a0000,0x00000000268a0000)]
  0x0000000023811000 JavaThread "jar transforms Thread 1303" [_thread_blocked, id=3612, stack(0x00000000266a0000,0x00000000267a0000)]
  0x0000000023810800 JavaThread "jar transforms Thread 1302" [_thread_blocked, id=18632, stack(0x00000000265a0000,0x00000000266a0000)]
  0x0000000023815000 JavaThread "jar transforms Thread 1301" [_thread_blocked, id=14792, stack(0x00000000264a0000,0x00000000265a0000)]
  0x0000000023814000 JavaThread "jar transforms Thread 1300" [_thread_blocked, id=10828, stack(0x00000000263a0000,0x00000000264a0000)]
  0x0000000023813800 JavaThread "jar transforms Thread 1299" [_thread_blocked, id=11484, stack(0x00000000262a0000,0x00000000263a0000)]
  0x000000002066c000 JavaThread "jar transforms Thread 1298" [_thread_blocked, id=7268, stack(0x00000000261a0000,0x00000000262a0000)]
  0x000000002066a800 JavaThread "jar transforms Thread 1297" [_thread_blocked, id=11448, stack(0x00000000260a0000,0x00000000261a0000)]
  0x000000002066b800 JavaThread "jar transforms Thread 1296" [_thread_blocked, id=16692, stack(0x0000000025fa0000,0x00000000260a0000)]
  0x000000002066a000 JavaThread "jar transforms Thread 1295" [_thread_blocked, id=16892, stack(0x0000000025ea0000,0x0000000025fa0000)]
  0x0000000020663000 JavaThread "jar transforms Thread 1294" [_thread_blocked, id=6304, stack(0x0000000025da0000,0x0000000025ea0000)]
  0x0000000020669000 JavaThread "jar transforms Thread 1293" [_thread_blocked, id=18596, stack(0x0000000025ca0000,0x0000000025da0000)]
  0x0000000020668800 JavaThread "jar transforms Thread 1292" [_thread_blocked, id=13964, stack(0x0000000025ba0000,0x0000000025ca0000)]
  0x0000000020665800 JavaThread "jar transforms Thread 1291" [_thread_blocked, id=8552, stack(0x0000000025aa0000,0x0000000025ba0000)]
  0x0000000020662800 JavaThread "jar transforms Thread 1290" [_thread_blocked, id=17128, stack(0x00000000259a0000,0x0000000025aa0000)]
  0x0000000020661800 JavaThread "jar transforms Thread 1289" [_thread_blocked, id=18288, stack(0x00000000258a0000,0x00000000259a0000)]
  0x0000000020664000 JavaThread "jar transforms Thread 1288" [_thread_blocked, id=20948, stack(0x00000000257a0000,0x00000000258a0000)]
  0x0000000020661000 JavaThread "jar transforms Thread 1287" [_thread_blocked, id=19588, stack(0x00000000256a0000,0x00000000257a0000)]
  0x0000000020666000 JavaThread "jar transforms Thread 1286" [_thread_blocked, id=20468, stack(0x00000000255a0000,0x00000000256a0000)]
  0x0000000020667000 JavaThread "jar transforms Thread 1285" [_thread_blocked, id=2672, stack(0x00000000254a0000,0x00000000255a0000)]
  0x0000000020664800 JavaThread "jar transforms Thread 1284" [_thread_blocked, id=20500, stack(0x00000000253a0000,0x00000000254a0000)]
  0x0000000020667800 JavaThread "jar transforms Thread 1283" [_thread_blocked, id=20176, stack(0x00000000252a0000,0x00000000253a0000)]
  0x0000000020659800 JavaThread "jar transforms Thread 1282" [_thread_blocked, id=15700, stack(0x00000000251a0000,0x00000000252a0000)]
  0x0000000020660000 JavaThread "jar transforms Thread 1281" [_thread_blocked, id=8488, stack(0x00000000250a0000,0x00000000251a0000)]
  0x000000002065d000 JavaThread "jar transforms Thread 1280" [_thread_blocked, id=17648, stack(0x0000000024fa0000,0x00000000250a0000)]
  0x0000000020658800 JavaThread "jar transforms Thread 1279" [_thread_blocked, id=17080, stack(0x0000000024ea0000,0x0000000024fa0000)]
  0x000000002065c800 JavaThread "jar transforms Thread 1278" [_thread_blocked, id=5604, stack(0x0000000024da0000,0x0000000024ea0000)]
  0x000000002065f800 JavaThread "jar transforms Thread 1277" [_thread_blocked, id=4036, stack(0x0000000024ca0000,0x0000000024da0000)]
  0x000000002064e000 JavaThread "Daemon worker Thread 11" [_thread_blocked, id=17764, stack(0x000000001d7a0000,0x000000001d8a0000)]
  0x0000000020654000 JavaThread "Daemon Thread 11" [_thread_blocked, id=9112, stack(0x0000000000cd0000,0x0000000000dd0000)]
  0x000000001b7e0800 JavaThread "RMI Reaper" [_thread_blocked, id=21476, stack(0x00000000309b0000,0x0000000030ab0000)]
  0x000000001b7e1000 JavaThread "GC Daemon" daemon [_thread_blocked, id=7544, stack(0x0000000030650000,0x0000000030750000)]
  0x00000000207e5000 JavaThread "Cache worker for Java compile cache (C:\Users\Arash\.gradle\caches\6.5\javaCompile)" [_thread_blocked, id=11556, stack(0x0000000030750000,0x0000000030850000)]
  0x000000001b7e4000 JavaThread "RMI TCP Accept-0" daemon [_thread_in_native, id=18816, stack(0x0000000030250000,0x0000000030350000)]
  0x000000001b7e3800 JavaThread "RMI Scheduler(0)" daemon [_thread_blocked, id=11480, stack(0x000000002f6b0000,0x000000002f7b0000)]
  0x000000001b7d9000 JavaThread "Memory manager" [_thread_blocked, id=7860, stack(0x000000002c2a0000,0x000000002c3a0000)]
  0x000000001cb37000 JavaThread "Cache worker for file content cache (C:\Users\Arash\.gradle\caches\6.5\fileContent)" [_thread_blocked, id=12804, stack(0x0000000022dd0000,0x0000000022ed0000)]
  0x000000001cb3b800 JavaThread "Cache worker for execution history cache (C:\Users\Arash\.gradle\caches\6.5\executionHistory)" [_thread_blocked, id=13636, stack(0x00000000225d0000,0x00000000226d0000)]
  0x000000001cb36800 JavaThread "Cache worker for file hash cache (C:\Users\Arash\.gradle\caches\6.5\fileHashes)" [_thread_blocked, id=13164, stack(0x000000001eae0000,0x000000001ebe0000)]
  0x000000001cb3b000 JavaThread "File lock request listener" [_thread_in_native, id=5140, stack(0x000000001e9e0000,0x000000001eae0000)]
  0x000000001ca14800 JavaThread "Cache worker for journal cache (C:\Users\Arash\.gradle\caches\journal-1)" [_thread_blocked, id=21132, stack(0x000000001e8e0000,0x000000001e9e0000)]
  0x000000001c9e3800 JavaThread "Daemon periodic checks" [_thread_blocked, id=9256, stack(0x000000001dbe0000,0x000000001dce0000)]
  0x000000001c976800 JavaThread "Incoming local TCP Connector on port 52153" [_thread_in_native, id=17756, stack(0x000000001d9a0000,0x000000001daa0000)]
  0x000000001bd78800 JavaThread "Daemon health stats" [_thread_blocked, id=19980, stack(0x000000001c170000,0x000000001c270000)]
  0x0000000019b69000 JavaThread "Service Thread" daemon [_thread_blocked, id=16976, stack(0x000000001a7a0000,0x000000001a8a0000)]
  0x0000000019adc800 JavaThread "C1 CompilerThread3" daemon [_thread_blocked, id=17812, stack(0x000000001a6a0000,0x000000001a7a0000)]
  0x0000000017cce800 JavaThread "C2 CompilerThread2" daemon [_thread_in_native, id=19352, stack(0x000000001a5a0000,0x000000001a6a0000)]
=>0x0000000017ccd000 JavaThread "C2 CompilerThread1" daemon [_thread_in_native, id=1764, stack(0x000000001a4a0000,0x000000001a5a0000)]
  0x0000000017cca000 JavaThread "C2 CompilerThread0" daemon [_thread_in_native, id=2160, stack(0x000000001a3a0000,0x000000001a4a0000)]
  0x0000000019ad4800 JavaThread "Attach Listener" daemon [_thread_blocked, id=10204, stack(0x000000001a2a0000,0x000000001a3a0000)]
  0x0000000019ad3800 JavaThread "Signal Dispatcher" daemon [_thread_blocked, id=12940, stack(0x000000001a1a0000,0x000000001a2a0000)]
  0x0000000002c4e000 JavaThread "Finalizer" daemon [_thread_blocked, id=14140, stack(0x0000000019fa0000,0x000000001a0a0000)]
  0x0000000002c47000 JavaThread "Reference Handler" daemon [_thread_blocked, id=14448, stack(0x0000000019ea0000,0x0000000019fa0000)]
  0x000000000119e000 JavaThread "main" [_thread_blocked, id=19992, stack(0x0000000002a50000,0x0000000002b50000)]

Other Threads:
  0x0000000017cb6800 VMThread [stack: 0x00000000199a0000,0x0000000019aa0000] [id=6112]
  0x0000000019b6a000 WatcherThread [stack: 0x000000001a8a0000,0x000000001a9a0000] [id=13012]

VM state:not at safepoint (normal execution)

VM Mutex/Monitor currently owned by a thread: None

heap address: 0x0000000080000000, size: 2048 MB, Compressed Oops mode: 32-bit
Narrow klass base: 0x0000000000000000, Narrow klass shift: 3
Compressed class space size: 1073741824 Address: 0x0000000100000000

Heap:
 PSYoungGen      total 381440K, used 235302K [0x00000000d5580000, 0x00000000f0e80000, 0x0000000100000000)
  eden space 348672K, 58% used [0x00000000d5580000,0x00000000e1b4de50,0x00000000eaa00000)
  from space 32768K, 99% used [0x00000000ed400000,0x00000000ef3fbab8,0x00000000ef400000)
  to   space 43008K, 0% used [0x00000000eaa00000,0x00000000eaa00000,0x00000000ed400000)
 ParOldGen       total 248832K, used 73103K [0x0000000080000000, 0x000000008f300000, 0x00000000d5580000)
  object space 248832K, 29% used [0x0000000080000000,0x0000000084763c80,0x000000008f300000)
 Metaspace       used 103274K, capacity 112106K, committed 112280K, reserved 1146880K
  class space    used 13468K, capacity 14928K, committed 15024K, reserved 1048576K

Card table byte_map: [0x0000000012010000,0x0000000012420000] byte_map_base: 0x0000000011c10000

Marking Bits: (ParMarkBitMap*) 0x000000005710f030
 Begin Bits: [0x0000000012ed0000, 0x0000000014ed0000)
 End Bits:   [0x0000000014ed0000, 0x0000000016ed0000)

Polling page: 0x0000000001180000

CodeCache: size=245760Kb used=71186Kb max_used=71186Kb free=174573Kb
 bounds [0x0000000002c50000, 0x0000000007240000, 0x0000000011c50000]
 total_blobs=21463 nmethods=20553 adapters=819
 compilation: enabled

Compilation events (10 events):
Event: 8653.474 Thread 0x0000000019adc800 nmethod 26113 0x0000000007229f90 code [0x000000000722a100, 0x000000000722a448]
Event: 8653.474 Thread 0x0000000019adc800 26114   !   3       sun.nio.fs.WindowsNativeDispatcher::CreateDirectory (30 bytes)
Event: 8653.475 Thread 0x0000000019adc800 nmethod 26114 0x000000000722a550 code [0x000000000722a700, 0x000000000722aa98]
Event: 8653.476 Thread 0x0000000019adc800 26115       3       java.nio.file.Files::createDirectory (11 bytes)
Event: 8653.477 Thread 0x0000000019adc800 nmethod 26115 0x000000000722acd0 code [0x000000000722ae60, 0x000000000722b248]
Event: 8653.477 Thread 0x0000000019adc800 26117   !   3       java.nio.file.Files::createAndCheckIsDirectory (30 bytes)
Event: 8653.478 Thread 0x0000000019adc800 nmethod 26117 0x000000000722b3d0 code [0x000000000722b600, 0x000000000722c238]
Event: 8653.478 Thread 0x0000000019adc800 26116   !   3       sun.nio.fs.WindowsFileSystemProvider::createDirectory (99 bytes)
Event: 8653.479 Thread 0x0000000019adc800 nmethod 26116 0x000000000722c990 code [0x000000000722cca0, 0x000000000722e048]
Event: 8653.480 Thread 0x0000000019adc800 26118   !   3       java.nio.file.Files::createDirectories (152 bytes)

GC Heap History (10 events):
Event: 8547.173 GC heap before
{Heap before GC invocations=43 (full 5):
 PSYoungGen      total 385536K, used 365360K [0x00000000d5580000, 0x00000000ef700000, 0x0000000100000000)
  eden space 347136K, 100% used [0x00000000d5580000,0x00000000ea880000,0x00000000ea880000)
  from space 38400K, 47% used [0x00000000ea880000,0x00000000eba4c050,0x00000000ece00000)
  to   space 36864K, 0% used [0x00000000ed300000,0x00000000ed300000,0x00000000ef700000)
 ParOldGen       total 248832K, used 54970K [0x0000000080000000, 0x000000008f300000, 0x00000000d5580000)
  object space 248832K, 22% used [0x0000000080000000,0x00000000835aeac0,0x000000008f300000)
 Metaspace       used 97302K, capacity 105348K, committed 105496K, reserved 1140736K
  class space    used 12786K, capacity 14095K, committed 14128K, reserved 1048576K
Event: 8547.191 GC heap after
Heap after GC invocations=43 (full 5):
 PSYoungGen      total 384512K, used 19584K [0x00000000d5580000, 0x00000000ef280000, 0x0000000100000000)
  eden space 352256K, 0% used [0x00000000d5580000,0x00000000d5580000,0x00000000ead80000)
  from space 32256K, 60% used [0x00000000ed300000,0x00000000ee620060,0x00000000ef280000)
  to   space 35328K, 0% used [0x00000000ead80000,0x00000000ead80000,0x00000000ed000000)
 ParOldGen       total 248832K, used 54978K [0x0000000080000000, 0x000000008f300000, 0x00000000d5580000)
  object space 248832K, 22% used [0x0000000080000000,0x00000000835b0ac0,0x000000008f300000)
 Metaspace       used 97302K, capacity 105348K, committed 105496K, reserved 1140736K
  class space    used 12786K, capacity 14095K, committed 14128K, reserved 1048576K
}
Event: 8569.389 GC heap before
{Heap before GC invocations=44 (full 5):
 PSYoungGen      total 384512K, used 371840K [0x00000000d5580000, 0x00000000ef280000, 0x0000000100000000)
  eden space 352256K, 100% used [0x00000000d5580000,0x00000000ead80000,0x00000000ead80000)
  from space 32256K, 60% used [0x00000000ed300000,0x00000000ee620060,0x00000000ef280000)
  to   space 35328K, 0% used [0x00000000ead80000,0x00000000ead80000,0x00000000ed000000)
 ParOldGen       total 248832K, used 54978K [0x0000000080000000, 0x000000008f300000, 0x00000000d5580000)
  object space 248832K, 22% used [0x0000000080000000,0x00000000835b0ac0,0x000000008f300000)
 Metaspace       used 97362K, capacity 105558K, committed 105752K, reserved 1140736K
  class space    used 12787K, capacity 14096K, committed 14128K, reserved 1048576K
Event: 8569.405 GC heap after
Heap after GC invocations=44 (full 5):
 PSYoungGen      total 387584K, used 20992K [0x00000000d5580000, 0x00000000ef500000, 0x0000000100000000)
  eden space 352256K, 0% used [0x00000000d5580000,0x00000000d5580000,0x00000000ead80000)
  from space 35328K, 59% used [0x00000000ead80000,0x00000000ec200040,0x00000000ed000000)
  to   space 34304K, 0% used [0x00000000ed380000,0x00000000ed380000,0x00000000ef500000)
 ParOldGen       total 248832K, used 54986K [0x0000000080000000, 0x000000008f300000, 0x00000000d5580000)
  object space 248832K, 22% used [0x0000000080000000,0x00000000835b2ac0,0x000000008f300000)
 Metaspace       used 97362K, capacity 105558K, committed 105752K, reserved 1140736K
  class space    used 12787K, capacity 14096K, committed 14128K, reserved 1048576K
}
Event: 8610.168 GC heap before
{Heap before GC invocations=45 (full 5):
 PSYoungGen      total 387584K, used 373248K [0x00000000d5580000, 0x00000000ef500000, 0x0000000100000000)
  eden space 352256K, 100% used [0x00000000d5580000,0x00000000ead80000,0x00000000ead80000)
  from space 35328K, 59% used [0x00000000ead80000,0x00000000ec200040,0x00000000ed000000)
  to   space 34304K, 0% used [0x00000000ed380000,0x00000000ed380000,0x00000000ef500000)
 ParOldGen       total 248832K, used 54986K [0x0000000080000000, 0x000000008f300000, 0x00000000d5580000)
  object space 248832K, 22% used [0x0000000080000000,0x00000000835b2ac0,0x000000008f300000)
 Metaspace       used 97414K, capacity 105562K, committed 105752K, reserved 1140736K
  class space    used 12788K, capacity 14096K, committed 14128K, reserved 1048576K
Event: 8610.179 GC heap after
Heap after GC invocations=45 (full 5):
 PSYoungGen      total 389120K, used 12400K [0x00000000d5580000, 0x00000000ef400000, 0x0000000100000000)
  eden space 355840K, 0% used [0x00000000d5580000,0x00000000d5580000,0x00000000eb100000)
  from space 33280K, 37% used [0x00000000ed380000,0x00000000edf9c050,0x00000000ef400000)
  to   space 34304K, 0% used [0x00000000eb100000,0x00000000eb100000,0x00000000ed280000)
 ParOldGen       total 248832K, used 54994K [0x0000000080000000, 0x000000008f300000, 0x00000000d5580000)
  object space 248832K, 22% used [0x0000000080000000,0x00000000835b4ac0,0x000000008f300000)
 Metaspace       used 97414K, capacity 105562K, committed 105752K, reserved 1140736K
  class space    used 12788K, capacity 14096K, committed 14128K, reserved 1048576K
}
Event: 8649.360 GC heap before
{Heap before GC invocations=46 (full 5):
 PSYoungGen      total 389120K, used 368240K [0x00000000d5580000, 0x00000000ef400000, 0x0000000100000000)
  eden space 355840K, 100% used [0x00000000d5580000,0x00000000eb100000,0x00000000eb100000)
  from space 33280K, 37% used [0x00000000ed380000,0x00000000edf9c050,0x00000000ef400000)
  to   space 34304K, 0% used [0x00000000eb100000,0x00000000eb100000,0x00000000ed280000)
 ParOldGen       total 248832K, used 54994K [0x0000000080000000, 0x000000008f300000, 0x00000000d5580000)
  object space 248832K, 22% used [0x0000000080000000,0x00000000835b4ac0,0x000000008f300000)
 Metaspace       used 97970K, capacity 106660K, committed 106776K, reserved 1142784K
  class space    used 12881K, capacity 14297K, committed 14384K, reserved 1048576K
Event: 8649.373 GC heap after
Heap after GC invocations=46 (full 5):
 PSYoungGen      total 390144K, used 17776K [0x00000000d5580000, 0x00000000ef400000, 0x0000000100000000)
  eden space 355840K, 0% used [0x00000000d5580000,0x00000000d5580000,0x00000000eb100000)
  from space 34304K, 51% used [0x00000000eb100000,0x00000000ec25c050,0x00000000ed280000)
  to   space 32768K, 0% used [0x00000000ed400000,0x00000000ed400000,0x00000000ef400000)
 ParOldGen       total 248832K, used 55002K [0x0000000080000000, 0x000000008f300000, 0x00000000d5580000)
  object space 248832K, 22% used [0x0000000080000000,0x00000000835b6ac0,0x000000008f300000)
 Metaspace       used 97970K, capacity 106660K, committed 106776K, reserved 1142784K
  class space    used 12881K, capacity 14297K, committed 14384K, reserved 1048576K
}
Event: 8651.721 GC heap before
{Heap before GC invocations=47 (full 5):
 PSYoungGen      total 390144K, used 373616K [0x00000000d5580000, 0x00000000ef400000, 0x0000000100000000)
  eden space 355840K, 100% used [0x00000000d5580000,0x00000000eb100000,0x00000000eb100000)
  from space 34304K, 51% used [0x00000000eb100000,0x00000000ec25c050,0x00000000ed280000)
  to   space 32768K, 0% used [0x00000000ed400000,0x00000000ed400000,0x00000000ef400000)
 ParOldGen       total 248832K, used 55002K [0x0000000080000000, 0x000000008f300000, 0x00000000d5580000)
  object space 248832K, 22% used [0x0000000080000000,0x00000000835b6ac0,0x000000008f300000)
 Metaspace       used 101750K, capacity 110548K, committed 110744K, reserved 1144832K
  class space    used 13305K, capacity 14733K, committed 14768K, reserved 1048576K
Event: 8651.757 GC heap after
Heap after GC invocations=47 (full 5):
 PSYoungGen      total 381440K, used 32750K [0x00000000d5580000, 0x00000000f0e80000, 0x0000000100000000)
  eden space 348672K, 0% used [0x00000000d5580000,0x00000000d5580000,0x00000000eaa00000)
  from space 32768K, 99% used [0x00000000ed400000,0x00000000ef3fbab8,0x00000000ef400000)
  to   space 43008K, 0% used [0x00000000eaa00000,0x00000000eaa00000,0x00000000ed400000)
 ParOldGen       total 248832K, used 73103K [0x0000000080000000, 0x000000008f300000, 0x00000000d5580000)
  object space 248832K, 29% used [0x0000000080000000,0x0000000084763c80,0x000000008f300000)
 Metaspace       used 101750K, capacity 110548K, committed 110744K, reserved 1144832K
  class space    used 13305K, capacity 14733K, committed 14768K, reserved 1048576K
}

Deoptimization events (10 events):
Event: 8652.783 Thread 0x0000000020652000 Uncommon trap: reason=bimorphic action=maybe_recompile pc=0x00000000059511c0 method=com.google.gson.stream.JsonWriter.beforeValue()V @ 111
Event: 8652.978 Thread 0x000000001b7dc000 Uncommon trap: reason=null_check action=make_not_entrant pc=0x000000000714cab4 method=java.io.ObjectInputStream.readClassDesc(Z)Ljava/io/ObjectStreamClass; @ 56
Event: 8653.266 Thread 0x000000001ee30000 Uncommon trap: reason=class_check action=maybe_recompile pc=0x0000000002dd5940 method=java.lang.Throwable.<init>(Ljava/lang/String;Ljava/lang/Throwable;)V @ 24
Event: 8653.266 Thread 0x0000000020651000 Uncommon trap: reason=class_check action=maybe_recompile pc=0x0000000002dd5940 method=java.lang.Throwable.<init>(Ljava/lang/String;Ljava/lang/Throwable;)V @ 24
Event: 8653.268 Thread 0x000000001ee2b800 Uncommon trap: reason=class_check action=maybe_recompile pc=0x0000000002dd5940 method=java.lang.Throwable.<init>(Ljava/lang/String;Ljava/lang/Throwable;)V @ 24
Event: 8653.268 Thread 0x000000001ee31800 Uncommon trap: reason=class_check action=maybe_recompile pc=0x0000000002dd5940 method=java.lang.Throwable.<init>(Ljava/lang/String;Ljava/lang/Throwable;)V @ 24
Event: 8653.268 Thread 0x000000001ee30000 Uncommon trap: reason=bimorphic action=maybe_recompile pc=0x000000000583ba54 method=sun.nio.cs.StreamEncoder.writeBytes()V @ 120
Event: 8653.269 Thread 0x000000001ee2b800 Uncommon trap: reason=bimorphic action=maybe_recompile pc=0x000000000583ba54 method=sun.nio.cs.StreamEncoder.writeBytes()V @ 120
Event: 8653.269 Thread 0x000000001ee31800 Uncommon trap: reason=bimorphic action=maybe_recompile pc=0x000000000583ba54 method=sun.nio.cs.StreamEncoder.writeBytes()V @ 120
Event: 8653.269 Thread 0x0000000020651000 Uncommon trap: reason=bimorphic action=maybe_recompile pc=0x000000000583ba54 method=sun.nio.cs.StreamEncoder.writeBytes()V @ 120

Classes redefined (0 events):
No events

Internal exceptions (10 events):
Event: 8653.478 Thread 0x0000000020651000 Exception <a 'sun/nio/fs/WindowsException'> (0x00000000e1812758) thrown at [C:\src\AOSP-openjdk-git\hotspot\src\share\vm\prims\jni.cpp, line 710]
Event: 8653.479 Thread 0x000000001ee2a000 Exception <a 'sun/nio/fs/WindowsException'> (0x00000000e17450e8) thrown at [C:\src\AOSP-openjdk-git\hotspot\src\share\vm\prims\jni.cpp, line 710]
Event: 8653.479 Thread 0x000000001ee30000 Exception <a 'sun/nio/fs/WindowsException'> (0x00000000e18464e8) thrown at [C:\src\AOSP-openjdk-git\hotspot\src\share\vm\prims\jni.cpp, line 710]
Event: 8653.479 Thread 0x000000001ee2c000 Exception <a 'sun/nio/fs/WindowsException'> (0x00000000e17c3a78) thrown at [C:\src\AOSP-openjdk-git\hotspot\src\share\vm\prims\jni.cpp, line 710]
Event: 8653.479 Thread 0x000000001ee2e800 Exception <a 'sun/nio/fs/WindowsException'> (0x00000000e1861de8) thrown at [C:\src\AOSP-openjdk-git\hotspot\src\share\vm\prims\jni.cpp, line 710]
Event: 8653.479 Thread 0x000000001ee30000 Exception <a 'sun/nio/fs/WindowsException'> (0x00000000e1847260) thrown at [C:\src\AOSP-openjdk-git\hotspot\src\share\vm\prims\jni.cpp, line 710]
Event: 8653.480 Thread 0x000000001ee2c000 Exception <a 'sun/nio/fs/WindowsException'> (0x00000000e17c47f0) thrown at [C:\src\AOSP-openjdk-git\hotspot\src\share\vm\prims\jni.cpp, line 710]
Event: 8653.480 Thread 0x000000001ee2e800 Exception <a 'sun/nio/fs/WindowsException'> (0x00000000e1862be0) thrown at [C:\src\AOSP-openjdk-git\hotspot\src\share\vm\prims\jni.cpp, line 710]
Event: 8653.480 Thread 0x000000001b7dc000 Exception <a 'sun/nio/fs/WindowsException'> (0x00000000e1854aa0) thrown at [C:\src\AOSP-openjdk-git\hotspot\src\share\vm\prims\jni.cpp, line 710]
Event: 8653.481 Thread 0x0000000020651000 Exception <a 'sun/nio/fs/WindowsException'> (0x00000000e181c620) thrown at [C:\src\AOSP-openjdk-git\hotspot\src\share\vm\prims\jni.cpp, line 710]

Events (10 events):
Event: 8653.276 loading class com/android/builder/internal/aapt/v2/AaptV2CommandBuilder
Event: 8653.276 loading class com/android/builder/internal/aapt/v2/AaptV2CommandBuilder done
Event: 8653.280 Thread 0x000000001b7d9800 Thread added: 0x000000001b7d9800
Event: 8653.280 Thread 0x000000001b7de000 Thread added: 0x000000001b7de000
Event: 8653.287 loading class com/android/builder/internal/aapt/v2/Aapt2DaemonImpl$WaitForTaskCompletion$Result$Succeeded
Event: 8653.287 loading class com/android/builder/internal/aapt/v2/Aapt2DaemonImpl$WaitForTaskCompletion$Result$Succeeded done
Event: 8653.287 loading class com/android/builder/internal/aapt/v2/Aapt2DaemonImpl$WaitForTaskCompletion$Result
Event: 8653.287 loading class com/android/builder/internal/aapt/v2/Aapt2DaemonImpl$WaitForTaskCompletion$Result done
Event: 8653.349 loading class java/util/concurrent/locks/ReentrantReadWriteLock$Sync$HoldCounter
Event: 8653.350 loading class java/util/concurrent/locks/ReentrantReadWriteLock$Sync$HoldCounter done


Dynamic libraries:
0x00007ff685470000 - 0x00007ff6854a1000 	C:\Program Files\Android\Android Studio\jre\bin\java.exe
0x00007ff8a96f0000 - 0x00007ff8a98e6000 	C:\WINDOWS\SYSTEM32\ntdll.dll
0x00007ff8a9370000 - 0x00007ff8a942d000 	C:\WINDOWS\System32\KERNEL32.DLL
0x00007ff8a6fa0000 - 0x00007ff8a7269000 	C:\WINDOWS\System32\KERNELBASE.dll
0x00007ff8a95d0000 - 0x00007ff8a967c000 	C:\WINDOWS\System32\ADVAPI32.dll
0x00007ff8a7920000 - 0x00007ff8a79be000 	C:\WINDOWS\System32\msvcrt.dll
0x00007ff8a92d0000 - 0x00007ff8a936c000 	C:\WINDOWS\System32\sechost.dll
0x00007ff8a77f0000 - 0x00007ff8a791b000 	C:\WINDOWS\System32\RPCRT4.dll
0x00007ff8a9430000 - 0x00007ff8a95d0000 	C:\WINDOWS\System32\USER32.dll
0x00007ff8a7640000 - 0x00007ff8a7662000 	C:\WINDOWS\System32\win32u.dll
0x00007ff8a8230000 - 0x00007ff8a825a000 	C:\WINDOWS\System32\GDI32.dll
0x00007ff8a74d0000 - 0x00007ff8a75db000 	C:\WINDOWS\System32\gdi32full.dll
0x00007ff8a6e00000 - 0x00007ff8a6e9d000 	C:\WINDOWS\System32\msvcp_win.dll
0x00007ff8a6ea0000 - 0x00007ff8a6fa0000 	C:\WINDOWS\System32\ucrtbase.dll
0x00007ff893730000 - 0x00007ff8939cb000 	C:\WINDOWS\WinSxS\amd64_microsoft.windows.common-controls_6595b64144ccf1df_6.0.19041.746_none_ca02b4b61b8320a4\COMCTL32.dll
0x00007ff8a8180000 - 0x00007ff8a81b0000 	C:\WINDOWS\System32\IMM32.DLL
0x0000000056860000 - 0x0000000056932000 	C:\Program Files\Android\Android Studio\jre\jre\bin\msvcr100.dll
0x0000000056940000 - 0x000000005718b000 	C:\Program Files\Android\Android Studio\jre\jre\bin\server\jvm.dll
0x00007ff8a82d0000 - 0x00007ff8a82d8000 	C:\WINDOWS\System32\PSAPI.DLL
0x00007ff898c70000 - 0x00007ff898c79000 	C:\WINDOWS\SYSTEM32\WSOCK32.dll
0x00007ff8a0090000 - 0x00007ff8a009a000 	C:\WINDOWS\SYSTEM32\VERSION.dll
0x00007ff89ce30000 - 0x00007ff89ce57000 	C:\WINDOWS\SYSTEM32\WINMM.dll
0x00007ff8a8260000 - 0x00007ff8a82cb000 	C:\WINDOWS\System32\WS2_32.dll
0x00007ff8a3d60000 - 0x00007ff8a3d6f000 	C:\Program Files\Android\Android Studio\jre\jre\bin\verify.dll
0x00007ff8a3830000 - 0x00007ff8a3859000 	C:\Program Files\Android\Android Studio\jre\jre\bin\java.dll
0x00007ff8a3560000 - 0x00007ff8a3576000 	C:\Program Files\Android\Android Studio\jre\jre\bin\zip.dll
0x00007ff8a88e0000 - 0x00007ff8a9023000 	C:\WINDOWS\System32\SHELL32.dll
0x00007ff8a4b90000 - 0x00007ff8a531f000 	C:\WINDOWS\SYSTEM32\windows.storage.dll
0x00007ff8a8490000 - 0x00007ff8a87e6000 	C:\WINDOWS\System32\combase.dll
0x00007ff8a6860000 - 0x00007ff8a688c000 	C:\WINDOWS\SYSTEM32\Wldp.dll
0x00007ff8a9220000 - 0x00007ff8a92ce000 	C:\WINDOWS\System32\SHCORE.dll
0x00007ff8a87f0000 - 0x00007ff8a8845000 	C:\WINDOWS\System32\shlwapi.dll
0x00007ff8a6d30000 - 0x00007ff8a6d56000 	C:\WINDOWS\SYSTEM32\profapi.dll
0x00007ff8a2260000 - 0x00007ff8a227a000 	C:\Program Files\Android\Android Studio\jre\jre\bin\net.dll
0x00007ff8a65e0000 - 0x00007ff8a664a000 	C:\WINDOWS\system32\mswsock.dll
0x00007ff8a1060000 - 0x00007ff8a1073000 	C:\Program Files\Android\Android Studio\jre\jre\bin\nio.dll
0x00007ff88fe40000 - 0x00007ff88fe67000 	C:\Users\Arash\.gradle\native\f6784746aeab05261644944871eae4fe03e0ef1612fff0a4a95f87b438bc6780\windows-amd64\native-platform.dll
0x00007ff8a3700000 - 0x00007ff8a370d000 	C:\Program Files\Android\Android Studio\jre\jre\bin\management.dll
0x00007ff8a67b0000 - 0x00007ff8a67c8000 	C:\WINDOWS\SYSTEM32\CRYPTSP.dll
0x00007ff8a5f10000 - 0x00007ff8a5f44000 	C:\WINDOWS\system32\rsaenh.dll
0x00007ff8a76f0000 - 0x00007ff8a7717000 	C:\WINDOWS\System32\bcrypt.dll
0x00007ff8a6cb0000 - 0x00007ff8a6cde000 	C:\WINDOWS\SYSTEM32\USERENV.dll
0x00007ff8a7670000 - 0x00007ff8a76f0000 	C:\WINDOWS\System32\bcryptprimitives.dll
0x00007ff8a67d0000 - 0x00007ff8a67dc000 	C:\WINDOWS\SYSTEM32\CRYPTBASE.dll
0x00007ff8a6280000 - 0x00007ff8a62bb000 	C:\WINDOWS\SYSTEM32\IPHLPAPI.DLL
0x00007ff8a7ff0000 - 0x00007ff8a7ff8000 	C:\WINDOWS\System32\NSI.dll
0x00007ff89ed20000 - 0x00007ff89ed37000 	C:\WINDOWS\SYSTEM32\dhcpcsvc6.DLL
0x00007ff89eea0000 - 0x00007ff89eebd000 	C:\WINDOWS\SYSTEM32\dhcpcsvc.DLL
0x00007ff8a62d0000 - 0x00007ff8a639b000 	C:\WINDOWS\SYSTEM32\DNSAPI.dll
0x00007ff8a22a0000 - 0x00007ff8a22ab000 	C:\WINDOWS\SYSTEM32\WINNSI.DLL
0x00007ff8a3d80000 - 0x00007ff8a3d9e000 	C:\Users\Arash\AppData\Local\Temp\native-platform3367604702408423431dir\native-platform.dll
0x00007ff8a5b40000 - 0x00007ff8a5b73000 	C:\WINDOWS\SYSTEM32\ntmarta.dll

VM Arguments:
jvm_args: -Xmx2048m -Dfile.encoding=windows-1252 -Duser.country=US -Duser.language=en -Duser.variant 
java_command: org.gradle.launcher.daemon.bootstrap.GradleDaemon 6.5
java_class_path (initial): C:\Users\Arash\.gradle\wrapper\dists\gradle-6.5-bin\6nifqtx7604sqp1q6g8wikw7p\gradle-6.5\lib\gradle-launcher-6.5.jar
Launcher Type: SUN_STANDARD

Environment Variables:
PATH=C:\Program Files (x86)\Common Files\Intel\Shared Libraries\redist\intel64\compiler;C:\Program Files (x86)\Common Files\Oracle\Java\javapath;C:\Program Files (x86)\Intel\Intel(R) Management Engine Components\iCLS\;C:\Program Files\Intel\Intel(R) Management Engine Components\iCLS\;C:\Windows\system32;C:\Windows;C:\Windows\System32\Wbem;C:\Windows\System32\WindowsPowerShell\v1.0\;C:\Windows\System32\OpenSSH\;C:\Program Files (x86)\NVIDIA Corporation\PhysX\Common;C:\Program Files (x86)\Intel\Intel(R) Management Engine Components\DAL;C:\Program Files\Intel\Intel(R) Management Engine Components\DAL;C:\Program Files (x86)\Intel\Intel(R) Management Engine Components\IPT;C:\Program Files\Intel\Intel(R) Management Engine Components\IPT;C:\Program Files\NVIDIA Corporation\NVIDIA NvDLISR;C:\Program Files (x86)\Microsoft SQL Server\150\DTS\Binn\;C:\WINDOWS\system32;C:\WINDOWS;C:\WINDOWS\System32\Wbem;C:\WINDOWS\System32\WindowsPowerShell\v1.0\;C:\WINDOWS\System32\OpenSSH\;C:\Program Files\Intel\WiFi\bin\;C:\Program Files\Common Files\Intel\WirelessCommon\;C:\Program Files\nodejs\;C:\Program Files\Git\cmd;C:\Program Files\Java\jdk1.8.0_202\bin;C:\Users\Arash\AppData\Roaming\npm;C:\Program Files\Intel\WiFi\bin\;C:\Program Files\Common Files\Intel\WirelessCommon\;C:\Program Files\heroku\bin
USERNAME=Arash
OS=Windows_NT
PROCESSOR_IDENTIFIER=Intel64 Family 6 Model 142 Stepping 10, GenuineIntel



---------------  S Y S T E M  ---------------

OS: Windows 10.0 , 64 bit Build 19041 (10.0.19041.662)

CPU:total 8 (initial active 8) (4 cores per cpu, 2 threads per core) family 6 model 142 stepping 10, cmov, cx8, fxsr, mmx, sse, sse2, sse3, ssse3, sse4.1, sse4.2, popcnt, avx, avx2, aes, clmul, erms, 3dnowpref, lzcnt, ht, tsc, tscinvbit, bmi1, bmi2, adx

Memory: 4k page, physical 12458928k(554012k free), swap 18602928k(7092k free)

vm_info: OpenJDK 64-Bit Server VM (25.242-b01) for windows-amd64 JRE (1.8.0_242-release-1644-b01), built by "builder" with MS VC++ 10.0 (VS2010)

time: Sun Jan 24 22:17:56 2021
timezone: Iran Standard Time
elapsed time: 8653 seconds (0d 2h 24m 13s)

