#
# There is insufficient memory for the Java Runtime Environment to continue.
# Native memory allocation (malloc) failed to allocate 32744 bytes for ChunkPool::allocate
# Possible reasons:
#   The system is out of physical RAM or swap space
#   The process is running with CompressedOops enabled, and the Java Heap may be blocking the growth of the native heap
# Possible solutions:
#   Reduce memory load on the system
#   Increase physical memory or swap space
#   Check if swap backing store is full
#   Decrease Java heap size (-Xmx/-Xms)
#   Decrease number of Java threads
#   Decrease Java thread stack sizes (-Xss)
#   Set larger code cache with -XX:ReservedCodeCacheSize=
#   JVM is running with Unscaled Compressed Oops mode in which the Java heap is
#     placed in the first 4GB address space. The Java Heap base address is the
#     maximum limit for the native heap growth. Please use -XX:HeapBaseMinAddress
#     to set the Java Heap base and to place the Java Heap above 4GB virtual address.
# This output file may be truncated or incomplete.
#
#  Out of Memory Error (allocation.cpp:272), pid=8984, tid=0x00000000000094ac
#
# JRE version: OpenJDK Runtime Environment (8.0_242-b01) (build 1.8.0_242-release-1644-b01)
# Java VM: OpenJDK 64-Bit Server VM (25.242-b01 mixed mode windows-amd64 compressed oops)
# Failed to write core dump. Minidumps are not enabled by default on client versions of Windows
#

---------------  T H R E A D  ---------------

Current thread (0x0000000019838800):  JavaThread "C2 CompilerThread2" daemon [_thread_in_native, id=38060, stack(0x000000001a300000,0x000000001a400000)]

Stack: [0x000000001a300000,0x000000001a400000]
[error occurred during error reporting (printing stack bounds), id 0xc0000005]

Native frames: (J=compiled Java code, j=interpreted, Vv=VM code, C=native code)


Current CompileTask:
C2: 130037 11311       4       org.gradle.internal.service.DefaultServiceRegistry$OwnServices$ProviderAnalyser::analyseType (114 bytes)


---------------  P R O C E S S  ---------------

Java Threads: ( => current thread )
  0x000000001c7b4800 JavaThread "jar transforms Thread 232" [_thread_blocked, id=27272, stack(0x000000002bd20000,0x000000002be20000)]
  0x000000001c7b6000 JavaThread "jar transforms Thread 231" [_thread_blocked, id=17224, stack(0x000000002bc20000,0x000000002bd20000)]
  0x000000001c7b3800 JavaThread "jar transforms Thread 230" [_thread_blocked, id=31076, stack(0x000000002bb20000,0x000000002bc20000)]
  0x000000001c7ac000 JavaThread "jar transforms Thread 229" [_thread_blocked, id=18652, stack(0x000000002ba20000,0x000000002bb20000)]
  0x000000001c7b0000 JavaThread "jar transforms Thread 228" [_thread_blocked, id=16476, stack(0x000000002b920000,0x000000002ba20000)]
  0x000000001c7b3000 JavaThread "jar transforms Thread 227" [_thread_blocked, id=21748, stack(0x000000002b820000,0x000000002b920000)]
  0x000000001c7af000 JavaThread "jar transforms Thread 226" [_thread_blocked, id=25196, stack(0x000000002b720000,0x000000002b820000)]
  0x000000001c7ae800 JavaThread "jar transforms Thread 225" [_thread_blocked, id=14644, stack(0x000000002b620000,0x000000002b720000)]
  0x000000001c7b2000 JavaThread "jar transforms Thread 224" [_thread_blocked, id=37444, stack(0x000000002b520000,0x000000002b620000)]
  0x000000001c7ab800 JavaThread "jar transforms Thread 223" [_thread_blocked, id=18004, stack(0x000000002b420000,0x000000002b520000)]
  0x000000001c7aa000 JavaThread "jar transforms Thread 222" [_thread_blocked, id=18768, stack(0x000000002b320000,0x000000002b420000)]
  0x000000001c7b0800 JavaThread "jar transforms Thread 221" [_thread_blocked, id=22508, stack(0x000000002b220000,0x000000002b320000)]
  0x000000001c7ad800 JavaThread "jar transforms Thread 220" [_thread_blocked, id=32972, stack(0x000000002b120000,0x000000002b220000)]
  0x000000001c7a8800 JavaThread "jar transforms Thread 219" [_thread_blocked, id=10544, stack(0x000000002b020000,0x000000002b120000)]
  0x000000001c7a7800 JavaThread "jar transforms Thread 218" [_thread_blocked, id=20500, stack(0x000000002af20000,0x000000002b020000)]
  0x000000001c7aa800 JavaThread "jar transforms Thread 217" [_thread_blocked, id=29100, stack(0x000000002ae20000,0x000000002af20000)]
  0x000000001c7a9000 JavaThread "jar transforms Thread 216" [_thread_blocked, id=23428, stack(0x000000002ad20000,0x000000002ae20000)]
  0x000000001c7ad000 JavaThread "jar transforms Thread 215" [_thread_blocked, id=39692, stack(0x000000002ac20000,0x000000002ad20000)]
  0x000000001c7a7000 JavaThread "jar transforms Thread 214" [_thread_blocked, id=29140, stack(0x000000002ab20000,0x000000002ac20000)]
  0x000000001f225000 JavaThread "jar transforms Thread 213" [_thread_blocked, id=17528, stack(0x000000002aa20000,0x000000002ab20000)]
  0x000000001f229000 JavaThread "jar transforms Thread 212" [_thread_blocked, id=25024, stack(0x000000002a920000,0x000000002aa20000)]
  0x000000001f228000 JavaThread "jar transforms Thread 211" [_thread_blocked, id=36800, stack(0x000000002a820000,0x000000002a920000)]
  0x000000001f223800 JavaThread "jar transforms Thread 210" [_thread_blocked, id=1880, stack(0x000000002a720000,0x000000002a820000)]
  0x000000001f224000 JavaThread "jar transforms Thread 209" [_thread_blocked, id=28816, stack(0x000000002a620000,0x000000002a720000)]
  0x000000001f227800 JavaThread "jar transforms Thread 208" [_thread_blocked, id=23500, stack(0x000000002a3d0000,0x000000002a4d0000)]
  0x000000001f226800 JavaThread "jar transforms Thread 207" [_thread_blocked, id=25184, stack(0x000000002a2d0000,0x000000002a3d0000)]
  0x000000001f226000 JavaThread "jar transforms Thread 206" [_thread_blocked, id=30428, stack(0x000000002a1d0000,0x000000002a2d0000)]
  0x000000001f21c000 JavaThread "jar transforms Thread 205" [_thread_blocked, id=36908, stack(0x000000002a0d0000,0x000000002a1d0000)]
  0x000000001f222800 JavaThread "jar transforms Thread 204" [_thread_blocked, id=26548, stack(0x0000000029fd0000,0x000000002a0d0000)]
  0x000000001f21b000 JavaThread "jar transforms Thread 203" [_thread_blocked, id=36016, stack(0x0000000029ed0000,0x0000000029fd0000)]
  0x000000001f222000 JavaThread "jar transforms Thread 202" [_thread_blocked, id=22824, stack(0x0000000029dd0000,0x0000000029ed0000)]
  0x000000001f221000 JavaThread "jar transforms Thread 201" [_thread_blocked, id=7852, stack(0x0000000029cd0000,0x0000000029dd0000)]
  0x000000001f21f800 JavaThread "jar transforms Thread 200" [_thread_blocked, id=31140, stack(0x0000000029bd0000,0x0000000029cd0000)]
  0x000000001f21c800 JavaThread "jar transforms Thread 199" [_thread_blocked, id=34908, stack(0x0000000029ad0000,0x0000000029bd0000)]
  0x000000001f21e000 JavaThread "jar transforms Thread 198" [_thread_blocked, id=17832, stack(0x00000000299d0000,0x0000000029ad0000)]
  0x000000001f21a800 JavaThread "jar transforms Thread 197" [_thread_blocked, id=29932, stack(0x00000000298d0000,0x00000000299d0000)]
  0x000000001f219800 JavaThread "jar transforms Thread 196" [_thread_blocked, id=2728, stack(0x00000000297d0000,0x00000000298d0000)]
  0x000000001f21d800 JavaThread "jar transforms Thread 195" [_thread_blocked, id=16672, stack(0x00000000296d0000,0x00000000297d0000)]
  0x000000001f220800 JavaThread "jar transforms Thread 194" [_thread_blocked, id=34968, stack(0x00000000295d0000,0x00000000296d0000)]
  0x000000001f21f000 JavaThread "jar transforms Thread 193" [_thread_blocked, id=26228, stack(0x00000000294d0000,0x00000000295d0000)]
  0x00000000205f5000 JavaThread "jar transforms Thread 192" [_thread_blocked, id=22668, stack(0x00000000293d0000,0x00000000294d0000)]
  0x00000000205f3800 JavaThread "jar transforms Thread 191" [_thread_blocked, id=27572, stack(0x00000000292d0000,0x00000000293d0000)]
  0x00000000205f2800 JavaThread "jar transforms Thread 190" [_thread_blocked, id=19744, stack(0x00000000291d0000,0x00000000292d0000)]
  0x00000000205f4000 JavaThread "jar transforms Thread 189" [_thread_blocked, id=38196, stack(0x00000000290d0000,0x00000000291d0000)]
  0x00000000205f2000 JavaThread "jar transforms Thread 188" [_thread_blocked, id=25880, stack(0x0000000028fd0000,0x00000000290d0000)]
  0x00000000205f1000 JavaThread "jar transforms Thread 187" [_thread_blocked, id=19704, stack(0x0000000028ed0000,0x0000000028fd0000)]
  0x00000000205f0000 JavaThread "jar transforms Thread 186" [_thread_blocked, id=37228, stack(0x0000000028dd0000,0x0000000028ed0000)]
  0x00000000205ee800 JavaThread "jar transforms Thread 185" [_thread_blocked, id=35228, stack(0x0000000028cd0000,0x0000000028dd0000)]
  0x00000000205ef800 JavaThread "jar transforms Thread 184" [_thread_blocked, id=25224, stack(0x0000000028bd0000,0x0000000028cd0000)]
  0x00000000205e7000 JavaThread "jar transforms Thread 183" [_thread_blocked, id=32320, stack(0x0000000028ad0000,0x0000000028bd0000)]
  0x00000000205ee000 JavaThread "jar transforms Thread 182" [_thread_blocked, id=24396, stack(0x00000000289d0000,0x0000000028ad0000)]
  0x00000000205e8800 JavaThread "jar transforms Thread 181" [_thread_blocked, id=34316, stack(0x00000000288d0000,0x00000000289d0000)]
  0x00000000205ed000 JavaThread "jar transforms Thread 180" [_thread_blocked, id=10520, stack(0x00000000287d0000,0x00000000288d0000)]
  0x00000000205ec800 JavaThread "jar transforms Thread 179" [_thread_blocked, id=21624, stack(0x00000000286d0000,0x00000000287d0000)]
  0x00000000205e6800 JavaThread "jar transforms Thread 178" [_thread_blocked, id=17936, stack(0x00000000285d0000,0x00000000286d0000)]
  0x00000000205eb800 JavaThread "jar transforms Thread 177" [_thread_blocked, id=17648, stack(0x00000000284d0000,0x00000000285d0000)]
  0x00000000205ea000 JavaThread "jar transforms Thread 176" [_thread_blocked, id=3324, stack(0x00000000283d0000,0x00000000284d0000)]
  0x00000000205e9800 JavaThread "jar transforms Thread 175" [_thread_blocked, id=34520, stack(0x00000000282d0000,0x00000000283d0000)]
  0x00000000205e8000 JavaThread "jar transforms Thread 174" [_thread_blocked, id=17824, stack(0x00000000281d0000,0x00000000282d0000)]
  0x00000000205e5800 JavaThread "jar transforms Thread 173" [_thread_blocked, id=25076, stack(0x00000000280d0000,0x00000000281d0000)]
  0x00000000205eb000 JavaThread "jar transforms Thread 172" [_thread_blocked, id=33788, stack(0x0000000027fd0000,0x00000000280d0000)]
  0x000000001adf2000 JavaThread "jar transforms Thread 171" [_thread_blocked, id=22780, stack(0x0000000027ed0000,0x0000000027fd0000)]
  0x000000001adef000 JavaThread "jar transforms Thread 170" [_thread_blocked, id=17316, stack(0x0000000027dd0000,0x0000000027ed0000)]
  0x000000001adf1000 JavaThread "jar transforms Thread 169" [_thread_blocked, id=16976, stack(0x0000000027cd0000,0x0000000027dd0000)]
  0x000000001adf5800 JavaThread "jar transforms Thread 168" [_thread_blocked, id=23360, stack(0x0000000027bd0000,0x0000000027cd0000)]
  0x000000001adf5000 JavaThread "jar transforms Thread 167" [_thread_blocked, id=10620, stack(0x0000000027ad0000,0x0000000027bd0000)]
  0x000000001adf2800 JavaThread "jar transforms Thread 166" [_thread_blocked, id=26844, stack(0x00000000279d0000,0x0000000027ad0000)]
  0x000000001adf0800 JavaThread "jar transforms Thread 165" [_thread_blocked, id=22488, stack(0x00000000278d0000,0x00000000279d0000)]
  0x000000001adf3800 JavaThread "jar transforms Thread 164" [_thread_blocked, id=21968, stack(0x00000000277d0000,0x00000000278d0000)]
  0x000000001aded800 JavaThread "jar transforms Thread 163" [_thread_blocked, id=25360, stack(0x00000000276d0000,0x00000000277d0000)]
  0x000000001adf4000 JavaThread "jar transforms Thread 162" [_thread_blocked, id=16300, stack(0x00000000275d0000,0x00000000276d0000)]
  0x000000001ade9000 JavaThread "jar transforms Thread 161" [_thread_blocked, id=5048, stack(0x00000000274d0000,0x00000000275d0000)]
  0x000000001ade9800 JavaThread "jar transforms Thread 160" [_thread_blocked, id=33744, stack(0x00000000273d0000,0x00000000274d0000)]
  0x000000001adef800 JavaThread "jar transforms Thread 159" [_thread_blocked, id=25356, stack(0x00000000272d0000,0x00000000273d0000)]
  0x000000001adec800 JavaThread "jar transforms Thread 158" [_thread_blocked, id=6544, stack(0x00000000271d0000,0x00000000272d0000)]
  0x000000001adec000 JavaThread "jar transforms Thread 157" [_thread_blocked, id=26304, stack(0x00000000270d0000,0x00000000271d0000)]
  0x000000001adeb000 JavaThread "jar transforms Thread 156" [_thread_blocked, id=20444, stack(0x0000000026fd0000,0x00000000270d0000)]
  0x000000001ade8000 JavaThread "jar transforms Thread 155" [_thread_blocked, id=11044, stack(0x0000000026ed0000,0x0000000026fd0000)]
  0x000000001adea800 JavaThread "jar transforms Thread 154" [_thread_blocked, id=25976, stack(0x0000000026dd0000,0x0000000026ed0000)]
  0x000000001adee000 JavaThread "jar transforms Thread 153" [_thread_blocked, id=18156, stack(0x0000000026cd0000,0x0000000026dd0000)]
  0x000000001ade7800 JavaThread "jar transforms Thread 152" [_thread_blocked, id=38956, stack(0x0000000026bd0000,0x0000000026cd0000)]
  0x000000001ade6800 JavaThread "jar transforms Thread 151" [_thread_blocked, id=31932, stack(0x0000000026ad0000,0x0000000026bd0000)]
  0x000000002032e000 JavaThread "jar transforms Thread 150" [_thread_blocked, id=21016, stack(0x00000000269d0000,0x0000000026ad0000)]
  0x000000002032c800 JavaThread "jar transforms Thread 149" [_thread_blocked, id=30664, stack(0x00000000268d0000,0x00000000269d0000)]
  0x000000002032b800 JavaThread "jar transforms Thread 148" [_thread_blocked, id=14004, stack(0x00000000267d0000,0x00000000268d0000)]
  0x000000002032a000 JavaThread "jar transforms Thread 147" [_thread_blocked, id=27504, stack(0x00000000266d0000,0x00000000267d0000)]
  0x000000002032d000 JavaThread "jar transforms Thread 146" [_thread_blocked, id=23752, stack(0x00000000265d0000,0x00000000266d0000)]
  0x000000002032b000 JavaThread "jar transforms Thread 145" [_thread_blocked, id=8652, stack(0x00000000264d0000,0x00000000265d0000)]
  0x000000002032f800 JavaThread "jar transforms Thread 144" [_thread_blocked, id=25176, stack(0x00000000263d0000,0x00000000264d0000)]
  0x0000000020329800 JavaThread "jar transforms Thread 143" [_thread_blocked, id=20720, stack(0x00000000262d0000,0x00000000263d0000)]
  0x000000002032e800 JavaThread "jar transforms Thread 142" [_thread_blocked, id=24952, stack(0x00000000261d0000,0x00000000262d0000)]
  0x0000000020321800 JavaThread "jar transforms Thread 141" [_thread_blocked, id=9476, stack(0x00000000260d0000,0x00000000261d0000)]
  0x0000000020322800 JavaThread "jar transforms Thread 140" [_thread_blocked, id=3444, stack(0x0000000025fd0000,0x00000000260d0000)]
  0x0000000020324000 JavaThread "jar transforms Thread 139" [_thread_blocked, id=37008, stack(0x0000000025ed0000,0x0000000025fd0000)]
  0x0000000020328800 JavaThread "jar transforms Thread 138" [_thread_blocked, id=18152, stack(0x0000000025dd0000,0x0000000025ed0000)]
  0x0000000020323800 JavaThread "jar transforms Thread 137" [_thread_blocked, id=36476, stack(0x0000000025cd0000,0x0000000025dd0000)]
  0x0000000020325800 JavaThread "jar transforms Thread 136" [_thread_blocked, id=34700, stack(0x0000000025bd0000,0x0000000025cd0000)]
  0x0000000020321000 JavaThread "jar transforms Thread 135" [_thread_blocked, id=21424, stack(0x0000000025ad0000,0x0000000025bd0000)]
  0x0000000020328000 JavaThread "jar transforms Thread 134" [_thread_blocked, id=7816, stack(0x00000000259d0000,0x0000000025ad0000)]
  0x0000000020327000 JavaThread "jar transforms Thread 133" [_thread_blocked, id=25516, stack(0x00000000258d0000,0x00000000259d0000)]
  0x0000000020326800 JavaThread "jar transforms Thread 132" [_thread_blocked, id=8292, stack(0x00000000257d0000,0x00000000258d0000)]
  0x0000000020320000 JavaThread "jar transforms Thread 131" [_thread_blocked, id=16436, stack(0x00000000256d0000,0x00000000257d0000)]
  0x0000000020325000 JavaThread "jar transforms Thread 130" [_thread_blocked, id=38928, stack(0x00000000255d0000,0x00000000256d0000)]
  0x000000001c4f0800 JavaThread "jar transforms Thread 129" [_thread_blocked, id=1688, stack(0x00000000254d0000,0x00000000255d0000)]
  0x000000001c4f0000 JavaThread "jar transforms Thread 128" [_thread_blocked, id=10832, stack(0x00000000253d0000,0x00000000254d0000)]
  0x000000001c4f5000 JavaThread "jar transforms Thread 127" [_thread_blocked, id=26152, stack(0x00000000252d0000,0x00000000253d0000)]
  0x000000001c4f4800 JavaThread "jar transforms Thread 126" [_thread_blocked, id=23724, stack(0x00000000251d0000,0x00000000252d0000)]
  0x000000001c73f800 JavaThread "jar transforms Thread 125" [_thread_blocked, id=24768, stack(0x00000000250d0000,0x00000000251d0000)]
  0x000000001c741800 JavaThread "jar transforms Thread 124" [_thread_blocked, id=35048, stack(0x0000000024fd0000,0x00000000250d0000)]
  0x000000001c744000 JavaThread "jar transforms Thread 123" [_thread_blocked, id=2300, stack(0x0000000024ed0000,0x0000000024fd0000)]
  0x000000001c746000 JavaThread "jar transforms Thread 122" [_thread_blocked, id=20140, stack(0x0000000024dd0000,0x0000000024ed0000)]
  0x000000001c73a000 JavaThread "jar transforms Thread 121" [_thread_blocked, id=35892, stack(0x0000000024cd0000,0x0000000024dd0000)]
  0x000000001c73e800 JavaThread "jar transforms Thread 120" [_thread_blocked, id=11304, stack(0x0000000024bd0000,0x0000000024cd0000)]
  0x000000001c73b800 JavaThread "jar transforms Thread 119" [_thread_blocked, id=32196, stack(0x0000000024ad0000,0x0000000024bd0000)]
  0x000000001c73b000 JavaThread "jar transforms Thread 118" [_thread_blocked, id=16032, stack(0x00000000249d0000,0x0000000024ad0000)]
  0x000000001c738000 JavaThread "jar transforms Thread 117" [_thread_blocked, id=26708, stack(0x00000000248d0000,0x00000000249d0000)]
  0x000000001c73c800 JavaThread "Build operations Thread 8" [_thread_blocked, id=25444, stack(0x00000000247d0000,0x00000000248d0000)]
  0x000000001c739800 JavaThread "Build operations Thread 7" [_thread_blocked, id=39172, stack(0x00000000246d0000,0x00000000247d0000)]
  0x000000001c73e000 JavaThread "Build operations Thread 6" [_thread_blocked, id=33028, stack(0x00000000245d0000,0x00000000246d0000)]
  0x000000001c6f0800 JavaThread "Build operations Thread 5" [_thread_blocked, id=33868, stack(0x00000000244d0000,0x00000000245d0000)]
  0x000000001c6f6000 JavaThread "Build operations Thread 4" [_thread_blocked, id=28096, stack(0x00000000243d0000,0x00000000244d0000)]
  0x000000001c6f7800 JavaThread "Build operations Thread 3" [_thread_blocked, id=16808, stack(0x00000000242d0000,0x00000000243d0000)]
  0x000000001c6f5000 JavaThread "Build operations Thread 2" [_thread_blocked, id=11436, stack(0x0000000022b00000,0x0000000022c00000)]
  0x000000001c6f4800 JavaThread "Build operations" [_thread_blocked, id=28116, stack(0x0000000021250000,0x0000000021350000)]
  0x000000001c6f6800 JavaThread "Cache worker for cache directory md-rule (C:\Users\Arash\.gradle\caches\6.5\md-rule)" [_thread_blocked, id=27644, stack(0x0000000020ed0000,0x0000000020fd0000)]
  0x000000001c6ed000 JavaThread "Cache worker for cache directory md-supplier (C:\Users\Arash\.gradle\caches\6.5\md-supplier)" [_thread_blocked, id=29768, stack(0x0000000020dd0000,0x0000000020ed0000)]
  0x000000001c6f3800 JavaThread "Cache worker for checksums cache (C:\Users\Arash\AndroidStudioProjects\NearRoom\.gradle\checksums)" [_thread_blocked, id=29156, stack(0x000000001faf0000,0x000000001fbf0000)]
  0x000000001c6f1800 JavaThread "Cache worker for file hash cache (C:\Users\Arash\AndroidStudioProjects\NearRoom\.gradle\6.5\fileHashes)" [_thread_blocked, id=34980, stack(0x000000001e320000,0x000000001e420000)]
  0x000000001c6ec000 JavaThread "Thread-185" [_thread_blocked, id=38876, stack(0x000000001e220000,0x000000001e320000)]
  0x000000001c6ed800 JavaThread "Stdin handler" [_thread_blocked, id=27472, stack(0x000000001e120000,0x000000001e220000)]
  0x000000001c6f2000 JavaThread "Asynchronous log dispatcher for DefaultDaemonConnection: socket connection from /127.0.0.1:57233 to /127.0.0.1:57414" [_thread_blocked, id=31912, stack(0x000000001e020000,0x000000001e120000)]
  0x000000001c6f0000 JavaThread "Daemon worker Thread 2" [_thread_in_native, id=25884, stack(0x000000001dc20000,0x000000001dd20000)]
  0x000000001c6ea000 JavaThread "Cancel handler" [_thread_blocked, id=31900, stack(0x0000000000cf0000,0x0000000000df0000)]
  0x000000001c6ef000 JavaThread "Handler for socket connection from /127.0.0.1:57233 to /127.0.0.1:57414" [_thread_in_native, id=34108, stack(0x0000000000bf0000,0x0000000000cf0000)]
  0x000000001c6eb800 JavaThread "Daemon Thread 2" [_thread_blocked, id=18568, stack(0x0000000000af0000,0x0000000000bf0000)]
  0x000000001c737000 JavaThread "Memory manager" [_thread_blocked, id=25704, stack(0x000000002c9d0000,0x000000002cad0000)]
  0x000000001c4f1800 JavaThread "Cache worker for file content cache (C:\Users\Arash\.gradle\caches\6.5\fileContent)" [_thread_blocked, id=25724, stack(0x0000000022c00000,0x0000000022d00000)]
  0x000000001c4f6000 JavaThread "Cache worker for execution history cache (C:\Users\Arash\.gradle\caches\6.5\executionHistory)" [_thread_blocked, id=37648, stack(0x0000000022400000,0x0000000022500000)]
  0x000000001c4f2000 JavaThread "Cache worker for file hash cache (C:\Users\Arash\.gradle\caches\6.5\fileHashes)" [_thread_blocked, id=3488, stack(0x000000001e820000,0x000000001e920000)]
  0x000000001c4f6800 JavaThread "File lock request listener" [_thread_in_native, id=224, stack(0x000000001e720000,0x000000001e820000)]
  0x000000001a82f000 JavaThread "Cache worker for journal cache (C:\Users\Arash\.gradle\caches\journal-1)" [_thread_blocked, id=36660, stack(0x000000001e620000,0x000000001e720000)]
  0x000000001c2ce800 JavaThread "Daemon periodic checks" [_thread_blocked, id=33552, stack(0x000000001d920000,0x000000001da20000)]
  0x000000001c2cc800 JavaThread "Incoming local TCP Connector on port 57233" [_thread_in_native, id=20772, stack(0x000000001d6e0000,0x000000001d7e0000)]
  0x000000001be67000 JavaThread "Daemon health stats" [_thread_blocked, id=32160, stack(0x000000001d0a0000,0x000000001d1a0000)]
  0x00000000198d1800 JavaThread "Service Thread" daemon [_thread_blocked, id=26772, stack(0x000000001a500000,0x000000001a600000)]
  0x000000001983c800 JavaThread "C1 CompilerThread3" daemon [_thread_blocked, id=32372, stack(0x000000001a400000,0x000000001a500000)]
=>0x0000000019838800 JavaThread "C2 CompilerThread2" daemon [_thread_in_native, id=38060, stack(0x000000001a300000,0x000000001a400000)]
  0x0000000019835000 JavaThread "C2 CompilerThread1" daemon [_thread_in_native, id=38696, stack(0x000000001a200000,0x000000001a300000)]
  0x0000000019832000 JavaThread "C2 CompilerThread0" daemon [_thread_in_native, id=33584, stack(0x000000001a100000,0x000000001a200000)]
  0x000000001982f800 JavaThread "Attach Listener" daemon [_thread_blocked, id=24792, stack(0x000000001a000000,0x000000001a100000)]
  0x0000000017a2e800 JavaThread "Signal Dispatcher" daemon [_thread_blocked, id=21432, stack(0x0000000019f00000,0x000000001a000000)]
  0x0000000019820800 JavaThread "Finalizer" daemon [_thread_blocked, id=32656, stack(0x0000000019d00000,0x0000000019e00000)]
  0x00000000028c7000 JavaThread "Reference Handler" daemon [_thread_blocked, id=21780, stack(0x0000000019c00000,0x0000000019d00000)]
  0x00000000029ae000 JavaThread "main" [_thread_blocked, id=11272, stack(0x00000000026a0000,0x00000000027a0000)]

Other Threads:
  0x0000000017a16800 VMThread [stack: 0x0000000019700000,0x0000000019800000] [id=24228]
  0x00000000198d2000 WatcherThread [stack: 0x000000001a600000,0x000000001a700000] [id=1992]

VM state:not at safepoint (normal execution)

VM Mutex/Monitor currently owned by a thread: None

heap address: 0x0000000080000000, size: 2048 MB, Compressed Oops mode: 32-bit
Narrow klass base: 0x0000000000000000, Narrow klass shift: 3
Compressed class space size: 1073741824 Address: 0x0000000100000000

Heap:
 PSYoungGen      total 291328K, used 190516K [0x00000000d5580000, 0x00000000ec280000, 0x0000000100000000)
  eden space 259584K, 61% used [0x00000000d5580000,0x00000000df093f30,0x00000000e5300000)
  from space 31744K, 99% used [0x00000000e5300000,0x00000000e71f92b0,0x00000000e7200000)
  to   space 36352K, 0% used [0x00000000e9f00000,0x00000000e9f00000,0x00000000ec280000)
 ParOldGen       total 166400K, used 48851K [0x0000000080000000, 0x000000008a280000, 0x00000000d5580000)
  object space 166400K, 29% used [0x0000000080000000,0x0000000082fb4c28,0x000000008a280000)
 Metaspace       used 76161K, capacity 80090K, committed 80280K, reserved 1118208K
  class space    used 10126K, capacity 10843K, committed 10928K, reserved 1048576K

Card table byte_map: [0x0000000011d70000,0x0000000012180000] byte_map_base: 0x0000000011970000

Marking Bits: (ParMarkBitMap*) 0x000000005869f030
 Begin Bits: [0x0000000012c30000, 0x0000000014c30000)
 End Bits:   [0x0000000014c30000, 0x0000000016c30000)

Polling page: 0x00000000027b0000

CodeCache: size=245760Kb used=31472Kb max_used=31472Kb free=214287Kb
 bounds [0x00000000029b0000, 0x00000000048a0000, 0x00000000119b0000]
 total_blobs=10633 nmethods=9824 adapters=721
 compilation: enabled

Compilation events (10 events):
Event: 130.018 Thread 0x000000001983c800 nmethod 11450 0x0000000004877dd0 code [0x0000000004877f80, 0x00000000048785a8]
Event: 130.018 Thread 0x000000001983c800 11451       3       org.gradle.internal.concurrent.ThreadFactoryImpl::newThread (74 bytes)
Event: 130.019 Thread 0x000000001983c800 nmethod 11451 0x000000000487fdd0 code [0x0000000004880000, 0x0000000004880d28]
Event: 130.019 Thread 0x000000001983c800 11453   !   3       java.util.concurrent.ThreadPoolExecutor::addWorker (292 bytes)
Event: 130.022 Thread 0x000000001983c800 nmethod 11453 0x0000000004882810 code [0x0000000004882b20, 0x00000000048848a8]
Event: 130.022 Thread 0x0000000019835000 nmethod 11419 0x0000000004887890 code [0x0000000004887a20, 0x0000000004888258]
Event: 130.022 Thread 0x0000000019835000 11452       4       java.lang.String::split (326 bytes)
Event: 130.031 Thread 0x000000001983c800 11456       3       org.gradle.internal.classpath.DefaultCachedClasspathTransformer$$Lambda$122/1836522711::get$Lambda (9 bytes)
Event: 130.032 Thread 0x000000001983c800 nmethod 11456 0x0000000004877910 code [0x0000000004877a80, 0x0000000004877cd0]
Event: 130.032 Thread 0x000000001983c800 11460       3       java.util.concurrent.SynchronousQueue::poll (38 bytes)

GC Heap History (10 events):
Event: 6.297 GC heap before
{Heap before GC invocations=14 (full 3):
 PSYoungGen      total 206336K, used 18935K [0x00000000d5580000, 0x00000000e6300000, 0x0000000100000000)
  eden space 187392K, 0% used [0x00000000d5580000,0x00000000d5580000,0x00000000e0c80000)
  from space 18944K, 99% used [0x00000000e0c80000,0x00000000e1efdc38,0x00000000e1f00000)
  to   space 21504K, 0% used [0x00000000e4e00000,0x00000000e4e00000,0x00000000e6300000)
 ParOldGen       total 107520K, used 26570K [0x0000000080000000, 0x0000000086900000, 0x00000000d5580000)
  object space 107520K, 24% used [0x0000000080000000,0x00000000819f2970,0x0000000086900000)
 Metaspace       used 56864K, capacity 59070K, committed 59160K, reserved 1099776K
  class space    used 7711K, capacity 8192K, committed 8240K, reserved 1048576K
Event: 6.491 GC heap after
Heap after GC invocations=14 (full 3):
 PSYoungGen      total 206336K, used 0K [0x00000000d5580000, 0x00000000e6300000, 0x0000000100000000)
  eden space 187392K, 0% used [0x00000000d5580000,0x00000000d5580000,0x00000000e0c80000)
  from space 18944K, 0% used [0x00000000e0c80000,0x00000000e0c80000,0x00000000e1f00000)
  to   space 21504K, 0% used [0x00000000e4e00000,0x00000000e4e00000,0x00000000e6300000)
 ParOldGen       total 166400K, used 34750K [0x0000000080000000, 0x000000008a280000, 0x00000000d5580000)
  object space 166400K, 20% used [0x0000000080000000,0x00000000821efac0,0x000000008a280000)
 Metaspace       used 56825K, capacity 58938K, committed 59160K, reserved 1099776K
  class space    used 7699K, capacity 8170K, committed 8240K, reserved 1048576K
}
Event: 8.002 GC heap before
{Heap before GC invocations=15 (full 3):
 PSYoungGen      total 206336K, used 187392K [0x00000000d5580000, 0x00000000e6300000, 0x0000000100000000)
  eden space 187392K, 100% used [0x00000000d5580000,0x00000000e0c80000,0x00000000e0c80000)
  from space 18944K, 0% used [0x00000000e0c80000,0x00000000e0c80000,0x00000000e1f00000)
  to   space 21504K, 0% used [0x00000000e4e00000,0x00000000e4e00000,0x00000000e6300000)
 ParOldGen       total 166400K, used 34750K [0x0000000080000000, 0x000000008a280000, 0x00000000d5580000)
  object space 166400K, 20% used [0x0000000080000000,0x00000000821efac0,0x000000008a280000)
 Metaspace       used 66508K, capacity 70070K, committed 70424K, reserved 1110016K
  class space    used 9219K, capacity 9911K, committed 10032K, reserved 1048576K
Event: 8.019 GC heap after
Heap after GC invocations=15 (full 3):
 PSYoungGen      total 241152K, used 18939K [0x00000000d5580000, 0x00000000e6080000, 0x0000000100000000)
  eden space 222208K, 0% used [0x00000000d5580000,0x00000000d5580000,0x00000000e2e80000)
  from space 18944K, 99% used [0x00000000e4e00000,0x00000000e607ec18,0x00000000e6080000)
  to   space 23552K, 0% used [0x00000000e3280000,0x00000000e3280000,0x00000000e4980000)
 ParOldGen       total 166400K, used 34758K [0x0000000080000000, 0x000000008a280000, 0x00000000d5580000)
  object space 166400K, 20% used [0x0000000080000000,0x00000000821f1ac0,0x000000008a280000)
 Metaspace       used 66508K, capacity 70070K, committed 70424K, reserved 1110016K
  class space    used 9219K, capacity 9911K, committed 10032K, reserved 1048576K
}
Event: 9.018 GC heap before
{Heap before GC invocations=16 (full 3):
 PSYoungGen      total 241152K, used 241147K [0x00000000d5580000, 0x00000000e6080000, 0x0000000100000000)
  eden space 222208K, 100% used [0x00000000d5580000,0x00000000e2e80000,0x00000000e2e80000)
  from space 18944K, 99% used [0x00000000e4e00000,0x00000000e607ec18,0x00000000e6080000)
  to   space 23552K, 0% used [0x00000000e3280000,0x00000000e3280000,0x00000000e4980000)
 ParOldGen       total 166400K, used 34758K [0x0000000080000000, 0x000000008a280000, 0x00000000d5580000)
  object space 166400K, 20% used [0x0000000080000000,0x00000000821f1ac0,0x000000008a280000)
 Metaspace       used 67661K, capacity 71386K, committed 71448K, reserved 1110016K
  class space    used 9293K, capacity 10029K, committed 10032K, reserved 1048576K
Event: 9.044 GC heap after
Heap after GC invocations=16 (full 3):
 PSYoungGen      total 249856K, used 23535K [0x00000000d5580000, 0x00000000e8d00000, 0x0000000100000000)
  eden space 226304K, 0% used [0x00000000d5580000,0x00000000d5580000,0x00000000e3280000)
  from space 23552K, 99% used [0x00000000e3280000,0x00000000e497bfb0,0x00000000e4980000)
  to   space 27648K, 0% used [0x00000000e7200000,0x00000000e7200000,0x00000000e8d00000)
 ParOldGen       total 166400K, used 36923K [0x0000000080000000, 0x000000008a280000, 0x00000000d5580000)
  object space 166400K, 22% used [0x0000000080000000,0x000000008240ee80,0x000000008a280000)
 Metaspace       used 67661K, capacity 71386K, committed 71448K, reserved 1110016K
  class space    used 9293K, capacity 10029K, committed 10032K, reserved 1048576K
}
Event: 9.951 GC heap before
{Heap before GC invocations=17 (full 3):
 PSYoungGen      total 249856K, used 249839K [0x00000000d5580000, 0x00000000e8d00000, 0x0000000100000000)
  eden space 226304K, 100% used [0x00000000d5580000,0x00000000e3280000,0x00000000e3280000)
  from space 23552K, 99% used [0x00000000e3280000,0x00000000e497bfb0,0x00000000e4980000)
  to   space 27648K, 0% used [0x00000000e7200000,0x00000000e7200000,0x00000000e8d00000)
 ParOldGen       total 166400K, used 36923K [0x0000000080000000, 0x000000008a280000, 0x00000000d5580000)
  object space 166400K, 22% used [0x0000000080000000,0x000000008240ee80,0x000000008a280000)
 Metaspace       used 72049K, capacity 75766K, committed 75928K, reserved 1114112K
  class space    used 9861K, capacity 10567K, committed 10672K, reserved 1048576K
Event: 9.980 GC heap after
Heap after GC invocations=17 (full 3):
 PSYoungGen      total 287232K, used 27561K [0x00000000d5580000, 0x00000000e9b80000, 0x0000000100000000)
  eden space 259584K, 0% used [0x00000000d5580000,0x00000000d5580000,0x00000000e5300000)
  from space 27648K, 99% used [0x00000000e7200000,0x00000000e8cea740,0x00000000e8d00000)
  to   space 31744K, 0% used [0x00000000e5300000,0x00000000e5300000,0x00000000e7200000)
 ParOldGen       total 166400K, used 48533K [0x0000000080000000, 0x000000008a280000, 0x00000000d5580000)
  object space 166400K, 29% used [0x0000000080000000,0x0000000082f65670,0x000000008a280000)
 Metaspace       used 72049K, capacity 75766K, committed 75928K, reserved 1114112K
  class space    used 9861K, capacity 10567K, committed 10672K, reserved 1048576K
}
Event: 25.553 GC heap before
{Heap before GC invocations=18 (full 3):
 PSYoungGen      total 287232K, used 287145K [0x00000000d5580000, 0x00000000e9b80000, 0x0000000100000000)
  eden space 259584K, 100% used [0x00000000d5580000,0x00000000e5300000,0x00000000e5300000)
  from space 27648K, 99% used [0x00000000e7200000,0x00000000e8cea740,0x00000000e8d00000)
  to   space 31744K, 0% used [0x00000000e5300000,0x00000000e5300000,0x00000000e7200000)
 ParOldGen       total 166400K, used 48533K [0x0000000080000000, 0x000000008a280000, 0x00000000d5580000)
  object space 166400K, 29% used [0x0000000080000000,0x0000000082f65670,0x000000008a280000)
 Metaspace       used 75915K, capacity 79824K, committed 80024K, reserved 1118208K
  class space    used 10119K, capacity 10832K, committed 10928K, reserved 1048576K
Event: 25.574 GC heap after
Heap after GC invocations=18 (full 3):
 PSYoungGen      total 291328K, used 31716K [0x00000000d5580000, 0x00000000ec280000, 0x0000000100000000)
  eden space 259584K, 0% used [0x00000000d5580000,0x00000000d5580000,0x00000000e5300000)
  from space 31744K, 99% used [0x00000000e5300000,0x00000000e71f92b0,0x00000000e7200000)
  to   space 36352K, 0% used [0x00000000e9f00000,0x00000000e9f00000,0x00000000ec280000)
 ParOldGen       total 166400K, used 48851K [0x0000000080000000, 0x000000008a280000, 0x00000000d5580000)
  object space 166400K, 29% used [0x0000000080000000,0x0000000082fb4c28,0x000000008a280000)
 Metaspace       used 75915K, capacity 79824K, committed 80024K, reserved 1118208K
  class space    used 10119K, capacity 10832K, committed 10928K, reserved 1048576K
}

Deoptimization events (10 events):
Event: 31.992 Thread 0x000000001c2ce800 Uncommon trap: reason=speculate_class_check action=maybe_recompile pc=0x00000000035d3258 method=java.util.AbstractList.listIterator()Ljava/util/ListIterator; @ 2
Event: 41.991 Thread 0x000000001c2ce800 Uncommon trap: reason=speculate_class_check action=maybe_recompile pc=0x00000000035d3258 method=java.util.AbstractList.listIterator()Ljava/util/ListIterator; @ 2
Event: 61.981 Thread 0x000000001c2ce800 Uncommon trap: reason=bimorphic action=maybe_recompile pc=0x00000000045c89ac method=java.util.HashMap.removeNode(ILjava/lang/Object;Ljava/lang/Object;ZZ)Ljava/util/HashMap$Node; @ 283
Event: 61.981 Thread 0x000000001c2ce800 Uncommon trap: reason=bimorphic action=maybe_recompile pc=0x00000000045c89ac method=java.util.HashMap.removeNode(ILjava/lang/Object;Ljava/lang/Object;ZZ)Ljava/util/HashMap$Node; @ 283
Event: 71.987 Thread 0x000000001c2ce800 Uncommon trap: reason=bimorphic action=maybe_recompile pc=0x00000000045c89ac method=java.util.HashMap.removeNode(ILjava/lang/Object;Ljava/lang/Object;ZZ)Ljava/util/HashMap$Node; @ 283
Event: 91.983 Thread 0x000000001c2ce800 Uncommon trap: reason=bimorphic action=maybe_recompile pc=0x00000000045c89ac method=java.util.HashMap.removeNode(ILjava/lang/Object;Ljava/lang/Object;ZZ)Ljava/util/HashMap$Node; @ 283
Event: 91.983 Thread 0x000000001c2ce800 Uncommon trap: reason=bimorphic action=maybe_recompile pc=0x00000000045cb5f8 method=java.util.HashMap.removeNode(ILjava/lang/Object;Ljava/lang/Object;ZZ)Ljava/util/HashMap$Node; @ 283
Event: 129.872 Thread 0x000000001c6f0000 Uncommon trap: reason=unstable_if action=reinterpret pc=0x0000000004404ef8 method=org.gradle.internal.operations.DefaultBuildOperationExecutor.maybeStartUnmanagedThreadOperation(Lorg/gradle/internal/operations/DefaultBuildOperationExecutor$BuildOperationS
Event: 130.002 Thread 0x000000001c6f0000 Uncommon trap: reason=class_check action=maybe_recompile pc=0x00000000041442b4 method=org.gradle.internal.snapshot.SnapshotHierarchy.getSnapshot(Ljava/lang/String;)Ljava/util/Optional; @ 2
Event: 130.002 Thread 0x000000001c6f0000 Uncommon trap: reason=class_check action=maybe_recompile pc=0x00000000041442b4 method=org.gradle.internal.snapshot.SnapshotHierarchy.getSnapshot(Ljava/lang/String;)Ljava/util/Optional; @ 2

Classes redefined (0 events):
No events

Internal exceptions (10 events):
Event: 25.671 Thread 0x000000001c4f5000 Exception <a 'sun/nio/fs/WindowsException'> (0x00000000d72709f8) thrown at [C:\src\AOSP-openjdk-git\hotspot\src\share\vm\prims\jni.cpp, line 710]
Event: 25.671 Thread 0x000000001c4f5000 Exception <a 'sun/nio/fs/WindowsException'> (0x00000000d72716e8) thrown at [C:\src\AOSP-openjdk-git\hotspot\src\share\vm\prims\jni.cpp, line 710]
Event: 25.671 Thread 0x000000001c4f5000 Exception <a 'sun/nio/fs/WindowsException'> (0x00000000d72734f8) thrown at [C:\src\AOSP-openjdk-git\hotspot\src\share\vm\prims\jni.cpp, line 710]
Event: 25.671 Thread 0x000000001c4f5000 Exception <a 'sun/nio/fs/WindowsException'> (0x00000000d72741f8) thrown at [C:\src\AOSP-openjdk-git\hotspot\src\share\vm\prims\jni.cpp, line 710]
Event: 25.671 Thread 0x000000001c4f5000 Exception <a 'sun/nio/fs/WindowsException'> (0x00000000d7275fe8) thrown at [C:\src\AOSP-openjdk-git\hotspot\src\share\vm\prims\jni.cpp, line 710]
Event: 25.672 Thread 0x000000001c4f5000 Exception <a 'sun/nio/fs/WindowsException'> (0x00000000d7276ce8) thrown at [C:\src\AOSP-openjdk-git\hotspot\src\share\vm\prims\jni.cpp, line 710]
Event: 25.786 Thread 0x000000001c4f5000 Exception <a 'sun/nio/fs/WindowsException'> (0x00000000d9110420) thrown at [C:\src\AOSP-openjdk-git\hotspot\src\share\vm\prims\jni.cpp, line 710]
Event: 25.786 Thread 0x000000001c4f5000 Exception <a 'sun/nio/fs/WindowsException'> (0x00000000d9111140) thrown at [C:\src\AOSP-openjdk-git\hotspot\src\share\vm\prims\jni.cpp, line 710]
Event: 25.956 Thread 0x000000001c6ea000 Implicit null exception at 0x00000000041b07cd to 0x00000000041b1091
Event: 129.872 Thread 0x000000001c6f0000 Implicit null exception at 0x0000000004404d0d to 0x0000000004404edd

Events (10 events):
Event: 130.029 Thread 0x000000001c7ab800 Thread added: 0x000000001c7ab800
Event: 130.029 Thread 0x000000001c7b2000 Thread added: 0x000000001c7b2000
Event: 130.029 Thread 0x000000001c7ae800 Thread added: 0x000000001c7ae800
Event: 130.029 Thread 0x000000001c7af000 Thread added: 0x000000001c7af000
Event: 130.030 Thread 0x000000001c7b3000 Thread added: 0x000000001c7b3000
Event: 130.030 Thread 0x000000001c7b0000 Thread added: 0x000000001c7b0000
Event: 130.030 Thread 0x000000001c7ac000 Thread added: 0x000000001c7ac000
Event: 130.030 Thread 0x000000001c7b3800 Thread added: 0x000000001c7b3800
Event: 130.031 Thread 0x000000001c7b6000 Thread added: 0x000000001c7b6000
Event: 130.031 Thread 0x000000001c7b4800 Thread added: 0x000000001c7b4800


Dynamic libraries:
0x00007ff7de450000 - 0x00007ff7de481000 	C:\Program Files\Android\Android Studio\jre\bin\java.exe
0x00007ff8f1870000 - 0x00007ff8f1a66000 	C:\WINDOWS\SYSTEM32\ntdll.dll
0x00007ff8efff0000 - 0x00007ff8f00ad000 	C:\WINDOWS\System32\KERNEL32.DLL
0x00007ff8eef80000 - 0x00007ff8ef249000 	C:\WINDOWS\System32\KERNELBASE.dll
0x00007ff8f0850000 - 0x00007ff8f08fc000 	C:\WINDOWS\System32\ADVAPI32.dll
0x00007ff8f02b0000 - 0x00007ff8f034e000 	C:\WINDOWS\System32\msvcrt.dll
0x00007ff8eff30000 - 0x00007ff8effcc000 	C:\WINDOWS\System32\sechost.dll
0x00007ff8f00b0000 - 0x00007ff8f01db000 	C:\WINDOWS\System32\RPCRT4.dll
0x00007ff8f0350000 - 0x00007ff8f04f0000 	C:\WINDOWS\System32\USER32.dll
0x00007ff8ef250000 - 0x00007ff8ef272000 	C:\WINDOWS\System32\win32u.dll
0x00007ff8f0610000 - 0x00007ff8f063a000 	C:\WINDOWS\System32\GDI32.dll
0x00007ff8ef4e0000 - 0x00007ff8ef5e9000 	C:\WINDOWS\System32\gdi32full.dll
0x00007ff8ef5f0000 - 0x00007ff8ef68d000 	C:\WINDOWS\System32\msvcp_win.dll
0x00007ff8ef690000 - 0x00007ff8ef790000 	C:\WINDOWS\System32\ucrtbase.dll
0x00007ff8ee3a0000 - 0x00007ff8ee63b000 	C:\WINDOWS\WinSxS\amd64_microsoft.windows.common-controls_6595b64144ccf1df_6.0.19041.488_none_ca04af081b815d21\COMCTL32.dll
0x00007ff8f1700000 - 0x00007ff8f1730000 	C:\WINDOWS\System32\IMM32.DLL
0x0000000059b60000 - 0x0000000059c32000 	C:\Program Files\Android\Android Studio\jre\jre\bin\msvcr100.dll
0x0000000057ed0000 - 0x000000005871b000 	C:\Program Files\Android\Android Studio\jre\jre\bin\server\jvm.dll
0x00007ff8eff20000 - 0x00007ff8eff28000 	C:\WINDOWS\System32\PSAPI.DLL
0x00007ff8e1980000 - 0x00007ff8e1989000 	C:\WINDOWS\SYSTEM32\WSOCK32.dll
0x00007ff8e40b0000 - 0x00007ff8e40d7000 	C:\WINDOWS\SYSTEM32\WINMM.dll
0x00007ff8e8170000 - 0x00007ff8e817a000 	C:\WINDOWS\SYSTEM32\VERSION.dll
0x00007ff8f04f0000 - 0x00007ff8f055b000 	C:\WINDOWS\System32\WS2_32.dll
0x00007ff8c3250000 - 0x00007ff8c325f000 	C:\Program Files\Android\Android Studio\jre\jre\bin\verify.dll
0x00007ff8931e0000 - 0x00007ff893209000 	C:\Program Files\Android\Android Studio\jre\jre\bin\java.dll
0x00007ff8ba160000 - 0x00007ff8ba176000 	C:\Program Files\Android\Android Studio\jre\jre\bin\zip.dll
0x00007ff8f0fb0000 - 0x00007ff8f16f2000 	C:\WINDOWS\System32\SHELL32.dll
0x00007ff8ec8a0000 - 0x00007ff8ed035000 	C:\WINDOWS\SYSTEM32\windows.storage.dll
0x00007ff8f0c50000 - 0x00007ff8f0fa6000 	C:\WINDOWS\System32\combase.dll
0x00007ff8ee300000 - 0x00007ff8ee32c000 	C:\WINDOWS\SYSTEM32\Wldp.dll
0x00007ff8f0560000 - 0x00007ff8f060e000 	C:\WINDOWS\System32\SHCORE.dll
0x00007ff8f0640000 - 0x00007ff8f0695000 	C:\WINDOWS\System32\shlwapi.dll
0x00007ff8eeeb0000 - 0x00007ff8eeed6000 	C:\WINDOWS\SYSTEM32\profapi.dll
0x00007ff893110000 - 0x00007ff89312a000 	C:\Program Files\Android\Android Studio\jre\jre\bin\net.dll
0x00007ff8ee1e0000 - 0x00007ff8ee24a000 	C:\WINDOWS\system32\mswsock.dll
0x00007ff8930f0000 - 0x00007ff893103000 	C:\Program Files\Android\Android Studio\jre\jre\bin\nio.dll
0x00007ff8cb010000 - 0x00007ff8cb037000 	C:\Users\Arash\.gradle\native\f6784746aeab05261644944871eae4fe03e0ef1612fff0a4a95f87b438bc6780\windows-amd64\native-platform.dll
0x00007ff8b7690000 - 0x00007ff8b769d000 	C:\Program Files\Android\Android Studio\jre\jre\bin\management.dll
0x00007ff8eed10000 - 0x00007ff8eed28000 	C:\WINDOWS\SYSTEM32\CRYPTSP.dll
0x00007ff8eda30000 - 0x00007ff8eda64000 	C:\WINDOWS\system32\rsaenh.dll
0x00007ff8ef430000 - 0x00007ff8ef457000 	C:\WINDOWS\System32\bcrypt.dll
0x00007ff8eee30000 - 0x00007ff8eee5e000 	C:\WINDOWS\SYSTEM32\USERENV.dll
0x00007ff8ef460000 - 0x00007ff8ef4e0000 	C:\WINDOWS\System32\bcryptprimitives.dll
0x00007ff8ee2c0000 - 0x00007ff8ee2cc000 	C:\WINDOWS\SYSTEM32\CRYPTBASE.dll
0x00007ff8edd70000 - 0x00007ff8eddab000 	C:\WINDOWS\SYSTEM32\IPHLPAPI.DLL
0x00007ff8effe0000 - 0x00007ff8effe8000 	C:\WINDOWS\System32\NSI.dll
0x00007ff8e6c30000 - 0x00007ff8e6c47000 	C:\WINDOWS\SYSTEM32\dhcpcsvc6.DLL
0x00007ff8e6b20000 - 0x00007ff8e6b3d000 	C:\WINDOWS\SYSTEM32\dhcpcsvc.DLL
0x00007ff8eddb0000 - 0x00007ff8ede7b000 	C:\WINDOWS\SYSTEM32\DNSAPI.dll
0x00007ff8e6e00000 - 0x00007ff8e6e0b000 	C:\WINDOWS\SYSTEM32\WINNSI.DLL

VM Arguments:
jvm_args: -Xmx2048m -Dfile.encoding=windows-1252 -Duser.country=US -Duser.language=en -Duser.variant 
java_command: org.gradle.launcher.daemon.bootstrap.GradleDaemon 6.5
java_class_path (initial): C:\Users\Arash\.gradle\wrapper\dists\gradle-6.5-bin\6nifqtx7604sqp1q6g8wikw7p\gradle-6.5\lib\gradle-launcher-6.5.jar
Launcher Type: SUN_STANDARD

Environment Variables:
PATH=C:\Program Files (x86)\Common Files\Intel\Shared Libraries\redist\intel64\compiler;C:\Program Files (x86)\Common Files\Oracle\Java\javapath;C:\Program Files (x86)\Intel\Intel(R) Management Engine Components\iCLS\;C:\Program Files\Intel\Intel(R) Management Engine Components\iCLS\;C:\Windows\system32;C:\Windows;C:\Windows\System32\Wbem;C:\Windows\System32\WindowsPowerShell\v1.0\;C:\Windows\System32\OpenSSH\;C:\Program Files (x86)\NVIDIA Corporation\PhysX\Common;C:\Program Files (x86)\Intel\Intel(R) Management Engine Components\DAL;C:\Program Files\Intel\Intel(R) Management Engine Components\DAL;C:\Program Files (x86)\Intel\Intel(R) Management Engine Components\IPT;C:\Program Files\Intel\Intel(R) Management Engine Components\IPT;C:\Program Files\NVIDIA Corporation\NVIDIA NvDLISR;C:\Program Files (x86)\Microsoft SQL Server\150\DTS\Binn\;C:\WINDOWS\system32;C:\WINDOWS;C:\WINDOWS\System32\Wbem;C:\WINDOWS\System32\WindowsPowerShell\v1.0\;C:\WINDOWS\System32\OpenSSH\;C:\Program Files\Intel\WiFi\bin\;C:\Program Files\Common Files\Intel\WirelessCommon\;C:\Program Files\nodejs\;C:\Program Files\Git\cmd;C:\Program Files\Java\jdk1.8.0_202\bin;C:\Users\Arash\AppData\Roaming\npm;C:\Program Files\heroku\bin
USERNAME=Arash
OS=Windows_NT
PROCESSOR_IDENTIFIER=Intel64 Family 6 Model 142 Stepping 10, GenuineIntel



---------------  S Y S T E M  ---------------

OS: Windows 10.0 , 64 bit Build 19041 (10.0.19041.662)

CPU:total 8 (initial active 8) (4 cores per cpu, 2 threads per core) family 6 model 142 stepping 10, cmov, cx8, fxsr, mmx, sse, sse2, sse3, ssse3, sse4.1, sse4.2, popcnt, avx, avx2, aes, clmul, erms, 3dnowpref, lzcnt, ht, tsc, tscinvbit, bmi1, bmi2, adx

Memory: 4k page, physical 12458928k(1059088k free), swap 18602928k(3068k free)

vm_info: OpenJDK 64-Bit Server VM (25.242-b01) for windows-amd64 JRE (1.8.0_242-release-1644-b01), built by "builder" with MS VC++ 10.0 (VS2010)

time: Sun Jan 03 02:20:08 2021
timezone: Iran Standard Time
elapsed time: 130 seconds (0d 0h 2m 10s)

