#
# There is insufficient memory for the Java Runtime Environment to continue.
# Native memory allocation (malloc) failed to allocate 1064336 bytes for Chunk::new
# Possible reasons:
#   The system is out of physical RAM or swap space
#   The process is running with CompressedOops enabled, and the Java Heap may be blocking the growth of the native heap
# Possible solutions:
#   Reduce memory load on the system
#   Increase physical memory or swap space
#   Check if swap backing store is full
#   Decrease Java heap size (-Xmx/-Xms)
#   Decrease number of Java threads
#   Decrease Java thread stack sizes (-Xss)
#   Set larger code cache with -XX:ReservedCodeCacheSize=
#   JVM is running with Unscaled Compressed Oops mode in which the Java heap is
#     placed in the first 4GB address space. The Java Heap base address is the
#     maximum limit for the native heap growth. Please use -XX:HeapBaseMinAddress
#     to set the Java Heap base and to place the Java Heap above 4GB virtual address.
# This output file may be truncated or incomplete.
#
#  Out of Memory Error (allocation.cpp:389), pid=1588, tid=0x0000000000005f5c
#
# JRE version: OpenJDK Runtime Environment (8.0_242-b01) (build 1.8.0_242-release-1644-b01)
# Java VM: OpenJDK 64-Bit Server VM (25.242-b01 mixed mode windows-amd64 compressed oops)
# Failed to write core dump. Minidumps are not enabled by default on client versions of Windows
#

---------------  T H R E A D  ---------------

Current thread (0x000000001a081800):  JavaThread "C2 CompilerThread0" daemon [_thread_in_native, id=24412, stack(0x000000001a950000,0x000000001aa50000)]

Stack: [0x000000001a950000,0x000000001aa50000]
[error occurred during error reporting (printing stack bounds), id 0xc0000005]

Native frames: (J=compiled Java code, j=interpreted, Vv=VM code, C=native code)


Current CompileTask:
C2:   6670 2651       4       groovy.lang.MetaClassImpl$1MOPIter::methodNameAction (325 bytes)


---------------  P R O C E S S  ---------------

Java Threads: ( => current thread )
  0x0000000020fdf800 JavaThread "Cache worker for file content cache (C:\Users\Arash\.gradle\caches\6.5\fileContent)" [_thread_blocked, id=4684, stack(0x00000000233d0000,0x00000000234d0000)]
  0x0000000020fe4800 JavaThread "jar transforms" [_thread_blocked, id=12632, stack(0x00000000232d0000,0x00000000233d0000)]
  0x0000000020fe1800 JavaThread "Cache worker for execution history cache (C:\Users\Arash\.gradle\caches\6.5\executionHistory)" [_thread_blocked, id=22224, stack(0x0000000022bd0000,0x0000000022cd0000)]
  0x0000000020fe1000 JavaThread "Cache worker for cache directory md-rule (C:\Users\Arash\.gradle\caches\6.5\md-rule)" [_thread_blocked, id=25812, stack(0x0000000022ad0000,0x0000000022bd0000)]
  0x000000001cb34000 JavaThread "Cache worker for cache directory md-supplier (C:\Users\Arash\.gradle\caches\6.5\md-supplier)" [_thread_blocked, id=20304, stack(0x00000000229d0000,0x0000000022ad0000)]
  0x000000001cb33800 JavaThread "Cache worker for checksums cache (C:\Users\Arash\AndroidStudioProjects\NearRoom\.gradle\checksums)" [_thread_blocked, id=30044, stack(0x00000000228d0000,0x00000000229d0000)]
  0x000000001cb36800 JavaThread "Cache worker for file hash cache (C:\Users\Arash\AndroidStudioProjects\NearRoom\.gradle\6.5\fileHashes)" [_thread_blocked, id=30904, stack(0x000000001f170000,0x000000001f270000)]
  0x000000001cb35800 JavaThread "Cache worker for file hash cache (C:\Users\Arash\.gradle\caches\6.5\fileHashes)" [_thread_blocked, id=22656, stack(0x000000001f070000,0x000000001f170000)]
  0x000000001cb35000 JavaThread "File lock request listener" [_thread_in_native, id=3212, stack(0x000000001ef70000,0x000000001f070000)]
  0x000000001b2ac000 JavaThread "Cache worker for journal cache (C:\Users\Arash\.gradle\caches\journal-1)" [_thread_blocked, id=10380, stack(0x000000001ee70000,0x000000001ef70000)]
  0x000000001a1b8000 JavaThread "Thread-9" [_thread_blocked, id=20368, stack(0x000000001eb70000,0x000000001ec70000)]
  0x000000001aff6000 JavaThread "Stdin handler" [_thread_blocked, id=28284, stack(0x000000001ea70000,0x000000001eb70000)]
  0x000000001af71800 JavaThread "Asynchronous log dispatcher for DefaultDaemonConnection: socket connection from /127.0.0.1:61950 to /127.0.0.1:61952" [_thread_blocked, id=15216, stack(0x000000001e970000,0x000000001ea70000)]
  0x000000001af6f000 JavaThread "Daemon worker" [_thread_in_native, id=22956, stack(0x000000001e870000,0x000000001e970000)]
  0x000000001a1c7000 JavaThread "Cancel handler" [_thread_blocked, id=12524, stack(0x000000001e670000,0x000000001e770000)]
  0x000000001afc6000 JavaThread "Handler for socket connection from /127.0.0.1:61950 to /127.0.0.1:61952" [_thread_in_native, id=11168, stack(0x000000001e570000,0x000000001e670000)]
  0x000000001ca22800 JavaThread "Daemon" [_thread_blocked, id=14344, stack(0x000000001e470000,0x000000001e570000)]
  0x000000001ca10800 JavaThread "Daemon periodic checks" [_thread_blocked, id=16036, stack(0x000000001e170000,0x000000001e270000)]
  0x000000001c9b3000 JavaThread "Incoming local TCP Connector on port 61950" [_thread_in_native, id=4304, stack(0x000000001df30000,0x000000001e030000)]
  0x000000001c8c6000 JavaThread "Daemon health stats" [_thread_blocked, id=15564, stack(0x000000001d8f0000,0x000000001d9f0000)]
  0x000000001a119800 JavaThread "Service Thread" daemon [_thread_blocked, id=30076, stack(0x000000001ad50000,0x000000001ae50000)]
  0x000000001a0a4800 JavaThread "C1 CompilerThread3" daemon [_thread_blocked, id=20580, stack(0x000000001ac50000,0x000000001ad50000)]
  0x000000001a090800 JavaThread "C2 CompilerThread2" daemon [_thread_in_native, id=23844, stack(0x000000001ab50000,0x000000001ac50000)]
  0x000000001a084800 JavaThread "C2 CompilerThread1" daemon [_thread_blocked, id=18172, stack(0x000000001aa50000,0x000000001ab50000)]
=>0x000000001a081800 JavaThread "C2 CompilerThread0" daemon [_thread_in_native, id=24412, stack(0x000000001a950000,0x000000001aa50000)]
  0x000000001a07f800 JavaThread "Attach Listener" daemon [_thread_blocked, id=14388, stack(0x000000001a850000,0x000000001a950000)]
  0x000000001a07e000 JavaThread "Signal Dispatcher" daemon [_thread_blocked, id=3000, stack(0x000000001a750000,0x000000001a850000)]
  0x000000001a070800 JavaThread "Finalizer" daemon [_thread_blocked, id=23556, stack(0x000000001a550000,0x000000001a650000)]
  0x00000000031e8000 JavaThread "Reference Handler" daemon [_thread_blocked, id=30840, stack(0x000000001a450000,0x000000001a550000)]
  0x0000000002fbe000 JavaThread "main" [_thread_blocked, id=21920, stack(0x0000000002fc0000,0x00000000030c0000)]

Other Threads:
  0x0000000018286800 VMThread [stack: 0x0000000019f50000,0x000000001a050000] [id=10520]
  0x000000001a0f5000 WatcherThread [stack: 0x000000001ae50000,0x000000001af50000] [id=6776]

VM state:not at safepoint (normal execution)

VM Mutex/Monitor currently owned by a thread: None

heap address: 0x0000000080000000, size: 2048 MB, Compressed Oops mode: 32-bit
Narrow klass base: 0x0000000000000000, Narrow klass shift: 3
Compressed class space size: 1073741824 Address: 0x0000000100000000

Heap:
 PSYoungGen      total 97280K, used 28084K [0x00000000d5580000, 0x00000000dc680000, 0x0000000100000000)
  eden space 86016K, 19% used [0x00000000d5580000,0x00000000d65ef888,0x00000000da980000)
  from space 11264K, 99% used [0x00000000db080000,0x00000000dbb7dac8,0x00000000dbb80000)
  to   space 6144K, 0% used [0x00000000dc080000,0x00000000dc080000,0x00000000dc680000)
 ParOldGen       total 70656K, used 7544K [0x0000000080000000, 0x0000000084500000, 0x00000000d5580000)
  object space 70656K, 10% used [0x0000000080000000,0x000000008075e2d0,0x0000000084500000)
 Metaspace       used 33887K, capacity 34940K, committed 35120K, reserved 1079296K
  class space    used 4639K, capacity 4893K, committed 4912K, reserved 1048576K

Card table byte_map: [0x00000000125b0000,0x00000000129c0000] byte_map_base: 0x00000000121b0000

Marking Bits: (ParMarkBitMap*) 0x000000006ec3f030
 Begin Bits: [0x0000000013470000, 0x0000000015470000)
 End Bits:   [0x0000000015470000, 0x0000000017470000)

Polling page: 0x0000000002f90000

CodeCache: size=245760Kb used=10668Kb max_used=10668Kb free=235091Kb
 bounds [0x00000000031f0000, 0x0000000003c70000, 0x00000000121f0000]
 total_blobs=3501 nmethods=2817 adapters=597
 compilation: enabled

Compilation events (10 events):
Event: 6.628 Thread 0x000000001a0a4800 2818   !   3       org.gradle.internal.dispatch.ReflectionDispatch::dispatch (42 bytes)
Event: 6.628 Thread 0x000000001a0a4800 nmethod 2818 0x0000000003c5c5d0 code [0x0000000003c5c7a0, 0x0000000003c5cdf8]
Event: 6.628 Thread 0x000000001a0a4800 2817       3       java.lang.invoke.MemberName::hashCode (39 bytes)
Event: 6.629 Thread 0x000000001a0a4800 nmethod 2817 0x0000000003c5d190 code [0x0000000003c5d3a0, 0x0000000003c5e128]
Event: 6.629 Thread 0x000000001a0a4800 2819       3       java.util.concurrent.locks.ReentrantLock$Sync::isHeldExclusively (16 bytes)
Event: 6.629 Thread 0x000000001a0a4800 nmethod 2819 0x0000000003c5e590 code [0x0000000003c5e6e0, 0x0000000003c5e930]
Event: 6.645 Thread 0x000000001a0a4800 2820       3       com.google.common.cache.LocalCache::usesKeyReferences (16 bytes)
Event: 6.645 Thread 0x000000001a0a4800 nmethod 2820 0x0000000003c5e990 code [0x0000000003c5eae0, 0x0000000003c5ec90]
Event: 6.645 Thread 0x000000001a0a4800 2821       3       com.google.common.cache.LocalCache::usesValueReferences (16 bytes)
Event: 6.646 Thread 0x000000001a0a4800 nmethod 2821 0x0000000003c5ed10 code [0x0000000003c5ee60, 0x0000000003c5f010]

GC Heap History (10 events):
Event: 4.267 GC heap before
{Heap before GC invocations=4 (full 0):
 PSYoungGen      total 57344K, used 57318K [0x00000000d5580000, 0x00000000d9580000, 0x0000000100000000)
  eden space 49152K, 100% used [0x00000000d5580000,0x00000000d8580000,0x00000000d8580000)
  from space 8192K, 99% used [0x00000000d8580000,0x00000000d8d79a28,0x00000000d8d80000)
  to   space 8192K, 0% used [0x00000000d8d80000,0x00000000d8d80000,0x00000000d9580000)
 ParOldGen       total 131072K, used 844K [0x0000000080000000, 0x0000000088000000, 0x00000000d5580000)
  object space 131072K, 0% used [0x0000000080000000,0x00000000800d3318,0x0000000088000000)
 Metaspace       used 20292K, capacity 20936K, committed 20992K, reserved 1067008K
  class space    used 2825K, capacity 3044K, committed 3072K, reserved 1048576K
Event: 4.277 GC heap after
Heap after GC invocations=4 (full 0):
 PSYoungGen      total 57344K, used 8189K [0x00000000d5580000, 0x00000000d9580000, 0x0000000100000000)
  eden space 49152K, 0% used [0x00000000d5580000,0x00000000d5580000,0x00000000d8580000)
  from space 8192K, 99% used [0x00000000d8d80000,0x00000000d957f438,0x00000000d9580000)
  to   space 8192K, 0% used [0x00000000d8580000,0x00000000d8580000,0x00000000d8d80000)
 ParOldGen       total 131072K, used 2969K [0x0000000080000000, 0x0000000088000000, 0x00000000d5580000)
  object space 131072K, 2% used [0x0000000080000000,0x00000000802e67a8,0x0000000088000000)
 Metaspace       used 20292K, capacity 20936K, committed 20992K, reserved 1067008K
  class space    used 2825K, capacity 3044K, committed 3072K, reserved 1048576K
}
Event: 4.344 GC heap before
{Heap before GC invocations=5 (full 0):
 PSYoungGen      total 57344K, used 15619K [0x00000000d5580000, 0x00000000d9580000, 0x0000000100000000)
  eden space 49152K, 15% used [0x00000000d5580000,0x00000000d5cc1938,0x00000000d8580000)
  from space 8192K, 99% used [0x00000000d8d80000,0x00000000d957f438,0x00000000d9580000)
  to   space 8192K, 0% used [0x00000000d8580000,0x00000000d8580000,0x00000000d8d80000)
 ParOldGen       total 131072K, used 2969K [0x0000000080000000, 0x0000000088000000, 0x00000000d5580000)
  object space 131072K, 2% used [0x0000000080000000,0x00000000802e67a8,0x0000000088000000)
 Metaspace       used 20616K, capacity 21224K, committed 21296K, reserved 1067008K
  class space    used 2873K, capacity 3076K, committed 3120K, reserved 1048576K
Event: 4.348 GC heap after
Heap after GC invocations=5 (full 0):
 PSYoungGen      total 57344K, used 7045K [0x00000000d5580000, 0x00000000dcb80000, 0x0000000100000000)
  eden space 49152K, 0% used [0x00000000d5580000,0x00000000d5580000,0x00000000d8580000)
  from space 8192K, 85% used [0x00000000d8580000,0x00000000d8c61470,0x00000000d8d80000)
  to   space 11264K, 0% used [0x00000000dc080000,0x00000000dc080000,0x00000000dcb80000)
 ParOldGen       total 131072K, used 2977K [0x0000000080000000, 0x0000000088000000, 0x00000000d5580000)
  object space 131072K, 2% used [0x0000000080000000,0x00000000802e87a8,0x0000000088000000)
 Metaspace       used 20616K, capacity 21224K, committed 21296K, reserved 1067008K
  class space    used 2873K, capacity 3076K, committed 3120K, reserved 1048576K
}
Event: 4.348 GC heap before
{Heap before GC invocations=6 (full 1):
 PSYoungGen      total 57344K, used 7045K [0x00000000d5580000, 0x00000000dcb80000, 0x0000000100000000)
  eden space 49152K, 0% used [0x00000000d5580000,0x00000000d5580000,0x00000000d8580000)
  from space 8192K, 85% used [0x00000000d8580000,0x00000000d8c61470,0x00000000d8d80000)
  to   space 11264K, 0% used [0x00000000dc080000,0x00000000dc080000,0x00000000dcb80000)
 ParOldGen       total 131072K, used 2977K [0x0000000080000000, 0x0000000088000000, 0x00000000d5580000)
  object space 131072K, 2% used [0x0000000080000000,0x00000000802e87a8,0x0000000088000000)
 Metaspace       used 20616K, capacity 21224K, committed 21296K, reserved 1067008K
  class space    used 2873K, capacity 3076K, committed 3120K, reserved 1048576K
Event: 4.376 GC heap after
Heap after GC invocations=6 (full 1):
 PSYoungGen      total 57344K, used 0K [0x00000000d5580000, 0x00000000dcb80000, 0x0000000100000000)
  eden space 49152K, 0% used [0x00000000d5580000,0x00000000d5580000,0x00000000d8580000)
  from space 8192K, 0% used [0x00000000d8580000,0x00000000d8580000,0x00000000d8d80000)
  to   space 11264K, 0% used [0x00000000dc080000,0x00000000dc080000,0x00000000dcb80000)
 ParOldGen       total 70656K, used 7387K [0x0000000080000000, 0x0000000084500000, 0x00000000d5580000)
  object space 70656K, 10% used [0x0000000080000000,0x0000000080736d78,0x0000000084500000)
 Metaspace       used 20616K, capacity 21224K, committed 21296K, reserved 1067008K
  class space    used 2873K, capacity 3076K, committed 3120K, reserved 1048576K
}
Event: 5.196 GC heap before
{Heap before GC invocations=7 (full 1):
 PSYoungGen      total 57344K, used 48978K [0x00000000d5580000, 0x00000000dcb80000, 0x0000000100000000)
  eden space 49152K, 99% used [0x00000000d5580000,0x00000000d85549d0,0x00000000d8580000)
  from space 8192K, 0% used [0x00000000d8580000,0x00000000d8580000,0x00000000d8d80000)
  to   space 11264K, 0% used [0x00000000dc080000,0x00000000dc080000,0x00000000dcb80000)
 ParOldGen       total 70656K, used 7387K [0x0000000080000000, 0x0000000084500000, 0x00000000d5580000)
  object space 70656K, 10% used [0x0000000080000000,0x0000000080736d78,0x0000000084500000)
 Metaspace       used 24723K, capacity 25522K, committed 25776K, reserved 1071104K
  class space    used 3515K, capacity 3743K, committed 3760K, reserved 1048576K
Event: 5.206 GC heap after
Heap after GC invocations=7 (full 1):
 PSYoungGen      total 92160K, used 5707K [0x00000000d5580000, 0x00000000dc680000, 0x0000000100000000)
  eden space 86016K, 0% used [0x00000000d5580000,0x00000000d5580000,0x00000000da980000)
  from space 6144K, 92% used [0x00000000dc080000,0x00000000dc612c88,0x00000000dc680000)
  to   space 11264K, 0% used [0x00000000db080000,0x00000000db080000,0x00000000dbb80000)
 ParOldGen       total 70656K, used 7395K [0x0000000080000000, 0x0000000084500000, 0x00000000d5580000)
  object space 70656K, 10% used [0x0000000080000000,0x0000000080738d78,0x0000000084500000)
 Metaspace       used 24723K, capacity 25522K, committed 25776K, reserved 1071104K
  class space    used 3515K, capacity 3743K, committed 3760K, reserved 1048576K
}
Event: 6.506 GC heap before
{Heap before GC invocations=8 (full 1):
 PSYoungGen      total 92160K, used 91723K [0x00000000d5580000, 0x00000000dc680000, 0x0000000100000000)
  eden space 86016K, 100% used [0x00000000d5580000,0x00000000da980000,0x00000000da980000)
  from space 6144K, 92% used [0x00000000dc080000,0x00000000dc612c88,0x00000000dc680000)
  to   space 11264K, 0% used [0x00000000db080000,0x00000000db080000,0x00000000dbb80000)
 ParOldGen       total 70656K, used 7395K [0x0000000080000000, 0x0000000084500000, 0x00000000d5580000)
  object space 70656K, 10% used [0x0000000080000000,0x0000000080738d78,0x0000000084500000)
 Metaspace       used 33193K, capacity 34244K, committed 34608K, reserved 1079296K
  class space    used 4537K, capacity 4791K, committed 4912K, reserved 1048576K
Event: 6.520 GC heap after
Heap after GC invocations=8 (full 1):
 PSYoungGen      total 97280K, used 11254K [0x00000000d5580000, 0x00000000dc680000, 0x0000000100000000)
  eden space 86016K, 0% used [0x00000000d5580000,0x00000000d5580000,0x00000000da980000)
  from space 11264K, 99% used [0x00000000db080000,0x00000000dbb7dac8,0x00000000dbb80000)
  to   space 6144K, 0% used [0x00000000dc080000,0x00000000dc080000,0x00000000dc680000)
 ParOldGen       total 70656K, used 7544K [0x0000000080000000, 0x0000000084500000, 0x00000000d5580000)
  object space 70656K, 10% used [0x0000000080000000,0x000000008075e2d0,0x0000000084500000)
 Metaspace       used 33193K, capacity 34244K, committed 34608K, reserved 1079296K
  class space    used 4537K, capacity 4791K, committed 4912K, reserved 1048576K
}

Deoptimization events (10 events):
Event: 5.636 Thread 0x000000001af6f000 Uncommon trap: reason=unstable_if action=reinterpret pc=0x00000000037b375c method=java.net.URLClassLoader.defineClass(Ljava/lang/String;Lsun/misc/Resource;)Ljava/lang/Class; @ 21
Event: 5.638 Thread 0x000000001af6f000 Uncommon trap: reason=unstable_if action=reinterpret pc=0x00000000036fe4b4 method=java.lang.ClassLoader.getClassLoadingLock(Ljava/lang/String;)Ljava/lang/Object; @ 6
Event: 6.006 Thread 0x000000001af6f000 Uncommon trap: reason=unstable_if action=reinterpret pc=0x00000000037d1c44 method=java.util.HashMap.getNode(ILjava/lang/Object;)Ljava/util/HashMap$Node; @ 53
Event: 6.135 Thread 0x000000001af6f000 Uncommon trap: reason=unstable_if action=reinterpret pc=0x0000000003b22044 method=org.gradle.internal.reflect.PropertyAccessorType.isGetGetterName(Ljava/lang/String;)Z @ 14
Event: 6.159 Thread 0x000000001af6f000 Uncommon trap: reason=unstable_if action=reinterpret pc=0x00000000038fec00 method=org.objectweb.asm.ByteVector.putShort(I)Lorg/objectweb/asm/ByteVector; @ 13
Event: 6.246 Thread 0x000000001af6f000 Uncommon trap: reason=unstable_if action=reinterpret pc=0x0000000003830364 method=java.net.URLClassLoader.defineClass(Ljava/lang/String;Lsun/misc/Resource;)Ljava/lang/Class; @ 21
Event: 6.315 Thread 0x000000001af6f000 Uncommon trap: reason=unstable_if action=reinterpret pc=0x0000000003bc6148 method=org.codehaus.groovy.runtime.metaclass.MetaMethodIndex.addMethodToList(Ljava/lang/Object;Lgroovy/lang/MetaMethod;)Ljava/lang/Object; @ 226
Event: 6.457 Thread 0x000000001af6f000 Uncommon trap: reason=range_check action=make_not_entrant pc=0x0000000003b91ab4 method=java.lang.String.charAt(I)C @ 27
Event: 6.520 Thread 0x00000000031e8000 Uncommon trap: reason=unstable_if action=reinterpret pc=0x000000000374ae7c method=java.lang.ref.Reference.tryHandlePending(Z)Z @ 104
Event: 6.590 Thread 0x000000001af6f000 Uncommon trap: reason=unstable_if action=reinterpret pc=0x000000000369020c method=java.util.WeakHashMap.expungeStaleEntries()V @ 66

Classes redefined (0 events):
No events

Internal exceptions (10 events):
Event: 6.586 Thread 0x000000001af6f000 Exception <a 'java/lang/ClassNotFoundException': org/gradle/api/internal/artifacts/dsl/dependencies/DefaultDependencyHandler_DecoratedBeanInfo> (0x00000000d5b64390) thrown at [C:\src\AOSP-openjdk-git\hotspot\src\share\vm\classfile\systemDictionary.cpp, li
Event: 6.587 Thread 0x000000001af6f000 Exception <a 'java/lang/ClassNotFoundException': org/gradle/api/internal/artifacts/dsl/dependencies/DefaultDependencyHandlerBeanInfo> (0x00000000d5bd5d48) thrown at [C:\src\AOSP-openjdk-git\hotspot\src\share\vm\classfile\systemDictionary.cpp, line 210]
Event: 6.589 Thread 0x000000001af6f000 Exception <a 'java/lang/ClassNotFoundException': org/gradle/api/internal/artifacts/dsl/dependencies/DefaultDependencyHandlerCustomizer> (0x00000000d5c2f6d8) thrown at [C:\src\AOSP-openjdk-git\hotspot\src\share\vm\classfile\systemDictionary.cpp, line 210]
Event: 6.592 Thread 0x000000001af6f000 Exception <a 'java/lang/ClassNotFoundException': org/gradle/api/internal/artifacts/dsl/dependencies/DefaultDependencyHandler_DecoratedCustomizer> (0x00000000d5cba690) thrown at [C:\src\AOSP-openjdk-git\hotspot\src\share\vm\classfile\systemDictionary.cpp, 
Event: 6.608 Thread 0x000000001af6f000 Exception <a 'java/lang/ClassNotFoundException': groovy/lang/GString$1BeanInfo> (0x00000000d5e97ac0) thrown at [C:\src\AOSP-openjdk-git\hotspot\src\share\vm\classfile\systemDictionary.cpp, line 210]
Event: 6.609 Thread 0x000000001af6f000 Exception <a 'java/lang/ClassNotFoundException': groovy/lang/GStringBeanInfo> (0x00000000d5eb8f60) thrown at [C:\src\AOSP-openjdk-git\hotspot\src\share\vm\classfile\systemDictionary.cpp, line 210]
Event: 6.610 Thread 0x000000001af6f000 Exception <a 'java/lang/ClassNotFoundException': groovy/lang/GStringCustomizer> (0x00000000d5edaf48) thrown at [C:\src\AOSP-openjdk-git\hotspot\src\share\vm\classfile\systemDictionary.cpp, line 210]
Event: 6.611 Thread 0x000000001af6f000 Exception <a 'java/lang/ClassNotFoundException': groovy/lang/GString$1Customizer> (0x00000000d5f09390) thrown at [C:\src\AOSP-openjdk-git\hotspot\src\share\vm\classfile\systemDictionary.cpp, line 210]
Event: 6.615 Thread 0x000000001af6f000 Exception <a 'java/lang/ClassNotFoundException': org/codehaus/groovy/runtime/GStringImplBeanInfo> (0x00000000d5fb8140) thrown at [C:\src\AOSP-openjdk-git\hotspot\src\share\vm\classfile\systemDictionary.cpp, line 210]
Event: 6.616 Thread 0x000000001af6f000 Exception <a 'java/lang/ClassNotFoundException': org/codehaus/groovy/runtime/GStringImplCustomizer> (0x00000000d5fe41a8) thrown at [C:\src\AOSP-openjdk-git\hotspot\src\share\vm\classfile\systemDictionary.cpp, line 210]

Events (10 events):
Event: 6.660 loading class org/gradle/api/internal/artifacts/ivyservice/resolveengine/graph/conflicts/CapabilitiesConflictHandler$CandidateDetails
Event: 6.660 loading class org/gradle/api/internal/artifacts/ivyservice/resolveengine/graph/conflicts/CapabilitiesConflictHandler$CandidateDetails done
Event: 6.660 loading class org/gradle/internal/component/external/model/ImmutableCapability
Event: 6.660 loading class org/gradle/internal/component/external/model/ImmutableCapability done
Event: 6.660 loading class org/gradle/internal/component/external/model/DefaultComponentVariantIdentifier
Event: 6.660 loading class org/gradle/internal/component/external/model/DefaultComponentVariantIdentifier done
Event: 6.662 loading class org/gradle/api/artifacts/ComponentVariantIdentifier
Event: 6.662 loading class org/gradle/api/artifacts/ComponentVariantIdentifier done
Event: 6.662 loading class org/gradle/api/internal/artifacts/ivyservice/resolveengine/graph/conflicts/UpgradeCapabilityResolver
Event: 6.662 loading class org/gradle/api/internal/artifacts/ivyservice/resolveengine/graph/conflicts/UpgradeCapabilityResolver done


Dynamic libraries:
0x00007ff782340000 - 0x00007ff782371000 	C:\Program Files\Android\Android Studio\jre\bin\java.exe
0x00007ffecb810000 - 0x00007ffecba06000 	C:\WINDOWS\SYSTEM32\ntdll.dll
0x00007ffec9b80000 - 0x00007ffec9c3d000 	C:\WINDOWS\System32\KERNEL32.DLL
0x00007ffec9570000 - 0x00007ffec9839000 	C:\WINDOWS\System32\KERNELBASE.dll
0x00007ffeca300000 - 0x00007ffeca3ac000 	C:\WINDOWS\System32\ADVAPI32.dll
0x00007ffecab40000 - 0x00007ffecabde000 	C:\WINDOWS\System32\msvcrt.dll
0x00007ffeca9d0000 - 0x00007ffecaa6c000 	C:\WINDOWS\System32\sechost.dll
0x00007ffec9ed0000 - 0x00007ffec9ffb000 	C:\WINDOWS\System32\RPCRT4.dll
0x00007ffec9950000 - 0x00007ffec9af0000 	C:\WINDOWS\System32\USER32.dll
0x00007ffec9120000 - 0x00007ffec9142000 	C:\WINDOWS\System32\win32u.dll
0x00007ffeca4f0000 - 0x00007ffeca51a000 	C:\WINDOWS\System32\GDI32.dll
0x00007ffec9460000 - 0x00007ffec9569000 	C:\WINDOWS\System32\gdi32full.dll
0x00007ffec9150000 - 0x00007ffec91ed000 	C:\WINDOWS\System32\msvcp_win.dll
0x00007ffec8f20000 - 0x00007ffec9020000 	C:\WINDOWS\System32\ucrtbase.dll
0x00007ffeb2980000 - 0x00007ffeb2c1b000 	C:\WINDOWS\WinSxS\amd64_microsoft.windows.common-controls_6595b64144ccf1df_6.0.19041.488_none_ca04af081b815d21\COMCTL32.dll
0x00007ffec9cb0000 - 0x00007ffec9ce0000 	C:\WINDOWS\System32\IMM32.DLL
0x000000006e2b0000 - 0x000000006e382000 	C:\Program Files\Android\Android Studio\jre\jre\bin\msvcr100.dll
0x000000006e470000 - 0x000000006ecbb000 	C:\Program Files\Android\Android Studio\jre\jre\bin\server\jvm.dll
0x00007ffecaa70000 - 0x00007ffecaa78000 	C:\WINDOWS\System32\PSAPI.DLL
0x00007ffec2280000 - 0x00007ffec228a000 	C:\WINDOWS\SYSTEM32\VERSION.dll
0x00007ffebc530000 - 0x00007ffebc539000 	C:\WINDOWS\SYSTEM32\WSOCK32.dll
0x00007ffebdfd0000 - 0x00007ffebdff7000 	C:\WINDOWS\SYSTEM32\WINMM.dll
0x00007ffeca290000 - 0x00007ffeca2fb000 	C:\WINDOWS\System32\WS2_32.dll
0x00007ffec4380000 - 0x00007ffec438f000 	C:\Program Files\Android\Android Studio\jre\jre\bin\verify.dll
0x00007ffec1810000 - 0x00007ffec1839000 	C:\Program Files\Android\Android Studio\jre\jre\bin\java.dll
0x00007ffec18e0000 - 0x00007ffec18f6000 	C:\Program Files\Android\Android Studio\jre\jre\bin\zip.dll
0x00007ffecb050000 - 0x00007ffecb792000 	C:\WINDOWS\System32\SHELL32.dll
0x00007ffec6ca0000 - 0x00007ffec7435000 	C:\WINDOWS\SYSTEM32\windows.storage.dll
0x00007ffeca520000 - 0x00007ffeca876000 	C:\WINDOWS\System32\combase.dll
0x00007ffec8990000 - 0x00007ffec89bc000 	C:\WINDOWS\SYSTEM32\Wldp.dll
0x00007ffec9d00000 - 0x00007ffec9dae000 	C:\WINDOWS\System32\SHCORE.dll
0x00007ffec9c50000 - 0x00007ffec9ca5000 	C:\WINDOWS\System32\shlwapi.dll
0x00007ffec8e50000 - 0x00007ffec8e76000 	C:\WINDOWS\SYSTEM32\profapi.dll
0x00007ffec17f0000 - 0x00007ffec180a000 	C:\Program Files\Android\Android Studio\jre\jre\bin\net.dll
0x00007ffec8710000 - 0x00007ffec877a000 	C:\WINDOWS\system32\mswsock.dll
0x00007ffec17b0000 - 0x00007ffec17c3000 	C:\Program Files\Android\Android Studio\jre\jre\bin\nio.dll
0x00007ffeb8a60000 - 0x00007ffeb8a87000 	C:\Users\Arash\.gradle\native\f6784746aeab05261644944871eae4fe03e0ef1612fff0a4a95f87b438bc6780\windows-amd64\native-platform.dll
0x00007ffec4320000 - 0x00007ffec432d000 	C:\Program Files\Android\Android Studio\jre\jre\bin\management.dll
0x00007ffec88e0000 - 0x00007ffec88f8000 	C:\WINDOWS\SYSTEM32\CRYPTSP.dll
0x00007ffec8030000 - 0x00007ffec8064000 	C:\WINDOWS\system32\rsaenh.dll
0x00007ffec9430000 - 0x00007ffec9457000 	C:\WINDOWS\System32\bcrypt.dll
0x00007ffec8dd0000 - 0x00007ffec8dfe000 	C:\WINDOWS\SYSTEM32\USERENV.dll
0x00007ffec9250000 - 0x00007ffec92d0000 	C:\WINDOWS\System32\bcryptprimitives.dll
0x00007ffec8900000 - 0x00007ffec890c000 	C:\WINDOWS\SYSTEM32\CRYPTBASE.dll
0x00007ffec83b0000 - 0x00007ffec83eb000 	C:\WINDOWS\SYSTEM32\IPHLPAPI.DLL
0x00007ffec9c40000 - 0x00007ffec9c48000 	C:\WINDOWS\System32\NSI.dll
0x00007ffec2260000 - 0x00007ffec2277000 	C:\WINDOWS\SYSTEM32\dhcpcsvc6.DLL
0x00007ffec2240000 - 0x00007ffec225d000 	C:\WINDOWS\SYSTEM32\dhcpcsvc.DLL
0x00007ffec8400000 - 0x00007ffec84cb000 	C:\WINDOWS\SYSTEM32\DNSAPI.dll
0x00007ffec21f0000 - 0x00007ffec21fb000 	C:\WINDOWS\SYSTEM32\WINNSI.DLL

VM Arguments:
jvm_args: -Xmx2048m -Dfile.encoding=windows-1252 -Duser.country=US -Duser.language=en -Duser.variant 
java_command: org.gradle.launcher.daemon.bootstrap.GradleDaemon 6.5
java_class_path (initial): C:\Users\Arash\.gradle\wrapper\dists\gradle-6.5-bin\6nifqtx7604sqp1q6g8wikw7p\gradle-6.5\lib\gradle-launcher-6.5.jar
Launcher Type: SUN_STANDARD

Environment Variables:
PATH=C:\Program Files (x86)\Common Files\Intel\Shared Libraries\redist\intel64\compiler;C:\Program Files (x86)\Common Files\Oracle\Java\javapath;C:\Program Files (x86)\Intel\Intel(R) Management Engine Components\iCLS\;C:\Program Files\Intel\Intel(R) Management Engine Components\iCLS\;C:\Windows\system32;C:\Windows;C:\Windows\System32\Wbem;C:\Windows\System32\WindowsPowerShell\v1.0\;C:\Windows\System32\OpenSSH\;C:\Program Files (x86)\NVIDIA Corporation\PhysX\Common;C:\Program Files (x86)\Intel\Intel(R) Management Engine Components\DAL;C:\Program Files\Intel\Intel(R) Management Engine Components\DAL;C:\Program Files (x86)\Intel\Intel(R) Management Engine Components\IPT;C:\Program Files\Intel\Intel(R) Management Engine Components\IPT;C:\Program Files\NVIDIA Corporation\NVIDIA NvDLISR;C:\Program Files (x86)\Microsoft SQL Server\150\DTS\Binn\;C:\WINDOWS\system32;C:\WINDOWS;C:\WINDOWS\System32\Wbem;C:\WINDOWS\System32\WindowsPowerShell\v1.0\;C:\WINDOWS\System32\OpenSSH\;C:\Program Files\Intel\WiFi\bin\;C:\Program Files\Common Files\Intel\WirelessCommon\;C:\Program Files\nodejs\;C:\Program Files\Git\cmd;C:\Program Files\Java\jdk1.8.0_202\bin;C:\Users\Arash\AppData\Roaming\npm;C:\Program Files\Intel\WiFi\bin\;C:\Program Files\Common Files\Intel\WirelessCommon\;C:\Program Files\heroku\bin
USERNAME=Arash
OS=Windows_NT
PROCESSOR_IDENTIFIER=Intel64 Family 6 Model 142 Stepping 10, GenuineIntel



---------------  S Y S T E M  ---------------

OS: Windows 10.0 , 64 bit Build 19041 (10.0.19041.662)

CPU:total 8 (initial active 8) (4 cores per cpu, 2 threads per core) family 6 model 142 stepping 10, cmov, cx8, fxsr, mmx, sse, sse2, sse3, ssse3, sse4.1, sse4.2, popcnt, avx, avx2, aes, clmul, erms, 3dnowpref, lzcnt, ht, tsc, tscinvbit, bmi1, bmi2, adx

Memory: 4k page, physical 12458928k(581724k free), swap 18602928k(3532k free)

vm_info: OpenJDK 64-Bit Server VM (25.242-b01) for windows-amd64 JRE (1.8.0_242-release-1644-b01), built by "builder" with MS VC++ 10.0 (VS2010)

time: Sun Dec 20 14:55:05 2020
timezone: Iran Standard Time
elapsed time: 6 seconds (0d 0h 0m 6s)

