#
# There is insufficient memory for the Java Runtime Environment to continue.
# Native memory allocation (malloc) failed to allocate 728656 bytes for Chunk::new
# Possible reasons:
#   The system is out of physical RAM or swap space
#   The process is running with CompressedOops enabled, and the Java Heap may be blocking the growth of the native heap
# Possible solutions:
#   Reduce memory load on the system
#   Increase physical memory or swap space
#   Check if swap backing store is full
#   Decrease Java heap size (-Xmx/-Xms)
#   Decrease number of Java threads
#   Decrease Java thread stack sizes (-Xss)
#   Set larger code cache with -XX:ReservedCodeCacheSize=
#   JVM is running with Zero Based Compressed Oops mode in which the Java heap is
#     placed in the first 32GB address space. The Java Heap base address is the
#     maximum limit for the native heap growth. Please use -XX:HeapBaseMinAddress
#     to set the Java Heap base and to place the Java Heap above 32GB virtual address.
# This output file may be truncated or incomplete.
#
#  Out of Memory Error (allocation.cpp:389), pid=20940, tid=0x00000000000035f4
#
# JRE version: OpenJDK Runtime Environment (8.0_242-b01) (build 1.8.0_242-release-1644-b01)
# Java VM: OpenJDK 64-Bit Server VM (25.242-b01 mixed mode windows-amd64 compressed oops)
# Failed to write core dump. Minidumps are not enabled by default on client versions of Windows
#

---------------  T H R E A D  ---------------

Current thread (0x000000001b6bf000):  JavaThread "C2 CompilerThread2" daemon [_thread_in_native, id=13812, stack(0x000000001c180000,0x000000001c280000)]

Stack: [0x000000001c180000,0x000000001c280000]
[error occurred during error reporting (printing stack bounds), id 0xc0000005]

Native frames: (J=compiled Java code, j=interpreted, Vv=VM code, C=native code)


Current CompileTask:
C2:  11293 11425       4       org.jetbrains.kotlin.resolve.calls.inference.model.NewConstraintSystemImpl::addSubtypeConstraint (79 bytes)


---------------  P R O C E S S  ---------------

Java Threads: ( => current thread )
  0x000000001b745800 JavaThread "Service Thread" daemon [_thread_blocked, id=20380, stack(0x000000001c380000,0x000000001c480000)]
  0x000000001b6c4800 JavaThread "C1 CompilerThread3" daemon [_thread_blocked, id=16140, stack(0x000000001c280000,0x000000001c380000)]
=>0x000000001b6bf000 JavaThread "C2 CompilerThread2" daemon [_thread_in_native, id=13812, stack(0x000000001c180000,0x000000001c280000)]
  0x000000001b6b6000 JavaThread "C2 CompilerThread1" daemon [_thread_in_native, id=19172, stack(0x000000001c080000,0x000000001c180000)]
  0x000000001b6b1800 JavaThread "C2 CompilerThread0" daemon [_thread_in_native, id=19016, stack(0x000000001bf80000,0x000000001c080000)]
  0x000000001b6af800 JavaThread "Attach Listener" daemon [_thread_blocked, id=14060, stack(0x000000001be80000,0x000000001bf80000)]
  0x000000001b6ae000 JavaThread "Signal Dispatcher" daemon [_thread_blocked, id=8208, stack(0x000000001bd80000,0x000000001be80000)]
  0x000000001b6a1000 JavaThread "Finalizer" daemon [_thread_blocked, id=7720, stack(0x000000001bb80000,0x000000001bc80000)]
  0x00000000023b8000 JavaThread "Reference Handler" daemon [_thread_blocked, id=19884, stack(0x000000001ba80000,0x000000001bb80000)]
  0x00000000022c2800 JavaThread "main" [_thread_in_Java, id=14396, stack(0x00000000021c0000,0x00000000022c0000)]

Other Threads:
  0x00000000198b6000 VMThread [stack: 0x000000001b580000,0x000000001b680000] [id=17356]
  0x000000001b74e800 WatcherThread [stack: 0x000000001c480000,0x000000001c580000] [id=14416]

VM state:not at safepoint (normal execution)

VM Mutex/Monitor currently owned by a thread: None

heap address: 0x0000000701e00000, size: 3042 MB, Compressed Oops mode: Zero based, Oop shift amount: 3
Narrow klass base: 0x0000000000000000, Narrow klass shift: 3
Compressed class space size: 1073741824 Address: 0x00000007c0000000

Heap:
 PSYoungGen      total 278016K, used 89505K [0x0000000780a00000, 0x0000000794100000, 0x00000007c0000000)
  eden space 238592K, 37% used [0x0000000780a00000,0x0000000786168760,0x000000078f300000)
  from space 39424K, 0% used [0x000000078f300000,0x000000078f300000,0x0000000791980000)
  to   space 33280K, 0% used [0x0000000791980000,0x0000000791980000,0x0000000793a00000)
 ParOldGen       total 143872K, used 64592K [0x0000000701e00000, 0x000000070aa80000, 0x0000000780a00000)
  object space 143872K, 44% used [0x0000000701e00000,0x0000000705d14320,0x000000070aa80000)
 Metaspace       used 59856K, capacity 61421K, committed 61568K, reserved 1103872K
  class space    used 7129K, capacity 7488K, committed 7552K, reserved 1048576K

Card table byte_map: [0x0000000011780000,0x0000000011d80000] byte_map_base: 0x000000000df71000

Marking Bits: (ParMarkBitMap*) 0x000000005636f030
 Begin Bits: [0x0000000012980000, 0x0000000015908000)
 End Bits:   [0x0000000015908000, 0x0000000018890000)

Polling page: 0x00000000009b0000

CodeCache: size=245760Kb used=45184Kb max_used=45184Kb free=200575Kb
 bounds [0x00000000023c0000, 0x0000000005010000, 0x00000000113c0000]
 total_blobs=10507 nmethods=9991 adapters=427
 compilation: enabled

Compilation events (10 events):
Event: 11.243 Thread 0x000000001b6c4800 nmethod 11501 0x0000000004ffa4d0 code [0x0000000004ffa620, 0x0000000004ffa790]
Event: 11.247 Thread 0x000000001b6c4800 11502       3       org.jetbrains.kotlin.types.AbstractTypeApproximator::isStarProjection (18 bytes)
Event: 11.248 Thread 0x000000001b6c4800 nmethod 11502 0x0000000004ff9790 code [0x0000000004ff9980, 0x0000000004ffa0c8]
Event: 11.260 Thread 0x000000001b6c4800 11505       3       org.jetbrains.kotlin.load.java.lazy.descriptors.LazyJavaScope::resolveProperty (104 bytes)
Event: 11.261 Thread 0x000000001b6c4800 nmethod 11505 0x0000000004fff810 code [0x0000000004fffa40, 0x0000000005000828]
Event: 11.286 Thread 0x000000001b6c4800 11507       3       org.jetbrains.kotlin.codegen.state.KotlinTypeMapper$mapType$1::<init> (16 bytes)
Event: 11.286 Thread 0x000000001b6c4800 nmethod 11507 0x0000000005000d90 code [0x0000000005000f00, 0x0000000005001150]
Event: 11.286 Thread 0x000000001b6c4800 11508       3       org.jetbrains.kotlin.com.intellij.psi.util.CachedValuesManager::getManager (19 bytes)
Event: 11.286 Thread 0x000000001b6c4800 nmethod 11508 0x0000000005001250 code [0x00000000050013c0, 0x0000000005001718]
Event: 11.289 Thread 0x000000001b6c4800 11509       2       org.jetbrains.kotlin.descriptors.FindClassInModuleKt::findClassifierAcrossModuleDependencies (668 bytes)

GC Heap History (10 events):
Event: 2.666 GC heap before
{Heap before GC invocations=6 (full 2):
 PSYoungGen      total 140800K, used 8182K [0x0000000780a00000, 0x000000078cf00000, 0x00000007c0000000)
  eden space 132608K, 0% used [0x0000000780a00000,0x0000000780a00000,0x0000000788b80000)
  from space 8192K, 99% used [0x0000000789380000,0x0000000789b7d928,0x0000000789b80000)
  to   space 8192K, 0% used [0x0000000788b80000,0x0000000788b80000,0x0000000789380000)
 ParOldGen       total 111104K, used 33734K [0x0000000701e00000, 0x0000000708a80000, 0x0000000780a00000)
  object space 111104K, 30% used [0x0000000701e00000,0x0000000703ef1a70,0x0000000708a80000)
 Metaspace       used 34681K, capacity 35181K, committed 35416K, reserved 1081344K
  class space    used 4369K, capacity 4534K, committed 4608K, reserved 1048576K
Event: 2.720 GC heap after
Heap after GC invocations=6 (full 2):
 PSYoungGen      total 140800K, used 0K [0x0000000780a00000, 0x000000078cf00000, 0x00000007c0000000)
  eden space 132608K, 0% used [0x0000000780a00000,0x0000000780a00000,0x0000000788b80000)
  from space 8192K, 0% used [0x0000000789380000,0x0000000789380000,0x0000000789b80000)
  to   space 8192K, 0% used [0x0000000788b80000,0x0000000788b80000,0x0000000789380000)
 ParOldGen       total 143872K, used 33772K [0x0000000701e00000, 0x000000070aa80000, 0x0000000780a00000)
  object space 143872K, 23% used [0x0000000701e00000,0x0000000703efb060,0x000000070aa80000)
 Metaspace       used 34681K, capacity 35181K, committed 35416K, reserved 1081344K
  class space    used 4369K, capacity 4534K, committed 4608K, reserved 1048576K
}
Event: 4.809 GC heap before
{Heap before GC invocations=7 (full 2):
 PSYoungGen      total 140800K, used 132608K [0x0000000780a00000, 0x000000078cf00000, 0x00000007c0000000)
  eden space 132608K, 100% used [0x0000000780a00000,0x0000000788b80000,0x0000000788b80000)
  from space 8192K, 0% used [0x0000000789380000,0x0000000789380000,0x0000000789b80000)
  to   space 8192K, 0% used [0x0000000788b80000,0x0000000788b80000,0x0000000789380000)
 ParOldGen       total 143872K, used 33772K [0x0000000701e00000, 0x000000070aa80000, 0x0000000780a00000)
  object space 143872K, 23% used [0x0000000701e00000,0x0000000703efb060,0x000000070aa80000)
 Metaspace       used 46098K, capacity 46867K, committed 47104K, reserved 1091584K
  class space    used 5617K, capacity 5835K, committed 5888K, reserved 1048576K
Event: 4.830 GC heap after
Heap after GC invocations=7 (full 2):
 PSYoungGen      total 140800K, used 8190K [0x0000000780a00000, 0x0000000793a00000, 0x00000007c0000000)
  eden space 132608K, 0% used [0x0000000780a00000,0x0000000780a00000,0x0000000788b80000)
  from space 8192K, 99% used [0x0000000788b80000,0x000000078937fbe0,0x0000000789380000)
  to   space 33280K, 0% used [0x0000000791980000,0x0000000791980000,0x0000000793a00000)
 ParOldGen       total 143872K, used 52513K [0x0000000701e00000, 0x000000070aa80000, 0x0000000780a00000)
  object space 143872K, 36% used [0x0000000701e00000,0x0000000705148728,0x000000070aa80000)
 Metaspace       used 46098K, capacity 46867K, committed 47104K, reserved 1091584K
  class space    used 5617K, capacity 5835K, committed 5888K, reserved 1048576K
}
Event: 6.831 GC heap before
{Heap before GC invocations=8 (full 2):
 PSYoungGen      total 140800K, used 140798K [0x0000000780a00000, 0x0000000793a00000, 0x00000007c0000000)
  eden space 132608K, 100% used [0x0000000780a00000,0x0000000788b80000,0x0000000788b80000)
  from space 8192K, 99% used [0x0000000788b80000,0x000000078937fbe0,0x0000000789380000)
  to   space 33280K, 0% used [0x0000000791980000,0x0000000791980000,0x0000000793a00000)
 ParOldGen       total 143872K, used 52513K [0x0000000701e00000, 0x000000070aa80000, 0x0000000780a00000)
  object space 143872K, 36% used [0x0000000701e00000,0x0000000705148728,0x000000070aa80000)
 Metaspace       used 55228K, capacity 56341K, committed 56576K, reserved 1099776K
  class space    used 6839K, capacity 7104K, committed 7168K, reserved 1048576K
Event: 6.859 GC heap after
Heap after GC invocations=8 (full 2):
 PSYoungGen      total 271872K, used 32445K [0x0000000780a00000, 0x0000000794100000, 0x00000007c0000000)
  eden space 238592K, 0% used [0x0000000780a00000,0x0000000780a00000,0x000000078f300000)
  from space 33280K, 97% used [0x0000000791980000,0x000000079392f608,0x0000000793a00000)
  to   space 39424K, 0% used [0x000000078f300000,0x000000078f300000,0x0000000791980000)
 ParOldGen       total 143872K, used 52521K [0x0000000701e00000, 0x000000070aa80000, 0x0000000780a00000)
  object space 143872K, 36% used [0x0000000701e00000,0x000000070514a728,0x000000070aa80000)
 Metaspace       used 55228K, capacity 56341K, committed 56576K, reserved 1099776K
  class space    used 6839K, capacity 7104K, committed 7168K, reserved 1048576K
}
Event: 8.637 GC heap before
{Heap before GC invocations=9 (full 2):
 PSYoungGen      total 271872K, used 114781K [0x0000000780a00000, 0x0000000794100000, 0x00000007c0000000)
  eden space 238592K, 34% used [0x0000000780a00000,0x0000000785a67e38,0x000000078f300000)
  from space 33280K, 97% used [0x0000000791980000,0x000000079392f608,0x0000000793a00000)
  to   space 39424K, 0% used [0x000000078f300000,0x000000078f300000,0x0000000791980000)
 ParOldGen       total 143872K, used 52521K [0x0000000701e00000, 0x000000070aa80000, 0x0000000780a00000)
  object space 143872K, 36% used [0x0000000701e00000,0x000000070514a728,0x000000070aa80000)
 Metaspace       used 57794K, capacity 58945K, committed 59028K, reserved 1101824K
  class space    used 6962K, capacity 7250K, committed 7296K, reserved 1048576K
Event: 8.668 GC heap after
Heap after GC invocations=9 (full 2):
 PSYoungGen      total 278016K, used 35460K [0x0000000780a00000, 0x0000000794100000, 0x00000007c0000000)
  eden space 238592K, 0% used [0x0000000780a00000,0x0000000780a00000,0x000000078f300000)
  from space 39424K, 89% used [0x000000078f300000,0x00000007915a1240,0x0000000791980000)
  to   space 33280K, 0% used [0x0000000791980000,0x0000000791980000,0x0000000793a00000)
 ParOldGen       total 143872K, used 52529K [0x0000000701e00000, 0x000000070aa80000, 0x0000000780a00000)
  object space 143872K, 36% used [0x0000000701e00000,0x000000070514c728,0x000000070aa80000)
 Metaspace       used 57794K, capacity 58945K, committed 59028K, reserved 1101824K
  class space    used 6962K, capacity 7250K, committed 7296K, reserved 1048576K
}
Event: 8.668 GC heap before
{Heap before GC invocations=10 (full 3):
 PSYoungGen      total 278016K, used 35460K [0x0000000780a00000, 0x0000000794100000, 0x00000007c0000000)
  eden space 238592K, 0% used [0x0000000780a00000,0x0000000780a00000,0x000000078f300000)
  from space 39424K, 89% used [0x000000078f300000,0x00000007915a1240,0x0000000791980000)
  to   space 33280K, 0% used [0x0000000791980000,0x0000000791980000,0x0000000793a00000)
 ParOldGen       total 143872K, used 52529K [0x0000000701e00000, 0x000000070aa80000, 0x0000000780a00000)
  object space 143872K, 36% used [0x0000000701e00000,0x000000070514c728,0x000000070aa80000)
 Metaspace       used 57794K, capacity 58945K, committed 59028K, reserved 1101824K
  class space    used 6962K, capacity 7250K, committed 7296K, reserved 1048576K
Event: 8.889 GC heap after
Heap after GC invocations=10 (full 3):
 PSYoungGen      total 278016K, used 0K [0x0000000780a00000, 0x0000000794100000, 0x00000007c0000000)
  eden space 238592K, 0% used [0x0000000780a00000,0x0000000780a00000,0x000000078f300000)
  from space 39424K, 0% used [0x000000078f300000,0x000000078f300000,0x0000000791980000)
  to   space 33280K, 0% used [0x0000000791980000,0x0000000791980000,0x0000000793a00000)
 ParOldGen       total 143872K, used 64592K [0x0000000701e00000, 0x000000070aa80000, 0x0000000780a00000)
  object space 143872K, 44% used [0x0000000701e00000,0x0000000705d14320,0x000000070aa80000)
 Metaspace       used 57794K, capacity 58945K, committed 59028K, reserved 1101824K
  class space    used 6962K, capacity 7250K, committed 7296K, reserved 1048576K
}

Deoptimization events (10 events):
Event: 10.861 Thread 0x00000000022c2800 Uncommon trap: reason=class_check action=maybe_recompile pc=0x0000000004ee54e0 method=org.jetbrains.kotlin.types.AbstractTypeChecker.checkSubtypeForSpecialCases(Lorg/jetbrains/kotlin/types/AbstractTypeCheckerContext;Lorg/jetbrains/kotlin/types/model/Simpl
Event: 10.861 Thread 0x00000000022c2800 Uncommon trap: reason=class_check action=maybe_recompile pc=0x0000000004ee54c4 method=org.jetbrains.kotlin.types.AbstractTypeChecker.checkSubtypeForSpecialCases(Lorg/jetbrains/kotlin/types/AbstractTypeCheckerContext;Lorg/jetbrains/kotlin/types/model/Simpl
Event: 10.861 Thread 0x00000000022c2800 Uncommon trap: reason=class_check action=maybe_recompile pc=0x0000000004ee54e0 method=org.jetbrains.kotlin.types.AbstractTypeChecker.checkSubtypeForSpecialCases(Lorg/jetbrains/kotlin/types/AbstractTypeCheckerContext;Lorg/jetbrains/kotlin/types/model/Simpl
Event: 10.862 Thread 0x00000000022c2800 Uncommon trap: reason=class_check action=maybe_recompile pc=0x0000000004ee54e0 method=org.jetbrains.kotlin.types.AbstractTypeChecker.checkSubtypeForSpecialCases(Lorg/jetbrains/kotlin/types/AbstractTypeCheckerContext;Lorg/jetbrains/kotlin/types/model/Simpl
Event: 10.883 Thread 0x00000000022c2800 Uncommon trap: reason=unstable_if action=reinterpret pc=0x00000000045cf8d4 method=org.jetbrains.org.objectweb.asm.ClassReader.readCode(Lorg/jetbrains/org/objectweb/asm/MethodVisitor;Lorg/jetbrains/org/objectweb/asm/Context;I)V @ 4529
Event: 10.884 Thread 0x00000000022c2800 Uncommon trap: reason=class_check action=maybe_recompile pc=0x0000000004ef75bc method=org.jetbrains.kotlin.load.java.lazy.LazyJavaAnnotations.iterator()Ljava/util/Iterator; @ 9
Event: 10.884 Thread 0x00000000022c2800 Uncommon trap: reason=class_check action=maybe_recompile pc=0x0000000004ef75bc method=org.jetbrains.kotlin.load.java.lazy.LazyJavaAnnotations.iterator()Ljava/util/Iterator; @ 9
Event: 10.885 Thread 0x00000000022c2800 Uncommon trap: reason=class_check action=maybe_recompile pc=0x0000000004ef75bc method=org.jetbrains.kotlin.load.java.lazy.LazyJavaAnnotations.iterator()Ljava/util/Iterator; @ 9
Event: 10.885 Thread 0x00000000022c2800 Uncommon trap: reason=class_check action=maybe_recompile pc=0x0000000004ef75bc method=org.jetbrains.kotlin.load.java.lazy.LazyJavaAnnotations.iterator()Ljava/util/Iterator; @ 9
Event: 11.118 Thread 0x00000000022c2800 Uncommon trap: reason=unstable_if action=reinterpret pc=0x0000000004df96c0 method=org.jetbrains.kotlin.resolve.lazy.LazyImportScope.definitelyDoesNotContainName(Lorg/jetbrains/kotlin/name/Name;)Z @ 29

Classes redefined (0 events):
No events

Internal exceptions (10 events):
Event: 7.461 Thread 0x00000000022c2800 Implicit null exception at 0x00000000033b8cdf to 0x00000000033bdad5
Event: 7.461 Thread 0x00000000022c2800 Implicit null exception at 0x00000000033b8cdf to 0x00000000033bdad5
Event: 7.461 Thread 0x00000000022c2800 Implicit null exception at 0x00000000033b8cdf to 0x00000000033bdad5
Event: 7.461 Thread 0x00000000022c2800 Implicit null exception at 0x00000000033b8cdf to 0x00000000033bdad5
Event: 7.461 Thread 0x00000000022c2800 Implicit null exception at 0x00000000033b8cdf to 0x00000000033bdad5
Event: 7.461 Thread 0x00000000022c2800 Implicit null exception at 0x000000000344faee to 0x0000000003455d39
Event: 7.461 Thread 0x00000000022c2800 Implicit null exception at 0x0000000003380559 to 0x000000000338298d
Event: 7.464 Thread 0x00000000022c2800 Implicit null exception at 0x0000000003352b5f to 0x00000000033530f6
Event: 7.583 Thread 0x00000000022c2800 Implicit null exception at 0x00000000036a32bc to 0x00000000036a3d9f
Event: 7.910 Thread 0x00000000022c2800 Implicit null exception at 0x000000000452f2b0 to 0x000000000452f315

Events (10 events):
Event: 10.885 Thread 0x00000000022c2800 Uncommon trap: trap_request=0xffffffde fr.pc=0x0000000004ef75bc
Event: 10.885 Thread 0x00000000022c2800 DEOPT PACKING pc=0x0000000004ef75bc sp=0x00000000022ba810
Event: 10.885 Thread 0x00000000022c2800 DEOPT UNPACKING pc=0x000000000240557b sp=0x00000000022ba7c0 mode 2
Event: 10.887 loading class org/jetbrains/kotlin/diagnostics/SimpleDiagnostic
Event: 10.887 loading class org/jetbrains/kotlin/diagnostics/SimpleDiagnostic done
Event: 11.118 Thread 0x00000000022c2800 Uncommon trap: trap_request=0xffffff65 fr.pc=0x0000000004df96c0
Event: 11.118 Thread 0x00000000022c2800 DEOPT PACKING pc=0x0000000004df96c0 sp=0x00000000022b65a0
Event: 11.118 Thread 0x00000000022c2800 DEOPT UNPACKING pc=0x000000000240557b sp=0x00000000022b6578 mode 2
Event: 11.130 Executing VM operation: ForceSafepoint
Event: 11.130 Executing VM operation: ForceSafepoint done


Dynamic libraries:
0x00007ff745310000 - 0x00007ff745341000 	C:\Program Files\Android\Android Studio\jre\jre\bin\java.exe
0x00007ff819970000 - 0x00007ff819b66000 	C:\WINDOWS\SYSTEM32\ntdll.dll
0x00007ff8194e0000 - 0x00007ff81959d000 	C:\WINDOWS\System32\KERNEL32.DLL
0x00007ff8172d0000 - 0x00007ff817599000 	C:\WINDOWS\System32\KERNELBASE.dll
0x00007ff817a50000 - 0x00007ff817afc000 	C:\WINDOWS\System32\ADVAPI32.dll
0x00007ff819650000 - 0x00007ff8196ee000 	C:\WINDOWS\System32\msvcrt.dll
0x00007ff8179b0000 - 0x00007ff817a4c000 	C:\WINDOWS\System32\sechost.dll
0x00007ff817bc0000 - 0x00007ff817ceb000 	C:\WINDOWS\System32\RPCRT4.dll
0x00007ff819310000 - 0x00007ff8194b0000 	C:\WINDOWS\System32\USER32.dll
0x00007ff817970000 - 0x00007ff817992000 	C:\WINDOWS\System32\win32u.dll
0x00007ff8194b0000 - 0x00007ff8194da000 	C:\WINDOWS\System32\GDI32.dll
0x00007ff8175f0000 - 0x00007ff8176f9000 	C:\WINDOWS\System32\gdi32full.dll
0x00007ff817080000 - 0x00007ff81711d000 	C:\WINDOWS\System32\msvcp_win.dll
0x00007ff8171d0000 - 0x00007ff8172d0000 	C:\WINDOWS\System32\ucrtbase.dll
0x00007ff806d20000 - 0x00007ff806fbb000 	C:\WINDOWS\WinSxS\amd64_microsoft.windows.common-controls_6595b64144ccf1df_6.0.19041.488_none_ca04af081b815d21\COMCTL32.dll
0x00007ff817cf0000 - 0x00007ff817d20000 	C:\WINDOWS\System32\IMM32.DLL
0x0000000056710000 - 0x00000000567e2000 	C:\Program Files\Android\Android Studio\jre\jre\bin\msvcr100.dll
0x0000000055ba0000 - 0x00000000563eb000 	C:\Program Files\Android\Android Studio\jre\jre\bin\server\jvm.dll
0x00007ff817d30000 - 0x00007ff817d38000 	C:\WINDOWS\System32\PSAPI.DLL
0x00007ff809f00000 - 0x00007ff809f09000 	C:\WINDOWS\SYSTEM32\WSOCK32.dll
0x00007ff80b630000 - 0x00007ff80b657000 	C:\WINDOWS\SYSTEM32\WINMM.dll
0x00007ff810d80000 - 0x00007ff810d8a000 	C:\WINDOWS\SYSTEM32\VERSION.dll
0x00007ff818670000 - 0x00007ff8186db000 	C:\WINDOWS\System32\WS2_32.dll
0x00007ff812780000 - 0x00007ff81278f000 	C:\Program Files\Android\Android Studio\jre\jre\bin\verify.dll
0x00007ff811cd0000 - 0x00007ff811cf9000 	C:\Program Files\Android\Android Studio\jre\jre\bin\java.dll
0x00007ff812740000 - 0x00007ff812756000 	C:\Program Files\Android\Android Studio\jre\jre\bin\zip.dll
0x00007ff817de0000 - 0x00007ff818522000 	C:\WINDOWS\System32\SHELL32.dll
0x00007ff814e00000 - 0x00007ff815595000 	C:\WINDOWS\SYSTEM32\windows.storage.dll
0x00007ff8186e0000 - 0x00007ff818a36000 	C:\WINDOWS\System32\combase.dll
0x00007ff816af0000 - 0x00007ff816b1c000 	C:\WINDOWS\SYSTEM32\Wldp.dll
0x00007ff819260000 - 0x00007ff81930e000 	C:\WINDOWS\System32\SHCORE.dll
0x00007ff8196f0000 - 0x00007ff819745000 	C:\WINDOWS\System32\shlwapi.dll
0x00007ff816fb0000 - 0x00007ff816fd6000 	C:\WINDOWS\SYSTEM32\profapi.dll
0x00007ff811790000 - 0x00007ff8117aa000 	C:\Program Files\Android\Android Studio\jre\jre\bin\net.dll
0x00007ff816870000 - 0x00007ff8168da000 	C:\WINDOWS\system32\mswsock.dll
0x00007ff811770000 - 0x00007ff811783000 	C:\Program Files\Android\Android Studio\jre\jre\bin\nio.dll

VM Arguments:
java_command: org.jetbrains.kotlin.cli.jvm.K2JVMCompiler @C:\Users\Arash\AndroidStudioProjects\NearRoom\app\build\20201227_5700769947597646333.compiler.options
java_class_path (initial): C:\Users\Arash\.gradle\caches\modules-2\files-2.1\org.jetbrains.kotlin\kotlin-compiler-embeddable\1.4.21\87db94500aaf883536ae8c8efdee76bdc839d582\kotlin-compiler-embeddable-1.4.21.jar;C:\Users\Arash\.gradle\caches\modules-2\files-2.1\org.jetbrains.kotlin\kotlin-reflect\1.4.21\748f681f4e3edbe9285ff46710c79049c70f4dfa\kotlin-reflect-1.4.21.jar;C:\Users\Arash\.gradle\caches\modules-2\files-2.1\org.jetbrains.kotlin\kotlin-stdlib\1.4.21\4a668382d7c38688d3490afde93b6a113ed46698\kotlin-stdlib-1.4.21.jar;C:\Users\Arash\.gradle\caches\modules-2\files-2.1\org.jetbrains.kotlin\kotlin-script-runtime\1.4.21\1247decba314790165b4fe94d09c45b09db6b07f\kotlin-script-runtime-1.4.21.jar;C:\Users\Arash\.gradle\caches\modules-2\files-2.1\org.jetbrains.kotlin\kotlin-daemon-embeddable\1.4.21\bc95bcebdc871d45d9852b0c01abe9bec373bb52\kotlin-daemon-embeddable-1.4.21.jar;C:\Users\Arash\.gradle\caches\modules-2\files-2.1\org.jetbrains.intellij.deps\trove4j\1.0.20181211\216c2e14b070f334479d800987affe4054cd563f\trove4j-1.0.20181211.jar;C:\Users\Arash\.gradle\caches\modules-2\files-2.1\org.jetbrains.kotlin\kotlin-stdlib-common\1.4.21\7f48a062aa4b53215998780f7c245a4276828e1d\kotlin-stdlib-common-1.4.21.jar;C:\Users\Arash\.gradle\caches\modules-2\files-2.1\org.jetbrains\annotations\13.0\919f0dfe192fb4e063e7dacadee7f8bb9a2672a9\annotations-13.0.jar;C:\Program Files\Android\Android Studio\jre\lib\tools.jar
Launcher Type: SUN_STANDARD

Environment Variables:
PATH=C:\Program Files (x86)\Common Files\Intel\Shared Libraries\redist\intel64\compiler;C:\Program Files (x86)\Common Files\Oracle\Java\javapath;C:\Program Files (x86)\Intel\Intel(R) Management Engine Components\iCLS\;C:\Program Files\Intel\Intel(R) Management Engine Components\iCLS\;C:\Windows\system32;C:\Windows;C:\Windows\System32\Wbem;C:\Windows\System32\WindowsPowerShell\v1.0\;C:\Windows\System32\OpenSSH\;C:\Program Files (x86)\NVIDIA Corporation\PhysX\Common;C:\Program Files (x86)\Intel\Intel(R) Management Engine Components\DAL;C:\Program Files\Intel\Intel(R) Management Engine Components\DAL;C:\Program Files (x86)\Intel\Intel(R) Management Engine Components\IPT;C:\Program Files\Intel\Intel(R) Management Engine Components\IPT;C:\Program Files\NVIDIA Corporation\NVIDIA NvDLISR;C:\Program Files (x86)\Microsoft SQL Server\150\DTS\Binn\;C:\WINDOWS\system32;C:\WINDOWS;C:\WINDOWS\System32\Wbem;C:\WINDOWS\System32\WindowsPowerShell\v1.0\;C:\WINDOWS\System32\OpenSSH\;C:\Program Files\Intel\WiFi\bin\;C:\Program Files\Common Files\Intel\WirelessCommon\;C:\Program Files\nodejs\;C:\Program Files\Git\cmd;C:\Program Files\Java\jdk1.8.0_202\bin;C:\Users\Arash\AppData\Roaming\npm;C:\Program Files\Intel\WiFi\bin\;C:\Program Files\Common Files\Intel\WirelessCommon\;C:\Program Files\heroku\bin
USERNAME=Arash
OS=Windows_NT
PROCESSOR_IDENTIFIER=Intel64 Family 6 Model 142 Stepping 10, GenuineIntel



---------------  S Y S T E M  ---------------

OS: Windows 10.0 , 64 bit Build 19041 (10.0.19041.662)

CPU:total 8 (initial active 8) (4 cores per cpu, 2 threads per core) family 6 model 142 stepping 10, cmov, cx8, fxsr, mmx, sse, sse2, sse3, ssse3, sse4.1, sse4.2, popcnt, avx, avx2, aes, clmul, erms, 3dnowpref, lzcnt, ht, tsc, tscinvbit, bmi1, bmi2, adx

Memory: 4k page, physical 12458928k(1098776k free), swap 18602928k(4240k free)

vm_info: OpenJDK 64-Bit Server VM (25.242-b01) for windows-amd64 JRE (1.8.0_242-release-1644-b01), built by "builder" with MS VC++ 10.0 (VS2010)

time: Sun Dec 27 22:59:06 2020
timezone: Iran Standard Time
elapsed time: 11 seconds (0d 0h 0m 11s)

