#
# There is insufficient memory for the Java Runtime Environment to continue.
# Native memory allocation (malloc) failed to allocate 1619936 bytes for Chunk::new
# Possible reasons:
#   The system is out of physical RAM or swap space
#   The process is running with CompressedOops enabled, and the Java Heap may be blocking the growth of the native heap
# Possible solutions:
#   Reduce memory load on the system
#   Increase physical memory or swap space
#   Check if swap backing store is full
#   Decrease Java heap size (-Xmx/-Xms)
#   Decrease number of Java threads
#   Decrease Java thread stack sizes (-Xss)
#   Set larger code cache with -XX:ReservedCodeCacheSize=
#   JVM is running with Unscaled Compressed Oops mode in which the Java heap is
#     placed in the first 4GB address space. The Java Heap base address is the
#     maximum limit for the native heap growth. Please use -XX:HeapBaseMinAddress
#     to set the Java Heap base and to place the Java Heap above 4GB virtual address.
# This output file may be truncated or incomplete.
#
#  Out of Memory Error (allocation.cpp:389), pid=19128, tid=0x0000000000004dc0
#
# JRE version: OpenJDK Runtime Environment (8.0_242-b01) (build 1.8.0_242-release-1644-b01)
# Java VM: OpenJDK 64-Bit Server VM (25.242-b01 mixed mode windows-amd64 compressed oops)
# Failed to write core dump. Minidumps are not enabled by default on client versions of Windows
#

---------------  T H R E A D  ---------------

Current thread (0x0000000019374000):  JavaThread "C2 CompilerThread0" daemon [_thread_in_native, id=19904, stack(0x0000000019c40000,0x0000000019d40000)]

Stack: [0x0000000019c40000,0x0000000019d40000]
[error occurred during error reporting (printing stack bounds), id 0xc0000005]

Native frames: (J=compiled Java code, j=interpreted, Vv=VM code, C=native code)


Current CompileTask:
C2:  27146 12078 %     4       com.android.tools.r8.ir.regalloc.a::a @ 63 (3992 bytes)


---------------  P R O C E S S  ---------------

Java Threads: ( => current thread )
  0x0000000033e95000 JavaThread "WorkerExecutor Queue Thread 9" [_thread_blocked, id=19960, stack(0x000000003ad10000,0x000000003ae10000)]
  0x0000000033e97800 JavaThread "WorkerExecutor Queue Thread 8" [_thread_blocked, id=17020, stack(0x000000003ac10000,0x000000003ad10000)]
  0x0000000033e9c000 JavaThread "WorkerExecutor Queue Thread 7" [_thread_blocked, id=17296, stack(0x000000003ab10000,0x000000003ac10000)]
  0x0000000033e94800 JavaThread "WorkerExecutor Queue Thread 6" [_thread_blocked, id=18880, stack(0x000000003aa10000,0x000000003ab10000)]
  0x0000000033e99000 JavaThread "WorkerExecutor Queue Thread 5" [_thread_blocked, id=1840, stack(0x000000003a910000,0x000000003aa10000)]
  0x0000000033e96800 JavaThread "WorkerExecutor Queue Thread 4" [_thread_in_Java, id=19372, stack(0x000000003a810000,0x000000003a910000)]
  0x0000000033e9b000 JavaThread "WorkerExecutor Queue Thread 3" [_thread_in_native, id=5532, stack(0x000000003a710000,0x000000003a810000)]
  0x0000000033e98000 JavaThread "ForkJoinPool-1-worker-0" daemon [_thread_blocked, id=19816, stack(0x000000003a610000,0x000000003a710000)]
  0x0000000033e23800 JavaThread "ForkJoinPool-1-worker-7" daemon [_thread_blocked, id=21112, stack(0x000000003a510000,0x000000003a610000)]
  0x0000000033e26800 JavaThread "ForkJoinPool-1-worker-6" daemon [_thread_blocked, id=13004, stack(0x0000000039e90000,0x0000000039f90000)]
  0x0000000033e23000 JavaThread "ForkJoinPool-1-worker-5" daemon [_thread_blocked, id=22016, stack(0x0000000039d90000,0x0000000039e90000)]
  0x0000000033e27800 JavaThread "ForkJoinPool-1-worker-4" daemon [_thread_blocked, id=18908, stack(0x0000000039c90000,0x0000000039d90000)]
  0x0000000033e25000 JavaThread "ForkJoinPool-1-worker-3" daemon [_thread_blocked, id=17940, stack(0x0000000039b90000,0x0000000039c90000)]
  0x0000000033e26000 JavaThread "ForkJoinPool-1-worker-2" daemon [_thread_blocked, id=13104, stack(0x0000000039a90000,0x0000000039b90000)]
  0x0000000033e24800 JavaThread "ForkJoinPool-1-worker-1" daemon [_thread_blocked, id=1540, stack(0x0000000037150000,0x0000000037250000)]
  0x0000000033e1b800 JavaThread "WorkerExecutor Queue Thread 2" [_thread_blocked, id=9972, stack(0x0000000036010000,0x0000000036110000)]
  0x0000000033e22000 JavaThread "WorkerExecutor Queue" [_thread_in_Java, id=21836, stack(0x0000000035cb0000,0x0000000035db0000)]
  0x00000000213a2800 JavaThread "Cache worker for execution history cache (C:\Users\Arash\AndroidStudioProjects\NearRoom\.gradle\6.5\executionHistory)" [_thread_blocked, id=3496, stack(0x00000000300a0000,0x00000000301a0000)]
  0x00000000213a2000 JavaThread "Execution worker for ':' Thread 7" [_thread_blocked, id=8444, stack(0x000000002ffa0000,0x00000000300a0000)]
  0x000000002139c000 JavaThread "Execution worker for ':' Thread 6" [_thread_blocked, id=18340, stack(0x000000002fea0000,0x000000002ffa0000)]
  0x00000000213a1000 JavaThread "Execution worker for ':' Thread 5" [_thread_blocked, id=21328, stack(0x000000002fda0000,0x000000002fea0000)]
  0x000000002139e000 JavaThread "Execution worker for ':' Thread 4" [_thread_blocked, id=15720, stack(0x000000002fca0000,0x000000002fda0000)]
  0x000000002139b000 JavaThread "Execution worker for ':' Thread 3" [_thread_blocked, id=10480, stack(0x000000002fba0000,0x000000002fca0000)]
  0x000000002139f000 JavaThread "Execution worker for ':' Thread 2" [_thread_blocked, id=11760, stack(0x000000002faa0000,0x000000002fba0000)]
  0x00000000213a0800 JavaThread "Execution worker for ':'" [_thread_blocked, id=15912, stack(0x000000002f9a0000,0x000000002faa0000)]
  0x000000002139f800 JavaThread "Cache worker for file content cache (C:\Users\Arash\AndroidStudioProjects\NearRoom\.gradle\6.5\fileContent)" [_thread_blocked, id=18624, stack(0x000000002d150000,0x000000002d250000)]
  0x000000002139d800 JavaThread "Memory manager" [_thread_blocked, id=12736, stack(0x000000002bd00000,0x000000002be00000)]
  0x0000000021399800 JavaThread "Cache worker for Build Output Cleanup Cache (C:\Users\Arash\AndroidStudioProjects\NearRoom\.gradle\buildOutputCleanup)" [_thread_blocked, id=20800, stack(0x000000002be50000,0x000000002bf50000)]
  0x000000002139a800 JavaThread "jar transforms Thread 116" [_thread_blocked, id=10552, stack(0x000000002ba00000,0x000000002bb00000)]
  0x000000001c5db800 JavaThread "jar transforms Thread 115" [_thread_blocked, id=18192, stack(0x000000002b900000,0x000000002ba00000)]
  0x000000001c5da800 JavaThread "jar transforms Thread 114" [_thread_blocked, id=20772, stack(0x000000002b800000,0x000000002b900000)]
  0x000000001c5da000 JavaThread "jar transforms Thread 113" [_thread_blocked, id=876, stack(0x000000002b700000,0x000000002b800000)]
  0x000000001c5d9000 JavaThread "jar transforms Thread 112" [_thread_blocked, id=3844, stack(0x000000002b600000,0x000000002b700000)]
  0x000000001c5d7800 JavaThread "jar transforms Thread 111" [_thread_blocked, id=16520, stack(0x000000002b500000,0x000000002b600000)]
  0x000000001c5d8800 JavaThread "jar transforms Thread 110" [_thread_blocked, id=10412, stack(0x000000002b400000,0x000000002b500000)]
  0x000000001c5d0000 JavaThread "jar transforms Thread 109" [_thread_blocked, id=4060, stack(0x000000002b300000,0x000000002b400000)]
  0x000000001c5d7000 JavaThread "jar transforms Thread 108" [_thread_blocked, id=18244, stack(0x000000002b200000,0x000000002b300000)]
  0x000000001c5cf800 JavaThread "jar transforms Thread 107" [_thread_blocked, id=10928, stack(0x000000002b100000,0x000000002b200000)]
  0x000000001c5d6000 JavaThread "jar transforms Thread 106" [_thread_blocked, id=15044, stack(0x000000002b000000,0x000000002b100000)]
  0x000000001c5d5800 JavaThread "jar transforms Thread 105" [_thread_blocked, id=4972, stack(0x000000002af00000,0x000000002b000000)]
  0x000000001c5ce000 JavaThread "jar transforms Thread 104" [_thread_blocked, id=20804, stack(0x000000002ae00000,0x000000002af00000)]
  0x000000001c5d4800 JavaThread "jar transforms Thread 103" [_thread_blocked, id=10756, stack(0x000000002ad00000,0x000000002ae00000)]
  0x000000001c5cd000 JavaThread "jar transforms Thread 102" [_thread_blocked, id=7172, stack(0x000000002ac00000,0x000000002ad00000)]
  0x000000001c5d4000 JavaThread "jar transforms Thread 101" [_thread_blocked, id=21632, stack(0x000000002ab00000,0x000000002ac00000)]
  0x000000001c5ce800 JavaThread "jar transforms Thread 100" [_thread_blocked, id=20760, stack(0x000000002aa00000,0x000000002ab00000)]
  0x000000001c5d1000 JavaThread "jar transforms Thread 99" [_thread_blocked, id=20232, stack(0x000000002a900000,0x000000002aa00000)]
  0x000000001c5cc800 JavaThread "jar transforms Thread 98" [_thread_blocked, id=17848, stack(0x000000002a800000,0x000000002a900000)]
  0x000000001c5d3000 JavaThread "jar transforms Thread 97" [_thread_blocked, id=1520, stack(0x000000002a700000,0x000000002a800000)]
  0x000000001c5d2800 JavaThread "jar transforms Thread 96" [_thread_blocked, id=10140, stack(0x000000002a600000,0x000000002a700000)]
  0x000000001c5d1800 JavaThread "jar transforms Thread 95" [_thread_blocked, id=16224, stack(0x000000002a400000,0x000000002a500000)]
  0x000000001fc60800 JavaThread "jar transforms Thread 94" [_thread_blocked, id=14912, stack(0x000000002a300000,0x000000002a400000)]
  0x000000001fc5f800 JavaThread "jar transforms Thread 93" [_thread_blocked, id=21788, stack(0x000000002a200000,0x000000002a300000)]
  0x000000001fc5d800 JavaThread "jar transforms Thread 92" [_thread_blocked, id=16780, stack(0x000000002a100000,0x000000002a200000)]
  0x000000001fc61000 JavaThread "jar transforms Thread 91" [_thread_blocked, id=15988, stack(0x000000002a000000,0x000000002a100000)]
  0x000000001fc5f000 JavaThread "jar transforms Thread 90" [_thread_blocked, id=16708, stack(0x0000000029f00000,0x000000002a000000)]
  0x000000001fc5c800 JavaThread "jar transforms Thread 89" [_thread_blocked, id=13556, stack(0x0000000029e00000,0x0000000029f00000)]
  0x000000001fc5e000 JavaThread "jar transforms Thread 88" [_thread_blocked, id=19768, stack(0x0000000029d00000,0x0000000029e00000)]
  0x000000001fc55000 JavaThread "jar transforms Thread 87" [_thread_blocked, id=16080, stack(0x0000000029c00000,0x0000000029d00000)]
  0x000000001fc5c000 JavaThread "jar transforms Thread 86" [_thread_blocked, id=7536, stack(0x0000000029b00000,0x0000000029c00000)]
  0x000000001fc56800 JavaThread "jar transforms Thread 85" [_thread_blocked, id=132, stack(0x0000000029a00000,0x0000000029b00000)]
  0x000000001fc54800 JavaThread "jar transforms Thread 84" [_thread_blocked, id=19676, stack(0x0000000029900000,0x0000000029a00000)]
  0x000000001fc59800 JavaThread "jar transforms Thread 83" [_thread_blocked, id=16868, stack(0x0000000029800000,0x0000000029900000)]
  0x000000001fc5b000 JavaThread "jar transforms Thread 82" [_thread_blocked, id=17192, stack(0x0000000029700000,0x0000000029800000)]
  0x000000001fc5a800 JavaThread "jar transforms Thread 81" [_thread_blocked, id=18776, stack(0x0000000029600000,0x0000000029700000)]
  0x000000001fc53800 JavaThread "jar transforms Thread 80" [_thread_blocked, id=16808, stack(0x0000000029500000,0x0000000029600000)]
  0x000000001fc58000 JavaThread "jar transforms Thread 79" [_thread_blocked, id=12784, stack(0x0000000029400000,0x0000000029500000)]
  0x000000001fc59000 JavaThread "jar transforms Thread 78" [_thread_blocked, id=6696, stack(0x0000000029300000,0x0000000029400000)]
  0x000000001fc52000 JavaThread "jar transforms Thread 77" [_thread_blocked, id=22336, stack(0x0000000029200000,0x0000000029300000)]
  0x000000001fc53000 JavaThread "jar transforms Thread 76" [_thread_blocked, id=20240, stack(0x0000000029100000,0x0000000029200000)]
  0x000000001fc56000 JavaThread "jar transforms Thread 75" [_thread_blocked, id=18032, stack(0x0000000029000000,0x0000000029100000)]
  0x000000001fc57800 JavaThread "jar transforms Thread 74" [_thread_blocked, id=22468, stack(0x0000000028f00000,0x0000000029000000)]
  0x000000001c26a800 JavaThread "jar transforms Thread 73" [_thread_blocked, id=14284, stack(0x0000000024970000,0x0000000024a70000)]
  0x000000001c269800 JavaThread "jar transforms Thread 72" [_thread_blocked, id=3136, stack(0x0000000024020000,0x0000000024120000)]
  0x000000001c269000 JavaThread "jar transforms Thread 71" [_thread_blocked, id=5912, stack(0x0000000023f20000,0x0000000024020000)]
  0x000000001c268000 JavaThread "jar transforms Thread 70" [_thread_blocked, id=20484, stack(0x0000000028e00000,0x0000000028f00000)]
  0x000000001c267800 JavaThread "jar transforms Thread 69" [_thread_blocked, id=15936, stack(0x0000000028d00000,0x0000000028e00000)]
  0x000000001c260000 JavaThread "jar transforms Thread 68" [_thread_blocked, id=16756, stack(0x0000000028c00000,0x0000000028d00000)]
  0x000000001c266800 JavaThread "jar transforms Thread 67" [_thread_blocked, id=20724, stack(0x0000000028b00000,0x0000000028c00000)]
  0x000000001c25f000 JavaThread "jar transforms Thread 66" [_thread_blocked, id=18560, stack(0x0000000028a00000,0x0000000028b00000)]
  0x000000001c266000 JavaThread "jar transforms Thread 65" [_thread_blocked, id=16700, stack(0x0000000028900000,0x0000000028a00000)]
  0x000000001c265000 JavaThread "jar transforms Thread 64" [_thread_blocked, id=19104, stack(0x0000000028800000,0x0000000028900000)]
  0x000000001c264800 JavaThread "jar transforms Thread 63" [_thread_blocked, id=1704, stack(0x0000000028700000,0x0000000028800000)]
  0x000000001c25d000 JavaThread "jar transforms Thread 62" [_thread_blocked, id=20916, stack(0x0000000028600000,0x0000000028700000)]
  0x000000001c25e800 JavaThread "jar transforms Thread 61" [_thread_blocked, id=1620, stack(0x0000000028500000,0x0000000028600000)]
  0x000000001c263800 JavaThread "jar transforms Thread 60" [_thread_blocked, id=6092, stack(0x0000000028400000,0x0000000028500000)]
  0x000000001c261800 JavaThread "jar transforms Thread 59" [_thread_blocked, id=21380, stack(0x0000000028300000,0x0000000028400000)]
  0x000000001c25c000 JavaThread "jar transforms Thread 58" [_thread_blocked, id=13260, stack(0x0000000028200000,0x0000000028300000)]
  0x000000001c263000 JavaThread "jar transforms Thread 57" [_thread_blocked, id=844, stack(0x0000000028100000,0x0000000028200000)]
  0x000000001c25d800 JavaThread "jar transforms Thread 56" [_thread_blocked, id=22368, stack(0x0000000028000000,0x0000000028100000)]
  0x000000001c25b800 JavaThread "jar transforms Thread 55" [_thread_blocked, id=3548, stack(0x0000000027f00000,0x0000000028000000)]
  0x000000001c262000 JavaThread "jar transforms Thread 54" [_thread_blocked, id=21164, stack(0x0000000027e00000,0x0000000027f00000)]
  0x000000001c260800 JavaThread "jar transforms Thread 53" [_thread_blocked, id=20704, stack(0x0000000027d00000,0x0000000027e00000)]
  0x0000000022da6800 JavaThread "jar transforms Thread 52" [_thread_blocked, id=19592, stack(0x0000000027c00000,0x0000000027d00000)]
  0x0000000022dab000 JavaThread "jar transforms Thread 51" [_thread_blocked, id=9336, stack(0x0000000027b00000,0x0000000027c00000)]
  0x0000000022daa000 JavaThread "jar transforms Thread 50" [_thread_blocked, id=21756, stack(0x0000000027a00000,0x0000000027b00000)]
  0x0000000022da5800 JavaThread "jar transforms Thread 49" [_thread_blocked, id=11744, stack(0x0000000027900000,0x0000000027a00000)]
  0x0000000022da8800 JavaThread "jar transforms Thread 48" [_thread_blocked, id=18888, stack(0x0000000027800000,0x0000000027900000)]
  0x0000000022da9800 JavaThread "jar transforms Thread 47" [_thread_blocked, id=12828, stack(0x0000000027700000,0x0000000027800000)]
  0x0000000022da8000 JavaThread "jar transforms Thread 46" [_thread_blocked, id=18068, stack(0x0000000027600000,0x0000000027700000)]
  0x0000000022da7000 JavaThread "jar transforms Thread 45" [_thread_blocked, id=1892, stack(0x0000000027500000,0x0000000027600000)]
  0x0000000022dab800 JavaThread "jar transforms Thread 44" [_thread_blocked, id=16912, stack(0x0000000027400000,0x0000000027500000)]
  0x0000000022da4000 JavaThread "jar transforms Thread 43" [_thread_blocked, id=16172, stack(0x0000000027300000,0x0000000027400000)]
  0x0000000022d9e000 JavaThread "jar transforms Thread 42" [_thread_blocked, id=13248, stack(0x0000000027200000,0x0000000027300000)]
  0x0000000022da5000 JavaThread "jar transforms Thread 41" [_thread_blocked, id=18084, stack(0x0000000027100000,0x0000000027200000)]
  0x0000000022d9c800 JavaThread "jar transforms Thread 40" [_thread_blocked, id=19496, stack(0x0000000027000000,0x0000000027100000)]
  0x0000000022da0000 JavaThread "jar transforms Thread 39" [_thread_blocked, id=12048, stack(0x0000000026f00000,0x0000000027000000)]
  0x0000000022d9f800 JavaThread "jar transforms Thread 38" [_thread_blocked, id=13700, stack(0x0000000026e00000,0x0000000026f00000)]
  0x0000000022da2800 JavaThread "jar transforms Thread 37" [_thread_blocked, id=7164, stack(0x0000000026d00000,0x0000000026e00000)]
  0x0000000022d9e800 JavaThread "jar transforms Thread 36" [_thread_blocked, id=11956, stack(0x0000000026c00000,0x0000000026d00000)]
  0x0000000022da3000 JavaThread "jar transforms Thread 35" [_thread_blocked, id=17784, stack(0x0000000026b00000,0x0000000026c00000)]
  0x0000000022da1800 JavaThread "jar transforms Thread 34" [_thread_blocked, id=18024, stack(0x0000000026a00000,0x0000000026b00000)]
  0x0000000022da1000 JavaThread "jar transforms Thread 33" [_thread_blocked, id=15580, stack(0x0000000026900000,0x0000000026a00000)]
  0x0000000022d9d000 JavaThread "jar transforms Thread 32" [_thread_blocked, id=17648, stack(0x0000000026800000,0x0000000026900000)]
  0x000000001c6db800 JavaThread "jar transforms Thread 31" [_thread_blocked, id=21848, stack(0x0000000026700000,0x0000000026800000)]
  0x000000001c6de800 JavaThread "jar transforms Thread 30" [_thread_blocked, id=14476, stack(0x0000000026600000,0x0000000026700000)]
  0x000000001c6da800 JavaThread "jar transforms Thread 29" [_thread_blocked, id=2496, stack(0x0000000026500000,0x0000000026600000)]
  0x000000001c6d7000 JavaThread "jar transforms Thread 28" [_thread_blocked, id=15700, stack(0x0000000026400000,0x0000000026500000)]
  0x000000001c6dc000 JavaThread "jar transforms Thread 27" [_thread_blocked, id=16784, stack(0x0000000026300000,0x0000000026400000)]
  0x000000001c6d9000 JavaThread "jar transforms Thread 26" [_thread_blocked, id=21748, stack(0x0000000026200000,0x0000000026300000)]
  0x000000001c6dd000 JavaThread "jar transforms Thread 25" [_thread_blocked, id=17920, stack(0x0000000026100000,0x0000000026200000)]
  0x000000001c6dd800 JavaThread "jar transforms Thread 24" [_thread_blocked, id=18636, stack(0x0000000026000000,0x0000000026100000)]
  0x000000001c6d8800 JavaThread "jar transforms Thread 23" [_thread_blocked, id=9956, stack(0x0000000025f00000,0x0000000026000000)]
  0x000000001c6da000 JavaThread "jar transforms Thread 22" [_thread_blocked, id=20488, stack(0x0000000025e00000,0x0000000025f00000)]
  0x000000001c6d2800 JavaThread "jar transforms Thread 21" [_thread_blocked, id=18740, stack(0x0000000025d00000,0x0000000025e00000)]
  0x000000001c6d5800 JavaThread "jar transforms Thread 20" [_thread_blocked, id=18452, stack(0x0000000025c00000,0x0000000025d00000)]
  0x000000001c6d6000 JavaThread "jar transforms Thread 19" [_thread_blocked, id=19440, stack(0x0000000025b00000,0x0000000025c00000)]
  0x000000001c6d4800 JavaThread "jar transforms Thread 18" [_thread_blocked, id=16120, stack(0x0000000025a00000,0x0000000025b00000)]
  0x000000001c6d7800 JavaThread "jar transforms Thread 17" [_thread_blocked, id=620, stack(0x0000000025900000,0x0000000025a00000)]
  0x000000001c6d0000 JavaThread "jar transforms Thread 16" [_thread_blocked, id=20400, stack(0x0000000025800000,0x0000000025900000)]
  0x000000001c6d3000 JavaThread "jar transforms Thread 15" [_thread_blocked, id=14420, stack(0x0000000025700000,0x0000000025800000)]
  0x000000001c6d1800 JavaThread "jar transforms Thread 14" [_thread_blocked, id=18268, stack(0x0000000025600000,0x0000000025700000)]
  0x000000001c6d4000 JavaThread "jar transforms Thread 13" [_thread_blocked, id=14828, stack(0x0000000025500000,0x0000000025600000)]
  0x000000001c6cf800 JavaThread "jar transforms Thread 12" [_thread_blocked, id=9916, stack(0x0000000025400000,0x0000000025500000)]
  0x000000001c6d1000 JavaThread "jar transforms Thread 11" [_thread_blocked, id=17840, stack(0x0000000025300000,0x0000000025400000)]
  0x000000001bf60800 JavaThread "jar transforms Thread 10" [_thread_blocked, id=6992, stack(0x0000000025200000,0x0000000025300000)]
  0x000000001bf5f000 JavaThread "jar transforms Thread 9" [_thread_blocked, id=22392, stack(0x0000000025100000,0x0000000025200000)]
  0x000000001bf5e000 JavaThread "jar transforms Thread 8" [_thread_blocked, id=19952, stack(0x0000000025000000,0x0000000025100000)]
  0x000000001bf62000 JavaThread "jar transforms Thread 7" [_thread_blocked, id=16056, stack(0x0000000024f00000,0x0000000025000000)]
  0x000000001bf62800 JavaThread "jar transforms Thread 6" [_thread_blocked, id=4500, stack(0x0000000024e00000,0x0000000024f00000)]
  0x000000001bf61000 JavaThread "jar transforms Thread 5" [_thread_blocked, id=20988, stack(0x0000000024d00000,0x0000000024e00000)]
  0x000000001bf5f800 JavaThread "jar transforms Thread 4" [_thread_blocked, id=1640, stack(0x0000000024c00000,0x0000000024d00000)]
  0x000000001bf63800 JavaThread "jar transforms Thread 3" [_thread_blocked, id=17356, stack(0x0000000024b00000,0x0000000024c00000)]
  0x000000001bf56800 JavaThread "jar transforms Thread 2" [_thread_blocked, id=15876, stack(0x0000000023e20000,0x0000000023f20000)]
  0x000000001bf58000 JavaThread "Build operations Thread 8" [_thread_blocked, id=7000, stack(0x0000000024870000,0x0000000024970000)]
  0x000000001bf5d800 JavaThread "Build operations Thread 7" [_thread_blocked, id=17856, stack(0x0000000024770000,0x0000000024870000)]
  0x000000001bf57800 JavaThread "Build operations Thread 6" [_thread_blocked, id=19004, stack(0x0000000024670000,0x0000000024770000)]
  0x000000001bf56000 JavaThread "Build operations Thread 5" [_thread_blocked, id=20196, stack(0x0000000024570000,0x0000000024670000)]
  0x000000001bf5c800 JavaThread "Build operations Thread 4" [_thread_blocked, id=15188, stack(0x0000000024470000,0x0000000024570000)]
  0x000000001bf59000 JavaThread "Build operations Thread 3" [_thread_blocked, id=19100, stack(0x0000000024370000,0x0000000024470000)]
  0x000000001bf5c000 JavaThread "Build operations Thread 2" [_thread_blocked, id=7664, stack(0x0000000024270000,0x0000000024370000)]
  0x000000001bf55000 JavaThread "Build operations" [_thread_blocked, id=1976, stack(0x0000000024170000,0x0000000024270000)]
  0x000000001c066000 JavaThread "Cache worker for file content cache (C:\Users\Arash\.gradle\caches\6.5\fileContent)" [_thread_blocked, id=21560, stack(0x0000000022750000,0x0000000022850000)]
  0x000000001c065800 JavaThread "jar transforms" [_thread_blocked, id=20084, stack(0x0000000022650000,0x0000000022750000)]
  0x000000001c069000 JavaThread "Cache worker for execution history cache (C:\Users\Arash\.gradle\caches\6.5\executionHistory)" [_thread_blocked, id=12960, stack(0x0000000021f50000,0x0000000022050000)]
  0x000000001c064800 JavaThread "Cache worker for cache directory md-rule (C:\Users\Arash\.gradle\caches\6.5\md-rule)" [_thread_blocked, id=21616, stack(0x0000000021e50000,0x0000000021f50000)]
  0x000000001c067800 JavaThread "Cache worker for cache directory md-supplier (C:\Users\Arash\.gradle\caches\6.5\md-supplier)" [_thread_blocked, id=21492, stack(0x0000000020900000,0x0000000020a00000)]
  0x000000001c064000 JavaThread "Cache worker for checksums cache (C:\Users\Arash\AndroidStudioProjects\NearRoom\.gradle\checksums)" [_thread_blocked, id=19844, stack(0x0000000020800000,0x0000000020900000)]
  0x000000001c062800 JavaThread "Cache worker for file hash cache (C:\Users\Arash\AndroidStudioProjects\NearRoom\.gradle\6.5\fileHashes)" [_thread_blocked, id=12884, stack(0x0000000021a60000,0x0000000021b60000)]
  0x000000001c063000 JavaThread "Cache worker for file hash cache (C:\Users\Arash\.gradle\caches\6.5\fileHashes)" [_thread_blocked, id=3028, stack(0x000000001e360000,0x000000001e460000)]
  0x000000001c068800 JavaThread "File lock request listener" [_thread_in_native, id=19164, stack(0x000000001e260000,0x000000001e360000)]
  0x000000001a34f800 JavaThread "Cache worker for journal cache (C:\Users\Arash\.gradle\caches\journal-1)" [_thread_blocked, id=1432, stack(0x000000001e160000,0x000000001e260000)]
  0x000000001a402000 JavaThread "Thread-9" [_thread_blocked, id=13028, stack(0x000000001de60000,0x000000001df60000)]
  0x000000001a3ee800 JavaThread "Stdin handler" [_thread_blocked, id=9136, stack(0x000000001dd60000,0x000000001de60000)]
  0x000000001a3ea000 JavaThread "Asynchronous log dispatcher for DefaultDaemonConnection: socket connection from /127.0.0.1:54534 to /127.0.0.1:54535" [_thread_blocked, id=20848, stack(0x000000001dc60000,0x000000001dd60000)]
  0x000000001949f000 JavaThread "Daemon worker" [_thread_blocked, id=4924, stack(0x000000001db60000,0x000000001dc60000)]
  0x000000001a319000 JavaThread "Cancel handler" [_thread_blocked, id=15604, stack(0x000000001d960000,0x000000001da60000)]
  0x0000000019490000 JavaThread "Handler for socket connection from /127.0.0.1:54534 to /127.0.0.1:54535" [_thread_in_native, id=13520, stack(0x000000001d860000,0x000000001d960000)]
  0x000000001bd88800 JavaThread "Daemon" [_thread_blocked, id=17676, stack(0x000000001d760000,0x000000001d860000)]
  0x000000001bd24000 JavaThread "Daemon periodic checks" [_thread_blocked, id=19568, stack(0x000000001d460000,0x000000001d560000)]
  0x000000001bd17800 JavaThread "Incoming local TCP Connector on port 54534" [_thread_in_native, id=6872, stack(0x000000001d220000,0x000000001d320000)]
  0x000000001bc33800 JavaThread "Daemon health stats" [_thread_blocked, id=17224, stack(0x000000001cbe0000,0x000000001cce0000)]
  0x0000000019401000 JavaThread "Service Thread" daemon [_thread_blocked, id=19380, stack(0x000000001a040000,0x000000001a140000)]
  0x0000000019382000 JavaThread "C1 CompilerThread3" daemon [_thread_blocked, id=11652, stack(0x0000000019f40000,0x000000001a040000)]
  0x000000001937e800 JavaThread "C2 CompilerThread2" daemon [_thread_in_native, id=18224, stack(0x0000000019e40000,0x0000000019f40000)]
  0x000000001758b000 JavaThread "C2 CompilerThread1" daemon [_thread_in_native, id=17124, stack(0x0000000019d40000,0x0000000019e40000)]
=>0x0000000019374000 JavaThread "C2 CompilerThread0" daemon [_thread_in_native, id=19904, stack(0x0000000019c40000,0x0000000019d40000)]
  0x0000000019373000 JavaThread "Attach Listener" daemon [_thread_blocked, id=14616, stack(0x0000000019b40000,0x0000000019c40000)]
  0x0000000019375800 JavaThread "Signal Dispatcher" daemon [_thread_blocked, id=16716, stack(0x0000000019a40000,0x0000000019b40000)]
  0x000000000250e800 JavaThread "Finalizer" daemon [_thread_blocked, id=20668, stack(0x0000000019840000,0x0000000019940000)]
  0x000000001757c800 JavaThread "Reference Handler" daemon [_thread_blocked, id=9112, stack(0x0000000019740000,0x0000000019840000)]
  0x000000000240e000 JavaThread "main" [_thread_blocked, id=16124, stack(0x00000000022a0000,0x00000000023a0000)]

Other Threads:
  0x0000000017575800 VMThread [stack: 0x0000000019240000,0x0000000019340000] [id=11192]
  0x0000000019402000 WatcherThread [stack: 0x000000001a140000,0x000000001a240000] [id=19920]

VM state:not at safepoint (normal execution)

VM Mutex/Monitor currently owned by a thread: None

heap address: 0x0000000080000000, size: 2048 MB, Compressed Oops mode: 32-bit
Narrow klass base: 0x0000000000000000, Narrow klass shift: 3
Compressed class space size: 1073741824 Address: 0x0000000100000000

Heap:
 PSYoungGen      total 644096K, used 55967K [0x00000000d5580000, 0x0000000100000000, 0x0000000100000000)
  eden space 589312K, 9% used [0x00000000d5580000,0x00000000d8c27d08,0x00000000f9500000)
  from space 54784K, 0% used [0x00000000f9500000,0x00000000f9500000,0x00000000fca80000)
  to   space 53760K, 0% used [0x00000000fcb80000,0x00000000fcb80000,0x0000000100000000)
 ParOldGen       total 219648K, used 190589K [0x0000000080000000, 0x000000008d680000, 0x00000000d5580000)
  object space 219648K, 86% used [0x0000000080000000,0x000000008ba1f718,0x000000008d680000)
 Metaspace       used 84845K, capacity 89198K, committed 91672K, reserved 1128448K
  class space    used 11373K, capacity 12188K, committed 12848K, reserved 1048576K

Card table byte_map: [0x00000000118d0000,0x0000000011ce0000] byte_map_base: 0x00000000114d0000

Marking Bits: (ParMarkBitMap*) 0x000000006658f030
 Begin Bits: [0x0000000012790000, 0x0000000014790000)
 End Bits:   [0x0000000014790000, 0x0000000016790000)

Polling page: 0x00000000021c0000

CodeCache: size=245760Kb used=44157Kb max_used=46942Kb free=201602Kb
 bounds [0x0000000002510000, 0x0000000005320000, 0x0000000011510000]
 total_blobs=14559 nmethods=13721 adapters=748
 compilation: enabled

Compilation events (10 events):
Event: 27.064 Thread 0x0000000019382000 16833       2       com.android.tools.r8.code.t2::a (1 bytes)
Event: 27.064 Thread 0x0000000019382000 nmethod 16833 0x00000000042bc790 code [0x00000000042bc8e0, 0x00000000042bca30]
Event: 27.065 Thread 0x0000000019382000 16834       2       com.android.tools.r8.code.A3::a (11 bytes)
Event: 27.065 Thread 0x0000000019382000 nmethod 16834 0x0000000002fb8490 code [0x0000000002fb8600, 0x0000000002fb8788]
Event: 27.065 Thread 0x0000000019382000 16835       1       com.android.tools.r8.code.V::a (1 bytes)
Event: 27.065 Thread 0x0000000019382000 nmethod 16835 0x00000000038bafd0 code [0x00000000038bb120, 0x00000000038bb230]
Event: 27.066 Thread 0x0000000019382000 16836       1       com.android.tools.r8.code.c0::a (1 bytes)
Event: 27.066 Thread 0x0000000019382000 nmethod 16836 0x0000000004288150 code [0x00000000042882a0, 0x00000000042883b0]
Event: 27.091 Thread 0x0000000019382000 16837       2       com.android.tools.r8.code.A2::a (1 bytes)
Event: 27.091 Thread 0x0000000019382000 nmethod 16837 0x00000000042ba750 code [0x00000000042ba8a0, 0x00000000042ba9f0]

GC Heap History (10 events):
Event: 23.623 GC heap before
{Heap before GC invocations=42 (full 5):
 PSYoungGen      total 644608K, used 644433K [0x00000000d5580000, 0x0000000100000000, 0x0000000100000000)
  eden space 601088K, 100% used [0x00000000d5580000,0x00000000fa080000,0x00000000fa080000)
  from space 43520K, 99% used [0x00000000fd000000,0x00000000ffa545a8,0x00000000ffa80000)
  to   space 48640K, 0% used [0x00000000fa080000,0x00000000fa080000,0x00000000fd000000)
 ParOldGen       total 168960K, used 141170K [0x0000000080000000, 0x000000008a500000, 0x00000000d5580000)
  object space 168960K, 83% used [0x0000000080000000,0x00000000889dc848,0x000000008a500000)
 Metaspace       used 83387K, capacity 87494K, committed 90264K, reserved 1126400K
  class space    used 11211K, capacity 12006K, committed 12720K, reserved 1048576K
Event: 23.647 GC heap after
Heap after GC invocations=42 (full 5):
 PSYoungGen      total 648704K, used 47592K [0x00000000d5580000, 0x0000000100000000, 0x0000000100000000)
  eden space 601088K, 0% used [0x00000000d5580000,0x00000000d5580000,0x00000000fa080000)
  from space 47616K, 99% used [0x00000000fa080000,0x00000000fcefa050,0x00000000fcf00000)
  to   space 50176K, 0% used [0x00000000fcf00000,0x00000000fcf00000,0x0000000100000000)
 ParOldGen       total 168960K, used 141170K [0x0000000080000000, 0x000000008a500000, 0x00000000d5580000)
  object space 168960K, 83% used [0x0000000080000000,0x00000000889dc848,0x000000008a500000)
 Metaspace       used 83387K, capacity 87494K, committed 90264K, reserved 1126400K
  class space    used 11211K, capacity 12006K, committed 12720K, reserved 1048576K
}
Event: 24.056 GC heap before
{Heap before GC invocations=43 (full 5):
 PSYoungGen      total 648704K, used 648680K [0x00000000d5580000, 0x0000000100000000, 0x0000000100000000)
  eden space 601088K, 100% used [0x00000000d5580000,0x00000000fa080000,0x00000000fa080000)
  from space 47616K, 99% used [0x00000000fa080000,0x00000000fcefa050,0x00000000fcf00000)
  to   space 50176K, 0% used [0x00000000fcf00000,0x00000000fcf00000,0x0000000100000000)
 ParOldGen       total 168960K, used 141170K [0x0000000080000000, 0x000000008a500000, 0x00000000d5580000)
  object space 168960K, 83% used [0x0000000080000000,0x00000000889dc848,0x000000008a500000)
 Metaspace       used 83407K, capacity 87560K, committed 90520K, reserved 1126400K
  class space    used 11214K, capacity 12007K, committed 12720K, reserved 1048576K
Event: 24.081 GC heap after
Heap after GC invocations=43 (full 5):
 PSYoungGen      total 639488K, used 37962K [0x00000000d5580000, 0x0000000100000000, 0x0000000100000000)
  eden space 589312K, 0% used [0x00000000d5580000,0x00000000d5580000,0x00000000f9500000)
  from space 50176K, 75% used [0x00000000fcf00000,0x00000000ff412a50,0x0000000100000000)
  to   space 54784K, 0% used [0x00000000f9500000,0x00000000f9500000,0x00000000fca80000)
 ParOldGen       total 168960K, used 141170K [0x0000000080000000, 0x000000008a500000, 0x00000000d5580000)
  object space 168960K, 83% used [0x0000000080000000,0x00000000889dc848,0x000000008a500000)
 Metaspace       used 83407K, capacity 87560K, committed 90520K, reserved 1126400K
  class space    used 11214K, capacity 12007K, committed 12720K, reserved 1048576K
}
Event: 25.130 GC heap before
{Heap before GC invocations=44 (full 5):
 PSYoungGen      total 639488K, used 626767K [0x00000000d5580000, 0x0000000100000000, 0x0000000100000000)
  eden space 589312K, 99% used [0x00000000d5580000,0x00000000f9481280,0x00000000f9500000)
  from space 50176K, 75% used [0x00000000fcf00000,0x00000000ff412a50,0x0000000100000000)
  to   space 54784K, 0% used [0x00000000f9500000,0x00000000f9500000,0x00000000fca80000)
 ParOldGen       total 168960K, used 141170K [0x0000000080000000, 0x000000008a500000, 0x00000000d5580000)
  object space 168960K, 83% used [0x0000000080000000,0x00000000889dc848,0x000000008a500000)
 Metaspace       used 83891K, capacity 88094K, committed 90776K, reserved 1128448K
  class space    used 11287K, capacity 12088K, committed 12720K, reserved 1048576K
Event: 25.147 GC heap after
Heap after GC invocations=44 (full 5):
 PSYoungGen      total 644096K, used 33521K [0x00000000d5580000, 0x0000000100000000, 0x0000000100000000)
  eden space 589312K, 0% used [0x00000000d5580000,0x00000000d5580000,0x00000000f9500000)
  from space 54784K, 61% used [0x00000000f9500000,0x00000000fb5bc6b0,0x00000000fca80000)
  to   space 53760K, 0% used [0x00000000fcb80000,0x00000000fcb80000,0x0000000100000000)
 ParOldGen       total 168960K, used 141178K [0x0000000080000000, 0x000000008a500000, 0x00000000d5580000)
  object space 168960K, 83% used [0x0000000080000000,0x00000000889de848,0x000000008a500000)
 Metaspace       used 83891K, capacity 88094K, committed 90776K, reserved 1128448K
  class space    used 11287K, capacity 12088K, committed 12720K, reserved 1048576K
}
Event: 26.395 GC heap before
{Heap before GC invocations=45 (full 5):
 PSYoungGen      total 644096K, used 622833K [0x00000000d5580000, 0x0000000100000000, 0x0000000100000000)
  eden space 589312K, 100% used [0x00000000d5580000,0x00000000f9500000,0x00000000f9500000)
  from space 54784K, 61% used [0x00000000f9500000,0x00000000fb5bc6b0,0x00000000fca80000)
  to   space 53760K, 0% used [0x00000000fcb80000,0x00000000fcb80000,0x0000000100000000)
 ParOldGen       total 168960K, used 141178K [0x0000000080000000, 0x000000008a500000, 0x00000000d5580000)
  object space 168960K, 83% used [0x0000000080000000,0x00000000889de848,0x000000008a500000)
 Metaspace       used 84875K, capacity 89224K, committed 91672K, reserved 1128448K
  class space    used 11386K, capacity 12211K, committed 12848K, reserved 1048576K
Event: 26.610 GC heap after
Heap after GC invocations=45 (full 5):
 PSYoungGen      total 644096K, used 622833K [0x00000000d5580000, 0x0000000100000000, 0x0000000100000000)
  eden space 589312K, 100% used [0x00000000d5580000,0x00000000f9500000,0x00000000f9500000)
  from space 54784K, 61% used [0x00000000f9500000,0x00000000fb5bc6b0,0x00000000fca80000)
  to   space 53760K, 99% used [0x00000000fcb80000,0x00000000fffffec8,0x0000000100000000)
 ParOldGen       total 219648K, used 219641K [0x0000000080000000, 0x000000008d680000, 0x00000000d5580000)
  object space 219648K, 99% used [0x0000000080000000,0x000000008d67e658,0x000000008d680000)
 Metaspace       used 84875K, capacity 89224K, committed 91672K, reserved 1128448K
  class space    used 11386K, capacity 12211K, committed 12848K, reserved 1048576K
}
Event: 26.610 GC heap before
{Heap before GC invocations=46 (full 6):
 PSYoungGen      total 644096K, used 622833K [0x00000000d5580000, 0x0000000100000000, 0x0000000100000000)
  eden space 589312K, 100% used [0x00000000d5580000,0x00000000f9500000,0x00000000f9500000)
  from space 54784K, 61% used [0x00000000f9500000,0x00000000fb5bc6b0,0x00000000fca80000)
  to   space 53760K, 99% used [0x00000000fcb80000,0x00000000fffffec8,0x0000000100000000)
 ParOldGen       total 219648K, used 219641K [0x0000000080000000, 0x000000008d680000, 0x00000000d5580000)
  object space 219648K, 99% used [0x0000000080000000,0x000000008d67e658,0x000000008d680000)
 Metaspace       used 84875K, capacity 89224K, committed 91672K, reserved 1128448K
  class space    used 11386K, capacity 12211K, committed 12848K, reserved 1048576K
Event: 27.040 GC heap after
Heap after GC invocations=46 (full 6):
 PSYoungGen      total 644096K, used 0K [0x00000000d5580000, 0x0000000100000000, 0x0000000100000000)
  eden space 589312K, 0% used [0x00000000d5580000,0x00000000d5580000,0x00000000f9500000)
  from space 54784K, 0% used [0x00000000f9500000,0x00000000f9500000,0x00000000fca80000)
  to   space 53760K, 0% used [0x00000000fcb80000,0x00000000fcb80000,0x0000000100000000)
 ParOldGen       total 219648K, used 190589K [0x0000000080000000, 0x000000008d680000, 0x00000000d5580000)
  object space 219648K, 86% used [0x0000000080000000,0x000000008ba1f718,0x000000008d680000)
 Metaspace       used 84841K, capacity 89134K, committed 91672K, reserved 1128448K
  class space    used 11373K, capacity 12188K, committed 12848K, reserved 1048576K
}

Deoptimization events (10 events):
Event: 25.640 Thread 0x00000000213a0800 Uncommon trap: reason=bimorphic action=maybe_recompile pc=0x0000000003fbc3e4 method=java.io.ObjectOutputStream$BlockDataOutputStream.drain()V @ 36
Event: 25.866 Thread 0x0000000033e94800 Uncommon trap: reason=null_check action=make_not_entrant pc=0x0000000003c603f4 method=com.android.tools.r8.utils.J.a(Lcom/android/tools/r8/graph/j0;)Lcom/android/tools/r8/graph/C; @ 52
Event: 25.890 Thread 0x0000000033e9b000 Uncommon trap: reason=class_check action=maybe_recompile pc=0x0000000002fd0a30 method=com.android.tools.r8.utils.k0.M()Z @ 6
Event: 25.890 Thread 0x0000000033e9b000 Uncommon trap: reason=class_check action=maybe_recompile pc=0x0000000002fd0a30 method=com.android.tools.r8.utils.k0.M()Z @ 6
Event: 25.890 Thread 0x0000000033e9b000 Uncommon trap: reason=class_check action=maybe_recompile pc=0x0000000002fd0a30 method=com.android.tools.r8.utils.k0.M()Z @ 6
Event: 25.890 Thread 0x0000000033e9b000 Uncommon trap: reason=class_check action=maybe_recompile pc=0x0000000002fd0a30 method=com.android.tools.r8.utils.k0.M()Z @ 6
Event: 25.955 Thread 0x0000000033e94800 Uncommon trap: reason=class_check action=maybe_recompile pc=0x0000000004835f78 method=com.android.tools.r8.utils.k0.M()Z @ 6
Event: 25.957 Thread 0x0000000033e94800 Uncommon trap: reason=class_check action=maybe_recompile pc=0x000000000429beb4 method=com.android.tools.r8.utils.k0.M()Z @ 6
Event: 25.983 Thread 0x0000000033e9b000 Uncommon trap: reason=class_check action=maybe_recompile pc=0x000000000510471c method=com.android.tools.r8.utils.k0.M()Z @ 6
Event: 26.204 Thread 0x0000000033e94800 Uncommon trap: reason=unstable_if action=reinterpret pc=0x0000000002b99480 method=java.nio.Buffer.limit(I)Ljava/nio/Buffer; @ 33

Classes redefined (0 events):
No events

Internal exceptions (10 events):
Event: 26.351 Thread 0x0000000033e9b000 Exception <a 'sun/nio/fs/WindowsException'> (0x00000000f8181810) thrown at [C:\src\AOSP-openjdk-git\hotspot\src\share\vm\prims\jni.cpp, line 710]
Event: 26.352 Thread 0x0000000033e9b000 Exception <a 'sun/nio/fs/WindowsException'> (0x00000000f81cc9b8) thrown at [C:\src\AOSP-openjdk-git\hotspot\src\share\vm\prims\jni.cpp, line 710]
Event: 26.354 Thread 0x0000000033e9b000 Exception <a 'sun/nio/fs/WindowsException'> (0x00000000f831a030) thrown at [C:\src\AOSP-openjdk-git\hotspot\src\share\vm\prims\jni.cpp, line 710]
Event: 26.356 Thread 0x0000000033e9b000 Exception <a 'sun/nio/fs/WindowsException'> (0x00000000f8364bb0) thrown at [C:\src\AOSP-openjdk-git\hotspot\src\share\vm\prims\jni.cpp, line 710]
Event: 26.358 Thread 0x0000000033e9b000 Exception <a 'sun/nio/fs/WindowsException'> (0x00000000f8445cb8) thrown at [C:\src\AOSP-openjdk-git\hotspot\src\share\vm\prims\jni.cpp, line 710]
Event: 26.366 Thread 0x0000000033e9b000 Exception <a 'sun/nio/fs/WindowsException'> (0x00000000f84916c8) thrown at [C:\src\AOSP-openjdk-git\hotspot\src\share\vm\prims\jni.cpp, line 710]
Event: 26.368 Thread 0x0000000033e9b000 Exception <a 'sun/nio/fs/WindowsException'> (0x00000000f849ff80) thrown at [C:\src\AOSP-openjdk-git\hotspot\src\share\vm\prims\jni.cpp, line 710]
Event: 26.371 Thread 0x0000000033e9b000 Exception <a 'sun/nio/fs/WindowsException'> (0x00000000f84abc90) thrown at [C:\src\AOSP-openjdk-git\hotspot\src\share\vm\prims\jni.cpp, line 710]
Event: 26.389 Thread 0x0000000033e9b000 Exception <a 'sun/nio/fs/WindowsException'> (0x00000000f84b9590) thrown at [C:\src\AOSP-openjdk-git\hotspot\src\share\vm\prims\jni.cpp, line 710]
Event: 27.042 Thread 0x0000000033e9b000 Exception <a 'sun/nio/fs/WindowsException'> (0x00000000d568c550) thrown at [C:\src\AOSP-openjdk-git\hotspot\src\share\vm\prims\jni.cpp, line 710]

Events (10 events):
Event: 27.042 Executing VM operation: ForceSafepoint
Event: 27.043 Executing VM operation: ForceSafepoint done
Event: 27.046 Executing VM operation: ForceSafepoint
Event: 27.047 Executing VM operation: ForceSafepoint done
Event: 27.052 Thread 0x0000000033e96800 DEOPT PACKING pc=0x000000000428a2a2 sp=0x000000003a90c6c0
Event: 27.052 Thread 0x0000000033e96800 DEOPT UNPACKING pc=0x00000000025575d0 sp=0x000000003a90c538 mode 0
Event: 27.063 Executing VM operation: ForceSafepoint
Event: 27.063 Executing VM operation: ForceSafepoint done
Event: 27.088 Thread 0x0000000033e96800 DEOPT PACKING pc=0x000000000428a246 sp=0x000000003a90ca80
Event: 27.088 Thread 0x0000000033e96800 DEOPT UNPACKING pc=0x00000000025575d0 sp=0x000000003a90c8f8 mode 0


Dynamic libraries:
0x00007ff7a8ba0000 - 0x00007ff7a8bd1000 	C:\Program Files\Android\Android Studio\jre\bin\java.exe
0x00007ff977ad0000 - 0x00007ff977cc6000 	C:\WINDOWS\SYSTEM32\ntdll.dll
0x00007ff9776a0000 - 0x00007ff97775d000 	C:\WINDOWS\System32\KERNEL32.DLL
0x00007ff9751e0000 - 0x00007ff9754a9000 	C:\WINDOWS\System32\KERNELBASE.dll
0x00007ff977860000 - 0x00007ff97790c000 	C:\WINDOWS\System32\ADVAPI32.dll
0x00007ff975f90000 - 0x00007ff97602e000 	C:\WINDOWS\System32\msvcrt.dll
0x00007ff975b00000 - 0x00007ff975b9c000 	C:\WINDOWS\System32\sechost.dll
0x00007ff976db0000 - 0x00007ff976edb000 	C:\WINDOWS\System32\RPCRT4.dll
0x00007ff975dc0000 - 0x00007ff975f60000 	C:\WINDOWS\System32\USER32.dll
0x00007ff9755b0000 - 0x00007ff9755d2000 	C:\WINDOWS\System32\win32u.dll
0x00007ff977830000 - 0x00007ff97785a000 	C:\WINDOWS\System32\GDI32.dll
0x00007ff975950000 - 0x00007ff975a5b000 	C:\WINDOWS\System32\gdi32full.dll
0x00007ff975a60000 - 0x00007ff975afd000 	C:\WINDOWS\System32\msvcp_win.dll
0x00007ff9754b0000 - 0x00007ff9755b0000 	C:\WINDOWS\System32\ucrtbase.dll
0x00007ff9631c0000 - 0x00007ff96345b000 	C:\WINDOWS\WinSxS\amd64_microsoft.windows.common-controls_6595b64144ccf1df_6.0.19041.746_none_ca02b4b61b8320a4\COMCTL32.dll
0x00007ff975f60000 - 0x00007ff975f90000 	C:\WINDOWS\System32\IMM32.DLL
0x0000000066820000 - 0x00000000668f2000 	C:\Program Files\Android\Android Studio\jre\jre\bin\msvcr100.dll
0x0000000065dc0000 - 0x000000006660b000 	C:\Program Files\Android\Android Studio\jre\jre\bin\server\jvm.dll
0x00007ff975cd0000 - 0x00007ff975cd8000 	C:\WINDOWS\System32\PSAPI.DLL
0x00007ff969650000 - 0x00007ff969677000 	C:\WINDOWS\SYSTEM32\WINMM.dll
0x00007ff9675f0000 - 0x00007ff9675f9000 	C:\WINDOWS\SYSTEM32\WSOCK32.dll
0x00007ff96ea30000 - 0x00007ff96ea3a000 	C:\WINDOWS\SYSTEM32\VERSION.dll
0x00007ff977760000 - 0x00007ff9777cb000 	C:\WINDOWS\System32\WS2_32.dll
0x00007ff9707c0000 - 0x00007ff9707cf000 	C:\Program Files\Android\Android Studio\jre\jre\bin\verify.dll
0x00007ff969eb0000 - 0x00007ff969ed9000 	C:\Program Files\Android\Android Studio\jre\jre\bin\java.dll
0x00007ff9690a0000 - 0x00007ff9690b6000 	C:\Program Files\Android\Android Studio\jre\jre\bin\zip.dll
0x00007ff9765d0000 - 0x00007ff976d12000 	C:\WINDOWS\System32\SHELL32.dll
0x00007ff972f60000 - 0x00007ff9736f0000 	C:\WINDOWS\SYSTEM32\windows.storage.dll
0x00007ff977020000 - 0x00007ff977376000 	C:\WINDOWS\System32\combase.dll
0x00007ff974c40000 - 0x00007ff974c6c000 	C:\WINDOWS\SYSTEM32\Wldp.dll
0x00007ff977380000 - 0x00007ff97742e000 	C:\WINDOWS\System32\SHCORE.dll
0x00007ff9777d0000 - 0x00007ff977825000 	C:\WINDOWS\System32\shlwapi.dll
0x00007ff975110000 - 0x00007ff975136000 	C:\WINDOWS\SYSTEM32\profapi.dll
0x00007ff969080000 - 0x00007ff96909a000 	C:\Program Files\Android\Android Studio\jre\jre\bin\net.dll
0x00007ff9749c0000 - 0x00007ff974a2a000 	C:\WINDOWS\system32\mswsock.dll
0x00007ff967740000 - 0x00007ff967753000 	C:\Program Files\Android\Android Studio\jre\jre\bin\nio.dll
0x00007ff96a110000 - 0x00007ff96a137000 	C:\Users\Arash\.gradle\native\f6784746aeab05261644944871eae4fe03e0ef1612fff0a4a95f87b438bc6780\windows-amd64\native-platform.dll
0x00007ff9707b0000 - 0x00007ff9707bd000 	C:\Program Files\Android\Android Studio\jre\jre\bin\management.dll
0x00007ff974b90000 - 0x00007ff974ba8000 	C:\WINDOWS\SYSTEM32\CRYPTSP.dll
0x00007ff9742f0000 - 0x00007ff974324000 	C:\WINDOWS\system32\rsaenh.dll
0x00007ff975850000 - 0x00007ff975877000 	C:\WINDOWS\System32\bcrypt.dll
0x00007ff975090000 - 0x00007ff9750be000 	C:\WINDOWS\SYSTEM32\USERENV.dll
0x00007ff9758d0000 - 0x00007ff975950000 	C:\WINDOWS\System32\bcryptprimitives.dll
0x00007ff974bb0000 - 0x00007ff974bbc000 	C:\WINDOWS\SYSTEM32\CRYPTBASE.dll
0x00007ff974660000 - 0x00007ff97469b000 	C:\WINDOWS\SYSTEM32\IPHLPAPI.DLL
0x00007ff9764a0000 - 0x00007ff9764a8000 	C:\WINDOWS\System32\NSI.dll
0x00007ff96e870000 - 0x00007ff96e887000 	C:\WINDOWS\SYSTEM32\dhcpcsvc6.DLL
0x00007ff96df30000 - 0x00007ff96df4d000 	C:\WINDOWS\SYSTEM32\dhcpcsvc.DLL
0x00007ff9746a0000 - 0x00007ff97476b000 	C:\WINDOWS\SYSTEM32\DNSAPI.dll
0x00007ff96e890000 - 0x00007ff96e89b000 	C:\WINDOWS\SYSTEM32\WINNSI.DLL

VM Arguments:
jvm_args: -Xmx2048m -Dfile.encoding=windows-1252 -Duser.country=US -Duser.language=en -Duser.variant 
java_command: org.gradle.launcher.daemon.bootstrap.GradleDaemon 6.5
java_class_path (initial): C:\Users\Arash\.gradle\wrapper\dists\gradle-6.5-bin\6nifqtx7604sqp1q6g8wikw7p\gradle-6.5\lib\gradle-launcher-6.5.jar
Launcher Type: SUN_STANDARD

Environment Variables:
PATH=C:\Program Files (x86)\Common Files\Intel\Shared Libraries\redist\intel64\compiler;C:\Program Files (x86)\Common Files\Oracle\Java\javapath;C:\Program Files (x86)\Intel\Intel(R) Management Engine Components\iCLS\;C:\Program Files\Intel\Intel(R) Management Engine Components\iCLS\;C:\Windows\system32;C:\Windows;C:\Windows\System32\Wbem;C:\Windows\System32\WindowsPowerShell\v1.0\;C:\Windows\System32\OpenSSH\;C:\Program Files (x86)\NVIDIA Corporation\PhysX\Common;C:\Program Files (x86)\Intel\Intel(R) Management Engine Components\DAL;C:\Program Files\Intel\Intel(R) Management Engine Components\DAL;C:\Program Files (x86)\Intel\Intel(R) Management Engine Components\IPT;C:\Program Files\Intel\Intel(R) Management Engine Components\IPT;C:\Program Files\NVIDIA Corporation\NVIDIA NvDLISR;C:\Program Files (x86)\Microsoft SQL Server\150\DTS\Binn\;C:\WINDOWS\system32;C:\WINDOWS;C:\WINDOWS\System32\Wbem;C:\WINDOWS\System32\WindowsPowerShell\v1.0\;C:\WINDOWS\System32\OpenSSH\;C:\Program Files\Intel\WiFi\bin\;C:\Program Files\Common Files\Intel\WirelessCommon\;C:\Program Files\nodejs\;C:\Program Files\Git\cmd;C:\Program Files\Java\jdk1.8.0_202\bin;C:\Users\Arash\AppData\Roaming\npm;C:\Program Files\Intel\WiFi\bin\;C:\Program Files\Common Files\Intel\WirelessCommon\;C:\Program Files\heroku\bin
USERNAME=Arash
OS=Windows_NT
PROCESSOR_IDENTIFIER=Intel64 Family 6 Model 142 Stepping 10, GenuineIntel



---------------  S Y S T E M  ---------------

OS: Windows 10.0 , 64 bit Build 19041 (10.0.19041.804)

CPU:total 8 (initial active 8) (4 cores per cpu, 2 threads per core) family 6 model 142 stepping 10, cmov, cx8, fxsr, mmx, sse, sse2, sse3, ssse3, sse4.1, sse4.2, popcnt, avx, avx2, aes, clmul, erms, 3dnowpref, lzcnt, ht, tsc, tscinvbit, bmi1, bmi2, adx

Memory: 4k page, physical 12458928k(472524k free), swap 18602928k(444k free)

vm_info: OpenJDK 64-Bit Server VM (25.242-b01) for windows-amd64 JRE (1.8.0_242-release-1644-b01), built by "builder" with MS VC++ 10.0 (VS2010)

time: Fri Mar 12 01:43:11 2021
timezone: Iran Standard Time
elapsed time: 27 seconds (0d 0h 0m 27s)

