#
# There is insufficient memory for the Java Runtime Environment to continue.
# Native memory allocation (malloc) failed to allocate 897696 bytes for Chunk::new
# Possible reasons:
#   The system is out of physical RAM or swap space
#   The process is running with CompressedOops enabled, and the Java Heap may be blocking the growth of the native heap
# Possible solutions:
#   Reduce memory load on the system
#   Increase physical memory or swap space
#   Check if swap backing store is full
#   Decrease Java heap size (-Xmx/-Xms)
#   Decrease number of Java threads
#   Decrease Java thread stack sizes (-Xss)
#   Set larger code cache with -XX:ReservedCodeCacheSize=
#   JVM is running with Zero Based Compressed Oops mode in which the Java heap is
#     placed in the first 32GB address space. The Java Heap base address is the
#     maximum limit for the native heap growth. Please use -XX:HeapBaseMinAddress
#     to set the Java Heap base and to place the Java Heap above 32GB virtual address.
# This output file may be truncated or incomplete.
#
#  Out of Memory Error (allocation.cpp:389), pid=12724, tid=0x0000000000000adc
#
# JRE version: OpenJDK Runtime Environment (8.0_242-b01) (build 1.8.0_242-release-1644-b01)
# Java VM: OpenJDK 64-Bit Server VM (25.242-b01 mixed mode windows-amd64 compressed oops)
# Failed to write core dump. Minidumps are not enabled by default on client versions of Windows
#

---------------  T H R E A D  ---------------

Current thread (0x000000001c39f000):  JavaThread "C2 CompilerThread2" daemon [_thread_in_native, id=2780, stack(0x000000001ce60000,0x000000001cf60000)]

Stack: [0x000000001ce60000,0x000000001cf60000]
[error occurred during error reporting (printing stack bounds), id 0xc0000005]

Native frames: (J=compiled Java code, j=interpreted, Vv=VM code, C=native code)


Current CompileTask:
C2:  18306 12863       4       org.jetbrains.kotlin.types.checker.NewCapturedTypeKt::captureArguments (698 bytes)


---------------  P R O C E S S  ---------------

Java Threads: ( => current thread )
  0x000000001c431000 JavaThread "Service Thread" daemon [_thread_blocked, id=23172, stack(0x000000001d060000,0x000000001d160000)]
  0x000000001c3a3000 JavaThread "C1 CompilerThread3" daemon [_thread_blocked, id=16156, stack(0x000000001cf60000,0x000000001d060000)]
=>0x000000001c39f000 JavaThread "C2 CompilerThread2" daemon [_thread_in_native, id=2780, stack(0x000000001ce60000,0x000000001cf60000)]
  0x000000001c394000 JavaThread "C2 CompilerThread1" daemon [_thread_in_native, id=16352, stack(0x000000001cd60000,0x000000001ce60000)]
  0x000000001c392000 JavaThread "C2 CompilerThread0" daemon [_thread_in_native, id=17548, stack(0x000000001cc60000,0x000000001cd60000)]
  0x000000001c38f800 JavaThread "Attach Listener" daemon [_thread_blocked, id=21708, stack(0x000000001cb60000,0x000000001cc60000)]
  0x000000001a59e800 JavaThread "Signal Dispatcher" daemon [_thread_blocked, id=5316, stack(0x000000001ca60000,0x000000001cb60000)]
  0x000000001c380800 JavaThread "Finalizer" daemon [_thread_blocked, id=7328, stack(0x000000001c860000,0x000000001c960000)]
  0x00000000030c8000 JavaThread "Reference Handler" daemon [_thread_blocked, id=15956, stack(0x000000001c760000,0x000000001c860000)]
  0x0000000002fd2800 JavaThread "main" [_thread_in_Java, id=13456, stack(0x0000000002ed0000,0x0000000002fd0000)]

Other Threads:
  0x000000001a586000 VMThread [stack: 0x000000001c260000,0x000000001c360000] [id=14724]
  0x000000001c431800 WatcherThread [stack: 0x000000001d160000,0x000000001d260000] [id=8524]

VM state:not at safepoint (normal execution)

VM Mutex/Monitor currently owned by a thread: None

heap address: 0x0000000701e00000, size: 3042 MB, Compressed Oops mode: Zero based, Oop shift amount: 3
Narrow klass base: 0x0000000000000000, Narrow klass shift: 3
Compressed class space size: 1073741824 Address: 0x00000007c0000000

Heap:
 PSYoungGen      total 208384K, used 25064K [0x0000000780a00000, 0x0000000795a00000, 0x00000007c0000000)
  eden space 174080K, 1% used [0x0000000780a00000,0x0000000780d4e4d8,0x000000078b400000)
  from space 34304K, 63% used [0x000000078e680000,0x000000078fbabc00,0x0000000790800000)
  to   space 51712K, 0% used [0x000000078b400000,0x000000078b400000,0x000000078e680000)
 ParOldGen       total 163840K, used 94188K [0x0000000701e00000, 0x000000070be00000, 0x0000000780a00000)
  object space 163840K, 57% used [0x0000000701e00000,0x00000007079fb178,0x000000070be00000)
 Metaspace       used 59738K, capacity 60941K, committed 61184K, reserved 1103872K
  class space    used 7025K, capacity 7330K, committed 7424K, reserved 1048576K

Card table byte_map: [0x0000000012490000,0x0000000012a90000] byte_map_base: 0x000000000ec81000

Marking Bits: (ParMarkBitMap*) 0x0000000061daf030
 Begin Bits: [0x0000000013690000, 0x0000000016618000)
 End Bits:   [0x0000000016618000, 0x00000000195a0000)

Polling page: 0x0000000001610000

CodeCache: size=245760Kb used=46117Kb max_used=47592Kb free=199642Kb
 bounds [0x00000000030d0000, 0x0000000005fa0000, 0x00000000120d0000]
 total_blobs=10917 nmethods=10399 adapters=429
 compilation: enabled

Compilation events (10 events):
Event: 18.290 Thread 0x000000001c3a3000 nmethod 12926 0x0000000003886810 code [0x00000000038869a0, 0x0000000003886c58]
Event: 18.290 Thread 0x000000001c3a3000 12927       3       org.jetbrains.kotlin.com.intellij.psi.impl.source.resolve.ResolveCache::access$000 (4 bytes)
Event: 18.290 Thread 0x000000001c3a3000 nmethod 12927 0x0000000005653110 code [0x0000000005653260, 0x0000000005653390]
Event: 18.292 Thread 0x000000001c3a3000 12928       3       org.jetbrains.kotlin.load.kotlin.header.ReadKotlinClassHeaderAnnotationVisitor::<init> (50 bytes)
Event: 18.292 Thread 0x000000001c3a3000 nmethod 12928 0x0000000004cc9510 code [0x0000000004cc9660, 0x0000000004cc98b0]
Event: 18.292 Thread 0x000000001c3a3000 12929       3       org.jetbrains.kotlin.load.kotlin.header.ReadKotlinClassHeaderAnnotationVisitor::createHeader (136 bytes)
Event: 18.293 Thread 0x000000001c3a3000 nmethod 12929 0x0000000004fe8d90 code [0x0000000004fe9000, 0x0000000004fe9e08]
Event: 18.296 Thread 0x000000001c3a3000 12930       3       org.jetbrains.kotlin.load.java.lazy.descriptors.LazyJavaClassMemberScope::computeClassNames (42 bytes)
Event: 18.297 Thread 0x000000001c3a3000 nmethod 12930 0x0000000004510290 code [0x00000000045104c0, 0x0000000004510fd8]
Event: 18.304 Thread 0x000000001c3a3000 12931       3       org.jetbrains.kotlin.com.intellij.psi.impl.source.tree.CompositePsiElement::getContext (5 bytes)

GC Heap History (10 events):
Event: 6.066 GC heap before
{Heap before GC invocations=7 (full 2):
 PSYoungGen      total 139776K, used 131584K [0x0000000780a00000, 0x000000078ad80000, 0x00000007c0000000)
  eden space 131584K, 100% used [0x0000000780a00000,0x0000000788a80000,0x0000000788a80000)
  from space 8192K, 0% used [0x0000000789280000,0x0000000789280000,0x0000000789a80000)
  to   space 8192K, 0% used [0x0000000788a80000,0x0000000788a80000,0x0000000789280000)
 ParOldGen       total 163840K, used 23671K [0x0000000701e00000, 0x000000070be00000, 0x0000000780a00000)
  object space 163840K, 14% used [0x0000000701e00000,0x000000070351dd20,0x000000070be00000)
 Metaspace       used 42625K, capacity 43331K, committed 43520K, reserved 1087488K
  class space    used 5089K, capacity 5275K, committed 5376K, reserved 1048576K
Event: 6.090 GC heap after
Heap after GC invocations=7 (full 2):
 PSYoungGen      total 139776K, used 8165K [0x0000000780a00000, 0x0000000790800000, 0x00000007c0000000)
  eden space 131584K, 0% used [0x0000000780a00000,0x0000000780a00000,0x0000000788a80000)
  from space 8192K, 99% used [0x0000000788a80000,0x00000007892796c8,0x0000000789280000)
  to   space 34304K, 0% used [0x000000078e680000,0x000000078e680000,0x0000000790800000)
 ParOldGen       total 163840K, used 44211K [0x0000000701e00000, 0x000000070be00000, 0x0000000780a00000)
  object space 163840K, 26% used [0x0000000701e00000,0x000000070492cec0,0x000000070be00000)
 Metaspace       used 42625K, capacity 43331K, committed 43520K, reserved 1087488K
  class space    used 5089K, capacity 5275K, committed 5376K, reserved 1048576K
}
Event: 8.178 GC heap before
{Heap before GC invocations=8 (full 2):
 PSYoungGen      total 139776K, used 139749K [0x0000000780a00000, 0x0000000790800000, 0x00000007c0000000)
  eden space 131584K, 100% used [0x0000000780a00000,0x0000000788a80000,0x0000000788a80000)
  from space 8192K, 99% used [0x0000000788a80000,0x00000007892796c8,0x0000000789280000)
  to   space 34304K, 0% used [0x000000078e680000,0x000000078e680000,0x0000000790800000)
 ParOldGen       total 163840K, used 44211K [0x0000000701e00000, 0x000000070be00000, 0x0000000780a00000)
  object space 163840K, 26% used [0x0000000701e00000,0x000000070492cec0,0x000000070be00000)
 Metaspace       used 47347K, capacity 48173K, committed 48384K, reserved 1091584K
  class space    used 5636K, capacity 5876K, committed 5888K, reserved 1048576K
Event: 8.214 GC heap after
Heap after GC invocations=8 (full 2):
 PSYoungGen      total 218624K, used 34295K [0x0000000780a00000, 0x0000000791300000, 0x00000007c0000000)
  eden space 184320K, 0% used [0x0000000780a00000,0x0000000780a00000,0x000000078be00000)
  from space 34304K, 99% used [0x000000078e680000,0x00000007907fdd20,0x0000000790800000)
  to   space 41472K, 0% used [0x000000078be00000,0x000000078be00000,0x000000078e680000)
 ParOldGen       total 163840K, used 45456K [0x0000000701e00000, 0x000000070be00000, 0x0000000780a00000)
  object space 163840K, 27% used [0x0000000701e00000,0x0000000704a642a0,0x000000070be00000)
 Metaspace       used 47347K, capacity 48173K, committed 48384K, reserved 1091584K
  class space    used 5636K, capacity 5876K, committed 5888K, reserved 1048576K
}
Event: 11.910 GC heap before
{Heap before GC invocations=9 (full 2):
 PSYoungGen      total 218624K, used 194926K [0x0000000780a00000, 0x0000000791300000, 0x00000007c0000000)
  eden space 184320K, 87% used [0x0000000780a00000,0x000000078a6ddc08,0x000000078be00000)
  from space 34304K, 99% used [0x000000078e680000,0x00000007907fdd20,0x0000000790800000)
  to   space 41472K, 0% used [0x000000078be00000,0x000000078be00000,0x000000078e680000)
 ParOldGen       total 163840K, used 45456K [0x0000000701e00000, 0x000000070be00000, 0x0000000780a00000)
  object space 163840K, 27% used [0x0000000701e00000,0x0000000704a642a0,0x000000070be00000)
 Metaspace       used 57686K, capacity 58841K, committed 59008K, reserved 1101824K
  class space    used 6919K, capacity 7214K, committed 7296K, reserved 1048576K
Event: 11.960 GC heap after
Heap after GC invocations=9 (full 2):
 PSYoungGen      total 225792K, used 41454K [0x0000000780a00000, 0x0000000791300000, 0x00000007c0000000)
  eden space 184320K, 0% used [0x0000000780a00000,0x0000000780a00000,0x000000078be00000)
  from space 41472K, 99% used [0x000000078be00000,0x000000078e67b9a8,0x000000078e680000)
  to   space 34304K, 0% used [0x000000078e680000,0x000000078e680000,0x0000000790800000)
 ParOldGen       total 163840K, used 56754K [0x0000000701e00000, 0x000000070be00000, 0x0000000780a00000)
  object space 163840K, 34% used [0x0000000701e00000,0x000000070556c9b0,0x000000070be00000)
 Metaspace       used 57686K, capacity 58841K, committed 59008K, reserved 1101824K
  class space    used 6919K, capacity 7214K, committed 7296K, reserved 1048576K
}
Event: 11.960 GC heap before
{Heap before GC invocations=10 (full 3):
 PSYoungGen      total 225792K, used 41454K [0x0000000780a00000, 0x0000000791300000, 0x00000007c0000000)
  eden space 184320K, 0% used [0x0000000780a00000,0x0000000780a00000,0x000000078be00000)
  from space 41472K, 99% used [0x000000078be00000,0x000000078e67b9a8,0x000000078e680000)
  to   space 34304K, 0% used [0x000000078e680000,0x000000078e680000,0x0000000790800000)
 ParOldGen       total 163840K, used 56754K [0x0000000701e00000, 0x000000070be00000, 0x0000000780a00000)
  object space 163840K, 34% used [0x0000000701e00000,0x000000070556c9b0,0x000000070be00000)
 Metaspace       used 57686K, capacity 58841K, committed 59008K, reserved 1101824K
  class space    used 6919K, capacity 7214K, committed 7296K, reserved 1048576K
Event: 12.438 GC heap after
Heap after GC invocations=10 (full 3):
 PSYoungGen      total 225792K, used 0K [0x0000000780a00000, 0x0000000791300000, 0x00000007c0000000)
  eden space 184320K, 0% used [0x0000000780a00000,0x0000000780a00000,0x000000078be00000)
  from space 41472K, 0% used [0x000000078be00000,0x000000078be00000,0x000000078e680000)
  to   space 34304K, 0% used [0x000000078e680000,0x000000078e680000,0x0000000790800000)
 ParOldGen       total 163840K, used 94180K [0x0000000701e00000, 0x000000070be00000, 0x0000000780a00000)
  object space 163840K, 57% used [0x0000000701e00000,0x00000007079f9178,0x000000070be00000)
 Metaspace       used 57686K, capacity 58841K, committed 59008K, reserved 1101824K
  class space    used 6919K, capacity 7214K, committed 7296K, reserved 1048576K
}
Event: 18.238 GC heap before
{Heap before GC invocations=11 (full 3):
 PSYoungGen      total 225792K, used 184320K [0x0000000780a00000, 0x0000000791300000, 0x00000007c0000000)
  eden space 184320K, 100% used [0x0000000780a00000,0x000000078be00000,0x000000078be00000)
  from space 41472K, 0% used [0x000000078be00000,0x000000078be00000,0x000000078e680000)
  to   space 34304K, 0% used [0x000000078e680000,0x000000078e680000,0x0000000790800000)
 ParOldGen       total 163840K, used 94180K [0x0000000701e00000, 0x000000070be00000, 0x0000000780a00000)
  object space 163840K, 57% used [0x0000000701e00000,0x00000007079f9178,0x000000070be00000)
 Metaspace       used 59692K, capacity 60937K, committed 61184K, reserved 1103872K
  class space    used 7024K, capacity 7330K, committed 7424K, reserved 1048576K
Event: 18.265 GC heap after
Heap after GC invocations=11 (full 3):
 PSYoungGen      total 208384K, used 21679K [0x0000000780a00000, 0x0000000795a00000, 0x00000007c0000000)
  eden space 174080K, 0% used [0x0000000780a00000,0x0000000780a00000,0x000000078b400000)
  from space 34304K, 63% used [0x000000078e680000,0x000000078fbabc00,0x0000000790800000)
  to   space 51712K, 0% used [0x000000078b400000,0x000000078b400000,0x000000078e680000)
 ParOldGen       total 163840K, used 94188K [0x0000000701e00000, 0x000000070be00000, 0x0000000780a00000)
  object space 163840K, 57% used [0x0000000701e00000,0x00000007079fb178,0x000000070be00000)
 Metaspace       used 59692K, capacity 60937K, committed 61184K, reserved 1103872K
  class space    used 7024K, capacity 7330K, committed 7424K, reserved 1048576K
}

Deoptimization events (10 events):
Event: 17.878 Thread 0x0000000002fd2800 Uncommon trap: reason=class_check action=maybe_recompile pc=0x0000000005d70308 method=org.jetbrains.kotlin.types.AbstractTypeChecker.findCorrespondingSupertypes(Lorg/jetbrains/kotlin/types/AbstractTypeCheckerContext;Lorg/jetbrains/kotlin/types/model/Simpl
Event: 17.917 Thread 0x0000000002fd2800 Uncommon trap: reason=unstable_if action=reinterpret pc=0x000000000581d26c method=org.jetbrains.kotlin.types.SpecialTypesKt.getAbbreviatedType(Lorg/jetbrains/kotlin/types/KotlinType;)Lorg/jetbrains/kotlin/types/AbbreviatedType; @ 14
Event: 18.006 Thread 0x0000000002fd2800 Uncommon trap: reason=unstable_if action=reinterpret pc=0x0000000005ef0bcc method=org.jetbrains.kotlin.resolve.calls.tower.TowerLevelsKt.getFakeDescriptorForObject(Lorg/jetbrains/kotlin/descriptors/ClassifierDescriptor;)Lorg/jetbrains/kotlin/resolve/calls
Event: 18.188 Thread 0x0000000002fd2800 Uncommon trap: reason=class_check action=maybe_recompile pc=0x0000000005bd3618 method=org.jetbrains.kotlin.descriptors.ModalityUtilsKt.isOverridable(Lorg/jetbrains/kotlin/descriptors/CallableMemberDescriptor;)Z @ 42
Event: 18.190 Thread 0x0000000002fd2800 Uncommon trap: reason=class_check action=maybe_recompile pc=0x0000000005bd3618 method=org.jetbrains.kotlin.descriptors.ModalityUtilsKt.isOverridable(Lorg/jetbrains/kotlin/descriptors/CallableMemberDescriptor;)Z @ 42
Event: 18.191 Thread 0x0000000002fd2800 Uncommon trap: reason=class_check action=maybe_recompile pc=0x0000000005bd3618 method=org.jetbrains.kotlin.descriptors.ModalityUtilsKt.isOverridable(Lorg/jetbrains/kotlin/descriptors/CallableMemberDescriptor;)Z @ 42
Event: 18.191 Thread 0x0000000002fd2800 Uncommon trap: reason=class_check action=maybe_recompile pc=0x0000000005bd3618 method=org.jetbrains.kotlin.descriptors.ModalityUtilsKt.isOverridable(Lorg/jetbrains/kotlin/descriptors/CallableMemberDescriptor;)Z @ 42
Event: 18.268 Thread 0x0000000002fd2800 Uncommon trap: reason=predicate action=maybe_recompile pc=0x0000000004f3465c method=org.jetbrains.kotlin.resolve.BindingContextUtils.addOwnDataTo(Lorg/jetbrains/kotlin/resolve/BindingTrace;Lorg/jetbrains/kotlin/resolve/TraceEntryFilter;ZLorg/jetbrains/kot
Event: 18.277 Thread 0x0000000002fd2800 Uncommon trap: reason=unstable_if action=reinterpret pc=0x0000000004b17e18 method=java.util.concurrent.ConcurrentHashMap.get(Ljava/lang/Object;)Ljava/lang/Object; @ 152
Event: 18.277 Thread 0x0000000002fd2800 Uncommon trap: reason=unstable_if action=reinterpret pc=0x0000000004dd76dc method=java.util.concurrent.ConcurrentHashMap.get(Ljava/lang/Object;)Ljava/lang/Object; @ 152

Classes redefined (0 events):
No events

Internal exceptions (10 events):
Event: 10.813 Thread 0x0000000002fd2800 Exception <a 'java/lang/NoSuchMethodError': java.lang.Object.lambda$static$0(I)[Lorg/jetbrains/kotlin/com/intellij/psi/PsiImportStatementBase;> (0x000000078852f448) thrown at [C:\src\AOSP-openjdk-git\hotspot\src\share\vm\interpreter\linkResolver.cpp, line
Event: 10.825 Thread 0x0000000002fd2800 Exception <a 'java/lang/NoSuchMethodError': java.lang.Object.lambda$static$0(I)I> (0x0000000788596b20) thrown at [C:\src\AOSP-openjdk-git\hotspot\src\share\vm\interpreter\linkResolver.cpp, line 620]
Event: 10.916 Thread 0x0000000002fd2800 Exception <a 'java/lang/NoSuchMethodError': java.lang.Object.lambda$static$0(I)[Lorg/jetbrains/kotlin/com/intellij/psi/PsiNameValuePair;> (0x00000007888edf98) thrown at [C:\src\AOSP-openjdk-git\hotspot\src\share\vm\interpreter\linkResolver.cpp, line 620]
Event: 10.920 Thread 0x0000000002fd2800 Exception <a 'java/lang/NoSuchMethodError': java.lang.Object.lambda$static$0(I)[Lorg/jetbrains/kotlin/com/intellij/psi/PsiAnnotationMemberValue;> (0x000000078890acf8) thrown at [C:\src\AOSP-openjdk-git\hotspot\src\share\vm\interpreter\linkResolver.cpp, li
Event: 10.927 Thread 0x0000000002fd2800 Exception <a 'java/lang/IncompatibleClassChangeError': Found class java.lang.Object, but interface was expected> (0x000000078892d970) thrown at [C:\src\AOSP-openjdk-git\hotspot\src\share\vm\interpreter\linkResolver.cpp, line 653]
Event: 12.447 Thread 0x0000000002fd2800 Exception <a 'java/lang/NoSuchMethodError': java.lang.Object.lambda$static$0(I)[Lorg/jetbrains/kotlin/com/intellij/psi/PsiParameter;> (0x0000000780a10330) thrown at [C:\src\AOSP-openjdk-git\hotspot\src\share\vm\interpreter\linkResolver.cpp, line 620]
Event: 12.745 Thread 0x0000000002fd2800 Implicit null exception at 0x00000000055c3a3c to 0x00000000055c4b21
Event: 13.367 Thread 0x0000000002fd2800 Implicit null exception at 0x000000000548ef8c to 0x000000000548f07e
Event: 17.572 Thread 0x0000000002fd2800 Implicit null exception at 0x00000000033f5dd6 to 0x00000000033f6181
Event: 17.595 Thread 0x0000000002fd2800 Implicit null exception at 0x00000000032e9596 to 0x00000000032e9939

Events (10 events):
Event: 18.292 loading class org/jetbrains/kotlin/synthetic/JavaSyntheticPropertiesScope$isGoodSetMethod$1
Event: 18.292 loading class org/jetbrains/kotlin/synthetic/JavaSyntheticPropertiesScope$isGoodSetMethod$1 done
Event: 18.293 loading class org/jetbrains/kotlin/synthetic/SyntheticJavaPropertyDescriptor$Companion$findByGetterOrSetter$3
Event: 18.293 loading class org/jetbrains/kotlin/synthetic/SyntheticJavaPropertyDescriptor$Companion$findByGetterOrSetter$3 done
Event: 18.293 Executing VM operation: Deoptimize
Event: 18.294 Executing VM operation: Deoptimize done
Event: 18.295 loading class org/jetbrains/kotlin/synthetic/JavaSyntheticPropertiesScopeKt
Event: 18.295 loading class org/jetbrains/kotlin/synthetic/JavaSyntheticPropertiesScopeKt done
Event: 18.295 Thread 0x0000000002fd2800 DEOPT PACKING pc=0x00000000057fc83c sp=0x0000000002fc6f80
Event: 18.295 Thread 0x0000000002fd2800 DEOPT UNPACKING pc=0x00000000031175d0 sp=0x0000000002fc6d20 mode 0


Dynamic libraries:
0x00007ff764430000 - 0x00007ff764461000 	C:\Program Files\Android\Android Studio\jre\jre\bin\java.exe
0x00007ffae00b0000 - 0x00007ffae02a5000 	C:\WINDOWS\SYSTEM32\ntdll.dll
0x00007ffadf310000 - 0x00007ffadf3cd000 	C:\WINDOWS\System32\KERNEL32.DLL
0x00007ffadda90000 - 0x00007ffaddd58000 	C:\WINDOWS\System32\KERNELBASE.dll
0x00007ffadf750000 - 0x00007ffadf7fc000 	C:\WINDOWS\System32\ADVAPI32.dll
0x00007ffadfac0000 - 0x00007ffadfb5e000 	C:\WINDOWS\System32\msvcrt.dll
0x00007ffadf8b0000 - 0x00007ffadf94b000 	C:\WINDOWS\System32\sechost.dll
0x00007ffade830000 - 0x00007ffade95b000 	C:\WINDOWS\System32\RPCRT4.dll
0x00007ffadf480000 - 0x00007ffadf620000 	C:\WINDOWS\System32\USER32.dll
0x00007ffaddd60000 - 0x00007ffaddd82000 	C:\WINDOWS\System32\win32u.dll
0x00007ffade960000 - 0x00007ffade98a000 	C:\WINDOWS\System32\GDI32.dll
0x00007ffadde70000 - 0x00007ffaddf7b000 	C:\WINDOWS\System32\gdi32full.dll
0x00007ffadd7c0000 - 0x00007ffadd85d000 	C:\WINDOWS\System32\msvcp_win.dll
0x00007ffadd860000 - 0x00007ffadd960000 	C:\WINDOWS\System32\ucrtbase.dll
0x00007ffacadb0000 - 0x00007ffacb04a000 	C:\WINDOWS\WinSxS\amd64_microsoft.windows.common-controls_6595b64144ccf1df_6.0.19041.844_none_ca00b6081b84eb1d\COMCTL32.dll
0x00007ffadf950000 - 0x00007ffadf980000 	C:\WINDOWS\System32\IMM32.DLL
0x00000000621a0000 - 0x0000000062272000 	C:\Program Files\Android\Android Studio\jre\jre\bin\msvcr100.dll
0x00000000615e0000 - 0x0000000061e2b000 	C:\Program Files\Android\Android Studio\jre\jre\bin\server\jvm.dll
0x00007ffae0030000 - 0x00007ffae0038000 	C:\WINDOWS\System32\PSAPI.DLL
0x00007ffad0af0000 - 0x00007ffad0af9000 	C:\WINDOWS\SYSTEM32\WSOCK32.dll
0x00007ffadfa50000 - 0x00007ffadfabb000 	C:\WINDOWS\System32\WS2_32.dll
0x00007ffad3de0000 - 0x00007ffad3e07000 	C:\WINDOWS\SYSTEM32\WINMM.dll
0x00007ffad6d10000 - 0x00007ffad6d1a000 	C:\WINDOWS\SYSTEM32\VERSION.dll
0x00007ffad29a0000 - 0x00007ffad29af000 	C:\Program Files\Android\Android Studio\jre\jre\bin\verify.dll
0x00007ffabcf00000 - 0x00007ffabcf29000 	C:\Program Files\Android\Android Studio\jre\jre\bin\java.dll
0x00007ffaadc70000 - 0x00007ffaadc86000 	C:\Program Files\Android\Android Studio\jre\jre\bin\zip.dll
0x00007ffade0e0000 - 0x00007ffade822000 	C:\WINDOWS\System32\SHELL32.dll
0x00007ffadb530000 - 0x00007ffadbcc1000 	C:\WINDOWS\SYSTEM32\windows.storage.dll
0x00007ffadefb0000 - 0x00007ffadf305000 	C:\WINDOWS\System32\combase.dll
0x00007ffadd230000 - 0x00007ffadd25c000 	C:\WINDOWS\SYSTEM32\Wldp.dll
0x00007ffadf800000 - 0x00007ffadf8ae000 	C:\WINDOWS\System32\SHCORE.dll
0x00007ffadee60000 - 0x00007ffadeeb5000 	C:\WINDOWS\System32\shlwapi.dll
0x00007ffadd700000 - 0x00007ffadd71f000 	C:\WINDOWS\SYSTEM32\profapi.dll
0x00007ffaadc50000 - 0x00007ffaadc6a000 	C:\Program Files\Android\Android Studio\jre\jre\bin\net.dll
0x00007ffadcfa0000 - 0x00007ffadd00a000 	C:\WINDOWS\system32\mswsock.dll
0x00007ffaabf80000 - 0x00007ffaabf93000 	C:\Program Files\Android\Android Studio\jre\jre\bin\nio.dll

VM Arguments:
java_command: org.jetbrains.kotlin.cli.jvm.K2JVMCompiler @C:\Users\Arash\AndroidStudioProjects\NearRoom\app\build\20210419_7633681433685972151.compiler.options
java_class_path (initial): C:\Users\Arash\.gradle\caches\modules-2\files-2.1\org.jetbrains.kotlin\kotlin-compiler-embeddable\1.4.21\87db94500aaf883536ae8c8efdee76bdc839d582\kotlin-compiler-embeddable-1.4.21.jar;C:\Users\Arash\.gradle\caches\modules-2\files-2.1\org.jetbrains.kotlin\kotlin-reflect\1.4.21\748f681f4e3edbe9285ff46710c79049c70f4dfa\kotlin-reflect-1.4.21.jar;C:\Users\Arash\.gradle\caches\modules-2\files-2.1\org.jetbrains.kotlin\kotlin-stdlib\1.4.21\4a668382d7c38688d3490afde93b6a113ed46698\kotlin-stdlib-1.4.21.jar;C:\Users\Arash\.gradle\caches\modules-2\files-2.1\org.jetbrains.kotlin\kotlin-script-runtime\1.4.21\1247decba314790165b4fe94d09c45b09db6b07f\kotlin-script-runtime-1.4.21.jar;C:\Users\Arash\.gradle\caches\modules-2\files-2.1\org.jetbrains.kotlin\kotlin-daemon-embeddable\1.4.21\bc95bcebdc871d45d9852b0c01abe9bec373bb52\kotlin-daemon-embeddable-1.4.21.jar;C:\Users\Arash\.gradle\caches\modules-2\files-2.1\org.jetbrains.intellij.deps\trove4j\1.0.20181211\216c2e14b070f334479d800987affe4054cd563f\trove4j-1.0.20181211.jar;C:\Users\Arash\.gradle\caches\modules-2\files-2.1\org.jetbrains.kotlin\kotlin-stdlib-common\1.4.21\7f48a062aa4b53215998780f7c245a4276828e1d\kotlin-stdlib-common-1.4.21.jar;C:\Users\Arash\.gradle\caches\modules-2\files-2.1\org.jetbrains\annotations\13.0\919f0dfe192fb4e063e7dacadee7f8bb9a2672a9\annotations-13.0.jar;C:\Program Files\Android\Android Studio\jre\lib\tools.jar
Launcher Type: SUN_STANDARD

Environment Variables:
PATH=C:\Program Files (x86)\Common Files\Intel\Shared Libraries\redist\intel64\compiler;C:\Program Files (x86)\Common Files\Oracle\Java\javapath;C:\Program Files (x86)\Intel\Intel(R) Management Engine Components\iCLS\;C:\Program Files\Intel\Intel(R) Management Engine Components\iCLS\;C:\Windows\system32;C:\Windows;C:\Windows\System32\Wbem;C:\Windows\System32\WindowsPowerShell\v1.0\;C:\Windows\System32\OpenSSH\;C:\Program Files (x86)\NVIDIA Corporation\PhysX\Common;C:\Program Files (x86)\Intel\Intel(R) Management Engine Components\DAL;C:\Program Files\Intel\Intel(R) Management Engine Components\DAL;C:\Program Files (x86)\Intel\Intel(R) Management Engine Components\IPT;C:\Program Files\Intel\Intel(R) Management Engine Components\IPT;C:\Program Files\NVIDIA Corporation\NVIDIA NvDLISR;C:\Program Files (x86)\Microsoft SQL Server\150\DTS\Binn\;C:\WINDOWS\system32;C:\WINDOWS;C:\WINDOWS\System32\Wbem;C:\WINDOWS\System32\WindowsPowerShell\v1.0\;C:\WINDOWS\System32\OpenSSH\;C:\Program Files\Intel\WiFi\bin\;C:\Program Files\Common Files\Intel\WirelessCommon\;C:\Program Files\nodejs\;C:\Program Files\Git\cmd;C:\Program Files\Java\jdk1.8.0_202\bin;C:\Users\Arash\AppData\Roaming\npm;C:\Program Files\Intel\WiFi\bin\;C:\Program Files\Common Files\Intel\WirelessCommon\;C:\Program Files\heroku\bin
USERNAME=Arash
OS=Windows_NT
PROCESSOR_IDENTIFIER=Intel64 Family 6 Model 142 Stepping 10, GenuineIntel



---------------  S Y S T E M  ---------------

OS: Windows 10.0 , 64 bit Build 19041 (10.0.19041.928)

CPU:total 8 (initial active 8) (4 cores per cpu, 2 threads per core) family 6 model 142 stepping 10, cmov, cx8, fxsr, mmx, sse, sse2, sse3, ssse3, sse4.1, sse4.2, popcnt, avx, avx2, aes, clmul, erms, 3dnowpref, lzcnt, ht, tsc, tscinvbit, bmi1, bmi2, adx

Memory: 4k page, physical 12458928k(1319296k free), swap 18602928k(5368k free)

vm_info: OpenJDK 64-Bit Server VM (25.242-b01) for windows-amd64 JRE (1.8.0_242-release-1644-b01), built by "builder" with MS VC++ 10.0 (VS2010)

time: Mon Apr 19 20:30:56 2021
timezone: Iran Daylight Time
elapsed time: 18 seconds (0d 0h 0m 18s)

