#
# There is insufficient memory for the Java Runtime Environment to continue.
# Native memory allocation (malloc) failed to allocate 32744 bytes for ChunkPool::allocate
# Possible reasons:
#   The system is out of physical RAM or swap space
#   The process is running with CompressedOops enabled, and the Java Heap may be blocking the growth of the native heap
# Possible solutions:
#   Reduce memory load on the system
#   Increase physical memory or swap space
#   Check if swap backing store is full
#   Decrease Java heap size (-Xmx/-Xms)
#   Decrease number of Java threads
#   Decrease Java thread stack sizes (-Xss)
#   Set larger code cache with -XX:ReservedCodeCacheSize=
#   JVM is running with Unscaled Compressed Oops mode in which the Java heap is
#     placed in the first 4GB address space. The Java Heap base address is the
#     maximum limit for the native heap growth. Please use -XX:HeapBaseMinAddress
#     to set the Java Heap base and to place the Java Heap above 4GB virtual address.
# This output file may be truncated or incomplete.
#
#  Out of Memory Error (allocation.cpp:272), pid=5468, tid=0x0000000000001eb0
#
# JRE version: OpenJDK Runtime Environment (8.0_242-b01) (build 1.8.0_242-release-1644-b01)
# Java VM: OpenJDK 64-Bit Server VM (25.242-b01 mixed mode windows-amd64 compressed oops)
# Failed to write core dump. Minidumps are not enabled by default on client versions of Windows
#

---------------  T H R E A D  ---------------

Current thread (0x0000000019e61800):  JavaThread "C2 CompilerThread0" daemon [_thread_in_native, id=7856, stack(0x000000001a740000,0x000000001a840000)]

Stack: [0x000000001a740000,0x000000001a840000]
[error occurred during error reporting (printing stack bounds), id 0xc0000005]

Native frames: (J=compiled Java code, j=interpreted, Vv=VM code, C=native code)


Current CompileTask:
C2: 332575 11490   !   4       org.gradle.cache.internal.LockOnDemandCrossProcessCacheAccess::withFileLock (24 bytes)


---------------  P R O C E S S  ---------------

Java Threads: ( => current thread )
  0x000000001a0a0000 JavaThread "Cache worker for Java compile cache (C:\Users\Arash\AndroidStudioProjects\NearRoom\.gradle\6.5\javaCompile)" [_thread_in_Java, id=8452, stack(0x0000000031bc0000,0x0000000031cc0000)]
  0x000000001a09c000 JavaThread "Cache worker for Java compile cache (C:\Users\Arash\.gradle\caches\6.5\javaCompile)" [_thread_blocked, id=8644, stack(0x0000000031ac0000,0x0000000031bc0000)]
  0x000000001a09f000 JavaThread "RMI TCP Connection(3)-127.0.0.1" daemon [_thread_in_native, id=18092, stack(0x00000000319c0000,0x0000000031ac0000)]
  0x000000001a099000 JavaThread "RMI RenewClean-[127.0.0.1:17590,org.jetbrains.kotlin.daemon.common.LoopbackNetworkInterface$ClientLoopbackSocketFactory@4e6ed5ca]" daemon [_thread_blocked, id=19132, stack(0x0000000030f20000,0x0000000031020000)]
  0x000000001a09e800 JavaThread "Cache worker for execution history cache (C:\Users\Arash\AndroidStudioProjects\NearRoom\.gradle\6.5\executionHistory)" [_thread_blocked, id=1004, stack(0x0000000030e20000,0x0000000030f20000)]
  0x000000001a09a800 JavaThread "Execution worker for ':' Thread 7" [_thread_blocked, id=18288, stack(0x0000000030d20000,0x0000000030e20000)]
  0x000000001a09b800 JavaThread "Execution worker for ':' Thread 6" [_thread_blocked, id=13684, stack(0x0000000030c20000,0x0000000030d20000)]
  0x000000001a09d800 JavaThread "Execution worker for ':' Thread 5" [_thread_blocked, id=17180, stack(0x0000000030b20000,0x0000000030c20000)]
  0x000000001a09d000 JavaThread "Execution worker for ':' Thread 4" [_thread_blocked, id=20736, stack(0x0000000030a20000,0x0000000030b20000)]
  0x000000001d485000 JavaThread "Execution worker for ':' Thread 3" [_thread_blocked, id=1884, stack(0x0000000030920000,0x0000000030a20000)]
  0x000000001d484000 JavaThread "Execution worker for ':' Thread 2" [_thread_blocked, id=276, stack(0x0000000030490000,0x0000000030590000)]
  0x000000001d483800 JavaThread "Execution worker for ':'" [_thread_blocked, id=9304, stack(0x0000000030190000,0x0000000030290000)]
  0x000000001d482800 JavaThread "Cache worker for file content cache (C:\Users\Arash\AndroidStudioProjects\NearRoom\.gradle\6.5\fileContent)" [_thread_blocked, id=19568, stack(0x000000002c840000,0x000000002c940000)]
  0x000000001d482000 JavaThread "Cache worker for Build Output Cleanup Cache (C:\Users\Arash\AndroidStudioProjects\NearRoom\.gradle\buildOutputCleanup)" [_thread_blocked, id=14740, stack(0x000000002c540000,0x000000002c640000)]
  0x000000001d488000 JavaThread "jar transforms Thread 232" [_thread_blocked, id=6528, stack(0x000000002c440000,0x000000002c540000)]
  0x000000001d486800 JavaThread "jar transforms Thread 231" [_thread_blocked, id=16804, stack(0x000000002c340000,0x000000002c440000)]
  0x000000001d488800 JavaThread "jar transforms Thread 230" [_thread_blocked, id=14820, stack(0x000000002c240000,0x000000002c340000)]
  0x000000001d487000 JavaThread "jar transforms Thread 229" [_thread_blocked, id=15348, stack(0x000000002c140000,0x000000002c240000)]
  0x000000001d47a800 JavaThread "jar transforms Thread 228" [_thread_blocked, id=12516, stack(0x000000002c040000,0x000000002c140000)]
  0x000000001d47d800 JavaThread "jar transforms Thread 227" [_thread_blocked, id=1036, stack(0x000000002bf40000,0x000000002c040000)]
  0x000000001d47c800 JavaThread "jar transforms Thread 226" [_thread_blocked, id=13020, stack(0x000000002be40000,0x000000002bf40000)]
  0x000000001d47c000 JavaThread "jar transforms Thread 225" [_thread_blocked, id=18332, stack(0x000000002bd40000,0x000000002be40000)]
  0x000000001d481000 JavaThread "jar transforms Thread 224" [_thread_blocked, id=21368, stack(0x000000002bc40000,0x000000002bd40000)]
  0x000000001d479800 JavaThread "jar transforms Thread 223" [_thread_blocked, id=8120, stack(0x000000002bb40000,0x000000002bc40000)]
  0x000000001d480800 JavaThread "jar transforms Thread 222" [_thread_blocked, id=9080, stack(0x000000002ba40000,0x000000002bb40000)]
  0x000000001d47b000 JavaThread "jar transforms Thread 221" [_thread_blocked, id=6600, stack(0x000000002b940000,0x000000002ba40000)]
  0x000000001d47f800 JavaThread "jar transforms Thread 220" [_thread_blocked, id=5184, stack(0x000000002b840000,0x000000002b940000)]
  0x000000001d47e000 JavaThread "jar transforms Thread 219" [_thread_blocked, id=12716, stack(0x000000002b740000,0x000000002b840000)]
  0x000000001d47f000 JavaThread "jar transforms Thread 218" [_thread_blocked, id=19660, stack(0x000000002b640000,0x000000002b740000)]
  0x00000000204e5800 JavaThread "jar transforms Thread 217" [_thread_blocked, id=1812, stack(0x000000002b540000,0x000000002b640000)]
  0x00000000204e4800 JavaThread "jar transforms Thread 216" [_thread_blocked, id=9440, stack(0x000000002b440000,0x000000002b540000)]
  0x00000000204e4000 JavaThread "jar transforms Thread 215" [_thread_blocked, id=3440, stack(0x000000002b340000,0x000000002b440000)]
  0x00000000204e3000 JavaThread "jar transforms Thread 214" [_thread_blocked, id=4220, stack(0x000000002b240000,0x000000002b340000)]
  0x00000000204e8800 JavaThread "jar transforms Thread 213" [_thread_blocked, id=13132, stack(0x000000002b140000,0x000000002b240000)]
  0x00000000204e7800 JavaThread "jar transforms Thread 212" [_thread_blocked, id=4104, stack(0x000000002b040000,0x000000002b140000)]
  0x00000000204e6000 JavaThread "jar transforms Thread 211" [_thread_blocked, id=772, stack(0x000000002af40000,0x000000002b040000)]
  0x00000000204e2800 JavaThread "jar transforms Thread 210" [_thread_blocked, id=17196, stack(0x000000002ae40000,0x000000002af40000)]
  0x00000000204e7000 JavaThread "jar transforms Thread 209" [_thread_blocked, id=20896, stack(0x000000002ad40000,0x000000002ae40000)]
  0x00000000204e9000 JavaThread "jar transforms Thread 208" [_thread_blocked, id=7976, stack(0x000000002ac40000,0x000000002ad40000)]
  0x00000000204da800 JavaThread "jar transforms Thread 207" [_thread_blocked, id=5300, stack(0x000000002ab40000,0x000000002ac40000)]
  0x00000000204e1800 JavaThread "jar transforms Thread 206" [_thread_blocked, id=19056, stack(0x000000002aa40000,0x000000002ab40000)]
  0x00000000204e0000 JavaThread "jar transforms Thread 205" [_thread_blocked, id=10432, stack(0x000000002a940000,0x000000002aa40000)]
  0x00000000204dd000 JavaThread "jar transforms Thread 204" [_thread_blocked, id=6052, stack(0x000000002a840000,0x000000002a940000)]
  0x00000000204df000 JavaThread "jar transforms Thread 203" [_thread_blocked, id=4240, stack(0x000000002a740000,0x000000002a840000)]
  0x00000000204de800 JavaThread "jar transforms Thread 202" [_thread_blocked, id=11836, stack(0x000000002a640000,0x000000002a740000)]
  0x00000000204da000 JavaThread "jar transforms Thread 201" [_thread_blocked, id=17296, stack(0x000000002a540000,0x000000002a640000)]
  0x00000000204dd800 JavaThread "jar transforms Thread 200" [_thread_blocked, id=17116, stack(0x000000002a440000,0x000000002a540000)]
  0x00000000204db800 JavaThread "jar transforms Thread 199" [_thread_blocked, id=6484, stack(0x000000002a340000,0x000000002a440000)]
  0x00000000204e1000 JavaThread "jar transforms Thread 198" [_thread_blocked, id=20572, stack(0x000000002a240000,0x000000002a340000)]
  0x00000000204dc000 JavaThread "jar transforms Thread 197" [_thread_blocked, id=14220, stack(0x000000002a140000,0x000000002a240000)]
  0x000000001cf7b800 JavaThread "jar transforms Thread 196" [_thread_blocked, id=16580, stack(0x000000002a040000,0x000000002a140000)]
  0x000000001cf7a000 JavaThread "jar transforms Thread 195" [_thread_blocked, id=260, stack(0x0000000029f40000,0x000000002a040000)]
  0x000000001cf7b000 JavaThread "jar transforms Thread 194" [_thread_blocked, id=18200, stack(0x0000000029e40000,0x0000000029f40000)]
  0x000000001cf79800 JavaThread "jar transforms Thread 193" [_thread_blocked, id=12340, stack(0x0000000029d40000,0x0000000029e40000)]
  0x000000001cf77000 JavaThread "jar transforms Thread 192" [_thread_blocked, id=8348, stack(0x0000000029a60000,0x0000000029b60000)]
  0x000000001cf78800 JavaThread "jar transforms Thread 191" [_thread_blocked, id=20948, stack(0x0000000029960000,0x0000000029a60000)]
  0x000000001cf7c800 JavaThread "jar transforms Thread 190" [_thread_blocked, id=20248, stack(0x0000000029860000,0x0000000029960000)]
  0x000000001cf78000 JavaThread "jar transforms Thread 189" [_thread_blocked, id=17852, stack(0x0000000029760000,0x0000000029860000)]
  0x000000001cf6f800 JavaThread "jar transforms Thread 188" [_thread_blocked, id=12800, stack(0x0000000029660000,0x0000000029760000)]
  0x000000001cf76800 JavaThread "jar transforms Thread 187" [_thread_blocked, id=12376, stack(0x0000000029560000,0x0000000029660000)]
  0x000000001cf6f000 JavaThread "jar transforms Thread 186" [_thread_blocked, id=20864, stack(0x0000000029460000,0x0000000029560000)]
  0x000000001cf75800 JavaThread "jar transforms Thread 185" [_thread_blocked, id=4392, stack(0x0000000029360000,0x0000000029460000)]
  0x000000001cf6e000 JavaThread "jar transforms Thread 184" [_thread_blocked, id=3356, stack(0x0000000029260000,0x0000000029360000)]
  0x000000001cf73800 JavaThread "jar transforms Thread 183" [_thread_blocked, id=4156, stack(0x0000000029160000,0x0000000029260000)]
  0x000000001cf72800 JavaThread "jar transforms Thread 182" [_thread_blocked, id=4580, stack(0x0000000029060000,0x0000000029160000)]
  0x000000001cf75000 JavaThread "jar transforms Thread 181" [_thread_blocked, id=9016, stack(0x0000000028f60000,0x0000000029060000)]
  0x000000001cf71000 JavaThread "jar transforms Thread 180" [_thread_blocked, id=10344, stack(0x0000000028e60000,0x0000000028f60000)]
  0x000000001cf6d800 JavaThread "jar transforms Thread 179" [_thread_blocked, id=12004, stack(0x0000000028d60000,0x0000000028e60000)]
  0x000000001cf70800 JavaThread "jar transforms Thread 178" [_thread_blocked, id=4112, stack(0x0000000028c60000,0x0000000028d60000)]
  0x000000001cf72000 JavaThread "jar transforms Thread 177" [_thread_blocked, id=3812, stack(0x0000000028b60000,0x0000000028c60000)]
  0x000000001cf74000 JavaThread "jar transforms Thread 176" [_thread_blocked, id=15460, stack(0x0000000028a60000,0x0000000028b60000)]
  0x0000000020549000 JavaThread "jar transforms Thread 175" [_thread_blocked, id=9348, stack(0x0000000028960000,0x0000000028a60000)]
  0x0000000020548000 JavaThread "jar transforms Thread 174" [_thread_blocked, id=20172, stack(0x0000000028860000,0x0000000028960000)]
  0x0000000020547800 JavaThread "jar transforms Thread 173" [_thread_blocked, id=18876, stack(0x0000000028760000,0x0000000028860000)]
  0x0000000020546800 JavaThread "jar transforms Thread 172" [_thread_blocked, id=18992, stack(0x0000000028660000,0x0000000028760000)]
  0x0000000020546000 JavaThread "jar transforms Thread 171" [_thread_blocked, id=19228, stack(0x0000000028560000,0x0000000028660000)]
  0x0000000020544800 JavaThread "jar transforms Thread 170" [_thread_blocked, id=8492, stack(0x0000000028460000,0x0000000028560000)]
  0x0000000020543800 JavaThread "jar transforms Thread 169" [_thread_blocked, id=18460, stack(0x0000000028360000,0x0000000028460000)]
  0x0000000020543000 JavaThread "jar transforms Thread 168" [_thread_blocked, id=5688, stack(0x0000000028260000,0x0000000028360000)]
  0x0000000020545000 JavaThread "jar transforms Thread 167" [_thread_blocked, id=6080, stack(0x0000000028160000,0x0000000028260000)]
  0x000000002053b800 JavaThread "jar transforms Thread 166" [_thread_blocked, id=20524, stack(0x0000000028060000,0x0000000028160000)]
  0x000000002053f000 JavaThread "jar transforms Thread 165" [_thread_blocked, id=18052, stack(0x0000000027f60000,0x0000000028060000)]
  0x0000000020541800 JavaThread "jar transforms Thread 164" [_thread_blocked, id=16232, stack(0x0000000027e60000,0x0000000027f60000)]
  0x0000000020540800 JavaThread "jar transforms Thread 163" [_thread_blocked, id=15476, stack(0x0000000027d60000,0x0000000027e60000)]
  0x000000002053e800 JavaThread "jar transforms Thread 162" [_thread_blocked, id=14292, stack(0x0000000027c60000,0x0000000027d60000)]
  0x0000000020542000 JavaThread "jar transforms Thread 161" [_thread_blocked, id=3316, stack(0x0000000027b60000,0x0000000027c60000)]
  0x000000002053d800 JavaThread "jar transforms Thread 160" [_thread_blocked, id=2952, stack(0x0000000027a60000,0x0000000027b60000)]
  0x000000002053a000 JavaThread "jar transforms Thread 159" [_thread_blocked, id=2932, stack(0x0000000027960000,0x0000000027a60000)]
  0x0000000020540000 JavaThread "jar transforms Thread 158" [_thread_blocked, id=19732, stack(0x0000000027860000,0x0000000027960000)]
  0x000000002053d000 JavaThread "jar transforms Thread 157" [_thread_blocked, id=4656, stack(0x0000000027760000,0x0000000027860000)]
  0x000000002053c000 JavaThread "jar transforms Thread 156" [_thread_blocked, id=15976, stack(0x0000000027660000,0x0000000027760000)]
  0x000000002053a800 JavaThread "jar transforms Thread 155" [_thread_blocked, id=5680, stack(0x0000000027560000,0x0000000027660000)]
  0x000000001fb09000 JavaThread "jar transforms Thread 154" [_thread_blocked, id=20960, stack(0x0000000027460000,0x0000000027560000)]
  0x000000001fb0e800 JavaThread "jar transforms Thread 153" [_thread_blocked, id=11796, stack(0x0000000027360000,0x0000000027460000)]
  0x000000001fb0c000 JavaThread "jar transforms Thread 152" [_thread_blocked, id=7444, stack(0x0000000027260000,0x0000000027360000)]
  0x000000001fb0a800 JavaThread "jar transforms Thread 151" [_thread_blocked, id=21428, stack(0x0000000027160000,0x0000000027260000)]
  0x000000001fb0f000 JavaThread "jar transforms Thread 150" [_thread_blocked, id=15380, stack(0x0000000027060000,0x0000000027160000)]
  0x000000001fb0a000 JavaThread "jar transforms Thread 149" [_thread_blocked, id=11396, stack(0x0000000026f60000,0x0000000027060000)]
  0x000000001fb0d800 JavaThread "jar transforms Thread 148" [_thread_blocked, id=11568, stack(0x0000000026e60000,0x0000000026f60000)]
  0x000000001fb0b800 JavaThread "jar transforms Thread 147" [_thread_blocked, id=3540, stack(0x0000000026d60000,0x0000000026e60000)]
  0x000000001fb0d000 JavaThread "jar transforms Thread 146" [_thread_blocked, id=15812, stack(0x0000000026c60000,0x0000000026d60000)]
  0x000000001fb10000 JavaThread "jar transforms Thread 145" [_thread_blocked, id=17456, stack(0x0000000026b60000,0x0000000026c60000)]
  0x0000000019e75800 JavaThread "jar transforms Thread 144" [_thread_blocked, id=9308, stack(0x0000000026a60000,0x0000000026b60000)]
  0x0000000019e75000 JavaThread "jar transforms Thread 143" [_thread_blocked, id=18228, stack(0x0000000026960000,0x0000000026a60000)]
  0x0000000019e77000 JavaThread "jar transforms Thread 142" [_thread_blocked, id=3548, stack(0x0000000026860000,0x0000000026960000)]
  0x0000000019e72800 JavaThread "jar transforms Thread 141" [_thread_blocked, id=21260, stack(0x0000000026760000,0x0000000026860000)]
  0x0000000019e74000 JavaThread "jar transforms Thread 140" [_thread_blocked, id=20132, stack(0x0000000026660000,0x0000000026760000)]
  0x000000001b59d000 JavaThread "jar transforms Thread 139" [_thread_blocked, id=16948, stack(0x0000000026560000,0x0000000026660000)]
  0x000000001b59e800 JavaThread "jar transforms Thread 138" [_thread_blocked, id=8520, stack(0x0000000026460000,0x0000000026560000)]
  0x000000001b59c000 JavaThread "jar transforms Thread 137" [_thread_blocked, id=11976, stack(0x0000000026360000,0x0000000026460000)]
  0x000000001b598800 JavaThread "jar transforms Thread 136" [_thread_blocked, id=10760, stack(0x0000000026260000,0x0000000026360000)]
  0x000000001b59d800 JavaThread "jar transforms Thread 135" [_thread_blocked, id=6228, stack(0x0000000026160000,0x0000000026260000)]
  0x000000001b599000 JavaThread "jar transforms Thread 134" [_thread_blocked, id=3644, stack(0x0000000026060000,0x0000000026160000)]
  0x000000001b593800 JavaThread "jar transforms Thread 133" [_thread_blocked, id=8992, stack(0x0000000025f60000,0x0000000026060000)]
  0x000000001b597800 JavaThread "jar transforms Thread 132" [_thread_blocked, id=2416, stack(0x0000000025e60000,0x0000000025f60000)]
  0x000000001b596800 JavaThread "jar transforms Thread 131" [_thread_blocked, id=11352, stack(0x0000000025d60000,0x0000000025e60000)]
  0x000000001b595000 JavaThread "jar transforms Thread 130" [_thread_blocked, id=14748, stack(0x0000000025c60000,0x0000000025d60000)]
  0x000000001b594800 JavaThread "jar transforms Thread 129" [_thread_blocked, id=18880, stack(0x0000000025b60000,0x0000000025c60000)]
  0x000000001b59a800 JavaThread "jar transforms Thread 128" [_thread_blocked, id=20944, stack(0x0000000025a60000,0x0000000025b60000)]
  0x000000001b596000 JavaThread "jar transforms Thread 127" [_thread_blocked, id=9688, stack(0x0000000025960000,0x0000000025a60000)]
  0x000000001f975800 JavaThread "jar transforms Thread 126" [_thread_blocked, id=7232, stack(0x0000000025860000,0x0000000025960000)]
  0x000000001f971000 JavaThread "jar transforms Thread 125" [_thread_blocked, id=19972, stack(0x0000000025760000,0x0000000025860000)]
  0x000000001f974800 JavaThread "jar transforms Thread 124" [_thread_blocked, id=6916, stack(0x0000000025660000,0x0000000025760000)]
  0x000000001f974000 JavaThread "jar transforms Thread 123" [_thread_blocked, id=17500, stack(0x0000000025560000,0x0000000025660000)]
  0x000000001f971800 JavaThread "jar transforms Thread 122" [_thread_blocked, id=20020, stack(0x0000000025460000,0x0000000025560000)]
  0x000000001f970000 JavaThread "jar transforms Thread 121" [_thread_blocked, id=4652, stack(0x0000000025360000,0x0000000025460000)]
  0x000000001f973000 JavaThread "jar transforms Thread 120" [_thread_blocked, id=20840, stack(0x0000000025260000,0x0000000025360000)]
  0x000000001f972800 JavaThread "jar transforms Thread 119" [_thread_blocked, id=18976, stack(0x0000000025160000,0x0000000025260000)]
  0x000000001f968800 JavaThread "jar transforms Thread 118" [_thread_blocked, id=14700, stack(0x0000000025060000,0x0000000025160000)]
  0x000000001f96f800 JavaThread "jar transforms Thread 117" [_thread_blocked, id=3688, stack(0x0000000024f60000,0x0000000025060000)]
  0x000000001f968000 JavaThread "Build operations Thread 8" [_thread_blocked, id=20144, stack(0x0000000024e60000,0x0000000024f60000)]
  0x000000001f96e800 JavaThread "Build operations Thread 7" [_thread_blocked, id=19144, stack(0x0000000024d60000,0x0000000024e60000)]
  0x000000001f96e000 JavaThread "Build operations Thread 6" [_thread_in_vm, id=12512, stack(0x0000000024c60000,0x0000000024d60000)]
  0x000000001f967000 JavaThread "Build operations Thread 5" [_thread_blocked, id=17044, stack(0x0000000024b60000,0x0000000024c60000)]
  0x000000001f96c800 JavaThread "Build operations Thread 4" [_thread_blocked, id=6328, stack(0x0000000024a60000,0x0000000024b60000)]
  0x000000002023e000 JavaThread "Build operations Thread 3" [_thread_blocked, id=17472, stack(0x0000000024960000,0x0000000024a60000)]
  0x000000002023f000 JavaThread "Build operations Thread 2" [_thread_blocked, id=14396, stack(0x0000000023190000,0x0000000023290000)]
  0x000000002023c800 JavaThread "Build operations" [_thread_blocked, id=4368, stack(0x0000000022990000,0x0000000022a90000)]
  0x000000002023b000 JavaThread "Cache worker for cache directory md-rule (C:\Users\Arash\.gradle\caches\6.5\md-rule)" [_thread_blocked, id=13668, stack(0x00000000217e0000,0x00000000218e0000)]
  0x0000000020241000 JavaThread "Cache worker for cache directory md-supplier (C:\Users\Arash\.gradle\caches\6.5\md-supplier)" [_thread_blocked, id=15376, stack(0x0000000021430000,0x0000000021530000)]
  0x000000002023d800 JavaThread "Cache worker for checksums cache (C:\Users\Arash\AndroidStudioProjects\NearRoom\.gradle\checksums)" [_thread_blocked, id=2768, stack(0x000000001ef60000,0x000000001f060000)]
  0x000000002023a800 JavaThread "Cache worker for file hash cache (C:\Users\Arash\AndroidStudioProjects\NearRoom\.gradle\6.5\fileHashes)" [_thread_blocked, id=14612, stack(0x000000001e960000,0x000000001ea60000)]
  0x000000002023f800 JavaThread "Thread-161" [_thread_blocked, id=15264, stack(0x000000001e860000,0x000000001e960000)]
  0x0000000020240800 JavaThread "Stdin handler" [_thread_blocked, id=14768, stack(0x000000001e760000,0x000000001e860000)]
  0x0000000020232800 JavaThread "Asynchronous log dispatcher for DefaultDaemonConnection: socket connection from /127.0.0.1:55119 to /127.0.0.1:55360" [_thread_blocked, id=17952, stack(0x000000001e660000,0x000000001e760000)]
  0x0000000020237800 JavaThread "Daemon worker Thread 2" [_thread_blocked, id=7720, stack(0x000000001e260000,0x000000001e360000)]
  0x0000000020236800 JavaThread "Cancel handler" [_thread_blocked, id=14088, stack(0x000000001dc20000,0x000000001dd20000)]
  0x0000000020236000 JavaThread "Handler for socket connection from /127.0.0.1:55119 to /127.0.0.1:55360" [_thread_in_native, id=19216, stack(0x000000001db20000,0x000000001dc20000)]
  0x0000000020235000 JavaThread "Daemon Thread 2" [_thread_blocked, id=9924, stack(0x0000000001220000,0x0000000001320000)]
  0x0000000020239800 JavaThread "RMI Reaper" [_thread_blocked, id=12068, stack(0x00000000318c0000,0x00000000319c0000)]
  0x0000000020239000 JavaThread "RMI TCP Accept-0" daemon [_thread_in_native, id=8040, stack(0x00000000317c0000,0x00000000318c0000)]
  0x0000000020238000 JavaThread "GC Daemon" daemon [_thread_blocked, id=8968, stack(0x00000000316c0000,0x00000000317c0000)]
  0x0000000020232000 JavaThread "RMI RenewClean-[127.0.0.1:17736,org.jetbrains.kotlin.daemon.common.LoopbackNetworkInterface$ClientLoopbackSocketFactory@6fff3bba]" daemon [_thread_in_native, id=6404, stack(0x0000000030820000,0x0000000030920000)]
  0x0000000020234000 JavaThread "RMI Scheduler(0)" daemon [_thread_blocked, id=4568, stack(0x000000002e040000,0x000000002e140000)]
  0x000000001b59a000 JavaThread "Memory manager" [_thread_blocked, id=16924, stack(0x000000002db40000,0x000000002dc40000)]
  0x000000001f969800 JavaThread "Cache worker for file content cache (C:\Users\Arash\.gradle\caches\6.5\fileContent)" [_thread_blocked, id=20984, stack(0x0000000023290000,0x0000000023390000)]
  0x0000000019e76800 JavaThread "Cache worker for execution history cache (C:\Users\Arash\.gradle\caches\6.5\executionHistory)" [_thread_blocked, id=3480, stack(0x0000000022a90000,0x0000000022b90000)]
  0x0000000019e71000 JavaThread "Cache worker for file hash cache (C:\Users\Arash\.gradle\caches\6.5\fileHashes)" [_thread_blocked, id=13516, stack(0x000000001ee60000,0x000000001ef60000)]
  0x0000000019e72000 JavaThread "File lock request listener" [_thread_in_native, id=11192, stack(0x000000001ed60000,0x000000001ee60000)]
  0x0000000019f9d000 JavaThread "Cache worker for journal cache (C:\Users\Arash\.gradle\caches\journal-1)" [_thread_blocked, id=11868, stack(0x000000001ec60000,0x000000001ed60000)]
  0x000000001c8d4800 JavaThread "Daemon periodic checks" [_thread_blocked, id=16324, stack(0x000000001df60000,0x000000001e060000)]
  0x000000001c8d3000 JavaThread "Incoming local TCP Connector on port 55119" [_thread_in_native, id=9472, stack(0x000000001dd20000,0x000000001de20000)]
  0x000000001c884800 JavaThread "Daemon health stats" [_thread_blocked, id=15780, stack(0x000000001d6e0000,0x000000001d7e0000)]
  0x0000000019f01000 JavaThread "Service Thread" daemon [_thread_blocked, id=19188, stack(0x000000001ab40000,0x000000001ac40000)]
  0x0000000019e73800 JavaThread "C1 CompilerThread3" daemon [_thread_blocked, id=20352, stack(0x000000001aa40000,0x000000001ab40000)]
  0x0000000019e68800 JavaThread "C2 CompilerThread2" daemon [_thread_in_native, id=1968, stack(0x000000001a940000,0x000000001aa40000)]
  0x0000000019e64800 JavaThread "C2 CompilerThread1" daemon [_thread_in_native, id=9824, stack(0x000000001a840000,0x000000001a940000)]
=>0x0000000019e61800 JavaThread "C2 CompilerThread0" daemon [_thread_in_native, id=7856, stack(0x000000001a740000,0x000000001a840000)]
  0x0000000019e5f800 JavaThread "Attach Listener" daemon [_thread_blocked, id=16516, stack(0x000000001a640000,0x000000001a740000)]
  0x000000001807e800 JavaThread "Signal Dispatcher" daemon [_thread_blocked, id=19596, stack(0x000000001a540000,0x000000001a640000)]
  0x0000000019e50800 JavaThread "Finalizer" daemon [_thread_blocked, id=20916, stack(0x000000001a330000,0x000000001a430000)]
  0x000000001806c800 JavaThread "Reference Handler" daemon [_thread_blocked, id=9212, stack(0x000000001a230000,0x000000001a330000)]
  0x0000000002d8e000 JavaThread "main" [_thread_blocked, id=8116, stack(0x0000000002d90000,0x0000000002e90000)]

Other Threads:
  0x0000000018066000 VMThread [stack: 0x0000000019d30000,0x0000000019e30000] [id=20780]
  0x0000000019f01800 WatcherThread [stack: 0x000000001ac40000,0x000000001ad40000] [id=18284]

VM state:not at safepoint (normal execution)

VM Mutex/Monitor currently owned by a thread: None

heap address: 0x0000000080000000, size: 2048 MB, Compressed Oops mode: 32-bit
Narrow klass base: 0x0000000000000000, Narrow klass shift: 3
Compressed class space size: 1073741824 Address: 0x0000000100000000

Heap:
 PSYoungGen      total 272896K, used 259965K [0x00000000d5580000, 0x00000000e9180000, 0x0000000100000000)
  eden space 245760K, 94% used [0x00000000d5580000,0x00000000e38e1c30,0x00000000e4580000)
  from space 27136K, 99% used [0x00000000e6900000,0x00000000e837d9c0,0x00000000e8380000)
  to   space 36352K, 0% used [0x00000000e4580000,0x00000000e4580000,0x00000000e6900000)
 ParOldGen       total 170496K, used 50018K [0x0000000080000000, 0x000000008a680000, 0x00000000d5580000)
  object space 170496K, 29% used [0x0000000080000000,0x00000000830d8948,0x000000008a680000)
 Metaspace       used 79626K, capacity 83752K, committed 83864K, reserved 1122304K
  class space    used 10615K, capacity 11381K, committed 11440K, reserved 1048576K

Card table byte_map: [0x0000000012390000,0x00000000127a0000] byte_map_base: 0x0000000011f90000

Marking Bits: (ParMarkBitMap*) 0x000000005636f030
 Begin Bits: [0x0000000013250000, 0x0000000015250000)
 End Bits:   [0x0000000015250000, 0x0000000017250000)

Polling page: 0x0000000002ea0000

CodeCache: size=245760Kb used=32430Kb max_used=32430Kb free=213329Kb
 bounds [0x0000000002fd0000, 0x0000000004fb0000, 0x0000000011fd0000]
 total_blobs=10862 nmethods=10027 adapters=747
 compilation: enabled

Compilation events (10 events):
Event: 332.565 Thread 0x0000000019e73800 11733       3       org.objectweb.asm.ClassReader::getItem (7 bytes)
Event: 332.565 Thread 0x0000000019e73800 nmethod 11733 0x0000000004f9ba10 code [0x0000000004f9bb60, 0x0000000004f9bcd0]
Event: 332.568 Thread 0x0000000019e73800 11735       3       org.objectweb.asm.MethodVisitor::visitCode (15 bytes)
Event: 332.568 Thread 0x0000000019e73800 nmethod 11735 0x0000000004f9bdd0 code [0x0000000004f9bf40, 0x0000000004f9c1a8]
Event: 332.568 Thread 0x0000000019e73800 11736       3       org.objectweb.asm.MethodVisitor::visitMaxs (17 bytes)
Event: 332.569 Thread 0x0000000019e73800 nmethod 11736 0x0000000004f9c250 code [0x0000000004f9c3c0, 0x0000000004f9c628]
Event: 332.569 Thread 0x0000000019e73800 11737       3       org.objectweb.asm.MethodVisitor::visitEnd (15 bytes)
Event: 332.569 Thread 0x0000000019e73800 nmethod 11737 0x0000000004f9c710 code [0x0000000004f9c880, 0x0000000004f9cae8]
Event: 332.571 Thread 0x0000000019e73800 11739       3       org.gradle.cache.internal.MinimalPersistentCache::get (40 bytes)
Event: 332.571 Thread 0x0000000019e73800 nmethod 11739 0x0000000004f9cb90 code [0x0000000004f9cd20, 0x0000000004f9d128]

GC Heap History (10 events):
Event: 7.540 GC heap before
{Heap before GC invocations=13 (full 2):
 PSYoungGen      total 198144K, used 82346K [0x00000000d5580000, 0x00000000e2f80000, 0x0000000100000000)
  eden space 185344K, 37% used [0x00000000d5580000,0x00000000d996f8b0,0x00000000e0a80000)
  from space 12800K, 99% used [0x00000000e1c00000,0x00000000e287b330,0x00000000e2880000)
  to   space 17920K, 0% used [0x00000000e0a80000,0x00000000e0a80000,0x00000000e1c00000)
 ParOldGen       total 108544K, used 25898K [0x0000000080000000, 0x0000000086a00000, 0x00000000d5580000)
  object space 108544K, 23% used [0x0000000080000000,0x000000008194a9a8,0x0000000086a00000)
 Metaspace       used 56893K, capacity 59104K, committed 59160K, reserved 1099776K
  class space    used 7714K, capacity 8195K, committed 8240K, reserved 1048576K
Event: 7.557 GC heap after
Heap after GC invocations=13 (full 2):
 PSYoungGen      total 203264K, used 17893K [0x00000000d5580000, 0x00000000e5d80000, 0x0000000100000000)
  eden space 185344K, 0% used [0x00000000d5580000,0x00000000d5580000,0x00000000e0a80000)
  from space 17920K, 99% used [0x00000000e0a80000,0x00000000e1bf97d0,0x00000000e1c00000)
  to   space 21504K, 0% used [0x00000000e4880000,0x00000000e4880000,0x00000000e5d80000)
 ParOldGen       total 108544K, used 28867K [0x0000000080000000, 0x0000000086a00000, 0x00000000d5580000)
  object space 108544K, 26% used [0x0000000080000000,0x0000000081c30d38,0x0000000086a00000)
 Metaspace       used 56893K, capacity 59104K, committed 59160K, reserved 1099776K
  class space    used 7714K, capacity 8195K, committed 8240K, reserved 1048576K
}
Event: 7.557 GC heap before
{Heap before GC invocations=14 (full 3):
 PSYoungGen      total 203264K, used 17893K [0x00000000d5580000, 0x00000000e5d80000, 0x0000000100000000)
  eden space 185344K, 0% used [0x00000000d5580000,0x00000000d5580000,0x00000000e0a80000)
  from space 17920K, 99% used [0x00000000e0a80000,0x00000000e1bf97d0,0x00000000e1c00000)
  to   space 21504K, 0% used [0x00000000e4880000,0x00000000e4880000,0x00000000e5d80000)
 ParOldGen       total 108544K, used 28867K [0x0000000080000000, 0x0000000086a00000, 0x00000000d5580000)
  object space 108544K, 26% used [0x0000000080000000,0x0000000081c30d38,0x0000000086a00000)
 Metaspace       used 56893K, capacity 59104K, committed 59160K, reserved 1099776K
  class space    used 7714K, capacity 8195K, committed 8240K, reserved 1048576K
Event: 7.759 GC heap after
Heap after GC invocations=14 (full 3):
 PSYoungGen      total 203264K, used 0K [0x00000000d5580000, 0x00000000e5d80000, 0x0000000100000000)
  eden space 185344K, 0% used [0x00000000d5580000,0x00000000d5580000,0x00000000e0a80000)
  from space 17920K, 0% used [0x00000000e0a80000,0x00000000e0a80000,0x00000000e1c00000)
  to   space 21504K, 0% used [0x00000000e4880000,0x00000000e4880000,0x00000000e5d80000)
 ParOldGen       total 170496K, used 34893K [0x0000000080000000, 0x000000008a680000, 0x00000000d5580000)
  object space 170496K, 20% used [0x0000000080000000,0x00000000822134c0,0x000000008a680000)
 Metaspace       used 56848K, capacity 58954K, committed 59160K, reserved 1099776K
  class space    used 7701K, capacity 8170K, committed 8240K, reserved 1048576K
}
Event: 9.598 GC heap before
{Heap before GC invocations=15 (full 3):
 PSYoungGen      total 203264K, used 185344K [0x00000000d5580000, 0x00000000e5d80000, 0x0000000100000000)
  eden space 185344K, 100% used [0x00000000d5580000,0x00000000e0a80000,0x00000000e0a80000)
  from space 17920K, 0% used [0x00000000e0a80000,0x00000000e0a80000,0x00000000e1c00000)
  to   space 21504K, 0% used [0x00000000e4880000,0x00000000e4880000,0x00000000e5d80000)
 ParOldGen       total 170496K, used 34893K [0x0000000080000000, 0x000000008a680000, 0x00000000d5580000)
  object space 170496K, 20% used [0x0000000080000000,0x00000000822134c0,0x000000008a680000)
 Metaspace       used 66474K, capacity 69984K, committed 70168K, reserved 1110016K
  class space    used 9204K, capacity 9910K, committed 10032K, reserved 1048576K
Event: 9.619 GC heap after
Heap after GC invocations=15 (full 3):
 PSYoungGen      total 237056K, used 18847K [0x00000000d5580000, 0x00000000e5b00000, 0x0000000100000000)
  eden space 218112K, 0% used [0x00000000d5580000,0x00000000d5580000,0x00000000e2a80000)
  from space 18944K, 99% used [0x00000000e4880000,0x00000000e5ae7f40,0x00000000e5b00000)
  to   space 23552K, 0% used [0x00000000e2d00000,0x00000000e2d00000,0x00000000e4400000)
 ParOldGen       total 170496K, used 34901K [0x0000000080000000, 0x000000008a680000, 0x00000000d5580000)
  object space 170496K, 20% used [0x0000000080000000,0x00000000822154c0,0x000000008a680000)
 Metaspace       used 66474K, capacity 69984K, committed 70168K, reserved 1110016K
  class space    used 9204K, capacity 9910K, committed 10032K, reserved 1048576K
}
Event: 10.810 GC heap before
{Heap before GC invocations=16 (full 3):
 PSYoungGen      total 237056K, used 236959K [0x00000000d5580000, 0x00000000e5b00000, 0x0000000100000000)
  eden space 218112K, 100% used [0x00000000d5580000,0x00000000e2a80000,0x00000000e2a80000)
  from space 18944K, 99% used [0x00000000e4880000,0x00000000e5ae7f40,0x00000000e5b00000)
  to   space 23552K, 0% used [0x00000000e2d00000,0x00000000e2d00000,0x00000000e4400000)
 ParOldGen       total 170496K, used 34901K [0x0000000080000000, 0x000000008a680000, 0x00000000d5580000)
  object space 170496K, 20% used [0x0000000080000000,0x00000000822154c0,0x000000008a680000)
 Metaspace       used 67630K, capacity 71216K, committed 71448K, reserved 1110016K
  class space    used 9278K, capacity 9996K, committed 10032K, reserved 1048576K
Event: 10.828 GC heap after
Heap after GC invocations=16 (full 3):
 PSYoungGen      total 244224K, used 23535K [0x00000000d5580000, 0x00000000e8380000, 0x0000000100000000)
  eden space 220672K, 0% used [0x00000000d5580000,0x00000000d5580000,0x00000000e2d00000)
  from space 23552K, 99% used [0x00000000e2d00000,0x00000000e43fbfd0,0x00000000e4400000)
  to   space 27136K, 0% used [0x00000000e6900000,0x00000000e6900000,0x00000000e8380000)
 ParOldGen       total 170496K, used 36664K [0x0000000080000000, 0x000000008a680000, 0x00000000d5580000)
  object space 170496K, 21% used [0x0000000080000000,0x00000000823ce030,0x000000008a680000)
 Metaspace       used 67630K, capacity 71216K, committed 71448K, reserved 1110016K
  class space    used 9278K, capacity 9996K, committed 10032K, reserved 1048576K
}
Event: 287.262 GC heap before
{Heap before GC invocations=17 (full 3):
 PSYoungGen      total 244224K, used 244207K [0x00000000d5580000, 0x00000000e8380000, 0x0000000100000000)
  eden space 220672K, 100% used [0x00000000d5580000,0x00000000e2d00000,0x00000000e2d00000)
  from space 23552K, 99% used [0x00000000e2d00000,0x00000000e43fbfd0,0x00000000e4400000)
  to   space 27136K, 0% used [0x00000000e6900000,0x00000000e6900000,0x00000000e8380000)
 ParOldGen       total 170496K, used 36664K [0x0000000080000000, 0x000000008a680000, 0x00000000d5580000)
  object space 170496K, 21% used [0x0000000080000000,0x00000000823ce030,0x000000008a680000)
 Metaspace       used 77992K, capacity 81920K, committed 82200K, reserved 1120256K
  class space    used 10436K, capacity 11209K, committed 11312K, reserved 1048576K
Event: 287.303 GC heap after
Heap after GC invocations=17 (full 3):
 PSYoungGen      total 272896K, used 27126K [0x00000000d5580000, 0x00000000e9180000, 0x0000000100000000)
  eden space 245760K, 0% used [0x00000000d5580000,0x00000000d5580000,0x00000000e4580000)
  from space 27136K, 99% used [0x00000000e6900000,0x00000000e837d9c0,0x00000000e8380000)
  to   space 36352K, 0% used [0x00000000e4580000,0x00000000e4580000,0x00000000e6900000)
 ParOldGen       total 170496K, used 50018K [0x0000000080000000, 0x000000008a680000, 0x00000000d5580000)
  object space 170496K, 29% used [0x0000000080000000,0x00000000830d8948,0x000000008a680000)
 Metaspace       used 77992K, capacity 81920K, committed 82200K, reserved 1120256K
  class space    used 10436K, capacity 11209K, committed 11312K, reserved 1048576K
}

Deoptimization events (10 events):
Event: 332.286 Thread 0x000000001d483800 Uncommon trap: reason=unstable_if action=reinterpret pc=0x0000000004eafdb4 method=org.gradle.internal.normalization.java.impl.ApiMemberSelector.visitField(ILjava/lang/String;Ljava/lang/String;Ljava/lang/String;Ljava/lang/Object;)Lorg/objectweb/asm/FieldVi
Event: 332.288 Thread 0x000000001d483800 Uncommon trap: reason=unstable_if action=reinterpret pc=0x0000000004ecfac4 method=org.gradle.internal.normalization.java.impl.ApiMemberSelector.visitAnnotationMembers(Lorg/objectweb/asm/FieldVisitor;Ljava/util/Set;)V @ 13
Event: 332.288 Thread 0x000000001d483800 Uncommon trap: reason=unstable_if action=reinterpret pc=0x0000000004e4a03c method=org.objectweb.asm.AnnotationWriter.computeAnnotationsSize(Lorg/objectweb/asm/AnnotationWriter;Lorg/objectweb/asm/AnnotationWriter;Lorg/objectweb/asm/AnnotationWriter;Lorg/ob
Event: 332.288 Thread 0x000000001d483800 Uncommon trap: reason=unstable_if action=reinterpret pc=0x0000000003118304 method=org.objectweb.asm.AnnotationWriter.computeAnnotationsSize(Lorg/objectweb/asm/AnnotationWriter;Lorg/objectweb/asm/AnnotationWriter;Lorg/objectweb/asm/AnnotationWriter;Lorg/ob
Event: 332.288 Thread 0x000000001d483800 Uncommon trap: reason=unstable_if action=reinterpret pc=0x0000000004eb14dc method=org.objectweb.asm.FieldWriter.putFieldInfo(Lorg/objectweb/asm/ByteVector;)V @ 125
Event: 332.288 Thread 0x000000001d483800 Uncommon trap: reason=unstable_if action=reinterpret pc=0x00000000041d577c method=org.objectweb.asm.AnnotationWriter.putAnnotations(Lorg/objectweb/asm/SymbolTable;Lorg/objectweb/asm/AnnotationWriter;Lorg/objectweb/asm/AnnotationWriter;Lorg/objectweb/asm/A
Event: 332.451 Thread 0x000000001a09c000 Uncommon trap: reason=unstable_if action=reinterpret pc=0x0000000004457164 method=org.gradle.internal.io.StreamByteBuffer$StreamByteBufferInputStream.readImpl([BII)I @ 49
Event: 332.453 Thread 0x000000001f96e000 Uncommon trap: reason=unstable_if action=reinterpret pc=0x000000000333f3c4 method=java.lang.StringCoding$StringDecoder.decode([BII)[C @ 20
Event: 332.454 Thread 0x000000001f96e000 Uncommon trap: reason=unstable_if action=reinterpret pc=0x00000000031a8750 method=java.lang.StringCoding$StringDecoder.decode([BII)[C @ 20
Event: 332.536 Thread 0x000000001f96c800 Uncommon trap: reason=unstable_if action=reinterpret pc=0x0000000004f03054 method=org.objectweb.asm.ClassReader.readField(Lorg/objectweb/asm/ClassVisitor;Lorg/objectweb/asm/Context;I)I @ 115

Classes redefined (0 events):
No events

Internal exceptions (10 events):
Event: 326.889 Thread 0x0000000020232000 Exception <a 'java/net/ConnectException': Connection refused: connect> (0x00000000d55f8ac8) thrown at [C:\src\AOSP-openjdk-git\hotspot\src\share\vm\prims\jni.cpp, line 737]
Event: 328.958 Thread 0x0000000020232000 Exception <a 'java/net/ConnectException': Connection refused: connect> (0x00000000d55f93c0) thrown at [C:\src\AOSP-openjdk-git\hotspot\src\share\vm\prims\jni.cpp, line 737]
Event: 331.007 Thread 0x0000000020232000 Exception <a 'java/net/ConnectException': Connection refused: connect> (0x00000000d55f9cb8) thrown at [C:\src\AOSP-openjdk-git\hotspot\src\share\vm\prims\jni.cpp, line 737]
Event: 331.939 Thread 0x000000001d483800 Implicit null exception at 0x0000000004d603c9 to 0x0000000004d64da9
Event: 332.299 Thread 0x000000001d483800 Exception <a 'sun/nio/fs/WindowsException'> (0x00000000e188d138) thrown at [C:\src\AOSP-openjdk-git\hotspot\src\share\vm\prims\jni.cpp, line 710]
Event: 332.299 Thread 0x000000001d483800 Exception <a 'sun/nio/fs/WindowsException'> (0x00000000e188de28) thrown at [C:\src\AOSP-openjdk-git\hotspot\src\share\vm\prims\jni.cpp, line 710]
Event: 332.300 Thread 0x000000001d483800 Exception <a 'sun/nio/fs/WindowsException'> (0x00000000e1894a98) thrown at [C:\src\AOSP-openjdk-git\hotspot\src\share\vm\prims\jni.cpp, line 710]
Event: 332.300 Thread 0x000000001d483800 Exception <a 'sun/nio/fs/WindowsException'> (0x00000000e18957d0) thrown at [C:\src\AOSP-openjdk-git\hotspot\src\share\vm\prims\jni.cpp, line 710]
Event: 332.302 Thread 0x000000001d483800 Exception <a 'sun/nio/fs/WindowsException'> (0x00000000e18ac498) thrown at [C:\src\AOSP-openjdk-git\hotspot\src\share\vm\prims\jni.cpp, line 710]
Event: 332.303 Thread 0x000000001d483800 Exception <a 'sun/nio/fs/WindowsException'> (0x00000000e18ad1e0) thrown at [C:\src\AOSP-openjdk-git\hotspot\src\share\vm\prims\jni.cpp, line 710]

Events (10 events):
Event: 332.529 loading class it/unimi/dsi/fastutil/ints/IntIterators done
Event: 332.530 loading class it/unimi/dsi/fastutil/ints/IntListIterator
Event: 332.530 loading class it/unimi/dsi/fastutil/ints/IntListIterator done
Event: 332.531 loading class it/unimi/dsi/fastutil/ints/IntList
Event: 332.531 loading class it/unimi/dsi/fastutil/ints/IntList done
Event: 332.532 loading class it/unimi/dsi/fastutil/ints/IntIterators$EmptyIterator
Event: 332.532 loading class it/unimi/dsi/fastutil/ints/IntIterators$EmptyIterator done
Event: 332.536 Thread 0x000000001f96c800 Uncommon trap: trap_request=0xffffff65 fr.pc=0x0000000004f03054
Event: 332.536 Thread 0x000000001f96c800 DEOPT PACKING pc=0x0000000004f03054 sp=0x0000000024b5d6e0
Event: 332.536 Thread 0x000000001f96c800 DEOPT UNPACKING pc=0x000000000301557b sp=0x0000000024b5d6b0 mode 2


Dynamic libraries:
0x00007ff7fadd0000 - 0x00007ff7fae01000 	C:\Program Files\Android\Android Studio\jre\bin\java.exe
0x00007ff819970000 - 0x00007ff819b66000 	C:\WINDOWS\SYSTEM32\ntdll.dll
0x00007ff8194e0000 - 0x00007ff81959d000 	C:\WINDOWS\System32\KERNEL32.DLL
0x00007ff8172d0000 - 0x00007ff817599000 	C:\WINDOWS\System32\KERNELBASE.dll
0x00007ff817a50000 - 0x00007ff817afc000 	C:\WINDOWS\System32\ADVAPI32.dll
0x00007ff819650000 - 0x00007ff8196ee000 	C:\WINDOWS\System32\msvcrt.dll
0x00007ff8179b0000 - 0x00007ff817a4c000 	C:\WINDOWS\System32\sechost.dll
0x00007ff817bc0000 - 0x00007ff817ceb000 	C:\WINDOWS\System32\RPCRT4.dll
0x00007ff819310000 - 0x00007ff8194b0000 	C:\WINDOWS\System32\USER32.dll
0x00007ff817970000 - 0x00007ff817992000 	C:\WINDOWS\System32\win32u.dll
0x00007ff8194b0000 - 0x00007ff8194da000 	C:\WINDOWS\System32\GDI32.dll
0x00007ff8175f0000 - 0x00007ff8176f9000 	C:\WINDOWS\System32\gdi32full.dll
0x00007ff817080000 - 0x00007ff81711d000 	C:\WINDOWS\System32\msvcp_win.dll
0x00007ff8171d0000 - 0x00007ff8172d0000 	C:\WINDOWS\System32\ucrtbase.dll
0x00007ff806d20000 - 0x00007ff806fbb000 	C:\WINDOWS\WinSxS\amd64_microsoft.windows.common-controls_6595b64144ccf1df_6.0.19041.488_none_ca04af081b815d21\COMCTL32.dll
0x00007ff817cf0000 - 0x00007ff817d20000 	C:\WINDOWS\System32\IMM32.DLL
0x00000000564d0000 - 0x00000000565a2000 	C:\Program Files\Android\Android Studio\jre\jre\bin\msvcr100.dll
0x0000000055ba0000 - 0x00000000563eb000 	C:\Program Files\Android\Android Studio\jre\jre\bin\server\jvm.dll
0x00007ff817d30000 - 0x00007ff817d38000 	C:\WINDOWS\System32\PSAPI.DLL
0x00007ff80b630000 - 0x00007ff80b657000 	C:\WINDOWS\SYSTEM32\WINMM.dll
0x00007ff809f00000 - 0x00007ff809f09000 	C:\WINDOWS\SYSTEM32\WSOCK32.dll
0x00007ff810d80000 - 0x00007ff810d8a000 	C:\WINDOWS\SYSTEM32\VERSION.dll
0x00007ff818670000 - 0x00007ff8186db000 	C:\WINDOWS\System32\WS2_32.dll
0x00007ff812780000 - 0x00007ff81278f000 	C:\Program Files\Android\Android Studio\jre\jre\bin\verify.dll
0x00007ff811cd0000 - 0x00007ff811cf9000 	C:\Program Files\Android\Android Studio\jre\jre\bin\java.dll
0x00007ff811780000 - 0x00007ff811796000 	C:\Program Files\Android\Android Studio\jre\jre\bin\zip.dll
0x00007ff817de0000 - 0x00007ff818522000 	C:\WINDOWS\System32\SHELL32.dll
0x00007ff814e00000 - 0x00007ff815595000 	C:\WINDOWS\SYSTEM32\windows.storage.dll
0x00007ff8186e0000 - 0x00007ff818a36000 	C:\WINDOWS\System32\combase.dll
0x00007ff816af0000 - 0x00007ff816b1c000 	C:\WINDOWS\SYSTEM32\Wldp.dll
0x00007ff819260000 - 0x00007ff81930e000 	C:\WINDOWS\System32\SHCORE.dll
0x00007ff8196f0000 - 0x00007ff819745000 	C:\WINDOWS\System32\shlwapi.dll
0x00007ff816fb0000 - 0x00007ff816fd6000 	C:\WINDOWS\SYSTEM32\profapi.dll
0x00007ff811760000 - 0x00007ff81177a000 	C:\Program Files\Android\Android Studio\jre\jre\bin\net.dll
0x00007ff816870000 - 0x00007ff8168da000 	C:\WINDOWS\system32\mswsock.dll
0x00007ff8116e0000 - 0x00007ff8116f3000 	C:\Program Files\Android\Android Studio\jre\jre\bin\nio.dll
0x00007ff806150000 - 0x00007ff806177000 	C:\Users\Arash\.gradle\native\f6784746aeab05261644944871eae4fe03e0ef1612fff0a4a95f87b438bc6780\windows-amd64\native-platform.dll
0x00007ff812770000 - 0x00007ff81277d000 	C:\Program Files\Android\Android Studio\jre\jre\bin\management.dll
0x00007ff816a40000 - 0x00007ff816a58000 	C:\WINDOWS\SYSTEM32\CRYPTSP.dll
0x00007ff816190000 - 0x00007ff8161c4000 	C:\WINDOWS\system32\rsaenh.dll
0x00007ff817120000 - 0x00007ff817147000 	C:\WINDOWS\System32\bcrypt.dll
0x00007ff816f30000 - 0x00007ff816f5e000 	C:\WINDOWS\SYSTEM32\USERENV.dll
0x00007ff817150000 - 0x00007ff8171d0000 	C:\WINDOWS\System32\bcryptprimitives.dll
0x00007ff816a60000 - 0x00007ff816a6c000 	C:\WINDOWS\SYSTEM32\CRYPTBASE.dll
0x00007ff816510000 - 0x00007ff81654b000 	C:\WINDOWS\SYSTEM32\IPHLPAPI.DLL
0x00007ff817d20000 - 0x00007ff817d28000 	C:\WINDOWS\System32\NSI.dll
0x00007ff80f330000 - 0x00007ff80f347000 	C:\WINDOWS\SYSTEM32\dhcpcsvc6.DLL
0x00007ff80f2f0000 - 0x00007ff80f30d000 	C:\WINDOWS\SYSTEM32\dhcpcsvc.DLL
0x00007ff816560000 - 0x00007ff81662b000 	C:\WINDOWS\SYSTEM32\DNSAPI.dll
0x00007ff80f670000 - 0x00007ff80f67b000 	C:\WINDOWS\SYSTEM32\WINNSI.DLL
0x00007ff80a2c0000 - 0x00007ff80a2de000 	C:\Users\Arash\AppData\Local\Temp\native-platform1125482198115353576dir\native-platform.dll

VM Arguments:
jvm_args: -Xmx2048m -Dfile.encoding=windows-1252 -Duser.country=US -Duser.language=en -Duser.variant 
java_command: org.gradle.launcher.daemon.bootstrap.GradleDaemon 6.5
java_class_path (initial): C:\Users\Arash\.gradle\wrapper\dists\gradle-6.5-bin\6nifqtx7604sqp1q6g8wikw7p\gradle-6.5\lib\gradle-launcher-6.5.jar
Launcher Type: SUN_STANDARD

Environment Variables:
PATH=C:\Program Files (x86)\Common Files\Intel\Shared Libraries\redist\intel64\compiler;C:\Program Files (x86)\Common Files\Oracle\Java\javapath;C:\Program Files (x86)\Intel\Intel(R) Management Engine Components\iCLS\;C:\Program Files\Intel\Intel(R) Management Engine Components\iCLS\;C:\Windows\system32;C:\Windows;C:\Windows\System32\Wbem;C:\Windows\System32\WindowsPowerShell\v1.0\;C:\Windows\System32\OpenSSH\;C:\Program Files (x86)\NVIDIA Corporation\PhysX\Common;C:\Program Files (x86)\Intel\Intel(R) Management Engine Components\DAL;C:\Program Files\Intel\Intel(R) Management Engine Components\DAL;C:\Program Files (x86)\Intel\Intel(R) Management Engine Components\IPT;C:\Program Files\Intel\Intel(R) Management Engine Components\IPT;C:\Program Files\NVIDIA Corporation\NVIDIA NvDLISR;C:\Program Files (x86)\Microsoft SQL Server\150\DTS\Binn\;C:\WINDOWS\system32;C:\WINDOWS;C:\WINDOWS\System32\Wbem;C:\WINDOWS\System32\WindowsPowerShell\v1.0\;C:\WINDOWS\System32\OpenSSH\;C:\Program Files\Intel\WiFi\bin\;C:\Program Files\Common Files\Intel\WirelessCommon\;C:\Program Files\nodejs\;C:\Program Files\Git\cmd;C:\Program Files\Java\jdk1.8.0_202\bin;C:\Users\Arash\AppData\Roaming\npm;C:\Program Files\Intel\WiFi\bin\;C:\Program Files\Common Files\Intel\WirelessCommon\;C:\Program Files\heroku\bin
USERNAME=Arash
OS=Windows_NT
PROCESSOR_IDENTIFIER=Intel64 Family 6 Model 142 Stepping 10, GenuineIntel



---------------  S Y S T E M  ---------------

OS: Windows 10.0 , 64 bit Build 19041 (10.0.19041.662)

CPU:total 8 (initial active 8) (4 cores per cpu, 2 threads per core) family 6 model 142 stepping 10, cmov, cx8, fxsr, mmx, sse, sse2, sse3, ssse3, sse4.1, sse4.2, popcnt, avx, avx2, aes, clmul, erms, 3dnowpref, lzcnt, ht, tsc, tscinvbit, bmi1, bmi2, adx

Memory: 4k page, physical 12458928k(728124k free), swap 18602928k(4252k free)

vm_info: OpenJDK 64-Bit Server VM (25.242-b01) for windows-amd64 JRE (1.8.0_242-release-1644-b01), built by "builder" with MS VC++ 10.0 (VS2010)

time: Sun Dec 27 13:06:43 2020
timezone: Iran Standard Time
elapsed time: 332 seconds (0d 0h 5m 32s)

