#
# There is insufficient memory for the Java Runtime Environment to continue.
# Native memory allocation (malloc) failed to allocate 1139056 bytes for Chunk::new
# Possible reasons:
#   The system is out of physical RAM or swap space
#   The process is running with CompressedOops enabled, and the Java Heap may be blocking the growth of the native heap
# Possible solutions:
#   Reduce memory load on the system
#   Increase physical memory or swap space
#   Check if swap backing store is full
#   Decrease Java heap size (-Xmx/-Xms)
#   Decrease number of Java threads
#   Decrease Java thread stack sizes (-Xss)
#   Set larger code cache with -XX:ReservedCodeCacheSize=
#   JVM is running with Unscaled Compressed Oops mode in which the Java heap is
#     placed in the first 4GB address space. The Java Heap base address is the
#     maximum limit for the native heap growth. Please use -XX:HeapBaseMinAddress
#     to set the Java Heap base and to place the Java Heap above 4GB virtual address.
# This output file may be truncated or incomplete.
#
#  Out of Memory Error (allocation.cpp:389), pid=15492, tid=0x0000000000004b38
#
# JRE version: OpenJDK Runtime Environment (8.0_242-b01) (build 1.8.0_242-release-1644-b01)
# Java VM: OpenJDK 64-Bit Server VM (25.242-b01 mixed mode windows-amd64 compressed oops)
# Failed to write core dump. Minidumps are not enabled by default on client versions of Windows
#

---------------  T H R E A D  ---------------

Current thread (0x000000001a051800):  JavaThread "C2 CompilerThread0" daemon [_thread_in_native, id=19256, stack(0x000000001a920000,0x000000001aa20000)]

Stack: [0x000000001a920000,0x000000001aa20000]
[error occurred during error reporting (printing stack bounds), id 0xc0000005]

Native frames: (J=compiled Java code, j=interpreted, Vv=VM code, C=native code)


Current CompileTask:
C2:  14987 5685       4       java.net.URLClassLoader$1::run (5 bytes)


---------------  P R O C E S S  ---------------

Java Threads: ( => current thread )
  0x000000001be0b000 JavaThread "Cache worker for file content cache (C:\Users\Arash\AndroidStudioProjects\NearRoom\.gradle\6.5\fileContent)" [_thread_blocked, id=19108, stack(0x000000002f130000,0x000000002f230000)]
  0x000000001be10800 JavaThread "Memory manager" [_thread_blocked, id=3296, stack(0x000000002c030000,0x000000002c130000)]
  0x000000001be06800 JavaThread "Cache worker for Build Output Cleanup Cache (C:\Users\Arash\AndroidStudioProjects\NearRoom\.gradle\buildOutputCleanup)" [_thread_blocked, id=21028, stack(0x000000002b930000,0x000000002ba30000)]
  0x000000001be08000 JavaThread "jar transforms Thread 116" [_thread_blocked, id=11688, stack(0x000000002b630000,0x000000002b730000)]
  0x000000001be03800 JavaThread "jar transforms Thread 115" [_thread_blocked, id=9520, stack(0x000000002b530000,0x000000002b630000)]
  0x000000001be04000 JavaThread "jar transforms Thread 114" [_thread_blocked, id=21412, stack(0x000000002b430000,0x000000002b530000)]
  0x000000001be05000 JavaThread "jar transforms Thread 113" [_thread_blocked, id=19816, stack(0x000000002b330000,0x000000002b430000)]
  0x000000001be02800 JavaThread "jar transforms Thread 112" [_thread_blocked, id=19196, stack(0x000000002b230000,0x000000002b330000)]
  0x000000001be07000 JavaThread "jar transforms Thread 111" [_thread_blocked, id=20952, stack(0x000000002b130000,0x000000002b230000)]
  0x000000001be08800 JavaThread "jar transforms Thread 110" [_thread_blocked, id=17044, stack(0x000000002b030000,0x000000002b130000)]
  0x000000001d5cf800 JavaThread "jar transforms Thread 109" [_thread_blocked, id=16008, stack(0x000000002af30000,0x000000002b030000)]
  0x000000001d5d0000 JavaThread "jar transforms Thread 108" [_thread_blocked, id=5524, stack(0x000000002ae30000,0x000000002af30000)]
  0x000000001d5ce800 JavaThread "jar transforms Thread 107" [_thread_blocked, id=20408, stack(0x000000002ad30000,0x000000002ae30000)]
  0x000000001d5c8000 JavaThread "jar transforms Thread 106" [_thread_blocked, id=16664, stack(0x000000002ac30000,0x000000002ad30000)]
  0x000000001d5ce000 JavaThread "jar transforms Thread 105" [_thread_blocked, id=9956, stack(0x000000002ab30000,0x000000002ac30000)]
  0x000000001d5cd000 JavaThread "jar transforms Thread 104" [_thread_blocked, id=18940, stack(0x000000002aa30000,0x000000002ab30000)]
  0x000000001d5cc800 JavaThread "jar transforms Thread 103" [_thread_blocked, id=20812, stack(0x000000002a930000,0x000000002aa30000)]
  0x000000001d5cb800 JavaThread "jar transforms Thread 102" [_thread_blocked, id=21184, stack(0x000000002a830000,0x000000002a930000)]
  0x000000001d5cb000 JavaThread "jar transforms Thread 101" [_thread_blocked, id=21204, stack(0x000000002a730000,0x000000002a830000)]
  0x000000001d5c8800 JavaThread "jar transforms Thread 100" [_thread_blocked, id=1964, stack(0x000000002a630000,0x000000002a730000)]
  0x000000001d5c9800 JavaThread "jar transforms Thread 99" [_thread_blocked, id=1792, stack(0x000000002a530000,0x000000002a630000)]
  0x000000001d5ca000 JavaThread "jar transforms Thread 98" [_thread_blocked, id=17084, stack(0x000000002a430000,0x000000002a530000)]
  0x000000001d5c4000 JavaThread "jar transforms Thread 97" [_thread_blocked, id=14232, stack(0x000000002a330000,0x000000002a430000)]
  0x000000001d5c1000 JavaThread "jar transforms Thread 96" [_thread_blocked, id=19020, stack(0x000000002a230000,0x000000002a330000)]
  0x000000001d5c6800 JavaThread "jar transforms Thread 95" [_thread_blocked, id=3552, stack(0x000000002a130000,0x000000002a230000)]
  0x000000001d5c5000 JavaThread "jar transforms Thread 94" [_thread_blocked, id=16468, stack(0x000000002a030000,0x000000002a130000)]
  0x000000001d5c2000 JavaThread "jar transforms Thread 93" [_thread_blocked, id=8980, stack(0x0000000029f30000,0x000000002a030000)]
  0x000000001d5c2800 JavaThread "jar transforms Thread 92" [_thread_blocked, id=3140, stack(0x0000000029e30000,0x0000000029f30000)]
  0x000000001d5c7000 JavaThread "jar transforms Thread 91" [_thread_blocked, id=13764, stack(0x0000000029d30000,0x0000000029e30000)]
  0x000000001d5c3800 JavaThread "jar transforms Thread 90" [_thread_blocked, id=15668, stack(0x0000000029c30000,0x0000000029d30000)]
  0x000000001d5c5800 JavaThread "jar transforms Thread 89" [_thread_blocked, id=2332, stack(0x0000000029a30000,0x0000000029b30000)]
  0x000000001be1e000 JavaThread "jar transforms Thread 88" [_thread_blocked, id=15556, stack(0x0000000029930000,0x0000000029a30000)]
  0x000000001be1c800 JavaThread "jar transforms Thread 87" [_thread_blocked, id=19008, stack(0x0000000029830000,0x0000000029930000)]
  0x000000001be1d000 JavaThread "jar transforms Thread 86" [_thread_blocked, id=19380, stack(0x0000000029730000,0x0000000029830000)]
  0x000000001be22800 JavaThread "jar transforms Thread 85" [_thread_blocked, id=17960, stack(0x0000000029630000,0x0000000029730000)]
  0x000000001be20800 JavaThread "jar transforms Thread 84" [_thread_blocked, id=16996, stack(0x0000000029530000,0x0000000029630000)]
  0x000000001be1f000 JavaThread "jar transforms Thread 83" [_thread_blocked, id=8888, stack(0x0000000029430000,0x0000000029530000)]
  0x000000001be1f800 JavaThread "jar transforms Thread 82" [_thread_blocked, id=3560, stack(0x0000000029330000,0x0000000029430000)]
  0x000000001be22000 JavaThread "jar transforms Thread 81" [_thread_blocked, id=10752, stack(0x0000000029230000,0x0000000029330000)]
  0x000000001be1b800 JavaThread "jar transforms Thread 80" [_thread_blocked, id=4136, stack(0x0000000029130000,0x0000000029230000)]
  0x000000001be21000 JavaThread "jar transforms Thread 79" [_thread_blocked, id=19768, stack(0x0000000029030000,0x0000000029130000)]
  0x000000001be14000 JavaThread "jar transforms Thread 78" [_thread_blocked, id=15228, stack(0x0000000028f30000,0x0000000029030000)]
  0x000000001be15000 JavaThread "jar transforms Thread 77" [_thread_blocked, id=19680, stack(0x0000000028e30000,0x0000000028f30000)]
  0x000000001be1b000 JavaThread "jar transforms Thread 76" [_thread_blocked, id=2460, stack(0x0000000028d30000,0x0000000028e30000)]
  0x000000001be13800 JavaThread "jar transforms Thread 75" [_thread_blocked, id=16584, stack(0x0000000028c30000,0x0000000028d30000)]
  0x000000001be1a000 JavaThread "jar transforms Thread 74" [_thread_blocked, id=18612, stack(0x0000000028b30000,0x0000000028c30000)]
  0x000000001be16800 JavaThread "jar transforms Thread 73" [_thread_blocked, id=19092, stack(0x0000000028a30000,0x0000000028b30000)]
  0x000000001be18000 JavaThread "jar transforms Thread 72" [_thread_blocked, id=15520, stack(0x0000000028930000,0x0000000028a30000)]
  0x000000001be19800 JavaThread "jar transforms Thread 71" [_thread_blocked, id=5188, stack(0x0000000028830000,0x0000000028930000)]
  0x000000001be18800 JavaThread "jar transforms Thread 70" [_thread_blocked, id=21248, stack(0x0000000028730000,0x0000000028830000)]
  0x000000001be17000 JavaThread "jar transforms Thread 69" [_thread_blocked, id=15128, stack(0x0000000028630000,0x0000000028730000)]
  0x000000001be15800 JavaThread "jar transforms Thread 68" [_thread_blocked, id=4544, stack(0x0000000028530000,0x0000000028630000)]
  0x000000001bf77000 JavaThread "jar transforms Thread 67" [_thread_blocked, id=8248, stack(0x0000000028430000,0x0000000028530000)]
  0x000000001bf76000 JavaThread "jar transforms Thread 66" [_thread_blocked, id=14876, stack(0x0000000028330000,0x0000000028430000)]
  0x000000001bf75800 JavaThread "jar transforms Thread 65" [_thread_blocked, id=5372, stack(0x0000000028230000,0x0000000028330000)]
  0x000000001bf74800 JavaThread "jar transforms Thread 64" [_thread_blocked, id=1628, stack(0x0000000028130000,0x0000000028230000)]
  0x000000001bf73000 JavaThread "jar transforms Thread 63" [_thread_blocked, id=21256, stack(0x0000000028030000,0x0000000028130000)]
  0x000000001bf77800 JavaThread "jar transforms Thread 62" [_thread_blocked, id=18928, stack(0x0000000027f30000,0x0000000028030000)]
  0x000000001bf74000 JavaThread "jar transforms Thread 61" [_thread_blocked, id=20552, stack(0x0000000027e30000,0x0000000027f30000)]
  0x000000001bf72800 JavaThread "jar transforms Thread 60" [_thread_blocked, id=21216, stack(0x0000000027d30000,0x0000000027e30000)]
  0x000000001bf6d000 JavaThread "jar transforms Thread 59" [_thread_blocked, id=17016, stack(0x0000000027c30000,0x0000000027d30000)]
  0x000000001bf71800 JavaThread "jar transforms Thread 58" [_thread_blocked, id=8048, stack(0x0000000027b30000,0x0000000027c30000)]
  0x000000001bf71000 JavaThread "jar transforms Thread 57" [_thread_blocked, id=15384, stack(0x0000000027a30000,0x0000000027b30000)]
  0x000000001bf70000 JavaThread "jar transforms Thread 56" [_thread_blocked, id=15924, stack(0x0000000027930000,0x0000000027a30000)]
  0x000000001bf68800 JavaThread "jar transforms Thread 55" [_thread_blocked, id=3564, stack(0x0000000027830000,0x0000000027930000)]
  0x000000001bf6c000 JavaThread "jar transforms Thread 54" [_thread_blocked, id=17244, stack(0x0000000027730000,0x0000000027830000)]
  0x000000001bf6f800 JavaThread "jar transforms Thread 53" [_thread_blocked, id=15908, stack(0x0000000027630000,0x0000000027730000)]
  0x000000001bf6e000 JavaThread "jar transforms Thread 52" [_thread_blocked, id=17996, stack(0x0000000027530000,0x0000000027630000)]
  0x000000001bf6b800 JavaThread "jar transforms Thread 51" [_thread_blocked, id=4060, stack(0x0000000027430000,0x0000000027530000)]
  0x000000001bf6e800 JavaThread "jar transforms Thread 50" [_thread_blocked, id=13932, stack(0x0000000027330000,0x0000000027430000)]
  0x000000001bf6a800 JavaThread "jar transforms Thread 49" [_thread_blocked, id=8120, stack(0x0000000027230000,0x0000000027330000)]
  0x000000001bf69000 JavaThread "jar transforms Thread 48" [_thread_blocked, id=20120, stack(0x0000000027130000,0x0000000027230000)]
  0x000000001bf6a000 JavaThread "jar transforms Thread 47" [_thread_blocked, id=4512, stack(0x0000000027030000,0x0000000027130000)]
  0x000000001bd90000 JavaThread "jar transforms Thread 46" [_thread_blocked, id=19688, stack(0x0000000026f30000,0x0000000027030000)]
  0x000000001bd8f800 JavaThread "jar transforms Thread 45" [_thread_blocked, id=10764, stack(0x0000000026e30000,0x0000000026f30000)]
  0x000000001bd91800 JavaThread "jar transforms Thread 44" [_thread_blocked, id=13208, stack(0x0000000026d30000,0x0000000026e30000)]
  0x000000001bd94000 JavaThread "jar transforms Thread 43" [_thread_blocked, id=5700, stack(0x0000000026c30000,0x0000000026d30000)]
  0x000000001bd93000 JavaThread "jar transforms Thread 42" [_thread_blocked, id=19700, stack(0x0000000026b30000,0x0000000026c30000)]
  0x000000001bd92800 JavaThread "jar transforms Thread 41" [_thread_blocked, id=17976, stack(0x0000000026a30000,0x0000000026b30000)]
  0x000000001bd91000 JavaThread "jar transforms Thread 40" [_thread_blocked, id=10488, stack(0x0000000026930000,0x0000000026a30000)]
  0x000000001bd8b000 JavaThread "jar transforms Thread 39" [_thread_blocked, id=15884, stack(0x0000000026830000,0x0000000026930000)]
  0x000000001bd8e000 JavaThread "jar transforms Thread 38" [_thread_blocked, id=15188, stack(0x0000000026730000,0x0000000026830000)]
  0x000000001bd8d000 JavaThread "jar transforms Thread 37" [_thread_blocked, id=11244, stack(0x0000000026630000,0x0000000026730000)]
  0x000000001bd8c800 JavaThread "jar transforms Thread 36" [_thread_blocked, id=8324, stack(0x0000000026530000,0x0000000026630000)]
  0x000000001bd88000 JavaThread "jar transforms Thread 35" [_thread_blocked, id=14656, stack(0x0000000026430000,0x0000000026530000)]
  0x000000001bd8e800 JavaThread "jar transforms Thread 34" [_thread_blocked, id=16984, stack(0x0000000026330000,0x0000000026430000)]
  0x000000001bd8a000 JavaThread "jar transforms Thread 33" [_thread_blocked, id=20940, stack(0x0000000026230000,0x0000000026330000)]
  0x000000001bd87000 JavaThread "jar transforms Thread 32" [_thread_blocked, id=1440, stack(0x0000000026130000,0x0000000026230000)]
  0x000000001bd88800 JavaThread "jar transforms Thread 31" [_thread_blocked, id=2300, stack(0x0000000026030000,0x0000000026130000)]
  0x000000001bd86800 JavaThread "jar transforms Thread 30" [_thread_blocked, id=7368, stack(0x0000000025f30000,0x0000000026030000)]
  0x000000001bd85800 JavaThread "jar transforms Thread 29" [_thread_blocked, id=2640, stack(0x0000000025e30000,0x0000000025f30000)]
  0x000000001bd89800 JavaThread "jar transforms Thread 28" [_thread_blocked, id=18340, stack(0x0000000025d30000,0x0000000025e30000)]
  0x000000001bd85000 JavaThread "jar transforms Thread 27" [_thread_blocked, id=8812, stack(0x0000000025c30000,0x0000000025d30000)]
  0x000000001bd8b800 JavaThread "jar transforms Thread 26" [_thread_blocked, id=5152, stack(0x0000000025b30000,0x0000000025c30000)]
  0x000000001f912800 JavaThread "jar transforms Thread 25" [_thread_blocked, id=9620, stack(0x0000000025a30000,0x0000000025b30000)]
  0x000000001f918800 JavaThread "jar transforms Thread 24" [_thread_blocked, id=15336, stack(0x0000000025930000,0x0000000025a30000)]
  0x000000001f911000 JavaThread "jar transforms Thread 23" [_thread_blocked, id=14256, stack(0x0000000025830000,0x0000000025930000)]
  0x000000001f917800 JavaThread "jar transforms Thread 22" [_thread_blocked, id=10512, stack(0x0000000025730000,0x0000000025830000)]
  0x000000001f910000 JavaThread "jar transforms Thread 21" [_thread_blocked, id=16424, stack(0x0000000025630000,0x0000000025730000)]
  0x000000001f916000 JavaThread "jar transforms Thread 20" [_thread_blocked, id=13704, stack(0x0000000025530000,0x0000000025630000)]
  0x000000001f915800 JavaThread "jar transforms Thread 19" [_thread_blocked, id=5820, stack(0x0000000025430000,0x0000000025530000)]
  0x000000001f911800 JavaThread "jar transforms Thread 18" [_thread_blocked, id=17436, stack(0x0000000025330000,0x0000000025430000)]
  0x000000001f914800 JavaThread "jar transforms Thread 17" [_thread_blocked, id=20728, stack(0x0000000025230000,0x0000000025330000)]
  0x000000001f913000 JavaThread "jar transforms Thread 16" [_thread_blocked, id=16400, stack(0x0000000025130000,0x0000000025230000)]
  0x000000001f917000 JavaThread "jar transforms Thread 15" [_thread_blocked, id=14292, stack(0x0000000025030000,0x0000000025130000)]
  0x000000001f914000 JavaThread "jar transforms Thread 14" [_thread_blocked, id=3724, stack(0x0000000024f30000,0x0000000025030000)]
  0x000000001f909800 JavaThread "jar transforms Thread 13" [_thread_blocked, id=2624, stack(0x0000000024e30000,0x0000000024f30000)]
  0x000000001f90b000 JavaThread "jar transforms Thread 12" [_thread_blocked, id=9280, stack(0x0000000024d30000,0x0000000024e30000)]
  0x000000001f90d000 JavaThread "jar transforms Thread 11" [_thread_blocked, id=20308, stack(0x0000000024c30000,0x0000000024d30000)]
  0x000000001f90b800 JavaThread "jar transforms Thread 10" [_thread_blocked, id=17772, stack(0x0000000024b30000,0x0000000024c30000)]
  0x000000001f90e000 JavaThread "jar transforms Thread 9" [_thread_blocked, id=2720, stack(0x0000000024a30000,0x0000000024b30000)]
  0x000000001f90f800 JavaThread "jar transforms Thread 8" [_thread_blocked, id=20068, stack(0x0000000024930000,0x0000000024a30000)]
  0x000000001f90a000 JavaThread "jar transforms Thread 7" [_thread_blocked, id=16292, stack(0x0000000024830000,0x0000000024930000)]
  0x000000001f90e800 JavaThread "jar transforms Thread 6" [_thread_blocked, id=5108, stack(0x0000000024730000,0x0000000024830000)]
  0x000000001f90c800 JavaThread "jar transforms Thread 5" [_thread_blocked, id=19324, stack(0x0000000024630000,0x0000000024730000)]
  0x000000001bfe1000 JavaThread "jar transforms Thread 4" [_thread_blocked, id=7564, stack(0x0000000024530000,0x0000000024630000)]
  0x000000001bfe0000 JavaThread "jar transforms Thread 3" [_thread_blocked, id=10100, stack(0x0000000024430000,0x0000000024530000)]
  0x000000001bfe7000 JavaThread "jar transforms Thread 2" [_thread_blocked, id=11740, stack(0x0000000024330000,0x0000000024430000)]
  0x000000001bfe6000 JavaThread "Build operations Thread 8" [_thread_blocked, id=14764, stack(0x0000000024230000,0x0000000024330000)]
  0x000000001bfdf800 JavaThread "Build operations Thread 7" [_thread_blocked, id=5356, stack(0x0000000024130000,0x0000000024230000)]
  0x000000001bfe4000 JavaThread "Build operations Thread 6" [_thread_blocked, id=1696, stack(0x0000000024030000,0x0000000024130000)]
  0x000000001bfe1800 JavaThread "Build operations Thread 5" [_thread_blocked, id=6664, stack(0x0000000023f30000,0x0000000024030000)]
  0x000000001bfe3000 JavaThread "Build operations Thread 4" [_thread_blocked, id=6140, stack(0x0000000023e30000,0x0000000023f30000)]
  0x000000001bfe5800 JavaThread "Build operations Thread 3" [_thread_blocked, id=6780, stack(0x0000000023d30000,0x0000000023e30000)]
  0x000000001bfe2800 JavaThread "Build operations Thread 2" [_thread_blocked, id=1776, stack(0x0000000023c30000,0x0000000023d30000)]
  0x000000001bfe4800 JavaThread "Build operations" [_thread_blocked, id=6992, stack(0x0000000023b30000,0x0000000023c30000)]
  0x000000001bfdb800 JavaThread "Cache worker for file content cache (C:\Users\Arash\.gradle\caches\6.5\fileContent)" [_thread_blocked, id=2212, stack(0x0000000023430000,0x0000000023530000)]
  0x000000001a063800 JavaThread "jar transforms" [_thread_blocked, id=21408, stack(0x0000000023330000,0x0000000023430000)]
  0x000000001a05e000 JavaThread "Cache worker for execution history cache (C:\Users\Arash\.gradle\caches\6.5\executionHistory)" [_thread_blocked, id=3252, stack(0x0000000022c30000,0x0000000022d30000)]
  0x000000001a061800 JavaThread "Cache worker for cache directory md-rule (C:\Users\Arash\.gradle\caches\6.5\md-rule)" [_thread_blocked, id=15320, stack(0x0000000022b30000,0x0000000022c30000)]
  0x000000001a060800 JavaThread "Cache worker for cache directory md-supplier (C:\Users\Arash\.gradle\caches\6.5\md-supplier)" [_thread_blocked, id=13364, stack(0x0000000022a30000,0x0000000022b30000)]
  0x000000001a060000 JavaThread "Cache worker for checksums cache (C:\Users\Arash\AndroidStudioProjects\NearRoom\.gradle\checksums)" [_thread_blocked, id=18608, stack(0x0000000021890000,0x0000000021990000)]
  0x000000001a05c800 JavaThread "Cache worker for file hash cache (C:\Users\Arash\AndroidStudioProjects\NearRoom\.gradle\6.5\fileHashes)" [_thread_blocked, id=3972, stack(0x0000000021590000,0x0000000021690000)]
  0x000000001a05f000 JavaThread "Cache worker for file hash cache (C:\Users\Arash\.gradle\caches\6.5\fileHashes)" [_thread_blocked, id=9108, stack(0x000000001f040000,0x000000001f140000)]
  0x000000001a062000 JavaThread "File lock request listener" [_thread_in_native, id=7364, stack(0x000000001ef40000,0x000000001f040000)]
  0x000000001b00d800 JavaThread "Cache worker for journal cache (C:\Users\Arash\.gradle\caches\journal-1)" [_thread_blocked, id=8756, stack(0x000000001ee40000,0x000000001ef40000)]
  0x000000001b017000 JavaThread "Thread-9" [_thread_blocked, id=14848, stack(0x000000001eb40000,0x000000001ec40000)]
  0x000000001b016000 JavaThread "Stdin handler" [_thread_blocked, id=8940, stack(0x000000001ea40000,0x000000001eb40000)]
  0x000000001b015800 JavaThread "Asynchronous log dispatcher for DefaultDaemonConnection: socket connection from /127.0.0.1:50555 to /127.0.0.1:50556" [_thread_blocked, id=15508, stack(0x000000001e940000,0x000000001ea40000)]
  0x000000001af5e800 JavaThread "Daemon worker" [_thread_in_vm, id=19564, stack(0x000000001e840000,0x000000001e940000)]
  0x000000001af5d800 JavaThread "Cancel handler" [_thread_blocked, id=10936, stack(0x000000001e640000,0x000000001e740000)]
  0x000000001ca93000 JavaThread "Handler for socket connection from /127.0.0.1:50555 to /127.0.0.1:50556" [_thread_in_native, id=14884, stack(0x000000001e540000,0x000000001e640000)]
  0x000000001ca8f800 JavaThread "Daemon" [_thread_blocked, id=18520, stack(0x000000001e440000,0x000000001e540000)]
  0x000000001ca72800 JavaThread "Daemon periodic checks" [_thread_blocked, id=15696, stack(0x000000001e140000,0x000000001e240000)]
  0x000000001ca1a800 JavaThread "Incoming local TCP Connector on port 50555" [_thread_in_native, id=13260, stack(0x000000001df00000,0x000000001e000000)]
  0x000000001c95c000 JavaThread "Daemon health stats" [_thread_blocked, id=8620, stack(0x000000001d8c0000,0x000000001d9c0000)]
  0x000000001a0ea000 JavaThread "Service Thread" daemon [_thread_blocked, id=15576, stack(0x000000001ad20000,0x000000001ae20000)]
  0x000000001a05d800 JavaThread "C1 CompilerThread3" daemon [_thread_in_native, id=20704, stack(0x000000001ac20000,0x000000001ad20000)]
  0x000000001a063000 JavaThread "C2 CompilerThread2" daemon [_thread_in_native, id=20388, stack(0x000000001ab20000,0x000000001ac20000)]
  0x000000001a058000 JavaThread "C2 CompilerThread1" daemon [_thread_in_native, id=3988, stack(0x000000001aa20000,0x000000001ab20000)]
=>0x000000001a051800 JavaThread "C2 CompilerThread0" daemon [_thread_in_native, id=19256, stack(0x000000001a920000,0x000000001aa20000)]
  0x000000001a04f800 JavaThread "Attach Listener" daemon [_thread_blocked, id=1496, stack(0x000000001a820000,0x000000001a920000)]
  0x000000001824e800 JavaThread "Signal Dispatcher" daemon [_thread_blocked, id=16924, stack(0x000000001a720000,0x000000001a820000)]
  0x000000001a040800 JavaThread "Finalizer" daemon [_thread_blocked, id=3960, stack(0x000000001a520000,0x000000001a620000)]
  0x000000001823c800 JavaThread "Reference Handler" daemon [_thread_blocked, id=2968, stack(0x000000001a420000,0x000000001a520000)]
  0x000000000178e000 JavaThread "main" [_thread_blocked, id=4756, stack(0x0000000002fd0000,0x00000000030d0000)]

Other Threads:
  0x0000000018236000 VMThread [stack: 0x0000000019f20000,0x000000001a020000] [id=17928]
  0x000000001a0eb000 WatcherThread [stack: 0x000000001ae20000,0x000000001af20000] [id=21464]

VM state:not at safepoint (normal execution)

VM Mutex/Monitor currently owned by a thread:  ([mutex/lock_event])
[0x00000000030d1050] CompiledIC_lock - owner thread: 0x000000001a05d800

heap address: 0x0000000080000000, size: 2048 MB, Compressed Oops mode: 32-bit
Narrow klass base: 0x0000000000000000, Narrow klass shift: 3
Compressed class space size: 1073741824 Address: 0x0000000100000000

Heap:
 PSYoungGen      total 200704K, used 91289K [0x00000000d5580000, 0x00000000e2e00000, 0x0000000100000000)
  eden space 182784K, 49% used [0x00000000d5580000,0x00000000daea6668,0x00000000e0800000)
  from space 17920K, 0% used [0x00000000e0800000,0x00000000e0800000,0x00000000e1980000)
  to   space 12800K, 0% used [0x00000000e1980000,0x00000000e1980000,0x00000000e2600000)
 ParOldGen       total 109056K, used 35323K [0x0000000080000000, 0x0000000086a80000, 0x00000000d5580000)
  object space 109056K, 32% used [0x0000000080000000,0x000000008227ed88,0x0000000086a80000)
 Metaspace       used 61361K, capacity 63712K, committed 64024K, reserved 1103872K
  class space    used 8428K, capacity 8951K, committed 9008K, reserved 1048576K

Card table byte_map: [0x0000000012590000,0x00000000129a0000] byte_map_base: 0x0000000012190000

Marking Bits: (ParMarkBitMap*) 0x000000005b5cf030
 Begin Bits: [0x0000000013450000, 0x0000000015450000)
 End Bits:   [0x0000000015450000, 0x0000000017450000)

Polling page: 0x0000000001750000

CodeCache: size=245760Kb used=18152Kb max_used=18312Kb free=227607Kb
 bounds [0x00000000031d0000, 0x00000000043d0000, 0x00000000121d0000]
 total_blobs=5979 nmethods=5179 adapters=713
 compilation: enabled

Compilation events (10 events):
Event: 14.776 Thread 0x000000001a05d800 5714       3       java.io.WinNTFileSystem::canonicalize (372 bytes)
Event: 14.782 Thread 0x000000001a05d800 nmethod 5714 0x00000000043bb6d0 code [0x00000000043bbe40, 0x00000000043c1298]
Event: 14.792 Thread 0x000000001a05d800 5715  s    3       java.util.Hashtable::containsKey (65 bytes)
Event: 14.793 Thread 0x000000001a05d800 nmethod 5715 0x000000000439ac90 code [0x000000000439ae20, 0x000000000439b458]
Event: 14.822 Thread 0x000000001a05d800 5716   !   3       java.lang.Class::desiredAssertionStatus (54 bytes)
Event: 14.824 Thread 0x000000001a05d800 nmethod 5716 0x0000000004399410 code [0x0000000004399640, 0x000000000439a5d8]
Event: 14.895 Thread 0x000000001a05d800 5719   !   3       java.util.concurrent.ThreadPoolExecutor::getTask (179 bytes)
Event: 14.896 Thread 0x000000001a05d800 nmethod 5719 0x0000000004397a10 code [0x0000000004397c60, 0x0000000004398d98]
Event: 14.974 Thread 0x000000001a05d800 5720       3       java.lang.reflect.Field::getAnnotation (23 bytes)
Event: 14.975 Thread 0x000000001a05d800 nmethod 5720 0x00000000033269d0 code [0x0000000003326ba0, 0x0000000003327348]

GC Heap History (10 events):
Event: 7.885 GC heap before
{Heap before GC invocations=10 (full 2):
 PSYoungGen      total 161280K, used 8515K [0x00000000d5580000, 0x00000000e0f80000, 0x0000000100000000)
  eden space 148480K, 0% used [0x00000000d5580000,0x00000000d5580000,0x00000000de680000)
  from space 12800K, 66% used [0x00000000df300000,0x00000000dfb50ea8,0x00000000dff80000)
  to   space 12800K, 0% used [0x00000000de680000,0x00000000de680000,0x00000000df300000)
 ParOldGen       total 70656K, used 7605K [0x0000000080000000, 0x0000000084500000, 0x00000000d5580000)
  object space 70656K, 10% used [0x0000000080000000,0x000000008076d578,0x0000000084500000)
 Metaspace       used 34264K, capacity 35412K, committed 35496K, reserved 1079296K
  class space    used 4718K, capacity 5001K, committed 5040K, reserved 1048576K
Event: 8.048 GC heap after
Heap after GC invocations=10 (full 2):
 PSYoungGen      total 161280K, used 0K [0x00000000d5580000, 0x00000000e0f80000, 0x0000000100000000)
  eden space 148480K, 0% used [0x00000000d5580000,0x00000000d5580000,0x00000000de680000)
  from space 12800K, 0% used [0x00000000df300000,0x00000000df300000,0x00000000dff80000)
  to   space 12800K, 0% used [0x00000000de680000,0x00000000de680000,0x00000000df300000)
 ParOldGen       total 109056K, used 14851K [0x0000000080000000, 0x0000000086a80000, 0x00000000d5580000)
  object space 109056K, 13% used [0x0000000080000000,0x0000000080e80d60,0x0000000086a80000)
 Metaspace       used 34264K, capacity 35412K, committed 35496K, reserved 1079296K
  class space    used 4718K, capacity 5001K, committed 5040K, reserved 1048576K
}
Event: 9.483 GC heap before
{Heap before GC invocations=11 (full 2):
 PSYoungGen      total 161280K, used 148480K [0x00000000d5580000, 0x00000000e0f80000, 0x0000000100000000)
  eden space 148480K, 100% used [0x00000000d5580000,0x00000000de680000,0x00000000de680000)
  from space 12800K, 0% used [0x00000000df300000,0x00000000df300000,0x00000000dff80000)
  to   space 12800K, 0% used [0x00000000de680000,0x00000000de680000,0x00000000df300000)
 ParOldGen       total 109056K, used 14851K [0x0000000080000000, 0x0000000086a80000, 0x00000000d5580000)
  object space 109056K, 13% used [0x0000000080000000,0x0000000080e80d60,0x0000000086a80000)
 Metaspace       used 37876K, capacity 39596K, committed 39720K, reserved 1083392K
  class space    used 5218K, capacity 5605K, committed 5680K, reserved 1048576K
Event: 9.498 GC heap after
Heap after GC invocations=11 (full 2):
 PSYoungGen      total 161280K, used 9015K [0x00000000d5580000, 0x00000000e2600000, 0x0000000100000000)
  eden space 148480K, 0% used [0x00000000d5580000,0x00000000d5580000,0x00000000de680000)
  from space 12800K, 70% used [0x00000000de680000,0x00000000def4dcd8,0x00000000df300000)
  to   space 12800K, 0% used [0x00000000e1980000,0x00000000e1980000,0x00000000e2600000)
 ParOldGen       total 109056K, used 14859K [0x0000000080000000, 0x0000000086a80000, 0x00000000d5580000)
  object space 109056K, 13% used [0x0000000080000000,0x0000000080e82d60,0x0000000086a80000)
 Metaspace       used 37876K, capacity 39596K, committed 39720K, reserved 1083392K
  class space    used 5218K, capacity 5605K, committed 5680K, reserved 1048576K
}
Event: 11.945 GC heap before
{Heap before GC invocations=12 (full 2):
 PSYoungGen      total 161280K, used 157495K [0x00000000d5580000, 0x00000000e2600000, 0x0000000100000000)
  eden space 148480K, 100% used [0x00000000d5580000,0x00000000de680000,0x00000000de680000)
  from space 12800K, 70% used [0x00000000de680000,0x00000000def4dcd8,0x00000000df300000)
  to   space 12800K, 0% used [0x00000000e1980000,0x00000000e1980000,0x00000000e2600000)
 ParOldGen       total 109056K, used 14859K [0x0000000080000000, 0x0000000086a80000, 0x00000000d5580000)
  object space 109056K, 13% used [0x0000000080000000,0x0000000080e82d60,0x0000000086a80000)
 Metaspace       used 52397K, capacity 54390K, committed 54568K, reserved 1095680K
  class space    used 6962K, capacity 7409K, committed 7472K, reserved 1048576K
Event: 11.985 GC heap after
Heap after GC invocations=12 (full 2):
 PSYoungGen      total 195584K, used 12780K [0x00000000d5580000, 0x00000000e2e00000, 0x0000000100000000)
  eden space 182784K, 0% used [0x00000000d5580000,0x00000000d5580000,0x00000000e0800000)
  from space 12800K, 99% used [0x00000000e1980000,0x00000000e25fb310,0x00000000e2600000)
  to   space 17920K, 0% used [0x00000000e0800000,0x00000000e0800000,0x00000000e1980000)
 ParOldGen       total 109056K, used 25971K [0x0000000080000000, 0x0000000086a80000, 0x00000000d5580000)
  object space 109056K, 23% used [0x0000000080000000,0x000000008195ced8,0x0000000086a80000)
 Metaspace       used 52397K, capacity 54390K, committed 54568K, reserved 1095680K
  class space    used 6962K, capacity 7409K, committed 7472K, reserved 1048576K
}
Event: 13.180 GC heap before
{Heap before GC invocations=13 (full 2):
 PSYoungGen      total 195584K, used 89741K [0x00000000d5580000, 0x00000000e2e00000, 0x0000000100000000)
  eden space 182784K, 42% used [0x00000000d5580000,0x00000000da0a8328,0x00000000e0800000)
  from space 12800K, 99% used [0x00000000e1980000,0x00000000e25fb310,0x00000000e2600000)
  to   space 17920K, 0% used [0x00000000e0800000,0x00000000e0800000,0x00000000e1980000)
 ParOldGen       total 109056K, used 25971K [0x0000000080000000, 0x0000000086a80000, 0x00000000d5580000)
  object space 109056K, 23% used [0x0000000080000000,0x000000008195ced8,0x0000000086a80000)
 Metaspace       used 56868K, capacity 59046K, committed 59160K, reserved 1099776K
  class space    used 7697K, capacity 8184K, committed 8240K, reserved 1048576K
Event: 13.225 GC heap after
Heap after GC invocations=13 (full 2):
 PSYoungGen      total 200704K, used 17908K [0x00000000d5580000, 0x00000000e2e00000, 0x0000000100000000)
  eden space 182784K, 0% used [0x00000000d5580000,0x00000000d5580000,0x00000000e0800000)
  from space 17920K, 99% used [0x00000000e0800000,0x00000000e197d298,0x00000000e1980000)
  to   space 12800K, 0% used [0x00000000e1980000,0x00000000e1980000,0x00000000e2600000)
 ParOldGen       total 109056K, used 29406K [0x0000000080000000, 0x0000000086a80000, 0x00000000d5580000)
  object space 109056K, 26% used [0x0000000080000000,0x0000000081cb7bb8,0x0000000086a80000)
 Metaspace       used 56868K, capacity 59046K, committed 59160K, reserved 1099776K
  class space    used 7697K, capacity 8184K, committed 8240K, reserved 1048576K
}
Event: 13.225 GC heap before
{Heap before GC invocations=14 (full 3):
 PSYoungGen      total 200704K, used 17908K [0x00000000d5580000, 0x00000000e2e00000, 0x0000000100000000)
  eden space 182784K, 0% used [0x00000000d5580000,0x00000000d5580000,0x00000000e0800000)
  from space 17920K, 99% used [0x00000000e0800000,0x00000000e197d298,0x00000000e1980000)
  to   space 12800K, 0% used [0x00000000e1980000,0x00000000e1980000,0x00000000e2600000)
 ParOldGen       total 109056K, used 29406K [0x0000000080000000, 0x0000000086a80000, 0x00000000d5580000)
  object space 109056K, 26% used [0x0000000080000000,0x0000000081cb7bb8,0x0000000086a80000)
 Metaspace       used 56868K, capacity 59046K, committed 59160K, reserved 1099776K
  class space    used 7697K, capacity 8184K, committed 8240K, reserved 1048576K
Event: 13.634 GC heap after
Heap after GC invocations=14 (full 3):
 PSYoungGen      total 200704K, used 0K [0x00000000d5580000, 0x00000000e2e00000, 0x0000000100000000)
  eden space 182784K, 0% used [0x00000000d5580000,0x00000000d5580000,0x00000000e0800000)
  from space 17920K, 0% used [0x00000000e0800000,0x00000000e0800000,0x00000000e1980000)
  to   space 12800K, 0% used [0x00000000e1980000,0x00000000e1980000,0x00000000e2600000)
 ParOldGen       total 109056K, used 35323K [0x0000000080000000, 0x0000000086a80000, 0x00000000d5580000)
  object space 109056K, 32% used [0x0000000080000000,0x000000008227ed88,0x0000000086a80000)
 Metaspace       used 56843K, capacity 58962K, committed 59160K, reserved 1099776K
  class space    used 7690K, capacity 8170K, committed 8240K, reserved 1048576K
}

Deoptimization events (10 events):
Event: 14.394 Thread 0x000000001af5e800 Uncommon trap: reason=unstable_if action=reinterpret pc=0x0000000003f122a0 method=org.objectweb.asm.ByteVector.putInt(I)Lorg/objectweb/asm/ByteVector; @ 13
Event: 14.429 Thread 0x000000001af5e800 Uncommon trap: reason=unstable_if action=reinterpret pc=0x00000000034ec848 method=java.util.HashMap.resize()[Ljava/util/HashMap$Node; @ 206
Event: 14.429 Thread 0x000000001af5e800 Uncommon trap: reason=unstable_if action=reinterpret pc=0x0000000003ea3aac method=java.util.HashMap.getNode(ILjava/lang/Object;)Ljava/util/HashMap$Node; @ 84
Event: 14.429 Thread 0x000000001af5e800 Uncommon trap: reason=unstable_if action=reinterpret pc=0x0000000004156a70 method=java.util.HashMap.getNode(ILjava/lang/Object;)Ljava/util/HashMap$Node; @ 84
Event: 14.430 Thread 0x000000001af5e800 Uncommon trap: reason=unstable_if action=reinterpret pc=0x0000000003fb70e4 method=java.util.HashMap.getNode(ILjava/lang/Object;)Ljava/util/HashMap$Node; @ 84
Event: 14.678 Thread 0x000000001af5e800 Uncommon trap: reason=unstable_if action=reinterpret pc=0x00000000037cdc64 method=java.util.Properties$LineReader.readLine()I @ 37
Event: 14.725 Thread 0x000000001af5e800 Uncommon trap: reason=bimorphic action=maybe_recompile pc=0x0000000003436ad0 method=java.util.regex.Pattern$5.isSatisfiedBy(I)Z @ 16
Event: 14.726 Thread 0x000000001af5e800 Uncommon trap: reason=bimorphic action=maybe_recompile pc=0x0000000003436ad0 method=java.util.regex.Pattern$5.isSatisfiedBy(I)Z @ 16
Event: 14.726 Thread 0x000000001af5e800 Uncommon trap: reason=bimorphic action=maybe_recompile pc=0x0000000003436ad0 method=java.util.regex.Pattern$5.isSatisfiedBy(I)Z @ 16
Event: 14.726 Thread 0x000000001af5e800 Uncommon trap: reason=bimorphic action=maybe_recompile pc=0x0000000003436ad0 method=java.util.regex.Pattern$5.isSatisfiedBy(I)Z @ 16

Classes redefined (0 events):
No events

Internal exceptions (10 events):
Event: 14.266 Thread 0x000000001af5e800 Exception <a 'java/lang/ClassNotFoundException': org/codehaus/groovy/runtime/MethodClosureBeanInfo> (0x00000000d8609b38) thrown at [C:\src\AOSP-openjdk-git\hotspot\src\share\vm\classfile\systemDictionary.cpp, line 210]
Event: 14.267 Thread 0x000000001af5e800 Exception <a 'java/lang/ClassNotFoundException': org/codehaus/groovy/runtime/MethodClosureCustomizer> (0x00000000d86236a8) thrown at [C:\src\AOSP-openjdk-git\hotspot\src\share\vm\classfile\systemDictionary.cpp, line 210]
Event: 14.270 Thread 0x000000001af5e800 Exception <a 'java/lang/ClassNotFoundException': org/gradle/api/internal/artifacts/configurations/DefaultConfiguration$ConfigurationResolvableDependencies_DecoratedBeanInfo> (0x00000000d86ae668) thrown at [C:\src\AOSP-openjdk-git\hotspot\src\share\vm\clas
Event: 14.271 Thread 0x000000001af5e800 Exception <a 'java/lang/ClassNotFoundException': org/gradle/api/internal/artifacts/configurations/DefaultConfiguration$ConfigurationResolvableDependenciesBeanInfo> (0x00000000d86f96b0) thrown at [C:\src\AOSP-openjdk-git\hotspot\src\share\vm\classfile\syst
Event: 14.272 Thread 0x000000001af5e800 Exception <a 'java/lang/ClassNotFoundException': org/gradle/api/internal/artifacts/configurations/DefaultConfiguration$ConfigurationResolvableDependenciesCustomizer> (0x00000000d8746758) thrown at [C:\src\AOSP-openjdk-git\hotspot\src\share\vm\classfile\sy
Event: 14.274 Thread 0x000000001af5e800 Exception <a 'java/lang/ClassNotFoundException': org/gradle/api/internal/artifacts/configurations/DefaultConfiguration$ConfigurationResolvableDependencies_DecoratedCustomizer> (0x00000000d87ade40) thrown at [C:\src\AOSP-openjdk-git\hotspot\src\share\vm\cl
Event: 14.508 Thread 0x000000001af5e800 Exception <a 'java/lang/NoSuchMethodError': java.lang.Object.lambda$static$0(Lorg/gradle/api/internal/tasks/TaskDependencyResolveContext;)V> (0x00000000d901e1d0) thrown at [C:\src\AOSP-openjdk-git\hotspot\src\share\vm\interpreter\linkResolver.cpp, line 62
Event: 14.700 Thread 0x000000001af5e800 Exception <a 'sun/nio/fs/WindowsException'> (0x00000000d9a00708) thrown at [C:\src\AOSP-openjdk-git\hotspot\src\share\vm\prims\jni.cpp, line 710]
Event: 14.774 Thread 0x000000001af5e800 Exception <a 'java/lang/ClassNotFoundException': com/sun/org/glassfish/hk2/osgiresourcelocator/ServiceLoader> (0x00000000d9e49088) thrown at [C:\src\AOSP-openjdk-git\hotspot\src\share\vm\classfile\systemDictionary.cpp, line 210]
Event: 14.854 Thread 0x000000001af5e800 Exception <a 'java/lang/NullPointerException'> (0x00000000da3897a0) thrown at [C:\src\AOSP-openjdk-git\hotspot\src\share\vm\interpreter\linkResolver.cpp, line 1287]

Events (10 events):
Event: 14.979 loading class javax/xml/bind/annotation/XmlElementDecl$GLOBAL
Event: 14.979 loading class javax/xml/bind/annotation/XmlElementDecl$GLOBAL done
Event: 14.982 loading class com/sun/xml/bind/v2/model/impl/ElementInfoImpl$PropertyImpl
Event: 14.982 loading class com/sun/xml/bind/v2/model/impl/ElementInfoImpl$PropertyImpl done
Event: 14.982 loading class com/sun/xml/bind/v2/model/core/TypeRef
Event: 14.982 loading class com/sun/xml/bind/v2/model/core/TypeRef done
Event: 14.983 loading class com/sun/xml/bind/v2/model/impl/RuntimeElementInfoImpl$RuntimePropertyImpl
Event: 14.983 loading class com/sun/xml/bind/v2/model/impl/RuntimeElementInfoImpl$RuntimePropertyImpl done
Event: 14.983 loading class com/sun/xml/bind/v2/model/runtime/RuntimeTypeRef
Event: 14.983 loading class com/sun/xml/bind/v2/model/runtime/RuntimeTypeRef done


Dynamic libraries:
0x00007ff77f1b0000 - 0x00007ff77f1e1000 	C:\Program Files\Android\Android Studio\jre\bin\java.exe
0x00007ffb01590000 - 0x00007ffb01785000 	C:\WINDOWS\SYSTEM32\ntdll.dll
0x00007ffb00120000 - 0x00007ffb001dd000 	C:\WINDOWS\System32\KERNEL32.DLL
0x00007ffafee60000 - 0x00007ffaff129000 	C:\WINDOWS\System32\KERNELBASE.dll
0x00007ffb00c40000 - 0x00007ffb00cec000 	C:\WINDOWS\System32\ADVAPI32.dll
0x00007ffaffee0000 - 0x00007ffafff7e000 	C:\WINDOWS\System32\msvcrt.dll
0x00007ffb01480000 - 0x00007ffb0151c000 	C:\WINDOWS\System32\sechost.dll
0x00007ffaffff0000 - 0x00007ffb0011b000 	C:\WINDOWS\System32\RPCRT4.dll
0x00007ffaffb60000 - 0x00007ffaffd00000 	C:\WINDOWS\System32\USER32.dll
0x00007ffaff590000 - 0x00007ffaff5b2000 	C:\WINDOWS\System32\win32u.dll
0x00007ffb00b30000 - 0x00007ffb00b5a000 	C:\WINDOWS\System32\GDI32.dll
0x00007ffaff480000 - 0x00007ffaff58b000 	C:\WINDOWS\System32\gdi32full.dll
0x00007ffaff3e0000 - 0x00007ffaff47d000 	C:\WINDOWS\System32\msvcp_win.dll
0x00007ffaff2b0000 - 0x00007ffaff3b0000 	C:\WINDOWS\System32\ucrtbase.dll
0x00007ffaeac30000 - 0x00007ffaeaeca000 	C:\WINDOWS\WinSxS\amd64_microsoft.windows.common-controls_6595b64144ccf1df_6.0.19041.844_none_ca00b6081b84eb1d\COMCTL32.dll
0x00007ffaffd00000 - 0x00007ffaffd30000 	C:\WINDOWS\System32\IMM32.DLL
0x000000005b970000 - 0x000000005ba42000 	C:\Program Files\Android\Android Studio\jre\jre\bin\msvcr100.dll
0x000000005ae00000 - 0x000000005b64b000 	C:\Program Files\Android\Android Studio\jre\jre\bin\server\jvm.dll
0x00007ffaffed0000 - 0x00007ffaffed8000 	C:\WINDOWS\System32\PSAPI.DLL
0x00007ffaf09d0000 - 0x00007ffaf09d9000 	C:\WINDOWS\SYSTEM32\WSOCK32.dll
0x00007ffaf35b0000 - 0x00007ffaf35d7000 	C:\WINDOWS\SYSTEM32\WINMM.dll
0x00007ffafff80000 - 0x00007ffafffeb000 	C:\WINDOWS\System32\WS2_32.dll
0x00007ffaf7ed0000 - 0x00007ffaf7eda000 	C:\WINDOWS\SYSTEM32\VERSION.dll
0x00007ffaf8190000 - 0x00007ffaf819f000 	C:\Program Files\Android\Android Studio\jre\jre\bin\verify.dll
0x00007ffaf69f0000 - 0x00007ffaf6a19000 	C:\Program Files\Android\Android Studio\jre\jre\bin\java.dll
0x00007ffaf8170000 - 0x00007ffaf8186000 	C:\Program Files\Android\Android Studio\jre\jre\bin\zip.dll
0x00007ffb00370000 - 0x00007ffb00ab2000 	C:\WINDOWS\System32\SHELL32.dll
0x00007ffafca30000 - 0x00007ffafd1c0000 	C:\WINDOWS\SYSTEM32\windows.storage.dll
0x00007ffaff5c0000 - 0x00007ffaff915000 	C:\WINDOWS\System32\combase.dll
0x00007ffafe710000 - 0x00007ffafe73c000 	C:\WINDOWS\SYSTEM32\Wldp.dll
0x00007ffaffab0000 - 0x00007ffaffb5e000 	C:\WINDOWS\System32\SHCORE.dll
0x00007ffb01370000 - 0x00007ffb013c5000 	C:\WINDOWS\System32\shlwapi.dll
0x00007ffafebe0000 - 0x00007ffafebff000 	C:\WINDOWS\SYSTEM32\profapi.dll
0x00007ffaf8120000 - 0x00007ffaf813a000 	C:\Program Files\Android\Android Studio\jre\jre\bin\net.dll
0x00007ffafe490000 - 0x00007ffafe4fa000 	C:\WINDOWS\system32\mswsock.dll
0x00007ffaf7af0000 - 0x00007ffaf7b03000 	C:\Program Files\Android\Android Studio\jre\jre\bin\nio.dll
0x00007ffaf98e0000 - 0x00007ffaf9907000 	C:\Users\Arash\.gradle\native\f6784746aeab05261644944871eae4fe03e0ef1612fff0a4a95f87b438bc6780\windows-amd64\native-platform.dll
0x00007ffaf80f0000 - 0x00007ffaf80fd000 	C:\Program Files\Android\Android Studio\jre\jre\bin\management.dll
0x00007ffafe670000 - 0x00007ffafe688000 	C:\WINDOWS\SYSTEM32\CRYPTSP.dll
0x00007ffafddc0000 - 0x00007ffafddf4000 	C:\WINDOWS\system32\rsaenh.dll
0x00007ffaff3b0000 - 0x00007ffaff3d7000 	C:\WINDOWS\System32\bcrypt.dll
0x00007ffafeb60000 - 0x00007ffafeb8e000 	C:\WINDOWS\SYSTEM32\USERENV.dll
0x00007ffaff130000 - 0x00007ffaff1b0000 	C:\WINDOWS\System32\bcryptprimitives.dll
0x00007ffafe660000 - 0x00007ffafe66c000 	C:\WINDOWS\SYSTEM32\CRYPTBASE.dll
0x00007ffafe130000 - 0x00007ffafe16b000 	C:\WINDOWS\SYSTEM32\IPHLPAPI.DLL
0x00007ffb00b20000 - 0x00007ffb00b28000 	C:\WINDOWS\System32\NSI.dll
0x00007ffaf65b0000 - 0x00007ffaf65c7000 	C:\WINDOWS\SYSTEM32\dhcpcsvc6.DLL
0x00007ffaf6550000 - 0x00007ffaf656d000 	C:\WINDOWS\SYSTEM32\dhcpcsvc.DLL
0x00007ffafe180000 - 0x00007ffafe24b000 	C:\WINDOWS\SYSTEM32\DNSAPI.dll
0x00007ffaf6700000 - 0x00007ffaf670b000 	C:\WINDOWS\SYSTEM32\WINNSI.DLL

VM Arguments:
jvm_args: -Xmx2048m -Dfile.encoding=windows-1252 -Duser.country=US -Duser.language=en -Duser.variant 
java_command: org.gradle.launcher.daemon.bootstrap.GradleDaemon 6.5
java_class_path (initial): C:\Users\Arash\.gradle\wrapper\dists\gradle-6.5-bin\6nifqtx7604sqp1q6g8wikw7p\gradle-6.5\lib\gradle-launcher-6.5.jar
Launcher Type: SUN_STANDARD

Environment Variables:
PATH=C:\Program Files (x86)\Common Files\Intel\Shared Libraries\redist\intel64\compiler;C:\Program Files (x86)\Common Files\Oracle\Java\javapath;C:\Program Files (x86)\Intel\Intel(R) Management Engine Components\iCLS\;C:\Program Files\Intel\Intel(R) Management Engine Components\iCLS\;C:\Windows\system32;C:\Windows;C:\Windows\System32\Wbem;C:\Windows\System32\WindowsPowerShell\v1.0\;C:\Windows\System32\OpenSSH\;C:\Program Files (x86)\NVIDIA Corporation\PhysX\Common;C:\Program Files (x86)\Intel\Intel(R) Management Engine Components\DAL;C:\Program Files\Intel\Intel(R) Management Engine Components\DAL;C:\Program Files (x86)\Intel\Intel(R) Management Engine Components\IPT;C:\Program Files\Intel\Intel(R) Management Engine Components\IPT;C:\Program Files\NVIDIA Corporation\NVIDIA NvDLISR;C:\Program Files (x86)\Microsoft SQL Server\150\DTS\Binn\;C:\WINDOWS\system32;C:\WINDOWS;C:\WINDOWS\System32\Wbem;C:\WINDOWS\System32\WindowsPowerShell\v1.0\;C:\WINDOWS\System32\OpenSSH\;C:\Program Files\Intel\WiFi\bin\;C:\Program Files\Common Files\Intel\WirelessCommon\;C:\Program Files\nodejs\;C:\Program Files\Git\cmd;C:\Program Files\Java\jdk1.8.0_202\bin;C:\Users\Arash\AppData\Roaming\npm;C:\Program Files\Intel\WiFi\bin\;C:\Program Files\Common Files\Intel\WirelessCommon\;C:\Program Files\heroku\bin
USERNAME=Arash
OS=Windows_NT
PROCESSOR_IDENTIFIER=Intel64 Family 6 Model 142 Stepping 10, GenuineIntel



---------------  S Y S T E M  ---------------

OS: Windows 10.0 , 64 bit Build 19041 (10.0.19041.804)

CPU:total 8 (initial active 8) (4 cores per cpu, 2 threads per core) family 6 model 142 stepping 10, cmov, cx8, fxsr, mmx, sse, sse2, sse3, ssse3, sse4.1, sse4.2, popcnt, avx, avx2, aes, clmul, erms, 3dnowpref, lzcnt, ht, tsc, tscinvbit, bmi1, bmi2, adx

Memory: 4k page, physical 12458928k(1488252k free), swap 18602928k(5872k free)

vm_info: OpenJDK 64-Bit Server VM (25.242-b01) for windows-amd64 JRE (1.8.0_242-release-1644-b01), built by "builder" with MS VC++ 10.0 (VS2010)

time: Sun Apr 11 12:14:46 2021
timezone: Iran Daylight Time
elapsed time: 15 seconds (0d 0h 0m 15s)

