#
# There is insufficient memory for the Java Runtime Environment to continue.
# Native memory allocation (malloc) failed to allocate 1046496 bytes for Chunk::new
# Possible reasons:
#   The system is out of physical RAM or swap space
#   The process is running with CompressedOops enabled, and the Java Heap may be blocking the growth of the native heap
# Possible solutions:
#   Reduce memory load on the system
#   Increase physical memory or swap space
#   Check if swap backing store is full
#   Decrease Java heap size (-Xmx/-Xms)
#   Decrease number of Java threads
#   Decrease Java thread stack sizes (-Xss)
#   Set larger code cache with -XX:ReservedCodeCacheSize=
#   JVM is running with Zero Based Compressed Oops mode in which the Java heap is
#     placed in the first 32GB address space. The Java Heap base address is the
#     maximum limit for the native heap growth. Please use -XX:HeapBaseMinAddress
#     to set the Java Heap base and to place the Java Heap above 32GB virtual address.
# This output file may be truncated or incomplete.
#
#  Out of Memory Error (allocation.cpp:389), pid=3256, tid=0x000000000000115c
#
# JRE version: OpenJDK Runtime Environment (8.0_242-b01) (build 1.8.0_242-release-1644-b01)
# Java VM: OpenJDK 64-Bit Server VM (25.242-b01 mixed mode windows-amd64 compressed oops)
# Failed to write core dump. Minidumps are not enabled by default on client versions of Windows
#

---------------  T H R E A D  ---------------

Current thread (0x000000001c274000):  JavaThread "C2 CompilerThread1" daemon [_thread_in_native, id=4444, stack(0x000000001cc40000,0x000000001cd40000)]

Stack: [0x000000001cc40000,0x000000001cd40000]
[error occurred during error reporting (printing stack bounds), id 0xc0000005]

Native frames: (J=compiled Java code, j=interpreted, Vv=VM code, C=native code)


Current CompileTask:
C2:   1901 1892       4       org.jetbrains.kotlin.com.intellij.openapi.vfs.impl.ZipHandlerBase::getOrCreate (209 bytes)


---------------  P R O C E S S  ---------------

Java Threads: ( => current thread )
  0x000000001c308800 JavaThread "Service Thread" daemon [_thread_blocked, id=23760, stack(0x000000001cf40000,0x000000001d040000)]
  0x000000001c27d800 JavaThread "C1 CompilerThread3" daemon [_thread_blocked, id=7972, stack(0x000000001ce40000,0x000000001cf40000)]
  0x000000001c278800 JavaThread "C2 CompilerThread2" daemon [_thread_in_native, id=3528, stack(0x000000001cd40000,0x000000001ce40000)]
=>0x000000001c274000 JavaThread "C2 CompilerThread1" daemon [_thread_in_native, id=4444, stack(0x000000001cc40000,0x000000001cd40000)]
  0x000000001c271800 JavaThread "C2 CompilerThread0" daemon [_thread_in_native, id=11600, stack(0x000000001cb40000,0x000000001cc40000)]
  0x000000001c26f800 JavaThread "Attach Listener" daemon [_thread_blocked, id=23708, stack(0x000000001ca40000,0x000000001cb40000)]
  0x000000001c26e000 JavaThread "Signal Dispatcher" daemon [_thread_blocked, id=17172, stack(0x000000001c940000,0x000000001ca40000)]
  0x000000001c261000 JavaThread "Finalizer" daemon [_thread_blocked, id=16996, stack(0x000000001c740000,0x000000001c840000)]
  0x0000000002f68000 JavaThread "Reference Handler" daemon [_thread_blocked, id=2132, stack(0x000000001c640000,0x000000001c740000)]
  0x0000000002e72800 JavaThread "main" [_thread_in_Java, id=14760, stack(0x0000000002d70000,0x0000000002e70000)]

Other Threads:
  0x000000001a426000 VMThread [stack: 0x000000001c140000,0x000000001c240000] [id=5512]
  0x000000001c319800 WatcherThread [stack: 0x000000001d040000,0x000000001d140000] [id=9464]

VM state:not at safepoint (normal execution)

VM Mutex/Monitor currently owned by a thread: None

heap address: 0x0000000701e00000, size: 3042 MB, Compressed Oops mode: Zero based, Oop shift amount: 3
Narrow klass base: 0x0000000000000000, Narrow klass shift: 3
Compressed class space size: 1073741824 Address: 0x00000007c0000000

Heap:
 PSYoungGen      total 106496K, used 43087K [0x0000000780a00000, 0x0000000787a00000, 0x00000007c0000000)
  eden space 98304K, 43% used [0x0000000780a00000,0x0000000783413ee0,0x0000000786a00000)
  from space 8192K, 0% used [0x0000000787200000,0x0000000787200000,0x0000000787a00000)
  to   space 8192K, 0% used [0x0000000786a00000,0x0000000786a00000,0x0000000787200000)
 ParOldGen       total 112128K, used 18422K [0x0000000701e00000, 0x0000000708b80000, 0x0000000780a00000)
  object space 112128K, 16% used [0x0000000701e00000,0x0000000702ffdb00,0x0000000708b80000)
 Metaspace       used 24798K, capacity 25295K, committed 25600K, reserved 1071104K
  class space    used 3141K, capacity 3275K, committed 3328K, reserved 1048576K

Card table byte_map: [0x0000000012330000,0x0000000012930000] byte_map_base: 0x000000000eb21000

Marking Bits: (ParMarkBitMap*) 0x0000000054ddf030
 Begin Bits: [0x0000000013530000, 0x00000000164b8000)
 End Bits:   [0x00000000164b8000, 0x0000000019440000)

Polling page: 0x0000000002ca0000

CodeCache: size=245760Kb used=6296Kb max_used=6296Kb free=239463Kb
 bounds [0x0000000002f70000, 0x00000000035a0000, 0x0000000011f70000]
 total_blobs=2484 nmethods=2031 adapters=364
 compilation: enabled

Compilation events (10 events):
Event: 1.896 Thread 0x000000001c27d800 nmethod 2037 0x000000000358e7d0 code [0x000000000358e940, 0x000000000358eb88]
Event: 1.896 Thread 0x000000001c27d800 2038       3       org.jetbrains.kotlin.com.intellij.openapi.vfs.local.CoreLocalVirtualFile::isDirectory (14 bytes)
Event: 1.896 Thread 0x000000001c27d800 nmethod 2038 0x000000000358e1d0 code [0x000000000358e340, 0x000000000358e6e8]
Event: 1.896 Thread 0x000000001c27d800 2039       3       org.jetbrains.kotlin.com.intellij.openapi.util.NotNullLazyValue::getValue (42 bytes)
Event: 1.897 Thread 0x000000001c27d800 nmethod 2039 0x0000000003592490 code [0x0000000003592660, 0x0000000003592d18]
Event: 1.897 Thread 0x000000001c27d800 2040       1       org.jetbrains.kotlin.com.intellij.openapi.vfs.local.CoreLocalVirtualFile::isValid (2 bytes)
Event: 1.897 Thread 0x000000001c27d800 nmethod 2040 0x000000000358df10 code [0x000000000358e060, 0x000000000358e170]
Event: 1.897 Thread 0x000000001c27d800 2041   !   3       org.jetbrains.kotlin.com.intellij.mock.MockApplication::doGetService (95 bytes)
Event: 1.898 Thread 0x000000001c27d800 nmethod 2041 0x0000000003592f90 code [0x00000000035932a0, 0x0000000003594a98]
Event: 1.898 Thread 0x000000001c27d800 2042       3       org.jetbrains.kotlin.com.intellij.openapi.util.UserDataHolderBase::changeUserMap (26 bytes)

GC Heap History (6 events):
Event: 0.729 GC heap before
{Heap before GC invocations=1 (full 0):
 PSYoungGen      total 57344K, used 49152K [0x0000000780a00000, 0x0000000784a00000, 0x00000007c0000000)
  eden space 49152K, 100% used [0x0000000780a00000,0x0000000783a00000,0x0000000783a00000)
  from space 8192K, 0% used [0x0000000784200000,0x0000000784200000,0x0000000784a00000)
  to   space 8192K, 0% used [0x0000000783a00000,0x0000000783a00000,0x0000000784200000)
 ParOldGen       total 131072K, used 0K [0x0000000701e00000, 0x0000000709e00000, 0x0000000780a00000)
  object space 131072K, 0% used [0x0000000701e00000,0x0000000701e00000,0x0000000709e00000)
 Metaspace       used 11915K, capacity 12186K, committed 12416K, reserved 1060864K
  class space    used 1298K, capacity 1387K, committed 1408K, reserved 1048576K
Event: 0.738 GC heap after
Heap after GC invocations=1 (full 0):
 PSYoungGen      total 57344K, used 8189K [0x0000000780a00000, 0x0000000787a00000, 0x00000007c0000000)
  eden space 49152K, 0% used [0x0000000780a00000,0x0000000780a00000,0x0000000783a00000)
  from space 8192K, 99% used [0x0000000783a00000,0x00000007841ff750,0x0000000784200000)
  to   space 8192K, 0% used [0x0000000787200000,0x0000000787200000,0x0000000787a00000)
 ParOldGen       total 131072K, used 3187K [0x0000000701e00000, 0x0000000709e00000, 0x0000000780a00000)
  object space 131072K, 2% used [0x0000000701e00000,0x000000070211cfc0,0x0000000709e00000)
 Metaspace       used 11915K, capacity 12186K, committed 12416K, reserved 1060864K
  class space    used 1298K, capacity 1387K, committed 1408K, reserved 1048576K
}
Event: 1.201 GC heap before
{Heap before GC invocations=2 (full 0):
 PSYoungGen      total 57344K, used 50596K [0x0000000780a00000, 0x0000000787a00000, 0x00000007c0000000)
  eden space 49152K, 86% used [0x0000000780a00000,0x0000000783369b40,0x0000000783a00000)
  from space 8192K, 99% used [0x0000000783a00000,0x00000007841ff750,0x0000000784200000)
  to   space 8192K, 0% used [0x0000000787200000,0x0000000787200000,0x0000000787a00000)
 ParOldGen       total 131072K, used 3187K [0x0000000701e00000, 0x0000000709e00000, 0x0000000780a00000)
  object space 131072K, 2% used [0x0000000701e00000,0x000000070211cfc0,0x0000000709e00000)
 Metaspace       used 20693K, capacity 21118K, committed 21248K, reserved 1069056K
  class space    used 2374K, capacity 2513K, committed 2560K, reserved 1048576K
Event: 1.212 GC heap after
Heap after GC invocations=2 (full 0):
 PSYoungGen      total 106496K, used 8188K [0x0000000780a00000, 0x0000000787a00000, 0x00000007c0000000)
  eden space 98304K, 0% used [0x0000000780a00000,0x0000000780a00000,0x0000000786a00000)
  from space 8192K, 99% used [0x0000000787200000,0x00000007879ff318,0x0000000787a00000)
  to   space 8192K, 0% used [0x0000000786a00000,0x0000000786a00000,0x0000000787200000)
 ParOldGen       total 131072K, used 13709K [0x0000000701e00000, 0x0000000709e00000, 0x0000000780a00000)
  object space 131072K, 10% used [0x0000000701e00000,0x0000000702b63428,0x0000000709e00000)
 Metaspace       used 20693K, capacity 21118K, committed 21248K, reserved 1069056K
  class space    used 2374K, capacity 2513K, committed 2560K, reserved 1048576K
}
Event: 1.212 GC heap before
{Heap before GC invocations=3 (full 1):
 PSYoungGen      total 106496K, used 8188K [0x0000000780a00000, 0x0000000787a00000, 0x00000007c0000000)
  eden space 98304K, 0% used [0x0000000780a00000,0x0000000780a00000,0x0000000786a00000)
  from space 8192K, 99% used [0x0000000787200000,0x00000007879ff318,0x0000000787a00000)
  to   space 8192K, 0% used [0x0000000786a00000,0x0000000786a00000,0x0000000787200000)
 ParOldGen       total 131072K, used 13709K [0x0000000701e00000, 0x0000000709e00000, 0x0000000780a00000)
  object space 131072K, 10% used [0x0000000701e00000,0x0000000702b63428,0x0000000709e00000)
 Metaspace       used 20693K, capacity 21118K, committed 21248K, reserved 1069056K
  class space    used 2374K, capacity 2513K, committed 2560K, reserved 1048576K
Event: 1.252 GC heap after
Heap after GC invocations=3 (full 1):
 PSYoungGen      total 106496K, used 0K [0x0000000780a00000, 0x0000000787a00000, 0x00000007c0000000)
  eden space 98304K, 0% used [0x0000000780a00000,0x0000000780a00000,0x0000000786a00000)
  from space 8192K, 0% used [0x0000000787200000,0x0000000787200000,0x0000000787a00000)
  to   space 8192K, 0% used [0x0000000786a00000,0x0000000786a00000,0x0000000787200000)
 ParOldGen       total 112128K, used 18422K [0x0000000701e00000, 0x0000000708b80000, 0x0000000780a00000)
  object space 112128K, 16% used [0x0000000701e00000,0x0000000702ffdb00,0x0000000708b80000)
 Metaspace       used 20693K, capacity 21118K, committed 21248K, reserved 1069056K
  class space    used 2374K, capacity 2513K, committed 2560K, reserved 1048576K
}

Deoptimization events (10 events):
Event: 1.849 Thread 0x0000000002e72800 Uncommon trap: reason=class_check action=maybe_recompile pc=0x00000000034e87e4 method=org.jetbrains.kotlin.com.intellij.util.text.ByteArrayCharSequence.toBytesIfPossible(Ljava/lang/CharSequence;)[B @ 25
Event: 1.854 Thread 0x0000000002e72800 Uncommon trap: reason=bimorphic action=maybe_recompile pc=0x00000000034fd264 method=gnu.trove.TObjectHash.computeHashCode(Ljava/lang/Object;)I @ 5
Event: 1.854 Thread 0x0000000002e72800 Uncommon trap: reason=bimorphic action=maybe_recompile pc=0x00000000034ea7c8 method=gnu.trove.TObjectHash.equals(Ljava/lang/Object;Ljava/lang/Object;)Z @ 6
Event: 1.854 Thread 0x0000000002e72800 Uncommon trap: reason=bimorphic action=maybe_recompile pc=0x00000000034fcae0 method=gnu.trove.TObjectHash.equals(Ljava/lang/Object;Ljava/lang/Object;)Z @ 6
Event: 1.855 Thread 0x0000000002e72800 Uncommon trap: reason=class_check action=maybe_recompile pc=0x00000000034e87e4 method=org.jetbrains.kotlin.com.intellij.util.text.ByteArrayCharSequence.toBytesIfPossible(Ljava/lang/CharSequence;)[B @ 25
Event: 1.856 Thread 0x0000000002e72800 Uncommon trap: reason=bimorphic action=maybe_recompile pc=0x00000000034fd264 method=gnu.trove.TObjectHash.computeHashCode(Ljava/lang/Object;)I @ 5
Event: 1.856 Thread 0x0000000002e72800 Uncommon trap: reason=bimorphic action=maybe_recompile pc=0x00000000034ea7c8 method=gnu.trove.TObjectHash.equals(Ljava/lang/Object;Ljava/lang/Object;)Z @ 6
Event: 1.856 Thread 0x0000000002e72800 Uncommon trap: reason=class_check action=maybe_recompile pc=0x00000000034e87e4 method=org.jetbrains.kotlin.com.intellij.util.text.ByteArrayCharSequence.toBytesIfPossible(Ljava/lang/CharSequence;)[B @ 25
Event: 1.859 Thread 0x0000000002e72800 Uncommon trap: reason=bimorphic action=maybe_recompile pc=0x00000000034fd264 method=gnu.trove.TObjectHash.computeHashCode(Ljava/lang/Object;)I @ 5
Event: 1.860 Thread 0x0000000002e72800 Uncommon trap: reason=class_check action=maybe_recompile pc=0x00000000034e87e4 method=org.jetbrains.kotlin.com.intellij.util.text.ByteArrayCharSequence.toBytesIfPossible(Ljava/lang/CharSequence;)[B @ 25

Classes redefined (0 events):
No events

Internal exceptions (10 events):
Event: 0.336 Thread 0x0000000002e72800 Exception <a 'java/security/PrivilegedActionException'> (0x0000000781a3f468) thrown at [C:\src\AOSP-openjdk-git\hotspot\src\share\vm\prims\jvm.cpp, line 1502]
Event: 0.336 Thread 0x0000000002e72800 Exception <a 'java/security/PrivilegedActionException'> (0x0000000781a3f860) thrown at [C:\src\AOSP-openjdk-git\hotspot\src\share\vm\prims\jvm.cpp, line 1502]
Event: 0.435 Thread 0x0000000002e72800 Implicit null exception at 0x00000000030ee35c to 0x00000000030ee52d
Event: 0.508 Thread 0x0000000002e72800 Exception <a 'java/lang/ArrayIndexOutOfBoundsException'> (0x000000078280b8c0) thrown at [C:\src\AOSP-openjdk-git\hotspot\src\share\vm\runtime\sharedRuntime.cpp, line 605]
Event: 0.637 Thread 0x0000000002e72800 Exception <a 'java/lang/ArrayIndexOutOfBoundsException'> (0x00000007831f7310) thrown at [C:\src\AOSP-openjdk-git\hotspot\src\share\vm\runtime\sharedRuntime.cpp, line 605]
Event: 0.972 Thread 0x0000000002e72800 Exception <a 'java/lang/NoSuchMethodError': java.lang.Object.lambda$comparing$77a9974f$1(Ljava/util/function/Function;Ljava/lang/Object;Ljava/lang/Object;)I> (0x0000000781ec6380) thrown at [C:\src\AOSP-openjdk-git\hotspot\src\share\vm\interpreter\linkReso
Event: 0.986 Thread 0x0000000002e72800 Exception <a 'java/lang/NoSuchMethodError': java.lang.Object.lambda$static$0()J> (0x0000000781fdc7b0) thrown at [C:\src\AOSP-openjdk-git\hotspot\src\share\vm\interpreter\linkResolver.cpp, line 620]
Event: 1.150 Thread 0x0000000002e72800 Exception <a 'java/lang/NoSuchMethodError': java.lang.Object.lambda$static$0(I)[Lorg/jetbrains/kotlin/com/intellij/openapi/editor/event/DocumentListener;> (0x0000000782ebfff0) thrown at [C:\src\AOSP-openjdk-git\hotspot\src\share\vm\interpreter\linkResolve
Event: 1.178 Thread 0x0000000002e72800 Exception <a 'java/lang/NoSuchMethodError': java.lang.Object.lambda$static$0(I)[Lorg/jetbrains/kotlin/com/intellij/psi/PsiAnnotation;> (0x00000007830eb750) thrown at [C:\src\AOSP-openjdk-git\hotspot\src\share\vm\interpreter\linkResolver.cpp, line 620]
Event: 1.292 Thread 0x0000000002e72800 Exception <a 'java/lang/NoSuchMethodError': java.lang.Object.lambda$static$0(I)[Lorg/jetbrains/kotlin/com/intellij/psi/PsiElement;> (0x0000000780ccb610) thrown at [C:\src\AOSP-openjdk-git\hotspot\src\share\vm\interpreter\linkResolver.cpp, line 620]

Events (10 events):
Event: 1.856 Thread 0x0000000002e72800 DEOPT UNPACKING pc=0x0000000002fb557b sp=0x0000000002e6e8c8 mode 2
Event: 1.856 Thread 0x0000000002e72800 Uncommon trap: trap_request=0xffffffde fr.pc=0x00000000034e87e4
Event: 1.856 Thread 0x0000000002e72800 DEOPT PACKING pc=0x00000000034e87e4 sp=0x0000000002e6eab0
Event: 1.856 Thread 0x0000000002e72800 DEOPT UNPACKING pc=0x0000000002fb557b sp=0x0000000002e6ea48 mode 2
Event: 1.859 Thread 0x0000000002e72800 Uncommon trap: trap_request=0xffffffc6 fr.pc=0x00000000034fd264
Event: 1.859 Thread 0x0000000002e72800 DEOPT PACKING pc=0x00000000034fd264 sp=0x0000000002e6e930
Event: 1.859 Thread 0x0000000002e72800 DEOPT UNPACKING pc=0x0000000002fb557b sp=0x0000000002e6e8d8 mode 2
Event: 1.860 Thread 0x0000000002e72800 Uncommon trap: trap_request=0xffffffde fr.pc=0x00000000034e87e4
Event: 1.860 Thread 0x0000000002e72800 DEOPT PACKING pc=0x00000000034e87e4 sp=0x0000000002e6eab0
Event: 1.860 Thread 0x0000000002e72800 DEOPT UNPACKING pc=0x0000000002fb557b sp=0x0000000002e6ea48 mode 2


Dynamic libraries:
0x00007ff6efea0000 - 0x00007ff6efed1000 	C:\Program Files\Android\Android Studio\jre\jre\bin\java.exe
0x00007ff9f5430000 - 0x00007ff9f5626000 	C:\WINDOWS\SYSTEM32\ntdll.dll
0x00007ff9f3d20000 - 0x00007ff9f3ddd000 	C:\WINDOWS\System32\KERNEL32.DLL
0x00007ff9f2b70000 - 0x00007ff9f2e39000 	C:\WINDOWS\System32\KERNELBASE.dll
0x00007ff9f3bc0000 - 0x00007ff9f3c6c000 	C:\WINDOWS\System32\ADVAPI32.dll
0x00007ff9f49b0000 - 0x00007ff9f4a4e000 	C:\WINDOWS\System32\msvcrt.dll
0x00007ff9f3f00000 - 0x00007ff9f3f9c000 	C:\WINDOWS\System32\sechost.dll
0x00007ff9f4ae0000 - 0x00007ff9f4c0b000 	C:\WINDOWS\System32\RPCRT4.dll
0x00007ff9f3840000 - 0x00007ff9f39e0000 	C:\WINDOWS\System32\USER32.dll
0x00007ff9f2b40000 - 0x00007ff9f2b62000 	C:\WINDOWS\System32\win32u.dll
0x00007ff9f3b90000 - 0x00007ff9f3bba000 	C:\WINDOWS\System32\GDI32.dll
0x00007ff9f31d0000 - 0x00007ff9f32db000 	C:\WINDOWS\System32\gdi32full.dll
0x00007ff9f3360000 - 0x00007ff9f33fd000 	C:\WINDOWS\System32\msvcp_win.dll
0x00007ff9f2fa0000 - 0x00007ff9f30a0000 	C:\WINDOWS\System32\ucrtbase.dll
0x00007ff9d9390000 - 0x00007ff9d962b000 	C:\WINDOWS\WinSxS\amd64_microsoft.windows.common-controls_6595b64144ccf1df_6.0.19041.746_none_ca02b4b61b8320a4\COMCTL32.dll
0x00007ff9f3fa0000 - 0x00007ff9f3fd0000 	C:\WINDOWS\System32\IMM32.DLL
0x00000000562d0000 - 0x00000000563a2000 	C:\Program Files\Android\Android Studio\jre\jre\bin\msvcr100.dll
0x0000000054610000 - 0x0000000054e5b000 	C:\Program Files\Android\Android Studio\jre\jre\bin\server\jvm.dll
0x00007ff9f4170000 - 0x00007ff9f4178000 	C:\WINDOWS\System32\PSAPI.DLL
0x00007ff9e2a60000 - 0x00007ff9e2a69000 	C:\WINDOWS\SYSTEM32\WSOCK32.dll
0x00007ff9e7590000 - 0x00007ff9e75b7000 	C:\WINDOWS\SYSTEM32\WINMM.dll
0x00007ff9ec030000 - 0x00007ff9ec03a000 	C:\WINDOWS\SYSTEM32\VERSION.dll
0x00007ff9f4180000 - 0x00007ff9f41eb000 	C:\WINDOWS\System32\WS2_32.dll
0x00007ff9ee090000 - 0x00007ff9ee09f000 	C:\Program Files\Android\Android Studio\jre\jre\bin\verify.dll
0x00007ff9e6870000 - 0x00007ff9e6899000 	C:\Program Files\Android\Android Studio\jre\jre\bin\java.dll
0x00007ff9ed6b0000 - 0x00007ff9ed6c6000 	C:\Program Files\Android\Android Studio\jre\jre\bin\zip.dll
0x00007ff9f4c10000 - 0x00007ff9f5352000 	C:\WINDOWS\System32\SHELL32.dll
0x00007ff9f08c0000 - 0x00007ff9f1050000 	C:\WINDOWS\SYSTEM32\windows.storage.dll
0x00007ff9f34c0000 - 0x00007ff9f3816000 	C:\WINDOWS\System32\combase.dll
0x00007ff9f25a0000 - 0x00007ff9f25cc000 	C:\WINDOWS\SYSTEM32\Wldp.dll
0x00007ff9f41f0000 - 0x00007ff9f429e000 	C:\WINDOWS\System32\SHCORE.dll
0x00007ff9f4100000 - 0x00007ff9f4155000 	C:\WINDOWS\System32\shlwapi.dll
0x00007ff9f2a70000 - 0x00007ff9f2a96000 	C:\WINDOWS\SYSTEM32\profapi.dll
0x00007ff9ec8f0000 - 0x00007ff9ec90a000 	C:\Program Files\Android\Android Studio\jre\jre\bin\net.dll
0x00007ff9f2320000 - 0x00007ff9f238a000 	C:\WINDOWS\system32\mswsock.dll
0x00007ff9e8280000 - 0x00007ff9e8293000 	C:\Program Files\Android\Android Studio\jre\jre\bin\nio.dll

VM Arguments:
java_command: org.jetbrains.kotlin.cli.jvm.K2JVMCompiler @C:\Users\Arash\AndroidStudioProjects\NearRoom\app\build\20210222_5164481965832592928.compiler.options
java_class_path (initial): C:\Users\Arash\.gradle\caches\modules-2\files-2.1\org.jetbrains.kotlin\kotlin-compiler-embeddable\1.4.21\87db94500aaf883536ae8c8efdee76bdc839d582\kotlin-compiler-embeddable-1.4.21.jar;C:\Users\Arash\.gradle\caches\modules-2\files-2.1\org.jetbrains.kotlin\kotlin-reflect\1.4.21\748f681f4e3edbe9285ff46710c79049c70f4dfa\kotlin-reflect-1.4.21.jar;C:\Users\Arash\.gradle\caches\modules-2\files-2.1\org.jetbrains.kotlin\kotlin-stdlib\1.4.21\4a668382d7c38688d3490afde93b6a113ed46698\kotlin-stdlib-1.4.21.jar;C:\Users\Arash\.gradle\caches\modules-2\files-2.1\org.jetbrains.kotlin\kotlin-script-runtime\1.4.21\1247decba314790165b4fe94d09c45b09db6b07f\kotlin-script-runtime-1.4.21.jar;C:\Users\Arash\.gradle\caches\modules-2\files-2.1\org.jetbrains.kotlin\kotlin-daemon-embeddable\1.4.21\bc95bcebdc871d45d9852b0c01abe9bec373bb52\kotlin-daemon-embeddable-1.4.21.jar;C:\Users\Arash\.gradle\caches\modules-2\files-2.1\org.jetbrains.intellij.deps\trove4j\1.0.20181211\216c2e14b070f334479d800987affe4054cd563f\trove4j-1.0.20181211.jar;C:\Users\Arash\.gradle\caches\modules-2\files-2.1\org.jetbrains.kotlin\kotlin-stdlib-common\1.4.21\7f48a062aa4b53215998780f7c245a4276828e1d\kotlin-stdlib-common-1.4.21.jar;C:\Users\Arash\.gradle\caches\modules-2\files-2.1\org.jetbrains\annotations\13.0\919f0dfe192fb4e063e7dacadee7f8bb9a2672a9\annotations-13.0.jar;C:\Program Files\Android\Android Studio\jre\lib\tools.jar
Launcher Type: SUN_STANDARD

Environment Variables:
PATH=C:\Program Files (x86)\Common Files\Intel\Shared Libraries\redist\intel64\compiler;C:\Program Files (x86)\Common Files\Oracle\Java\javapath;C:\Program Files (x86)\Intel\Intel(R) Management Engine Components\iCLS\;C:\Program Files\Intel\Intel(R) Management Engine Components\iCLS\;C:\Windows\system32;C:\Windows;C:\Windows\System32\Wbem;C:\Windows\System32\WindowsPowerShell\v1.0\;C:\Windows\System32\OpenSSH\;C:\Program Files (x86)\NVIDIA Corporation\PhysX\Common;C:\Program Files (x86)\Intel\Intel(R) Management Engine Components\DAL;C:\Program Files\Intel\Intel(R) Management Engine Components\DAL;C:\Program Files (x86)\Intel\Intel(R) Management Engine Components\IPT;C:\Program Files\Intel\Intel(R) Management Engine Components\IPT;C:\Program Files\NVIDIA Corporation\NVIDIA NvDLISR;C:\Program Files (x86)\Microsoft SQL Server\150\DTS\Binn\;C:\WINDOWS\system32;C:\WINDOWS;C:\WINDOWS\System32\Wbem;C:\WINDOWS\System32\WindowsPowerShell\v1.0\;C:\WINDOWS\System32\OpenSSH\;C:\Program Files\Intel\WiFi\bin\;C:\Program Files\Common Files\Intel\WirelessCommon\;C:\Program Files\nodejs\;C:\Program Files\Git\cmd;C:\Program Files\Java\jdk1.8.0_202\bin;C:\Users\Arash\AppData\Roaming\npm;C:\Program Files\Intel\WiFi\bin\;C:\Program Files\Common Files\Intel\WirelessCommon\;C:\Program Files\heroku\bin
USERNAME=Arash
OS=Windows_NT
PROCESSOR_IDENTIFIER=Intel64 Family 6 Model 142 Stepping 10, GenuineIntel



---------------  S Y S T E M  ---------------

OS: Windows 10.0 , 64 bit Build 19041 (10.0.19041.804)

CPU:total 8 (initial active 8) (4 cores per cpu, 2 threads per core) family 6 model 142 stepping 10, cmov, cx8, fxsr, mmx, sse, sse2, sse3, ssse3, sse4.1, sse4.2, popcnt, avx, avx2, aes, clmul, erms, 3dnowpref, lzcnt, ht, tsc, tscinvbit, bmi1, bmi2, adx

Memory: 4k page, physical 12458928k(637956k free), swap 18602928k(5420k free)

vm_info: OpenJDK 64-Bit Server VM (25.242-b01) for windows-amd64 JRE (1.8.0_242-release-1644-b01), built by "builder" with MS VC++ 10.0 (VS2010)

time: Mon Feb 22 13:26:06 2021
timezone: Iran Standard Time
elapsed time: 1 seconds (0d 0h 0m 1s)

