#
# There is insufficient memory for the Java Runtime Environment to continue.
# Native memory allocation (malloc) failed to allocate 779536 bytes for Chunk::new
# Possible reasons:
#   The system is out of physical RAM or swap space
#   The process is running with CompressedOops enabled, and the Java Heap may be blocking the growth of the native heap
# Possible solutions:
#   Reduce memory load on the system
#   Increase physical memory or swap space
#   Check if swap backing store is full
#   Decrease Java heap size (-Xmx/-Xms)
#   Decrease number of Java threads
#   Decrease Java thread stack sizes (-Xss)
#   Set larger code cache with -XX:ReservedCodeCacheSize=
#   JVM is running with Unscaled Compressed Oops mode in which the Java heap is
#     placed in the first 4GB address space. The Java Heap base address is the
#     maximum limit for the native heap growth. Please use -XX:HeapBaseMinAddress
#     to set the Java Heap base and to place the Java Heap above 4GB virtual address.
# This output file may be truncated or incomplete.
#
#  Out of Memory Error (allocation.cpp:389), pid=13644, tid=0x00000000000031d0
#
# JRE version: OpenJDK Runtime Environment (8.0_242-b01) (build 1.8.0_242-release-1644-b01)
# Java VM: OpenJDK 64-Bit Server VM (25.242-b01 mixed mode windows-amd64 compressed oops)
# Failed to write core dump. Minidumps are not enabled by default on client versions of Windows
#

---------------  T H R E A D  ---------------

Current thread (0x000000001a22a000):  JavaThread "C2 CompilerThread2" daemon [_thread_in_native, id=12752, stack(0x000000001acf0000,0x000000001adf0000)]

Stack: [0x000000001acf0000,0x000000001adf0000]
[error occurred during error reporting (printing stack bounds), id 0xc0000005]

Native frames: (J=compiled Java code, j=interpreted, Vv=VM code, C=native code)


Current CompileTask:
C2:  16979 10138       4       com.android.tools.r8.dex.n::m (2044 bytes)


---------------  P R O C E S S  ---------------

Java Threads: ( => current thread )
  0x000000001b745800 JavaThread "ForkJoinPool-1-worker-0" daemon [_thread_in_Java, id=12420, stack(0x0000000031120000,0x0000000031220000)]
  0x000000001b747000 JavaThread "ForkJoinPool-1-worker-7" daemon [_thread_in_Java, id=29916, stack(0x0000000031020000,0x0000000031120000)]
  0x000000001b746000 JavaThread "ForkJoinPool-1-worker-6" daemon [_thread_in_vm, id=27012, stack(0x0000000030f20000,0x0000000031020000)]
  0x000000001b74a000 JavaThread "ForkJoinPool-1-worker-5" daemon [_thread_blocked, id=26512, stack(0x0000000030e20000,0x0000000030f20000)]
  0x000000001b742000 JavaThread "ForkJoinPool-1-worker-4" daemon [_thread_blocked, id=24992, stack(0x0000000030d20000,0x0000000030e20000)]
  0x000000001b747800 JavaThread "ForkJoinPool-1-worker-3" daemon [_thread_blocked, id=25044, stack(0x0000000030c20000,0x0000000030d20000)]
  0x000000001b743000 JavaThread "ForkJoinPool-1-worker-2" daemon [_thread_blocked, id=12016, stack(0x0000000030880000,0x0000000030980000)]
  0x000000001b749000 JavaThread "ForkJoinPool-1-worker-1" daemon [_thread_blocked, id=2376, stack(0x0000000030780000,0x0000000030880000)]
  0x000000001b741800 JavaThread "WorkerExecutor Queue" [_thread_blocked, id=6668, stack(0x0000000030480000,0x0000000030580000)]
  0x000000001c591000 JavaThread "Cache worker for execution history cache (C:\Users\Arash\AndroidStudioProjects\NearRoom\.gradle\6.5\executionHistory)" [_thread_blocked, id=28148, stack(0x000000002fd80000,0x000000002fe80000)]
  0x000000001c593800 JavaThread "Execution worker for ':' Thread 7" [_thread_blocked, id=30344, stack(0x000000002fc80000,0x000000002fd80000)]
  0x000000001c58a800 JavaThread "Execution worker for ':' Thread 6" [_thread_blocked, id=23932, stack(0x000000002fb80000,0x000000002fc80000)]
  0x000000001c58f000 JavaThread "Execution worker for ':' Thread 5" [_thread_blocked, id=29780, stack(0x000000002fa80000,0x000000002fb80000)]
  0x000000001c58e000 JavaThread "Execution worker for ':' Thread 4" [_thread_blocked, id=24828, stack(0x000000002f980000,0x000000002fa80000)]
  0x000000001c58d800 JavaThread "Execution worker for ':' Thread 3" [_thread_blocked, id=13112, stack(0x000000002f880000,0x000000002f980000)]
  0x000000001c58c800 JavaThread "Execution worker for ':' Thread 2" [_thread_blocked, id=27112, stack(0x000000002f780000,0x000000002f880000)]
  0x000000001c58f800 JavaThread "Execution worker for ':'" [_thread_blocked, id=16492, stack(0x000000002e450000,0x000000002e550000)]
  0x000000001c589800 JavaThread "Cache worker for file content cache (C:\Users\Arash\AndroidStudioProjects\NearRoom\.gradle\6.5\fileContent)" [_thread_blocked, id=4588, stack(0x000000002df50000,0x000000002e050000)]
  0x000000001c588000 JavaThread "Memory manager" [_thread_blocked, id=16172, stack(0x000000002d240000,0x000000002d340000)]
  0x000000001c58c000 JavaThread "Cache worker for Build Output Cleanup Cache (C:\Users\Arash\AndroidStudioProjects\NearRoom\.gradle\buildOutputCleanup)" [_thread_blocked, id=5204, stack(0x000000002cf40000,0x000000002d040000)]
  0x000000001c58b000 JavaThread "jar transforms Thread 116" [_thread_blocked, id=11344, stack(0x000000002c760000,0x000000002c860000)]
  0x00000000204ef800 JavaThread "jar transforms Thread 115" [_thread_blocked, id=25296, stack(0x000000002c660000,0x000000002c760000)]
  0x00000000204ee800 JavaThread "jar transforms Thread 114" [_thread_blocked, id=19924, stack(0x000000002c560000,0x000000002c660000)]
  0x00000000204ee000 JavaThread "jar transforms Thread 113" [_thread_blocked, id=15988, stack(0x000000002c460000,0x000000002c560000)]
  0x00000000204ed000 JavaThread "jar transforms Thread 112" [_thread_blocked, id=11900, stack(0x000000002c360000,0x000000002c460000)]
  0x00000000204ec800 JavaThread "jar transforms Thread 111" [_thread_blocked, id=3112, stack(0x000000002c260000,0x000000002c360000)]
  0x00000000204eb800 JavaThread "jar transforms Thread 110" [_thread_blocked, id=27644, stack(0x000000002c160000,0x000000002c260000)]
  0x00000000204eb000 JavaThread "jar transforms Thread 109" [_thread_blocked, id=6984, stack(0x000000002c060000,0x000000002c160000)]
  0x00000000204e3800 JavaThread "jar transforms Thread 108" [_thread_blocked, id=25708, stack(0x000000002bf60000,0x000000002c060000)]
  0x00000000204ea000 JavaThread "jar transforms Thread 107" [_thread_blocked, id=20336, stack(0x000000002be60000,0x000000002bf60000)]
  0x00000000204e2800 JavaThread "jar transforms Thread 106" [_thread_blocked, id=17464, stack(0x000000002bd60000,0x000000002be60000)]
  0x00000000204e9800 JavaThread "jar transforms Thread 105" [_thread_blocked, id=10660, stack(0x000000002bc60000,0x000000002bd60000)]
  0x00000000204e8800 JavaThread "jar transforms Thread 104" [_thread_blocked, id=6712, stack(0x000000002ba60000,0x000000002bb60000)]
  0x00000000204e1000 JavaThread "jar transforms Thread 103" [_thread_blocked, id=13004, stack(0x000000002b960000,0x000000002ba60000)]
  0x00000000204e8000 JavaThread "jar transforms Thread 102" [_thread_blocked, id=17368, stack(0x000000002b860000,0x000000002b960000)]
  0x00000000204e0800 JavaThread "jar transforms Thread 101" [_thread_blocked, id=13336, stack(0x000000002b760000,0x000000002b860000)]
  0x00000000204e7000 JavaThread "jar transforms Thread 100" [_thread_blocked, id=20972, stack(0x000000002b660000,0x000000002b760000)]
  0x00000000204e4000 JavaThread "jar transforms Thread 99" [_thread_blocked, id=4128, stack(0x000000002b560000,0x000000002b660000)]
  0x00000000204e6800 JavaThread "jar transforms Thread 98" [_thread_blocked, id=21400, stack(0x000000002b460000,0x000000002b560000)]
  0x00000000204e5000 JavaThread "jar transforms Thread 97" [_thread_blocked, id=16532, stack(0x000000002b360000,0x000000002b460000)]
  0x00000000204e5800 JavaThread "jar transforms Thread 96" [_thread_blocked, id=12428, stack(0x000000002b260000,0x000000002b360000)]
  0x00000000204e2000 JavaThread "jar transforms Thread 95" [_thread_blocked, id=13520, stack(0x000000002b160000,0x000000002b260000)]
  0x000000001bd73000 JavaThread "jar transforms Thread 94" [_thread_blocked, id=17552, stack(0x000000002b060000,0x000000002b160000)]
  0x000000001bd72800 JavaThread "jar transforms Thread 93" [_thread_blocked, id=25908, stack(0x000000002af60000,0x000000002b060000)]
  0x000000001bd74000 JavaThread "jar transforms Thread 92" [_thread_blocked, id=24892, stack(0x000000002ae60000,0x000000002af60000)]
  0x000000001bd71000 JavaThread "jar transforms Thread 91" [_thread_blocked, id=18500, stack(0x000000002ad60000,0x000000002ae60000)]
  0x000000001bd70000 JavaThread "jar transforms Thread 90" [_thread_blocked, id=25356, stack(0x000000002ac60000,0x000000002ad60000)]
  0x000000001bd6f800 JavaThread "jar transforms Thread 89" [_thread_blocked, id=18256, stack(0x000000002ab60000,0x000000002ac60000)]
  0x000000001bd6e800 JavaThread "jar transforms Thread 88" [_thread_blocked, id=24704, stack(0x000000002aa60000,0x000000002ab60000)]
  0x000000001bd6e000 JavaThread "jar transforms Thread 87" [_thread_blocked, id=29520, stack(0x000000002a960000,0x000000002aa60000)]
  0x000000001bd74800 JavaThread "jar transforms Thread 86" [_thread_blocked, id=18320, stack(0x000000002a860000,0x000000002a960000)]
  0x000000001bd71800 JavaThread "jar transforms Thread 85" [_thread_blocked, id=14592, stack(0x000000002a760000,0x000000002a860000)]
  0x000000001bd66000 JavaThread "jar transforms Thread 84" [_thread_blocked, id=19700, stack(0x000000002a660000,0x000000002a760000)]
  0x000000001bd6d000 JavaThread "jar transforms Thread 83" [_thread_blocked, id=25928, stack(0x000000002a560000,0x000000002a660000)]
  0x000000001bd6a800 JavaThread "jar transforms Thread 82" [_thread_blocked, id=15916, stack(0x000000002a460000,0x000000002a560000)]
  0x000000001bd6c000 JavaThread "jar transforms Thread 81" [_thread_blocked, id=6280, stack(0x000000002a360000,0x000000002a460000)]
  0x000000001bd65800 JavaThread "jar transforms Thread 80" [_thread_blocked, id=5116, stack(0x000000002a260000,0x000000002a360000)]
  0x000000001bd6b800 JavaThread "jar transforms Thread 79" [_thread_blocked, id=8500, stack(0x000000002a160000,0x000000002a260000)]
  0x000000001bd69000 JavaThread "jar transforms Thread 78" [_thread_blocked, id=26240, stack(0x000000002a060000,0x000000002a160000)]
  0x000000001bd68800 JavaThread "jar transforms Thread 77" [_thread_blocked, id=20144, stack(0x0000000029f60000,0x000000002a060000)]
  0x000000001bd67800 JavaThread "jar transforms Thread 76" [_thread_blocked, id=18524, stack(0x0000000029e60000,0x0000000029f60000)]
  0x000000001bd6a000 JavaThread "jar transforms Thread 75" [_thread_blocked, id=18704, stack(0x0000000029d60000,0x0000000029e60000)]
  0x000000001bd67000 JavaThread "jar transforms Thread 74" [_thread_blocked, id=31352, stack(0x0000000029c60000,0x0000000029d60000)]
  0x0000000020244000 JavaThread "jar transforms Thread 73" [_thread_blocked, id=27520, stack(0x0000000029b60000,0x0000000029c60000)]
  0x0000000020243000 JavaThread "jar transforms Thread 72" [_thread_blocked, id=31700, stack(0x0000000029a60000,0x0000000029b60000)]
  0x0000000020241800 JavaThread "jar transforms Thread 71" [_thread_blocked, id=30336, stack(0x0000000029960000,0x0000000029a60000)]
  0x0000000020241000 JavaThread "jar transforms Thread 70" [_thread_blocked, id=28000, stack(0x0000000029860000,0x0000000029960000)]
  0x0000000020240000 JavaThread "jar transforms Thread 69" [_thread_blocked, id=25820, stack(0x0000000029760000,0x0000000029860000)]
  0x0000000020242800 JavaThread "jar transforms Thread 68" [_thread_blocked, id=25864, stack(0x0000000029660000,0x0000000029760000)]
  0x000000002023f800 JavaThread "jar transforms Thread 67" [_thread_blocked, id=10044, stack(0x0000000029560000,0x0000000029660000)]
  0x000000002023e800 JavaThread "jar transforms Thread 66" [_thread_blocked, id=22536, stack(0x0000000029460000,0x0000000029560000)]
  0x000000002023e000 JavaThread "jar transforms Thread 65" [_thread_blocked, id=10848, stack(0x0000000029360000,0x0000000029460000)]
  0x000000002023d000 JavaThread "jar transforms Thread 64" [_thread_blocked, id=16516, stack(0x0000000029260000,0x0000000029360000)]
  0x0000000020235800 JavaThread "jar transforms Thread 63" [_thread_blocked, id=26496, stack(0x0000000029160000,0x0000000029260000)]
  0x000000002023c800 JavaThread "jar transforms Thread 62" [_thread_blocked, id=27588, stack(0x0000000029060000,0x0000000029160000)]
  0x0000000020239000 JavaThread "jar transforms Thread 61" [_thread_blocked, id=1992, stack(0x0000000028f60000,0x0000000029060000)]
  0x0000000020236000 JavaThread "jar transforms Thread 60" [_thread_blocked, id=13768, stack(0x0000000028e60000,0x0000000028f60000)]
  0x000000002023a800 JavaThread "jar transforms Thread 59" [_thread_blocked, id=16840, stack(0x0000000028d60000,0x0000000028e60000)]
  0x0000000020238800 JavaThread "jar transforms Thread 58" [_thread_blocked, id=23780, stack(0x0000000028c60000,0x0000000028d60000)]
  0x0000000020234800 JavaThread "jar transforms Thread 57" [_thread_blocked, id=24584, stack(0x0000000028b60000,0x0000000028c60000)]
  0x000000002023b800 JavaThread "jar transforms Thread 56" [_thread_blocked, id=10492, stack(0x0000000028a60000,0x0000000028b60000)]
  0x0000000020237000 JavaThread "jar transforms Thread 55" [_thread_blocked, id=15472, stack(0x0000000028960000,0x0000000028a60000)]
  0x000000002023a000 JavaThread "jar transforms Thread 54" [_thread_blocked, id=11304, stack(0x0000000028860000,0x0000000028960000)]
  0x0000000020237800 JavaThread "jar transforms Thread 53" [_thread_blocked, id=10564, stack(0x0000000028760000,0x0000000028860000)]
  0x00000000221bf000 JavaThread "jar transforms Thread 52" [_thread_blocked, id=21036, stack(0x0000000028660000,0x0000000028760000)]
  0x00000000221c1800 JavaThread "jar transforms Thread 51" [_thread_blocked, id=30620, stack(0x0000000028560000,0x0000000028660000)]
  0x00000000221c3800 JavaThread "jar transforms Thread 50" [_thread_blocked, id=20660, stack(0x0000000028460000,0x0000000028560000)]
  0x00000000221c3000 JavaThread "jar transforms Thread 49" [_thread_blocked, id=2020, stack(0x0000000028360000,0x0000000028460000)]
  0x00000000221c2000 JavaThread "jar transforms Thread 48" [_thread_blocked, id=27260, stack(0x0000000028260000,0x0000000028360000)]
  0x00000000221c0000 JavaThread "jar transforms Thread 47" [_thread_blocked, id=8432, stack(0x0000000028160000,0x0000000028260000)]
  0x00000000221c0800 JavaThread "jar transforms Thread 46" [_thread_blocked, id=10692, stack(0x0000000028060000,0x0000000028160000)]
  0x00000000221b7800 JavaThread "jar transforms Thread 45" [_thread_blocked, id=19424, stack(0x0000000027f60000,0x0000000028060000)]
  0x00000000221b8800 JavaThread "jar transforms Thread 44" [_thread_blocked, id=14056, stack(0x0000000027e60000,0x0000000027f60000)]
  0x00000000221be800 JavaThread "jar transforms Thread 43" [_thread_blocked, id=20792, stack(0x0000000027d60000,0x0000000027e60000)]
  0x00000000221bd800 JavaThread "jar transforms Thread 42" [_thread_blocked, id=6336, stack(0x0000000027c60000,0x0000000027d60000)]
  0x00000000221bd000 JavaThread "jar transforms Thread 41" [_thread_blocked, id=10420, stack(0x0000000027b60000,0x0000000027c60000)]
  0x00000000221b9000 JavaThread "jar transforms Thread 40" [_thread_blocked, id=17292, stack(0x0000000027a60000,0x0000000027b60000)]
  0x00000000221b5800 JavaThread "jar transforms Thread 39" [_thread_blocked, id=30692, stack(0x0000000027960000,0x0000000027a60000)]
  0x00000000221b7000 JavaThread "jar transforms Thread 38" [_thread_blocked, id=27788, stack(0x0000000027860000,0x0000000027960000)]
  0x00000000221bc000 JavaThread "jar transforms Thread 37" [_thread_blocked, id=18292, stack(0x0000000027760000,0x0000000027860000)]
  0x00000000221b6000 JavaThread "jar transforms Thread 36" [_thread_blocked, id=11232, stack(0x0000000027660000,0x0000000027760000)]
  0x00000000221b4800 JavaThread "jar transforms Thread 35" [_thread_blocked, id=18872, stack(0x0000000027560000,0x0000000027660000)]
  0x00000000221ba000 JavaThread "jar transforms Thread 34" [_thread_blocked, id=16856, stack(0x0000000027460000,0x0000000027560000)]
  0x00000000221bb800 JavaThread "jar transforms Thread 33" [_thread_blocked, id=1524, stack(0x0000000027360000,0x0000000027460000)]
  0x00000000221ba800 JavaThread "jar transforms Thread 32" [_thread_blocked, id=17172, stack(0x0000000027260000,0x0000000027360000)]
  0x000000001f871000 JavaThread "jar transforms Thread 31" [_thread_blocked, id=21712, stack(0x0000000027160000,0x0000000027260000)]
  0x000000001f872000 JavaThread "jar transforms Thread 30" [_thread_blocked, id=5996, stack(0x0000000027060000,0x0000000027160000)]
  0x000000001f86f800 JavaThread "jar transforms Thread 29" [_thread_blocked, id=22028, stack(0x0000000026f60000,0x0000000027060000)]
  0x000000001f873800 JavaThread "jar transforms Thread 28" [_thread_blocked, id=20636, stack(0x0000000026e60000,0x0000000026f60000)]
  0x000000001f86e800 JavaThread "jar transforms Thread 27" [_thread_blocked, id=9064, stack(0x0000000026d60000,0x0000000026e60000)]
  0x000000001f870800 JavaThread "jar transforms Thread 26" [_thread_blocked, id=31368, stack(0x0000000026c60000,0x0000000026d60000)]
  0x000000001f872800 JavaThread "jar transforms Thread 25" [_thread_blocked, id=8792, stack(0x0000000026b60000,0x0000000026c60000)]
  0x000000001f867000 JavaThread "jar transforms Thread 24" [_thread_blocked, id=7952, stack(0x0000000026a60000,0x0000000026b60000)]
  0x000000001f86e000 JavaThread "jar transforms Thread 23" [_thread_blocked, id=6408, stack(0x0000000026960000,0x0000000026a60000)]
  0x000000001f86d000 JavaThread "jar transforms Thread 22" [_thread_blocked, id=6540, stack(0x0000000026860000,0x0000000026960000)]
  0x000000001f865800 JavaThread "jar transforms Thread 21" [_thread_blocked, id=6048, stack(0x0000000026760000,0x0000000026860000)]
  0x000000001f866800 JavaThread "jar transforms Thread 20" [_thread_blocked, id=15232, stack(0x0000000026660000,0x0000000026760000)]
  0x000000001f86c800 JavaThread "jar transforms Thread 19" [_thread_blocked, id=11784, stack(0x0000000026560000,0x0000000026660000)]
  0x000000001f865000 JavaThread "jar transforms Thread 18" [_thread_blocked, id=15092, stack(0x0000000026460000,0x0000000026560000)]
  0x000000001f86b000 JavaThread "jar transforms Thread 17" [_thread_blocked, id=31216, stack(0x0000000026360000,0x0000000026460000)]
  0x000000001f86a000 JavaThread "jar transforms Thread 16" [_thread_blocked, id=21804, stack(0x0000000026260000,0x0000000026360000)]
  0x000000001f86b800 JavaThread "jar transforms Thread 15" [_thread_blocked, id=19556, stack(0x0000000026160000,0x0000000026260000)]
  0x000000001f869800 JavaThread "jar transforms Thread 14" [_thread_blocked, id=28844, stack(0x0000000026060000,0x0000000026160000)]
  0x000000001f868800 JavaThread "jar transforms Thread 13" [_thread_blocked, id=20444, stack(0x0000000025f60000,0x0000000026060000)]
  0x000000001f864000 JavaThread "jar transforms Thread 12" [_thread_blocked, id=15808, stack(0x0000000025e60000,0x0000000025f60000)]
  0x000000001f868000 JavaThread "jar transforms Thread 11" [_thread_blocked, id=24104, stack(0x0000000025d60000,0x0000000025e60000)]
  0x0000000020b5b000 JavaThread "jar transforms Thread 10" [_thread_blocked, id=25288, stack(0x0000000025c60000,0x0000000025d60000)]
  0x0000000020b5a800 JavaThread "jar transforms Thread 9" [_thread_blocked, id=18632, stack(0x0000000025b60000,0x0000000025c60000)]
  0x0000000020b59800 JavaThread "jar transforms Thread 8" [_thread_blocked, id=22892, stack(0x0000000025a60000,0x0000000025b60000)]
  0x0000000020b59000 JavaThread "jar transforms Thread 7" [_thread_blocked, id=31396, stack(0x0000000025960000,0x0000000025a60000)]
  0x0000000020b51800 JavaThread "jar transforms Thread 6" [_thread_blocked, id=26116, stack(0x0000000025860000,0x0000000025960000)]
  0x0000000020b58000 JavaThread "jar transforms Thread 5" [_thread_blocked, id=24976, stack(0x0000000025760000,0x0000000025860000)]
  0x0000000020b50800 JavaThread "jar transforms Thread 4" [_thread_blocked, id=9236, stack(0x0000000024de0000,0x0000000024ee0000)]
  0x0000000020b56000 JavaThread "jar transforms Thread 3" [_thread_blocked, id=21160, stack(0x0000000024ce0000,0x0000000024de0000)]
  0x0000000020b52000 JavaThread "jar transforms Thread 2" [_thread_blocked, id=30880, stack(0x0000000024be0000,0x0000000024ce0000)]
  0x0000000020b56800 JavaThread "Build operations Thread 8" [_thread_blocked, id=28464, stack(0x0000000025660000,0x0000000025760000)]
  0x0000000020b57800 JavaThread "Build operations Thread 7" [_thread_blocked, id=10164, stack(0x0000000025560000,0x0000000025660000)]
  0x0000000020b55000 JavaThread "Build operations Thread 6" [_thread_blocked, id=14296, stack(0x0000000025460000,0x0000000025560000)]
  0x0000000020b50000 JavaThread "Build operations Thread 5" [_thread_blocked, id=28704, stack(0x0000000025360000,0x0000000025460000)]
  0x0000000020b53800 JavaThread "Build operations Thread 4" [_thread_blocked, id=13488, stack(0x0000000025260000,0x0000000025360000)]
  0x0000000020b54800 JavaThread "Build operations Thread 3" [_thread_blocked, id=23908, stack(0x0000000025160000,0x0000000025260000)]
  0x0000000020b4d800 JavaThread "Build operations Thread 2" [_thread_blocked, id=1828, stack(0x0000000025060000,0x0000000025160000)]
  0x0000000020b4f000 JavaThread "Build operations" [_thread_blocked, id=22184, stack(0x0000000024f60000,0x0000000025060000)]
  0x000000001cd6c800 JavaThread "Cache worker for file content cache (C:\Users\Arash\.gradle\caches\6.5\fileContent)" [_thread_blocked, id=10920, stack(0x0000000023510000,0x0000000023610000)]
  0x000000001cd6c000 JavaThread "jar transforms" [_thread_blocked, id=13276, stack(0x0000000023410000,0x0000000023510000)]
  0x000000001cd6b000 JavaThread "Cache worker for execution history cache (C:\Users\Arash\.gradle\caches\6.5\executionHistory)" [_thread_blocked, id=9956, stack(0x0000000022d10000,0x0000000022e10000)]
  0x000000001cd6a800 JavaThread "Cache worker for cache directory md-rule (C:\Users\Arash\.gradle\caches\6.5\md-rule)" [_thread_blocked, id=15436, stack(0x0000000022c10000,0x0000000022d10000)]
  0x000000001cd68000 JavaThread "Cache worker for cache directory md-supplier (C:\Users\Arash\.gradle\caches\6.5\md-supplier)" [_thread_blocked, id=26380, stack(0x0000000022b10000,0x0000000022c10000)]
  0x000000001cd69800 JavaThread "Cache worker for checksums cache (C:\Users\Arash\AndroidStudioProjects\NearRoom\.gradle\checksums)" [_thread_blocked, id=26632, stack(0x00000000217b0000,0x00000000218b0000)]
  0x000000001cd67800 JavaThread "Cache worker for file hash cache (C:\Users\Arash\AndroidStudioProjects\NearRoom\.gradle\6.5\fileHashes)" [_thread_blocked, id=20552, stack(0x00000000214b0000,0x00000000215b0000)]
  0x000000001cd66800 JavaThread "Cache worker for file hash cache (C:\Users\Arash\.gradle\caches\6.5\fileHashes)" [_thread_blocked, id=17816, stack(0x000000001f210000,0x000000001f310000)]
  0x000000001cd69000 JavaThread "File lock request listener" [_thread_in_native, id=5464, stack(0x000000001f110000,0x000000001f210000)]
  0x000000001b44d800 JavaThread "Cache worker for journal cache (C:\Users\Arash\.gradle\caches\journal-1)" [_thread_blocked, id=22540, stack(0x000000001f010000,0x000000001f110000)]
  0x000000001b1ca800 JavaThread "Thread-9" [_thread_blocked, id=29484, stack(0x000000001ed10000,0x000000001ee10000)]
  0x000000001b1b5800 JavaThread "Stdin handler" [_thread_blocked, id=24948, stack(0x000000001ec10000,0x000000001ed10000)]
  0x000000001b2c8000 JavaThread "Asynchronous log dispatcher for DefaultDaemonConnection: socket connection from /127.0.0.1:60195 to /127.0.0.1:60196" [_thread_blocked, id=20416, stack(0x000000001eb10000,0x000000001ec10000)]
  0x000000001b1d8000 JavaThread "Daemon worker" [_thread_blocked, id=7584, stack(0x000000001ea10000,0x000000001eb10000)]
  0x000000001a330800 JavaThread "Cancel handler" [_thread_blocked, id=17908, stack(0x000000001e810000,0x000000001e910000)]
  0x000000001cbd4000 JavaThread "Handler for socket connection from /127.0.0.1:60195 to /127.0.0.1:60196" [_thread_in_native, id=26340, stack(0x000000001e710000,0x000000001e810000)]
  0x000000001cceb000 JavaThread "Daemon" [_thread_blocked, id=21472, stack(0x000000001e610000,0x000000001e710000)]
  0x000000001ccea800 JavaThread "Daemon periodic checks" [_thread_blocked, id=18868, stack(0x000000001e310000,0x000000001e410000)]
  0x000000001cce8000 JavaThread "Incoming local TCP Connector on port 60195" [_thread_in_native, id=29288, stack(0x000000001e0d0000,0x000000001e1d0000)]
  0x000000001cca0800 JavaThread "Daemon health stats" [_thread_blocked, id=15148, stack(0x000000001da90000,0x000000001db90000)]
  0x000000001a23f000 JavaThread "Service Thread" daemon [_thread_blocked, id=31500, stack(0x000000001aef0000,0x000000001aff0000)]
  0x000000001a22e000 JavaThread "C1 CompilerThread3" daemon [_thread_in_vm, id=6784, stack(0x000000001adf0000,0x000000001aef0000)]
=>0x000000001a22a000 JavaThread "C2 CompilerThread2" daemon [_thread_in_native, id=12752, stack(0x000000001acf0000,0x000000001adf0000)]
  0x000000001a228800 JavaThread "C2 CompilerThread1" daemon [_thread_in_native, id=29824, stack(0x000000001abf0000,0x000000001acf0000)]
  0x000000001a226000 JavaThread "C2 CompilerThread0" daemon [_thread_blocked, id=22688, stack(0x000000001aaf0000,0x000000001abf0000)]
  0x000000001a220000 JavaThread "Attach Listener" daemon [_thread_blocked, id=14652, stack(0x000000001a9f0000,0x000000001aaf0000)]
  0x000000001a21f000 JavaThread "Signal Dispatcher" daemon [_thread_blocked, id=12052, stack(0x000000001a8f0000,0x000000001a9f0000)]
  0x000000001a210800 JavaThread "Finalizer" daemon [_thread_blocked, id=4500, stack(0x000000001a6f0000,0x000000001a7f0000)]
  0x00000000033a8000 JavaThread "Reference Handler" daemon [_thread_blocked, id=17112, stack(0x000000001a5f0000,0x000000001a6f0000)]
  0x00000000031ae000 JavaThread "main" [_thread_blocked, id=6776, stack(0x00000000031b0000,0x00000000032b0000)]

Other Threads:
  0x0000000018416800 VMThread [stack: 0x000000001a0f0000,0x000000001a1f0000] [id=28624]
  0x000000001a240000 WatcherThread [stack: 0x000000001aff0000,0x000000001b0f0000] [id=13200]

VM state:not at safepoint (normal execution)

VM Mutex/Monitor currently owned by a thread:  ([mutex/lock_event])
[0x00000000031a8c20] CodeCache_lock - owner thread: 0x0000000000000000
[0x00000000032b1dd0] CompiledIC_lock - owner thread: 0x000000001a22e000

heap address: 0x0000000080000000, size: 2048 MB, Compressed Oops mode: 32-bit
Narrow klass base: 0x0000000000000000, Narrow klass shift: 3
Compressed class space size: 1073741824 Address: 0x0000000100000000

Heap:
 PSYoungGen      total 232960K, used 68257K [0x00000000d5580000, 0x00000000e6180000, 0x0000000100000000)
  eden space 200192K, 17% used [0x00000000d5580000,0x00000000d782a570,0x00000000e1900000)
  from space 32768K, 99% used [0x00000000e1900000,0x00000000e38fe0a0,0x00000000e3900000)
  to   space 25600K, 0% used [0x00000000e3900000,0x00000000e3900000,0x00000000e5200000)
 ParOldGen       total 190464K, used 80374K [0x0000000080000000, 0x000000008ba00000, 0x00000000d5580000)
  object space 190464K, 42% used [0x0000000080000000,0x0000000084e7db00,0x000000008ba00000)
 Metaspace       used 76070K, capacity 80102K, committed 80280K, reserved 1118208K
  class space    used 10573K, capacity 11325K, committed 11440K, reserved 1048576K

Card table byte_map: [0x0000000012770000,0x0000000012b80000] byte_map_base: 0x0000000012370000

Marking Bits: (ParMarkBitMap*) 0x000000006ec3f030
 Begin Bits: [0x0000000013630000, 0x0000000015630000)
 End Bits:   [0x0000000015630000, 0x0000000017630000)

Polling page: 0x0000000001320000

CodeCache: size=245760Kb used=28956Kb max_used=29032Kb free=216803Kb
 bounds [0x00000000033b0000, 0x0000000005030000, 0x00000000123b0000]
 total_blobs=9641 nmethods=8821 adapters=733
 compilation: enabled

Compilation events (10 events):
Event: 16.942 Thread 0x000000001a22e000 10158   !   3       java.util.zip.ZipFile$ZipFileInflaterInputStream::close (67 bytes)
Event: 16.942 Thread 0x000000001a22e000 nmethod 10158 0x0000000005020450 code [0x0000000005020620, 0x0000000005020e18]
Event: 16.942 Thread 0x000000001a22e000 10161       3       java.lang.invoke.InvokerBytecodeGenerator::maybeDump (20 bytes)
Event: 16.942 Thread 0x000000001a22e000 nmethod 10161 0x0000000004fcca50 code [0x0000000004fccba0, 0x0000000004fcccf0]
Event: 16.942 Thread 0x000000001a22e000 10160       3       jdk.internal.org.objectweb.asm.ClassWriter::visitSource (36 bytes)
Event: 16.943 Thread 0x000000001a22e000 nmethod 10160 0x000000000501fcd0 code [0x000000000501fe60, 0x00000000050202b8]
Event: 16.943 Thread 0x000000001a226000 nmethod 10156 0x0000000004fcc410 code [0x0000000004fcc560, 0x0000000004fcc718]
Event: 16.956 Thread 0x000000001a228800 nmethod 10153 0x0000000005028950 code [0x0000000005028b40, 0x00000000050298b8]
Event: 16.962 Thread 0x000000001a226000 10162       4       java.util.ArrayDeque::add (7 bytes)
Event: 16.963 Thread 0x000000001a226000 nmethod 10162 0x000000000502a950 code [0x000000000502aaa0, 0x000000000502abe8]

GC Heap History (10 events):
Event: 9.119 GC heap before
{Heap before GC invocations=14 (full 3):
 PSYoungGen      total 175104K, used 17404K [0x00000000d5580000, 0x00000000e3480000, 0x0000000100000000)
  eden space 157696K, 0% used [0x00000000d5580000,0x00000000d5580000,0x00000000def80000)
  from space 17408K, 99% used [0x00000000def80000,0x00000000e007f340,0x00000000e0080000)
  to   space 21504K, 0% used [0x00000000e1f80000,0x00000000e1f80000,0x00000000e3480000)
 ParOldGen       total 119808K, used 30634K [0x0000000080000000, 0x0000000087500000, 0x00000000d5580000)
  object space 119808K, 25% used [0x0000000080000000,0x0000000081dea800,0x0000000087500000)
 Metaspace       used 56899K, capacity 59094K, committed 59160K, reserved 1099776K
  class space    used 7705K, capacity 8192K, committed 8240K, reserved 1048576K
Event: 9.348 GC heap after
Heap after GC invocations=14 (full 3):
 PSYoungGen      total 175104K, used 0K [0x00000000d5580000, 0x00000000e3480000, 0x0000000100000000)
  eden space 157696K, 0% used [0x00000000d5580000,0x00000000d5580000,0x00000000def80000)
  from space 17408K, 0% used [0x00000000def80000,0x00000000def80000,0x00000000e0080000)
  to   space 21504K, 0% used [0x00000000e1f80000,0x00000000e1f80000,0x00000000e3480000)
 ParOldGen       total 190464K, used 35738K [0x0000000080000000, 0x000000008ba00000, 0x00000000d5580000)
  object space 190464K, 18% used [0x0000000080000000,0x00000000822e6b00,0x000000008ba00000)
 Metaspace       used 56860K, capacity 58962K, committed 59160K, reserved 1099776K
  class space    used 7693K, capacity 8170K, committed 8240K, reserved 1048576K
}
Event: 11.598 GC heap before
{Heap before GC invocations=15 (full 3):
 PSYoungGen      total 175104K, used 157696K [0x00000000d5580000, 0x00000000e3480000, 0x0000000100000000)
  eden space 157696K, 100% used [0x00000000d5580000,0x00000000def80000,0x00000000def80000)
  from space 17408K, 0% used [0x00000000def80000,0x00000000def80000,0x00000000e0080000)
  to   space 21504K, 0% used [0x00000000e1f80000,0x00000000e1f80000,0x00000000e3480000)
 ParOldGen       total 190464K, used 35738K [0x0000000080000000, 0x000000008ba00000, 0x00000000d5580000)
  object space 190464K, 18% used [0x0000000080000000,0x00000000822e6b00,0x000000008ba00000)
 Metaspace       used 65687K, capacity 68398K, committed 68504K, reserved 1107968K
  class space    used 9016K, capacity 9603K, committed 9648K, reserved 1048576K
Event: 11.613 GC heap after
Heap after GC invocations=15 (full 3):
 PSYoungGen      total 200704K, used 17221K [0x00000000d5580000, 0x00000000e3300000, 0x0000000100000000)
  eden space 180736K, 0% used [0x00000000d5580000,0x00000000d5580000,0x00000000e0600000)
  from space 19968K, 86% used [0x00000000e1f80000,0x00000000e3051570,0x00000000e3300000)
  to   space 23040K, 0% used [0x00000000e0600000,0x00000000e0600000,0x00000000e1c80000)
 ParOldGen       total 190464K, used 35746K [0x0000000080000000, 0x000000008ba00000, 0x00000000d5580000)
  object space 190464K, 18% used [0x0000000080000000,0x00000000822e8b00,0x000000008ba00000)
 Metaspace       used 65687K, capacity 68398K, committed 68504K, reserved 1107968K
  class space    used 9016K, capacity 9603K, committed 9648K, reserved 1048576K
}
Event: 12.875 GC heap before
{Heap before GC invocations=16 (full 3):
 PSYoungGen      total 200704K, used 197957K [0x00000000d5580000, 0x00000000e3300000, 0x0000000100000000)
  eden space 180736K, 100% used [0x00000000d5580000,0x00000000e0600000,0x00000000e0600000)
  from space 19968K, 86% used [0x00000000e1f80000,0x00000000e3051570,0x00000000e3300000)
  to   space 23040K, 0% used [0x00000000e0600000,0x00000000e0600000,0x00000000e1c80000)
 ParOldGen       total 190464K, used 35746K [0x0000000080000000, 0x000000008ba00000, 0x00000000d5580000)
  object space 190464K, 18% used [0x0000000080000000,0x00000000822e8b00,0x000000008ba00000)
 Metaspace       used 67410K, capacity 71000K, committed 71192K, reserved 1110016K
  class space    used 9236K, capacity 9938K, committed 10032K, reserved 1048576K
Event: 12.894 GC heap after
Heap after GC invocations=16 (full 3):
 PSYoungGen      total 203776K, used 22382K [0x00000000d5580000, 0x00000000e5200000, 0x0000000100000000)
  eden space 180736K, 0% used [0x00000000d5580000,0x00000000d5580000,0x00000000e0600000)
  from space 23040K, 97% used [0x00000000e0600000,0x00000000e1bdb888,0x00000000e1c80000)
  to   space 25600K, 0% used [0x00000000e3900000,0x00000000e3900000,0x00000000e5200000)
 ParOldGen       total 190464K, used 35754K [0x0000000080000000, 0x000000008ba00000, 0x00000000d5580000)
  object space 190464K, 18% used [0x0000000080000000,0x00000000822eab00,0x000000008ba00000)
 Metaspace       used 67410K, capacity 71000K, committed 71192K, reserved 1110016K
  class space    used 9236K, capacity 9938K, committed 10032K, reserved 1048576K
}
Event: 14.318 GC heap before
{Heap before GC invocations=17 (full 3):
 PSYoungGen      total 203776K, used 203118K [0x00000000d5580000, 0x00000000e5200000, 0x0000000100000000)
  eden space 180736K, 100% used [0x00000000d5580000,0x00000000e0600000,0x00000000e0600000)
  from space 23040K, 97% used [0x00000000e0600000,0x00000000e1bdb888,0x00000000e1c80000)
  to   space 25600K, 0% used [0x00000000e3900000,0x00000000e3900000,0x00000000e5200000)
 ParOldGen       total 190464K, used 35754K [0x0000000080000000, 0x000000008ba00000, 0x00000000d5580000)
  object space 190464K, 18% used [0x0000000080000000,0x00000000822eab00,0x000000008ba00000)
 Metaspace       used 71988K, capacity 75686K, committed 75928K, reserved 1114112K
  class space    used 9849K, capacity 10575K, committed 10672K, reserved 1048576K
Event: 14.345 GC heap after
Heap after GC invocations=17 (full 3):
 PSYoungGen      total 225792K, used 25582K [0x00000000d5580000, 0x00000000e6180000, 0x0000000100000000)
  eden space 200192K, 0% used [0x00000000d5580000,0x00000000d5580000,0x00000000e1900000)
  from space 25600K, 99% used [0x00000000e3900000,0x00000000e51fb8d0,0x00000000e5200000)
  to   space 32768K, 0% used [0x00000000e1900000,0x00000000e1900000,0x00000000e3900000)
 ParOldGen       total 190464K, used 45578K [0x0000000080000000, 0x000000008ba00000, 0x00000000d5580000)
  object space 190464K, 23% used [0x0000000080000000,0x0000000082c82890,0x000000008ba00000)
 Metaspace       used 71988K, capacity 75686K, committed 75928K, reserved 1114112K
  class space    used 9849K, capacity 10575K, committed 10672K, reserved 1048576K
}
Event: 16.778 GC heap before
{Heap before GC invocations=18 (full 3):
 PSYoungGen      total 225792K, used 225774K [0x00000000d5580000, 0x00000000e6180000, 0x0000000100000000)
  eden space 200192K, 100% used [0x00000000d5580000,0x00000000e1900000,0x00000000e1900000)
  from space 25600K, 99% used [0x00000000e3900000,0x00000000e51fb8d0,0x00000000e5200000)
  to   space 32768K, 0% used [0x00000000e1900000,0x00000000e1900000,0x00000000e3900000)
 ParOldGen       total 190464K, used 45578K [0x0000000080000000, 0x000000008ba00000, 0x00000000d5580000)
  object space 190464K, 23% used [0x0000000080000000,0x0000000082c82890,0x000000008ba00000)
 Metaspace       used 74668K, capacity 78448K, committed 78616K, reserved 1116160K
  class space    used 10247K, capacity 10982K, committed 11056K, reserved 1048576K
Event: 16.815 GC heap after
Heap after GC invocations=18 (full 3):
 PSYoungGen      total 232960K, used 32760K [0x00000000d5580000, 0x00000000e6180000, 0x0000000100000000)
  eden space 200192K, 0% used [0x00000000d5580000,0x00000000d5580000,0x00000000e1900000)
  from space 32768K, 99% used [0x00000000e1900000,0x00000000e38fe0a0,0x00000000e3900000)
  to   space 25600K, 0% used [0x00000000e3900000,0x00000000e3900000,0x00000000e5200000)
 ParOldGen       total 190464K, used 80374K [0x0000000080000000, 0x000000008ba00000, 0x00000000d5580000)
  object space 190464K, 42% used [0x0000000080000000,0x0000000084e7db00,0x000000008ba00000)
 Metaspace       used 74668K, capacity 78448K, committed 78616K, reserved 1116160K
  class space    used 10247K, capacity 10982K, committed 11056K, reserved 1048576K
}

Deoptimization events (10 events):
Event: 16.736 Thread 0x000000001b741800 Uncommon trap: reason=unstable_if action=reinterpret pc=0x0000000004f633bc method=com.android.tools.r8.graph.i0.a([C)I @ 44
Event: 16.920 Thread 0x000000001b741800 Uncommon trap: reason=unstable_if action=reinterpret pc=0x000000000391dd60 method=java.util.WeakHashMap.remove(Ljava/lang/Object;)Ljava/lang/Object; @ 94
Event: 16.922 Thread 0x000000001b741800 Uncommon trap: reason=unstable_if action=reinterpret pc=0x000000000411129c method=java.nio.Bits.putInt(Ljava/nio/ByteBuffer;IIZ)V @ 1
Event: 16.934 Thread 0x000000001b747000 Uncommon trap: reason=class_check action=maybe_recompile pc=0x0000000005002684 method=com.android.tools.r8.dex.n.a(ILjava/util/function/Supplier;)Ljava/lang/Object; @ 33
Event: 16.934 Thread 0x000000001b745800 Uncommon trap: reason=class_check action=maybe_recompile pc=0x0000000005002684 method=com.android.tools.r8.dex.n.a(ILjava/util/function/Supplier;)Ljava/lang/Object; @ 33
Event: 16.934 Thread 0x000000001b747800 Uncommon trap: reason=class_check action=maybe_recompile pc=0x0000000005002684 method=com.android.tools.r8.dex.n.a(ILjava/util/function/Supplier;)Ljava/lang/Object; @ 33
Event: 16.934 Thread 0x000000001b742000 Uncommon trap: reason=class_check action=maybe_recompile pc=0x0000000005002684 method=com.android.tools.r8.dex.n.a(ILjava/util/function/Supplier;)Ljava/lang/Object; @ 33
Event: 16.934 Thread 0x000000001b74a000 Uncommon trap: reason=class_check action=maybe_recompile pc=0x0000000005002684 method=com.android.tools.r8.dex.n.a(ILjava/util/function/Supplier;)Ljava/lang/Object; @ 33
Event: 16.934 Thread 0x000000001b746000 Uncommon trap: reason=class_check action=maybe_recompile pc=0x0000000005002684 method=com.android.tools.r8.dex.n.a(ILjava/util/function/Supplier;)Ljava/lang/Object; @ 33
Event: 16.934 Thread 0x000000001b743000 Uncommon trap: reason=class_check action=maybe_recompile pc=0x0000000005002684 method=com.android.tools.r8.dex.n.a(ILjava/util/function/Supplier;)Ljava/lang/Object; @ 33

Classes redefined (0 events):
No events

Internal exceptions (10 events):
Event: 14.030 Thread 0x000000001c58e000 Exception <a 'sun/nio/fs/WindowsException'> (0x00000000def2b3d0) thrown at [C:\src\AOSP-openjdk-git\hotspot\src\share\vm\prims\jni.cpp, line 710]
Event: 14.030 Thread 0x000000001c58e000 Exception <a 'sun/nio/fs/WindowsException'> (0x00000000def2c0d0) thrown at [C:\src\AOSP-openjdk-git\hotspot\src\share\vm\prims\jni.cpp, line 710]
Event: 14.032 Thread 0x000000001c58e000 Exception <a 'sun/nio/fs/WindowsException'> (0x00000000def2dec0) thrown at [C:\src\AOSP-openjdk-git\hotspot\src\share\vm\prims\jni.cpp, line 710]
Event: 14.032 Thread 0x000000001c58e000 Exception <a 'sun/nio/fs/WindowsException'> (0x00000000def2ebc0) thrown at [C:\src\AOSP-openjdk-git\hotspot\src\share\vm\prims\jni.cpp, line 710]
Event: 14.122 Thread 0x000000001c593800 Exception <a 'java/lang/NoSuchMethodError': java.lang.Object.lambda$static$0(Lorg/gradle/internal/snapshot/FileSystemSnapshotVisitor;)V> (0x00000000df43e890) thrown at [C:\src\AOSP-openjdk-git\hotspot\src\share\vm\interpreter\linkResolver.cpp, line 620]
Event: 14.796 Thread 0x000000001c58f800 Exception <a 'sun/nio/fs/WindowsException'> (0x00000000d7bcecf0) thrown at [C:\src\AOSP-openjdk-git\hotspot\src\share\vm\prims\jni.cpp, line 710]
Event: 14.797 Thread 0x000000001c58f800 Exception <a 'sun/nio/fs/WindowsException'> (0x00000000d7bcfa10) thrown at [C:\src\AOSP-openjdk-git\hotspot\src\share\vm\prims\jni.cpp, line 710]
Event: 15.448 Thread 0x000000001c58f800 Exception <a 'java/lang/NoSuchMethodError': <clinit>> (0x00000000db5a9400) thrown at [C:\src\AOSP-openjdk-git\hotspot\src\share\vm\prims\jni.cpp, line 1615]
Event: 15.449 Thread 0x000000001c58f800 Exception <a 'java/lang/NoSuchMethodError': <clinit>> (0x00000000db5bcac8) thrown at [C:\src\AOSP-openjdk-git\hotspot\src\share\vm\prims\jni.cpp, line 1615]
Event: 16.138 Thread 0x000000001b741800 Exception <a 'sun/nio/fs/WindowsException'> (0x00000000ddf8e340) thrown at [C:\src\AOSP-openjdk-git\hotspot\src\share\vm\prims\jni.cpp, line 710]

Events (10 events):
Event: 16.975 loading class com/android/tools/r8/code/A1
Event: 16.975 loading class com/android/tools/r8/code/A1 done
Event: 16.975 loading class com/android/tools/r8/code/z2
Event: 16.975 loading class com/android/tools/r8/code/z2 done
Event: 16.975 loading class com/android/tools/r8/code/A2
Event: 16.975 loading class com/android/tools/r8/code/A2 done
Event: 16.975 loading class com/android/tools/r8/code/H2
Event: 16.975 loading class com/android/tools/r8/code/H2 done
Event: 16.975 loading class com/android/tools/r8/code/C2
Event: 16.975 loading class com/android/tools/r8/code/C2 done


Dynamic libraries:
0x00007ff6faf80000 - 0x00007ff6fafb1000 	C:\Program Files\Android\Android Studio\jre\bin\java.exe
0x00007ffecb810000 - 0x00007ffecba06000 	C:\WINDOWS\SYSTEM32\ntdll.dll
0x00007ffec9b80000 - 0x00007ffec9c3d000 	C:\WINDOWS\System32\KERNEL32.DLL
0x00007ffec9570000 - 0x00007ffec9839000 	C:\WINDOWS\System32\KERNELBASE.dll
0x00007ffeca300000 - 0x00007ffeca3ac000 	C:\WINDOWS\System32\ADVAPI32.dll
0x00007ffecab40000 - 0x00007ffecabde000 	C:\WINDOWS\System32\msvcrt.dll
0x00007ffeca9d0000 - 0x00007ffecaa6c000 	C:\WINDOWS\System32\sechost.dll
0x00007ffec9ed0000 - 0x00007ffec9ffb000 	C:\WINDOWS\System32\RPCRT4.dll
0x00007ffec9950000 - 0x00007ffec9af0000 	C:\WINDOWS\System32\USER32.dll
0x00007ffec9120000 - 0x00007ffec9142000 	C:\WINDOWS\System32\win32u.dll
0x00007ffeca4f0000 - 0x00007ffeca51a000 	C:\WINDOWS\System32\GDI32.dll
0x00007ffec9460000 - 0x00007ffec9569000 	C:\WINDOWS\System32\gdi32full.dll
0x00007ffec9150000 - 0x00007ffec91ed000 	C:\WINDOWS\System32\msvcp_win.dll
0x00007ffec8f20000 - 0x00007ffec9020000 	C:\WINDOWS\System32\ucrtbase.dll
0x00007ffeb2980000 - 0x00007ffeb2c1b000 	C:\WINDOWS\WinSxS\amd64_microsoft.windows.common-controls_6595b64144ccf1df_6.0.19041.488_none_ca04af081b815d21\COMCTL32.dll
0x00007ffec9cb0000 - 0x00007ffec9ce0000 	C:\WINDOWS\System32\IMM32.DLL
0x000000006e2b0000 - 0x000000006e382000 	C:\Program Files\Android\Android Studio\jre\jre\bin\msvcr100.dll
0x000000006e470000 - 0x000000006ecbb000 	C:\Program Files\Android\Android Studio\jre\jre\bin\server\jvm.dll
0x00007ffecaa70000 - 0x00007ffecaa78000 	C:\WINDOWS\System32\PSAPI.DLL
0x00007ffebc530000 - 0x00007ffebc539000 	C:\WINDOWS\SYSTEM32\WSOCK32.dll
0x00007ffebdfd0000 - 0x00007ffebdff7000 	C:\WINDOWS\SYSTEM32\WINMM.dll
0x00007ffeca290000 - 0x00007ffeca2fb000 	C:\WINDOWS\System32\WS2_32.dll
0x00007ffec2280000 - 0x00007ffec228a000 	C:\WINDOWS\SYSTEM32\VERSION.dll
0x00007ffec4380000 - 0x00007ffec438f000 	C:\Program Files\Android\Android Studio\jre\jre\bin\verify.dll
0x00007ffec1810000 - 0x00007ffec1839000 	C:\Program Files\Android\Android Studio\jre\jre\bin\java.dll
0x00007ffec18e0000 - 0x00007ffec18f6000 	C:\Program Files\Android\Android Studio\jre\jre\bin\zip.dll
0x00007ffecb050000 - 0x00007ffecb792000 	C:\WINDOWS\System32\SHELL32.dll
0x00007ffec6ca0000 - 0x00007ffec7435000 	C:\WINDOWS\SYSTEM32\windows.storage.dll
0x00007ffeca520000 - 0x00007ffeca876000 	C:\WINDOWS\System32\combase.dll
0x00007ffec8990000 - 0x00007ffec89bc000 	C:\WINDOWS\SYSTEM32\Wldp.dll
0x00007ffec9d00000 - 0x00007ffec9dae000 	C:\WINDOWS\System32\SHCORE.dll
0x00007ffec9c50000 - 0x00007ffec9ca5000 	C:\WINDOWS\System32\shlwapi.dll
0x00007ffec8e50000 - 0x00007ffec8e76000 	C:\WINDOWS\SYSTEM32\profapi.dll
0x00007ffec17f0000 - 0x00007ffec180a000 	C:\Program Files\Android\Android Studio\jre\jre\bin\net.dll
0x00007ffec8710000 - 0x00007ffec877a000 	C:\WINDOWS\system32\mswsock.dll
0x00007ffec17b0000 - 0x00007ffec17c3000 	C:\Program Files\Android\Android Studio\jre\jre\bin\nio.dll
0x00007ffeb8a60000 - 0x00007ffeb8a87000 	C:\Users\Arash\.gradle\native\f6784746aeab05261644944871eae4fe03e0ef1612fff0a4a95f87b438bc6780\windows-amd64\native-platform.dll
0x00007ffec4320000 - 0x00007ffec432d000 	C:\Program Files\Android\Android Studio\jre\jre\bin\management.dll
0x00007ffec88e0000 - 0x00007ffec88f8000 	C:\WINDOWS\SYSTEM32\CRYPTSP.dll
0x00007ffec8030000 - 0x00007ffec8064000 	C:\WINDOWS\system32\rsaenh.dll
0x00007ffec9430000 - 0x00007ffec9457000 	C:\WINDOWS\System32\bcrypt.dll
0x00007ffec8dd0000 - 0x00007ffec8dfe000 	C:\WINDOWS\SYSTEM32\USERENV.dll
0x00007ffec9250000 - 0x00007ffec92d0000 	C:\WINDOWS\System32\bcryptprimitives.dll
0x00007ffec8900000 - 0x00007ffec890c000 	C:\WINDOWS\SYSTEM32\CRYPTBASE.dll
0x00007ffec83b0000 - 0x00007ffec83eb000 	C:\WINDOWS\SYSTEM32\IPHLPAPI.DLL
0x00007ffec9c40000 - 0x00007ffec9c48000 	C:\WINDOWS\System32\NSI.dll
0x00007ffec2260000 - 0x00007ffec2277000 	C:\WINDOWS\SYSTEM32\dhcpcsvc6.DLL
0x00007ffec2240000 - 0x00007ffec225d000 	C:\WINDOWS\SYSTEM32\dhcpcsvc.DLL
0x00007ffec8400000 - 0x00007ffec84cb000 	C:\WINDOWS\SYSTEM32\DNSAPI.dll
0x00007ffec21f0000 - 0x00007ffec21fb000 	C:\WINDOWS\SYSTEM32\WINNSI.DLL

VM Arguments:
jvm_args: -Xmx2048m -Dfile.encoding=windows-1252 -Duser.country=US -Duser.language=en -Duser.variant 
java_command: org.gradle.launcher.daemon.bootstrap.GradleDaemon 6.5
java_class_path (initial): C:\Users\Arash\.gradle\wrapper\dists\gradle-6.5-bin\6nifqtx7604sqp1q6g8wikw7p\gradle-6.5\lib\gradle-launcher-6.5.jar
Launcher Type: SUN_STANDARD

Environment Variables:
PATH=C:\Program Files (x86)\Common Files\Intel\Shared Libraries\redist\intel64\compiler;C:\Program Files (x86)\Common Files\Oracle\Java\javapath;C:\Program Files (x86)\Intel\Intel(R) Management Engine Components\iCLS\;C:\Program Files\Intel\Intel(R) Management Engine Components\iCLS\;C:\Windows\system32;C:\Windows;C:\Windows\System32\Wbem;C:\Windows\System32\WindowsPowerShell\v1.0\;C:\Windows\System32\OpenSSH\;C:\Program Files (x86)\NVIDIA Corporation\PhysX\Common;C:\Program Files (x86)\Intel\Intel(R) Management Engine Components\DAL;C:\Program Files\Intel\Intel(R) Management Engine Components\DAL;C:\Program Files (x86)\Intel\Intel(R) Management Engine Components\IPT;C:\Program Files\Intel\Intel(R) Management Engine Components\IPT;C:\Program Files\NVIDIA Corporation\NVIDIA NvDLISR;C:\Program Files (x86)\Microsoft SQL Server\150\DTS\Binn\;C:\WINDOWS\system32;C:\WINDOWS;C:\WINDOWS\System32\Wbem;C:\WINDOWS\System32\WindowsPowerShell\v1.0\;C:\WINDOWS\System32\OpenSSH\;C:\Program Files\Intel\WiFi\bin\;C:\Program Files\Common Files\Intel\WirelessCommon\;C:\Program Files\nodejs\;C:\Program Files\Git\cmd;C:\Program Files\Java\jdk1.8.0_202\bin;C:\Users\Arash\AppData\Roaming\npm;C:\Program Files\Intel\WiFi\bin\;C:\Program Files\Common Files\Intel\WirelessCommon\;C:\Program Files\heroku\bin
USERNAME=Arash
OS=Windows_NT
PROCESSOR_IDENTIFIER=Intel64 Family 6 Model 142 Stepping 10, GenuineIntel



---------------  S Y S T E M  ---------------

OS: Windows 10.0 , 64 bit Build 19041 (10.0.19041.662)

CPU:total 8 (initial active 8) (4 cores per cpu, 2 threads per core) family 6 model 142 stepping 10, cmov, cx8, fxsr, mmx, sse, sse2, sse3, ssse3, sse4.1, sse4.2, popcnt, avx, avx2, aes, clmul, erms, 3dnowpref, lzcnt, ht, tsc, tscinvbit, bmi1, bmi2, adx

Memory: 4k page, physical 12458928k(1692220k free), swap 18602928k(5488k free)

vm_info: OpenJDK 64-Bit Server VM (25.242-b01) for windows-amd64 JRE (1.8.0_242-release-1644-b01), built by "builder" with MS VC++ 10.0 (VS2010)

time: Mon Dec 21 14:36:47 2020
timezone: Iran Standard Time
elapsed time: 16 seconds (0d 0h 0m 16s)

