#
# There is insufficient memory for the Java Runtime Environment to continue.
# Native memory allocation (malloc) failed to allocate 1044496 bytes for Chunk::new
# Possible reasons:
#   The system is out of physical RAM or swap space
#   The process is running with CompressedOops enabled, and the Java Heap may be blocking the growth of the native heap
# Possible solutions:
#   Reduce memory load on the system
#   Increase physical memory or swap space
#   Check if swap backing store is full
#   Decrease Java heap size (-Xmx/-Xms)
#   Decrease number of Java threads
#   Decrease Java thread stack sizes (-Xss)
#   Set larger code cache with -XX:ReservedCodeCacheSize=
#   JVM is running with Unscaled Compressed Oops mode in which the Java heap is
#     placed in the first 4GB address space. The Java Heap base address is the
#     maximum limit for the native heap growth. Please use -XX:HeapBaseMinAddress
#     to set the Java Heap base and to place the Java Heap above 4GB virtual address.
# This output file may be truncated or incomplete.
#
#  Out of Memory Error (./src/hotspot/share/memory/arena.cpp:197), pid=28800, tid=24032
#
# JRE version: OpenJDK Runtime Environment (11.0.12+7) (build 11.0.12+7-b1504.28-7817840)
# Java VM: OpenJDK 64-Bit Server VM (11.0.12+7-b1504.28-7817840, mixed mode, tiered, compressed oops, g1 gc, windows-amd64)
# No core dump will be written. Minidumps are not enabled by default on client versions of Windows
#

---------------  S U M M A R Y ------------

Command Line: --add-opens=java.base/java.util=ALL-UNNAMED --add-opens=java.base/java.lang=ALL-UNNAMED --add-opens=java.base/java.lang.invoke=ALL-UNNAMED --add-opens=java.base/java.util=ALL-UNNAMED --add-opens=java.prefs/java.util.prefs=ALL-UNNAMED --add-opens=java.prefs/java.util.prefs=ALL-UNNAMED --add-opens=java.base/java.nio.charset=ALL-UNNAMED --add-opens=java.base/java.net=ALL-UNNAMED --add-opens=java.base/java.util.concurrent.atomic=ALL-UNNAMED -Xmx2048m -Dfile.encoding=windows-1252 -Duser.country=US -Duser.language=en -Duser.variant org.gradle.launcher.daemon.bootstrap.GradleDaemon 7.0.2

Host: Intel(R) Core(TM) i7-8550U CPU @ 1.80GHz, 8 cores, 23G,  Windows 10 , 64 bit Build 19041 (10.0.19041.1889)
Time: Thu Sep  1 02:13:11 2022 Turkey Standard Time elapsed time: 1586.064405 seconds (0d 0h 26m 26s)

---------------  T H R E A D  ---------------

Current thread (0x00000241af685800):  JavaThread "C2 CompilerThread2" daemon [_thread_in_native, id=24032, stack(0x000000a7ae100000,0x000000a7ae200000)]


Current CompileTask:
C2:1586064 19095       4       kotlin.io.FilesKt__UtilsKt::toRelativeStringOrNull$FilesKt__UtilsKt (271 bytes)

Stack: [0x000000a7ae100000,0x000000a7ae200000]
Native frames: (J=compiled Java code, j=interpreted, Vv=VM code, C=native code)
V  [jvm.dll+0x5fbcea]
V  [jvm.dll+0x731905]
V  [jvm.dll+0x732f1d]
V  [jvm.dll+0x7335d3]
V  [jvm.dll+0x247bf8]
V  [jvm.dll+0xc018c]
V  [jvm.dll+0xc06cc]
V  [jvm.dll+0x35b31d]
V  [jvm.dll+0x19cebc]
V  [jvm.dll+0x20070e]
V  [jvm.dll+0x1ff794]
V  [jvm.dll+0x18868c]
V  [jvm.dll+0x20e0d7]
V  [jvm.dll+0x20c901]
V  [jvm.dll+0x6f9b7f]
V  [jvm.dll+0x6f26a5]
V  [jvm.dll+0x5fabf6]
C  [ucrtbase.dll+0x21bb2]
C  [KERNEL32.DLL+0x17034]
C  [ntdll.dll+0x52651]


---------------  P R O C E S S  ---------------

Threads class SMR info:
_java_thread_list=0x00000241b1259300, length=52, elements={
0x00000241906e0800, 0x00000241ab442000, 0x00000241ab447000, 0x00000241ab4a4000,
0x00000241ab4a5000, 0x00000241ab4a6000, 0x00000241ab4b6800, 0x00000241ab4b9800,
0x00000241ab4c3000, 0x00000241ab618800, 0x00000241ac5bc800, 0x00000241ab767000,
0x00000241ac243000, 0x00000241acdd4800, 0x00000241acdd2000, 0x00000241acdd3000,
0x00000241acdd3800, 0x00000241acdd1800, 0x00000241acdd5800, 0x00000241acdd8000,
0x00000241adeb0000, 0x00000241adeb0800, 0x00000241adeb1800, 0x00000241adeb2000,
0x00000241adeb3000, 0x00000241adeb4000, 0x00000241adeb9800, 0x00000241adeb9000,
0x00000241adeae000, 0x00000241adeb4800, 0x00000241adeaf000, 0x00000241adeb6800,
0x00000241adeba800, 0x00000241adebc000, 0x00000241adebd000, 0x00000241acdd6000,
0x00000241acdd7000, 0x00000241b12f9800, 0x00000241b12fc000, 0x00000241b12fa000,
0x00000241b12f7000, 0x00000241b12fb000, 0x00000241b12fc800, 0x00000241b12fd800,
0x00000241b12f7800, 0x00000241b12f8800, 0x00000241af680800, 0x00000241af687000,
0x00000241af681800, 0x00000241af68a800, 0x00000241af684800, 0x00000241af685800
}

Java Threads: ( => current thread )
  0x00000241906e0800 JavaThread "main" [_thread_blocked, id=13980, stack(0x000000a7aa100000,0x000000a7aa200000)]
  0x00000241ab442000 JavaThread "Reference Handler" daemon [_thread_blocked, id=13820, stack(0x000000a7aa800000,0x000000a7aa900000)]
  0x00000241ab447000 JavaThread "Finalizer" daemon [_thread_blocked, id=7056, stack(0x000000a7aa900000,0x000000a7aaa00000)]
  0x00000241ab4a4000 JavaThread "Signal Dispatcher" daemon [_thread_blocked, id=22384, stack(0x000000a7aaa00000,0x000000a7aab00000)]
  0x00000241ab4a5000 JavaThread "Attach Listener" daemon [_thread_blocked, id=21968, stack(0x000000a7aab00000,0x000000a7aac00000)]
  0x00000241ab4a6000 JavaThread "Service Thread" daemon [_thread_blocked, id=19232, stack(0x000000a7aac00000,0x000000a7aad00000)]
  0x00000241ab4b6800 JavaThread "C2 CompilerThread0" daemon [_thread_in_native, id=19120, stack(0x000000a7aad00000,0x000000a7aae00000)]
  0x00000241ab4b9800 JavaThread "C1 CompilerThread0" daemon [_thread_blocked, id=22544, stack(0x000000a7aae00000,0x000000a7aaf00000)]
  0x00000241ab4c3000 JavaThread "Sweeper thread" daemon [_thread_blocked, id=19940, stack(0x000000a7aaf00000,0x000000a7ab000000)]
  0x00000241ab618800 JavaThread "Common-Cleaner" daemon [_thread_blocked, id=22172, stack(0x000000a7ab000000,0x000000a7ab100000)]
  0x00000241ac5bc800 JavaThread "Daemon health stats" [_thread_blocked, id=2128, stack(0x000000a7aba00000,0x000000a7abb00000)]
  0x00000241ab767000 JavaThread "Incoming local TCP Connector on port 57438" [_thread_in_native, id=20868, stack(0x000000a7ab200000,0x000000a7ab300000)]
  0x00000241ac243000 JavaThread "Daemon periodic checks" [_thread_blocked, id=26792, stack(0x000000a7abb00000,0x000000a7abc00000)]
  0x00000241acdd4800 JavaThread "Cache worker for file hash cache (C:\Users\Arash\.gradle\caches\7.0.2\fileHashes)" [_thread_blocked, id=27100, stack(0x000000a7ac400000,0x000000a7ac500000)]
  0x00000241acdd2000 JavaThread "File lock request listener" [_thread_in_native, id=19812, stack(0x000000a7ac500000,0x000000a7ac600000)]
  0x00000241acdd3000 JavaThread "Cache worker for journal cache (C:\Users\Arash\.gradle\caches\journal-1)" [_thread_blocked, id=26508, stack(0x000000a7ac700000,0x000000a7ac800000)]
  0x00000241acdd3800 JavaThread "File watcher server" daemon [_thread_in_native, id=4764, stack(0x000000a7ac900000,0x000000a7aca00000)]
  0x00000241acdd1800 JavaThread "File watcher consumer" daemon [_thread_blocked, id=17572, stack(0x000000a7aca00000,0x000000a7acb00000)]
  0x00000241acdd5800 JavaThread "jar transforms" [_thread_blocked, id=8440, stack(0x000000a7acc00000,0x000000a7acd00000)]
  0x00000241acdd8000 JavaThread "jar transforms Thread 2" [_thread_blocked, id=3276, stack(0x000000a7acb00000,0x000000a7acc00000)]
  0x00000241adeb0000 JavaThread "jar transforms Thread 3" [_thread_blocked, id=19624, stack(0x000000a7acd00000,0x000000a7ace00000)]
  0x00000241adeb0800 JavaThread "jar transforms Thread 4" [_thread_blocked, id=4112, stack(0x000000a7ac200000,0x000000a7ac300000)]
  0x00000241adeb1800 JavaThread "jar transforms Thread 5" [_thread_blocked, id=29404, stack(0x000000a7ace00000,0x000000a7acf00000)]
  0x00000241adeb2000 JavaThread "jar transforms Thread 6" [_thread_blocked, id=16320, stack(0x000000a7acf00000,0x000000a7ad000000)]
  0x00000241adeb3000 JavaThread "jar transforms Thread 7" [_thread_blocked, id=24692, stack(0x000000a7ad000000,0x000000a7ad100000)]
  0x00000241adeb4000 JavaThread "jar transforms Thread 8" [_thread_blocked, id=26756, stack(0x000000a7ad100000,0x000000a7ad200000)]
  0x00000241adeb9800 JavaThread "Cache worker for execution history cache (C:\Users\Arash\.gradle\caches\7.0.2\executionHistory)" [_thread_blocked, id=14744, stack(0x000000a7ad600000,0x000000a7ad700000)]
  0x00000241adeb9000 JavaThread "Cache worker for file content cache (C:\Users\Arash\.gradle\caches\7.0.2\fileContent)" [_thread_blocked, id=23352, stack(0x000000a7ad800000,0x000000a7ad900000)]
  0x00000241adeae000 JavaThread "Daemon Thread 2" [_thread_blocked, id=29400, stack(0x000000a7a9e00000,0x000000a7a9f00000)]
  0x00000241adeb4800 JavaThread "Handler for socket connection from /127.0.0.1:57438 to /127.0.0.1:57690" [_thread_in_native, id=5912, stack(0x000000a7a9f00000,0x000000a7aa000000)]
  0x00000241adeaf000 JavaThread "Cancel handler" [_thread_blocked, id=29760, stack(0x000000a7aa000000,0x000000a7aa100000)]
  0x00000241adeb6800 JavaThread "Daemon worker Thread 2" [_thread_blocked, id=30832, stack(0x000000a7abc00000,0x000000a7abd00000)]
  0x00000241adeba800 JavaThread "Asynchronous log dispatcher for DefaultDaemonConnection: socket connection from /127.0.0.1:57438 to /127.0.0.1:57690" [_thread_blocked, id=12828, stack(0x000000a7abd00000,0x000000a7abe00000)]
  0x00000241adebc000 JavaThread "Daemon client event forwarder" [_thread_blocked, id=21048, stack(0x000000a7abf00000,0x000000a7ac000000)]
  0x00000241adebd000 JavaThread "Cache worker for file hash cache (C:\Users\Arash\AndroidStudioProjects\NearRoom\.gradle\7.0.2\fileHashes)" [_thread_blocked, id=16844, stack(0x000000a7ac000000,0x000000a7ac100000)]
  0x00000241acdd6000 JavaThread "Cache worker for checksums cache (C:\Users\Arash\AndroidStudioProjects\NearRoom\.gradle\checksums)" [_thread_blocked, id=22356, stack(0x000000a7ac100000,0x000000a7ac200000)]
  0x00000241acdd7000 JavaThread "Cache worker for cache directory md-supplier (C:\Users\Arash\.gradle\caches\7.0.2\md-supplier)" [_thread_blocked, id=7176, stack(0x000000a7ac300000,0x000000a7ac400000)]
  0x00000241b12f9800 JavaThread "Cache worker for cache directory md-rule (C:\Users\Arash\.gradle\caches\7.0.2\md-rule)" [_thread_blocked, id=15460, stack(0x000000a7ac800000,0x000000a7ac900000)]
  0x00000241b12fc000 JavaThread "Cache worker for dependencies-accessors (C:\Users\Arash\AndroidStudioProjects\NearRoom\.gradle\7.0.2\dependencies-accessors)" [_thread_blocked, id=30540, stack(0x000000a7ad400000,0x000000a7ad500000)]
  0x00000241b12fa000 JavaThread "Cache worker for Build Output Cleanup Cache (C:\Users\Arash\AndroidStudioProjects\NearRoom\.gradle\buildOutputCleanup)" [_thread_blocked, id=23076, stack(0x000000a7ad500000,0x000000a7ad600000)]
  0x00000241b12f7000 JavaThread "Build operations" [_thread_in_native, id=20540, stack(0x000000a7ad700000,0x000000a7ad800000)]
  0x00000241b12fb000 JavaThread "Build operations Thread 2" [_thread_in_Java, id=30436, stack(0x000000a7ad900000,0x000000a7ada00000)]
  0x00000241b12fc800 JavaThread "Build operations Thread 3" [_thread_blocked, id=25612, stack(0x000000a7ada00000,0x000000a7adb00000)]
  0x00000241b12fd800 JavaThread "Build operations Thread 4" [_thread_blocked, id=31660, stack(0x000000a7adb00000,0x000000a7adc00000)]
  0x00000241b12f7800 JavaThread "Build operations Thread 5" [_thread_blocked, id=7908, stack(0x000000a7adc00000,0x000000a7add00000)]
  0x00000241b12f8800 JavaThread "Build operations Thread 6" [_thread_in_vm, id=24980, stack(0x000000a7add00000,0x000000a7ade00000)]
  0x00000241af680800 JavaThread "Build operations Thread 7" [_thread_blocked, id=26728, stack(0x000000a7ade00000,0x000000a7adf00000)]
  0x00000241af687000 JavaThread "Build operations Thread 8" [_thread_in_native, id=10228, stack(0x000000a7adf00000,0x000000a7ae000000)]
  0x00000241af681800 JavaThread "Memory manager" [_thread_blocked, id=6392, stack(0x000000a7ad300000,0x000000a7ad400000)]
  0x00000241af68a800 JavaThread "Cache worker for execution history cache (C:\Users\Arash\AndroidStudioProjects\NearRoom\.gradle\7.0.2\executionHistory)" [_thread_blocked, id=22340, stack(0x000000a7ae800000,0x000000a7ae900000)]
  0x00000241af684800 JavaThread "C2 CompilerThread1" daemon [_thread_in_native, id=28876, stack(0x000000a7ae000000,0x000000a7ae100000)]
=>0x00000241af685800 JavaThread "C2 CompilerThread2" daemon [_thread_in_native, id=24032, stack(0x000000a7ae100000,0x000000a7ae200000)]

Other Threads:
  0x00000241aab9c000 VMThread "VM Thread" [stack: 0x000000a7aa700000,0x000000a7aa800000] [id=29604]
  0x00000241ab64d800 WatcherThread [stack: 0x000000a7ab100000,0x000000a7ab200000] [id=24588]
  0x00000241906fa000 GCTaskThread "GC Thread#0" [stack: 0x000000a7aa200000,0x000000a7aa300000] [id=27908]
  0x00000241ac12a000 GCTaskThread "GC Thread#1" [stack: 0x000000a7ab300000,0x000000a7ab400000] [id=13672]
  0x00000241ac12b000 GCTaskThread "GC Thread#2" [stack: 0x000000a7ab400000,0x000000a7ab500000] [id=5312]
  0x00000241ac12c000 GCTaskThread "GC Thread#3" [stack: 0x000000a7ab500000,0x000000a7ab600000] [id=31788]
  0x00000241ac485000 GCTaskThread "GC Thread#4" [stack: 0x000000a7ab600000,0x000000a7ab700000] [id=31168]
  0x00000241ac486000 GCTaskThread "GC Thread#5" [stack: 0x000000a7ab700000,0x000000a7ab800000] [id=16572]
  0x00000241ac56a800 GCTaskThread "GC Thread#6" [stack: 0x000000a7ab800000,0x000000a7ab900000] [id=18788]
  0x00000241ac56b800 GCTaskThread "GC Thread#7" [stack: 0x000000a7ab900000,0x000000a7aba00000] [id=10500]
  0x000002419072b000 ConcurrentGCThread "G1 Main Marker" [stack: 0x000000a7aa300000,0x000000a7aa400000] [id=23936]
  0x000002419072c800 ConcurrentGCThread "G1 Conc#0" [stack: 0x000000a7aa400000,0x000000a7aa500000] [id=9548]
  0x00000241ad364800 ConcurrentGCThread "G1 Conc#1" [stack: 0x000000a7ac600000,0x000000a7ac700000] [id=27080]
  0x00000241aaa90800 ConcurrentGCThread "G1 Refine#0" [stack: 0x000000a7aa500000,0x000000a7aa600000] [id=11392]
  0x00000241aaa91800 ConcurrentGCThread "G1 Young RemSet Sampling" [stack: 0x000000a7aa600000,0x000000a7aa700000] [id=29352]

Threads with active compile tasks:
C2 CompilerThread01586098 19074       4       org.gradle.tooling.internal.adapter.ProtocolToModelAdapter$InvocationHandlerImpl::invoke (176 bytes)
C2 CompilerThread11586098 18880       4       org.objectweb.asm.ClassReader::readCode (5089 bytes)
C2 CompilerThread21586098 19095       4       kotlin.io.FilesKt__UtilsKt::toRelativeStringOrNull$FilesKt__UtilsKt (271 bytes)

VM state:not at safepoint (normal execution)

VM Mutex/Monitor currently owned by a thread: None

Heap address: 0x0000000080000000, size: 2048 MB, Compressed Oops mode: 32-bit
Narrow klass base: 0x0000000000000000, Narrow klass shift: 3
Compressed class space size: 1073741824 Address: 0x0000000100000000

Heap:
 garbage-first heap   total 393216K, used 250155K [0x0000000080000000, 0x0000000100000000)
  region size 1024K, 72 young (73728K), 4 survivors (4096K)
 Metaspace       used 114674K, capacity 117772K, committed 118088K, reserved 1153024K
  class space    used 14393K, capacity 15537K, committed 15616K, reserved 1048576K
Heap Regions: E=young(eden), S=young(survivor), O=old, HS=humongous(starts), HC=humongous(continues), CS=collection set, F=free, A=archive, TAMS=top-at-mark-start (previous, next)
|   0|0x0000000080000000, 0x0000000080100000, 0x0000000080100000|100%| O|  |TAMS 0x0000000080100000, 0x0000000080000000| Untracked 
|   1|0x0000000080100000, 0x0000000080200000, 0x0000000080200000|100%| O|  |TAMS 0x0000000080200000, 0x0000000080100000| Untracked 
|   2|0x0000000080200000, 0x0000000080300000, 0x0000000080300000|100%| O|  |TAMS 0x0000000080300000, 0x0000000080200000| Untracked 
|   3|0x0000000080300000, 0x0000000080400000, 0x0000000080400000|100%|HS|  |TAMS 0x0000000080400000, 0x0000000080300000| Complete 
|   4|0x0000000080400000, 0x0000000080500000, 0x0000000080500000|100%|HC|  |TAMS 0x0000000080500000, 0x0000000080400000| Complete 
|   5|0x0000000080500000, 0x0000000080600000, 0x0000000080600000|100%|HC|  |TAMS 0x0000000080600000, 0x0000000080500000| Complete 
|   6|0x0000000080600000, 0x0000000080700000, 0x0000000080700000|100%| O|  |TAMS 0x0000000080700000, 0x0000000080600000| Untracked 
|   7|0x0000000080700000, 0x0000000080800000, 0x0000000080800000|100%| O|  |TAMS 0x0000000080800000, 0x0000000080700000| Untracked 
|   8|0x0000000080800000, 0x0000000080900000, 0x0000000080900000|100%| O|  |TAMS 0x0000000080900000, 0x0000000080800000| Untracked 
|   9|0x0000000080900000, 0x0000000080a00000, 0x0000000080a00000|100%| O|  |TAMS 0x0000000080a00000, 0x0000000080900000| Untracked 
|  10|0x0000000080a00000, 0x0000000080b00000, 0x0000000080b00000|100%| O|  |TAMS 0x0000000080b00000, 0x0000000080a00000| Untracked 
|  11|0x0000000080b00000, 0x0000000080c00000, 0x0000000080c00000|100%| O|  |TAMS 0x0000000080c00000, 0x0000000080b00000| Untracked 
|  12|0x0000000080c00000, 0x0000000080d00000, 0x0000000080d00000|100%| O|  |TAMS 0x0000000080d00000, 0x0000000080c00000| Untracked 
|  13|0x0000000080d00000, 0x0000000080e00000, 0x0000000080e00000|100%| O|  |TAMS 0x0000000080e00000, 0x0000000080d00000| Untracked 
|  14|0x0000000080e00000, 0x0000000080f00000, 0x0000000080f00000|100%| O|  |TAMS 0x0000000080f00000, 0x0000000080e00000| Untracked 
|  15|0x0000000080f00000, 0x0000000081000000, 0x0000000081000000|100%| O|  |TAMS 0x0000000081000000, 0x0000000080f00000| Untracked 
|  16|0x0000000081000000, 0x0000000081100000, 0x0000000081100000|100%|HS|  |TAMS 0x0000000081100000, 0x0000000081000000| Complete 
|  17|0x0000000081100000, 0x0000000081200000, 0x0000000081200000|100%|HC|  |TAMS 0x0000000081200000, 0x0000000081100000| Complete 
|  18|0x0000000081200000, 0x0000000081300000, 0x0000000081300000|100%|HS|  |TAMS 0x0000000081300000, 0x0000000081200000| Complete 
|  19|0x0000000081300000, 0x0000000081400000, 0x0000000081400000|100%|HC|  |TAMS 0x0000000081400000, 0x0000000081300000| Complete 
|  20|0x0000000081400000, 0x0000000081500000, 0x0000000081500000|100%|HC|  |TAMS 0x0000000081500000, 0x0000000081400000| Complete 
|  21|0x0000000081500000, 0x0000000081600000, 0x0000000081600000|100%|HS|  |TAMS 0x0000000081600000, 0x0000000081500000| Complete 
|  22|0x0000000081600000, 0x0000000081700000, 0x0000000081700000|100%|HS|  |TAMS 0x0000000081700000, 0x0000000081600000| Complete 
|  23|0x0000000081700000, 0x0000000081800000, 0x0000000081800000|100%|HC|  |TAMS 0x0000000081800000, 0x0000000081700000| Complete 
|  24|0x0000000081800000, 0x0000000081900000, 0x0000000081900000|100%|HC|  |TAMS 0x0000000081900000, 0x0000000081800000| Complete 
|  25|0x0000000081900000, 0x0000000081a00000, 0x0000000081a00000|100%|HC|  |TAMS 0x0000000081a00000, 0x0000000081900000| Complete 
|  26|0x0000000081a00000, 0x0000000081b00000, 0x0000000081b00000|100%| O|  |TAMS 0x0000000081b00000, 0x0000000081a00000| Untracked 
|  27|0x0000000081b00000, 0x0000000081c00000, 0x0000000081c00000|100%| O|  |TAMS 0x0000000081c00000, 0x0000000081b00000| Untracked 
|  28|0x0000000081c00000, 0x0000000081d00000, 0x0000000081d00000|100%| O|  |TAMS 0x0000000081d00000, 0x0000000081c00000| Untracked 
|  29|0x0000000081d00000, 0x0000000081e00000, 0x0000000081e00000|100%| O|  |TAMS 0x0000000081e00000, 0x0000000081d00000| Untracked 
|  30|0x0000000081e00000, 0x0000000081f00000, 0x0000000081f00000|100%| O|  |TAMS 0x0000000081f00000, 0x0000000081e00000| Untracked 
|  31|0x0000000081f00000, 0x0000000082000000, 0x0000000082000000|100%| O|  |TAMS 0x0000000082000000, 0x0000000081f00000| Untracked 
|  32|0x0000000082000000, 0x0000000082100000, 0x0000000082100000|100%| O|  |TAMS 0x0000000082100000, 0x0000000082000000| Untracked 
|  33|0x0000000082100000, 0x0000000082200000, 0x0000000082200000|100%| O|  |TAMS 0x0000000082200000, 0x0000000082100000| Untracked 
|  34|0x0000000082200000, 0x0000000082300000, 0x0000000082300000|100%| O|  |TAMS 0x0000000082300000, 0x0000000082200000| Untracked 
|  35|0x0000000082300000, 0x0000000082400000, 0x0000000082400000|100%| O|  |TAMS 0x0000000082400000, 0x0000000082300000| Untracked 
|  36|0x0000000082400000, 0x0000000082500000, 0x0000000082500000|100%| O|  |TAMS 0x0000000082500000, 0x0000000082400000| Untracked 
|  37|0x0000000082500000, 0x0000000082600000, 0x0000000082600000|100%| O|  |TAMS 0x0000000082600000, 0x0000000082500000| Untracked 
|  38|0x0000000082600000, 0x0000000082700000, 0x0000000082700000|100%| O|  |TAMS 0x0000000082700000, 0x0000000082600000| Untracked 
|  39|0x0000000082700000, 0x0000000082800000, 0x0000000082800000|100%| O|  |TAMS 0x0000000082800000, 0x0000000082700000| Untracked 
|  40|0x0000000082800000, 0x0000000082900000, 0x0000000082900000|100%| O|  |TAMS 0x0000000082900000, 0x0000000082800000| Untracked 
|  41|0x0000000082900000, 0x0000000082a00000, 0x0000000082a00000|100%| O|  |TAMS 0x0000000082a00000, 0x0000000082900000| Untracked 
|  42|0x0000000082a00000, 0x0000000082b00000, 0x0000000082b00000|100%|HS|  |TAMS 0x0000000082b00000, 0x0000000082a00000| Complete 
|  43|0x0000000082b00000, 0x0000000082c00000, 0x0000000082c00000|100%|HC|  |TAMS 0x0000000082c00000, 0x0000000082b00000| Complete 
|  44|0x0000000082c00000, 0x0000000082d00000, 0x0000000082d00000|100%|HC|  |TAMS 0x0000000082d00000, 0x0000000082c00000| Complete 
|  45|0x0000000082d00000, 0x0000000082e00000, 0x0000000082e00000|100%|HC|  |TAMS 0x0000000082e00000, 0x0000000082d00000| Complete 
|  46|0x0000000082e00000, 0x0000000082f00000, 0x0000000082f00000|100%| O|  |TAMS 0x0000000082f00000, 0x0000000082e00000| Untracked 
|  47|0x0000000082f00000, 0x0000000083000000, 0x0000000083000000|100%| O|  |TAMS 0x0000000083000000, 0x0000000082f00000| Untracked 
|  48|0x0000000083000000, 0x0000000083100000, 0x0000000083100000|100%| O|  |TAMS 0x0000000083100000, 0x0000000083000000| Untracked 
|  49|0x0000000083100000, 0x0000000083200000, 0x0000000083200000|100%|HS|  |TAMS 0x0000000083200000, 0x0000000083100000| Complete 
|  50|0x0000000083200000, 0x0000000083300000, 0x0000000083300000|100%|HS|  |TAMS 0x0000000083300000, 0x0000000083200000| Complete 
|  51|0x0000000083300000, 0x0000000083400000, 0x0000000083400000|100%|HC|  |TAMS 0x0000000083400000, 0x0000000083300000| Complete 
|  52|0x0000000083400000, 0x0000000083500000, 0x0000000083500000|100%|HC|  |TAMS 0x0000000083500000, 0x0000000083400000| Complete 
|  53|0x0000000083500000, 0x0000000083600000, 0x0000000083600000|100%| O|  |TAMS 0x0000000083600000, 0x0000000083500000| Untracked 
|  54|0x0000000083600000, 0x0000000083700000, 0x0000000083700000|100%| O|  |TAMS 0x0000000083700000, 0x0000000083600000| Untracked 
|  55|0x0000000083700000, 0x0000000083800000, 0x0000000083800000|100%| O|  |TAMS 0x0000000083800000, 0x0000000083700000| Untracked 
|  56|0x0000000083800000, 0x0000000083900000, 0x0000000083900000|100%| O|  |TAMS 0x0000000083900000, 0x0000000083800000| Untracked 
|  57|0x0000000083900000, 0x0000000083a00000, 0x0000000083a00000|100%| O|  |TAMS 0x0000000083a00000, 0x0000000083900000| Untracked 
|  58|0x0000000083a00000, 0x0000000083b00000, 0x0000000083b00000|100%| O|  |TAMS 0x0000000083b00000, 0x0000000083a00000| Untracked 
|  59|0x0000000083b00000, 0x0000000083c00000, 0x0000000083c00000|100%| O|  |TAMS 0x0000000083c00000, 0x0000000083b00000| Untracked 
|  60|0x0000000083c00000, 0x0000000083d00000, 0x0000000083d00000|100%| O|  |TAMS 0x0000000083d00000, 0x0000000083c00000| Untracked 
|  61|0x0000000083d00000, 0x0000000083e00000, 0x0000000083e00000|100%| O|  |TAMS 0x0000000083e00000, 0x0000000083d00000| Untracked 
|  62|0x0000000083e00000, 0x0000000083f00000, 0x0000000083f00000|100%| O|  |TAMS 0x0000000083f00000, 0x0000000083e00000| Untracked 
|  63|0x0000000083f00000, 0x0000000084000000, 0x0000000084000000|100%| O|  |TAMS 0x0000000084000000, 0x0000000083f00000| Untracked 
|  64|0x0000000084000000, 0x0000000084100000, 0x0000000084100000|100%| O|  |TAMS 0x0000000084100000, 0x0000000084000000| Untracked 
|  65|0x0000000084100000, 0x0000000084200000, 0x0000000084200000|100%|HS|  |TAMS 0x0000000084200000, 0x0000000084100000| Complete 
|  66|0x0000000084200000, 0x0000000084300000, 0x0000000084300000|100%|HC|  |TAMS 0x0000000084300000, 0x0000000084200000| Complete 
|  67|0x0000000084300000, 0x0000000084400000, 0x0000000084400000|100%|HS|  |TAMS 0x0000000084400000, 0x0000000084300000| Complete 
|  68|0x0000000084400000, 0x0000000084500000, 0x0000000084500000|100%|HS|  |TAMS 0x0000000084500000, 0x0000000084400000| Complete 
|  69|0x0000000084500000, 0x0000000084600000, 0x0000000084600000|100%|HS|  |TAMS 0x0000000084600000, 0x0000000084500000| Complete 
|  70|0x0000000084600000, 0x0000000084700000, 0x0000000084700000|100%| O|  |TAMS 0x0000000084700000, 0x0000000084600000| Untracked 
|  71|0x0000000084700000, 0x0000000084800000, 0x0000000084800000|100%| O|  |TAMS 0x0000000084800000, 0x0000000084700000| Untracked 
|  72|0x0000000084800000, 0x0000000084900000, 0x0000000084900000|100%|HS|  |TAMS 0x0000000084900000, 0x0000000084800000| Complete 
|  73|0x0000000084900000, 0x0000000084a00000, 0x0000000084a00000|100%|HC|  |TAMS 0x0000000084a00000, 0x0000000084900000| Complete 
|  74|0x0000000084a00000, 0x0000000084b00000, 0x0000000084b00000|100%|HC|  |TAMS 0x0000000084b00000, 0x0000000084a00000| Complete 
|  75|0x0000000084b00000, 0x0000000084c00000, 0x0000000084c00000|100%|HS|  |TAMS 0x0000000084c00000, 0x0000000084b00000| Complete 
|  76|0x0000000084c00000, 0x0000000084d00000, 0x0000000084d00000|100%|HC|  |TAMS 0x0000000084d00000, 0x0000000084c00000| Complete 
|  77|0x0000000084d00000, 0x0000000084e00000, 0x0000000084e00000|100%|HS|  |TAMS 0x0000000084e00000, 0x0000000084d00000| Complete 
|  78|0x0000000084e00000, 0x0000000084f00000, 0x0000000084f00000|100%|HC|  |TAMS 0x0000000084f00000, 0x0000000084e00000| Complete 
|  79|0x0000000084f00000, 0x0000000085000000, 0x0000000085000000|100%|HC|  |TAMS 0x0000000085000000, 0x0000000084f00000| Complete 
|  80|0x0000000085000000, 0x0000000085100000, 0x0000000085100000|100%|HS|  |TAMS 0x0000000085100000, 0x0000000085000000| Complete 
|  81|0x0000000085100000, 0x0000000085200000, 0x0000000085200000|100%|HS|  |TAMS 0x0000000085200000, 0x0000000085100000| Complete 
|  82|0x0000000085200000, 0x0000000085300000, 0x0000000085300000|100%|HC|  |TAMS 0x0000000085300000, 0x0000000085200000| Complete 
|  83|0x0000000085300000, 0x0000000085400000, 0x0000000085400000|100%|HC|  |TAMS 0x0000000085400000, 0x0000000085300000| Complete 
|  84|0x0000000085400000, 0x0000000085500000, 0x0000000085500000|100%|HC|  |TAMS 0x0000000085500000, 0x0000000085400000| Complete 
|  85|0x0000000085500000, 0x0000000085600000, 0x0000000085600000|100%| O|  |TAMS 0x0000000085600000, 0x0000000085500000| Untracked 
|  86|0x0000000085600000, 0x0000000085700000, 0x0000000085700000|100%| O|  |TAMS 0x0000000085700000, 0x0000000085600000| Untracked 
|  87|0x0000000085700000, 0x0000000085800000, 0x0000000085800000|100%| O|  |TAMS 0x0000000085800000, 0x0000000085700000| Untracked 
|  88|0x0000000085800000, 0x0000000085900000, 0x0000000085900000|100%| O|  |TAMS 0x0000000085900000, 0x0000000085800000| Untracked 
|  89|0x0000000085900000, 0x0000000085a00000, 0x0000000085a00000|100%| O|  |TAMS 0x0000000085a00000, 0x0000000085900000| Untracked 
|  90|0x0000000085a00000, 0x0000000085b00000, 0x0000000085b00000|100%| O|  |TAMS 0x0000000085b00000, 0x0000000085a00000| Untracked 
|  91|0x0000000085b00000, 0x0000000085c00000, 0x0000000085c00000|100%| O|  |TAMS 0x0000000085c00000, 0x0000000085b00000| Untracked 
|  92|0x0000000085c00000, 0x0000000085d00000, 0x0000000085d00000|100%| O|  |TAMS 0x0000000085d00000, 0x0000000085c00000| Untracked 
|  93|0x0000000085d00000, 0x0000000085e00000, 0x0000000085e00000|100%| O|  |TAMS 0x0000000085e00000, 0x0000000085d00000| Untracked 
|  94|0x0000000085e00000, 0x0000000085f00000, 0x0000000085f00000|100%| O|  |TAMS 0x0000000085f00000, 0x0000000085e00000| Untracked 
|  95|0x0000000085f00000, 0x0000000086000000, 0x0000000086000000|100%| O|  |TAMS 0x0000000086000000, 0x0000000085f00000| Untracked 
|  96|0x0000000086000000, 0x0000000086100000, 0x0000000086100000|100%| O|  |TAMS 0x0000000086100000, 0x0000000086000000| Untracked 
|  97|0x0000000086100000, 0x0000000086200000, 0x0000000086200000|100%| O|  |TAMS 0x0000000086200000, 0x0000000086100000| Untracked 
|  98|0x0000000086200000, 0x0000000086300000, 0x0000000086300000|100%| O|  |TAMS 0x0000000086300000, 0x0000000086200000| Untracked 
|  99|0x0000000086300000, 0x0000000086400000, 0x0000000086400000|100%| O|  |TAMS 0x0000000086400000, 0x0000000086300000| Untracked 
| 100|0x0000000086400000, 0x0000000086500000, 0x0000000086500000|100%| O|  |TAMS 0x0000000086500000, 0x0000000086400000| Untracked 
| 101|0x0000000086500000, 0x0000000086600000, 0x0000000086600000|100%| O|  |TAMS 0x0000000086600000, 0x0000000086500000| Untracked 
| 102|0x0000000086600000, 0x0000000086700000, 0x0000000086700000|100%| O|  |TAMS 0x0000000086700000, 0x0000000086600000| Untracked 
| 103|0x0000000086700000, 0x0000000086800000, 0x0000000086800000|100%| O|  |TAMS 0x0000000086800000, 0x0000000086700000| Untracked 
| 104|0x0000000086800000, 0x0000000086900000, 0x0000000086900000|100%| O|  |TAMS 0x0000000086900000, 0x0000000086800000| Untracked 
| 105|0x0000000086900000, 0x0000000086a00000, 0x0000000086a00000|100%| O|  |TAMS 0x0000000086a00000, 0x0000000086900000| Untracked 
| 106|0x0000000086a00000, 0x0000000086b00000, 0x0000000086b00000|100%| O|  |TAMS 0x0000000086b00000, 0x0000000086a00000| Untracked 
| 107|0x0000000086b00000, 0x0000000086c00000, 0x0000000086c00000|100%| O|  |TAMS 0x0000000086c00000, 0x0000000086b00000| Untracked 
| 108|0x0000000086c00000, 0x0000000086d00000, 0x0000000086d00000|100%| O|  |TAMS 0x0000000086d00000, 0x0000000086c00000| Untracked 
| 109|0x0000000086d00000, 0x0000000086e00000, 0x0000000086e00000|100%| O|  |TAMS 0x0000000086e00000, 0x0000000086d00000| Untracked 
| 110|0x0000000086e00000, 0x0000000086f00000, 0x0000000086f00000|100%| O|  |TAMS 0x0000000086f00000, 0x0000000086e00000| Untracked 
| 111|0x0000000086f00000, 0x0000000087000000, 0x0000000087000000|100%| O|  |TAMS 0x0000000087000000, 0x0000000086f00000| Untracked 
| 112|0x0000000087000000, 0x0000000087100000, 0x0000000087100000|100%| O|  |TAMS 0x0000000087100000, 0x0000000087000000| Untracked 
| 113|0x0000000087100000, 0x0000000087200000, 0x0000000087200000|100%| O|  |TAMS 0x0000000087200000, 0x0000000087100000| Untracked 
| 114|0x0000000087200000, 0x0000000087300000, 0x0000000087300000|100%| O|  |TAMS 0x0000000087300000, 0x0000000087200000| Untracked 
| 115|0x0000000087300000, 0x0000000087400000, 0x0000000087400000|100%| O|  |TAMS 0x0000000087400000, 0x0000000087300000| Untracked 
| 116|0x0000000087400000, 0x0000000087500000, 0x0000000087500000|100%| O|  |TAMS 0x0000000087500000, 0x0000000087400000| Untracked 
| 117|0x0000000087500000, 0x0000000087600000, 0x0000000087600000|100%| O|  |TAMS 0x0000000087600000, 0x0000000087500000| Untracked 
| 118|0x0000000087600000, 0x0000000087700000, 0x0000000087700000|100%| O|  |TAMS 0x0000000087700000, 0x0000000087600000| Untracked 
| 119|0x0000000087700000, 0x0000000087800000, 0x0000000087800000|100%| O|  |TAMS 0x0000000087800000, 0x0000000087700000| Untracked 
| 120|0x0000000087800000, 0x0000000087900000, 0x0000000087900000|100%| O|  |TAMS 0x0000000087900000, 0x0000000087800000| Untracked 
| 121|0x0000000087900000, 0x0000000087a00000, 0x0000000087a00000|100%| O|  |TAMS 0x0000000087a00000, 0x0000000087900000| Untracked 
| 122|0x0000000087a00000, 0x0000000087b00000, 0x0000000087b00000|100%| O|  |TAMS 0x0000000087b00000, 0x0000000087a00000| Untracked 
| 123|0x0000000087b00000, 0x0000000087c00000, 0x0000000087c00000|100%| O|  |TAMS 0x0000000087c00000, 0x0000000087b00000| Untracked 
| 124|0x0000000087c00000, 0x0000000087d00000, 0x0000000087d00000|100%| O|  |TAMS 0x0000000087d00000, 0x0000000087c00000| Untracked 
| 125|0x0000000087d00000, 0x0000000087e00000, 0x0000000087e00000|100%| O|  |TAMS 0x0000000087e00000, 0x0000000087d00000| Untracked 
| 126|0x0000000087e00000, 0x0000000087f00000, 0x0000000087f00000|100%| O|  |TAMS 0x0000000087f00000, 0x0000000087e00000| Untracked 
| 127|0x0000000087f00000, 0x0000000088000000, 0x0000000088000000|100%| O|  |TAMS 0x0000000088000000, 0x0000000087f00000| Untracked 
| 128|0x0000000088000000, 0x0000000088100000, 0x0000000088100000|100%| O|  |TAMS 0x0000000088100000, 0x0000000088000000| Untracked 
| 129|0x0000000088100000, 0x0000000088200000, 0x0000000088200000|100%| O|  |TAMS 0x0000000088200000, 0x0000000088100000| Untracked 
| 130|0x0000000088200000, 0x0000000088300000, 0x0000000088300000|100%| O|  |TAMS 0x0000000088300000, 0x0000000088200000| Untracked 
| 131|0x0000000088300000, 0x0000000088400000, 0x0000000088400000|100%| O|  |TAMS 0x0000000088400000, 0x0000000088300000| Untracked 
| 132|0x0000000088400000, 0x0000000088500000, 0x0000000088500000|100%| O|  |TAMS 0x0000000088500000, 0x0000000088400000| Untracked 
| 133|0x0000000088500000, 0x0000000088600000, 0x0000000088600000|100%| O|  |TAMS 0x0000000088580a00, 0x0000000088500000| Untracked 
| 134|0x0000000088600000, 0x0000000088700000, 0x0000000088700000|100%| O|  |TAMS 0x0000000088600000, 0x0000000088600000| Untracked 
| 135|0x0000000088700000, 0x0000000088800000, 0x0000000088800000|100%| O|  |TAMS 0x0000000088700000, 0x0000000088700000| Untracked 
| 136|0x0000000088800000, 0x0000000088900000, 0x0000000088900000|100%| O|  |TAMS 0x0000000088800000, 0x0000000088800000| Untracked 
| 137|0x0000000088900000, 0x0000000088a00000, 0x0000000088a00000|100%|HS|  |TAMS 0x0000000088900000, 0x0000000088900000| Complete 
| 138|0x0000000088a00000, 0x0000000088b00000, 0x0000000088b00000|100%| O|  |TAMS 0x0000000088a00000, 0x0000000088a00000| Untracked 
| 139|0x0000000088b00000, 0x0000000088c00000, 0x0000000088c00000|100%| O|  |TAMS 0x0000000088b00000, 0x0000000088b00000| Untracked 
| 140|0x0000000088c00000, 0x0000000088d00000, 0x0000000088d00000|100%| O|  |TAMS 0x0000000088c00000, 0x0000000088c00000| Untracked 
| 141|0x0000000088d00000, 0x0000000088e00000, 0x0000000088e00000|100%| O|  |TAMS 0x0000000088d00000, 0x0000000088d00000| Untracked 
| 142|0x0000000088e00000, 0x0000000088f00000, 0x0000000088f00000|100%| O|  |TAMS 0x0000000088e00000, 0x0000000088e00000| Untracked 
| 143|0x0000000088f00000, 0x0000000089000000, 0x0000000089000000|100%| O|  |TAMS 0x0000000088f00000, 0x0000000088f00000| Untracked 
| 144|0x0000000089000000, 0x0000000089100000, 0x0000000089100000|100%| O|  |TAMS 0x0000000089000000, 0x0000000089000000| Untracked 
| 145|0x0000000089100000, 0x0000000089200000, 0x0000000089200000|100%| O|  |TAMS 0x0000000089100000, 0x0000000089100000| Untracked 
| 146|0x0000000089200000, 0x0000000089300000, 0x0000000089300000|100%| O|  |TAMS 0x0000000089200000, 0x0000000089200000| Untracked 
| 147|0x0000000089300000, 0x0000000089400000, 0x0000000089400000|100%| O|  |TAMS 0x0000000089300000, 0x0000000089300000| Untracked 
| 148|0x0000000089400000, 0x0000000089500000, 0x0000000089500000|100%| O|  |TAMS 0x0000000089400000, 0x0000000089400000| Untracked 
| 149|0x0000000089500000, 0x0000000089600000, 0x0000000089600000|100%| O|  |TAMS 0x0000000089500000, 0x0000000089500000| Untracked 
| 150|0x0000000089600000, 0x0000000089700000, 0x0000000089700000|100%| O|  |TAMS 0x0000000089600000, 0x0000000089600000| Untracked 
| 151|0x0000000089700000, 0x0000000089800000, 0x0000000089800000|100%| O|  |TAMS 0x0000000089700000, 0x0000000089700000| Untracked 
| 152|0x0000000089800000, 0x0000000089900000, 0x0000000089900000|100%| O|  |TAMS 0x0000000089800000, 0x0000000089800000| Untracked 
| 153|0x0000000089900000, 0x0000000089a00000, 0x0000000089a00000|100%| O|  |TAMS 0x0000000089900000, 0x0000000089900000| Untracked 
| 154|0x0000000089a00000, 0x0000000089b00000, 0x0000000089b00000|100%| O|  |TAMS 0x0000000089a00000, 0x0000000089a00000| Untracked 
| 155|0x0000000089b00000, 0x0000000089c00000, 0x0000000089c00000|100%| O|  |TAMS 0x0000000089b00000, 0x0000000089b00000| Untracked 
| 156|0x0000000089c00000, 0x0000000089d00000, 0x0000000089d00000|100%| O|  |TAMS 0x0000000089c00000, 0x0000000089c00000| Untracked 
| 157|0x0000000089d00000, 0x0000000089e00000, 0x0000000089e00000|100%| O|  |TAMS 0x0000000089d00000, 0x0000000089d00000| Untracked 
| 158|0x0000000089e00000, 0x0000000089f00000, 0x0000000089f00000|100%| O|  |TAMS 0x0000000089e00000, 0x0000000089e00000| Untracked 
| 159|0x0000000089f00000, 0x000000008a000000, 0x000000008a000000|100%| O|  |TAMS 0x0000000089f00000, 0x0000000089f00000| Untracked 
| 160|0x000000008a000000, 0x000000008a100000, 0x000000008a100000|100%| O|  |TAMS 0x000000008a000000, 0x000000008a000000| Untracked 
| 161|0x000000008a100000, 0x000000008a200000, 0x000000008a200000|100%| O|  |TAMS 0x000000008a100000, 0x000000008a100000| Untracked 
| 162|0x000000008a200000, 0x000000008a300000, 0x000000008a300000|100%| O|  |TAMS 0x000000008a200000, 0x000000008a200000| Untracked 
| 163|0x000000008a300000, 0x000000008a400000, 0x000000008a400000|100%| O|  |TAMS 0x000000008a300000, 0x000000008a300000| Untracked 
| 164|0x000000008a400000, 0x000000008a500000, 0x000000008a500000|100%| O|  |TAMS 0x000000008a400000, 0x000000008a400000| Untracked 
| 165|0x000000008a500000, 0x000000008a600000, 0x000000008a600000|100%| O|  |TAMS 0x000000008a500000, 0x000000008a500000| Untracked 
| 166|0x000000008a600000, 0x000000008a700000, 0x000000008a700000|100%| O|  |TAMS 0x000000008a600000, 0x000000008a600000| Untracked 
| 167|0x000000008a700000, 0x000000008a800000, 0x000000008a800000|100%| O|  |TAMS 0x000000008a700000, 0x000000008a700000| Untracked 
| 168|0x000000008a800000, 0x000000008a900000, 0x000000008a900000|100%| O|  |TAMS 0x000000008a800000, 0x000000008a800000| Untracked 
| 169|0x000000008a900000, 0x000000008a900000, 0x000000008aa00000|  0%| F|  |TAMS 0x000000008a900000, 0x000000008a900000| Untracked 
| 170|0x000000008aa00000, 0x000000008aa00000, 0x000000008ab00000|  0%| F|  |TAMS 0x000000008aa00000, 0x000000008aa00000| Untracked 
| 171|0x000000008ab00000, 0x000000008ac00000, 0x000000008ac00000|100%| O|  |TAMS 0x000000008ab00000, 0x000000008ab00000| Untracked 
| 172|0x000000008ac00000, 0x000000008ad00000, 0x000000008ad00000|100%| O|  |TAMS 0x000000008ac00000, 0x000000008ac00000| Untracked 
| 173|0x000000008ad00000, 0x000000008ae00000, 0x000000008ae00000|100%| O|  |TAMS 0x000000008ad00000, 0x000000008ad00000| Untracked 
| 174|0x000000008ae00000, 0x000000008af00000, 0x000000008af00000|100%| O|  |TAMS 0x000000008ae00000, 0x000000008ae00000| Untracked 
| 175|0x000000008af00000, 0x000000008b000000, 0x000000008b000000|100%| O|  |TAMS 0x000000008af00000, 0x000000008af00000| Untracked 
| 176|0x000000008b000000, 0x000000008b07fe00, 0x000000008b100000| 49%| O|  |TAMS 0x000000008b000000, 0x000000008b000000| Untracked 
| 177|0x000000008b100000, 0x000000008b100000, 0x000000008b200000|  0%| F|  |TAMS 0x000000008b100000, 0x000000008b100000| Untracked 
| 178|0x000000008b200000, 0x000000008b200000, 0x000000008b300000|  0%| F|  |TAMS 0x000000008b200000, 0x000000008b200000| Untracked 
| 179|0x000000008b300000, 0x000000008b300000, 0x000000008b400000|  0%| F|  |TAMS 0x000000008b300000, 0x000000008b300000| Untracked 
| 180|0x000000008b400000, 0x000000008b400000, 0x000000008b500000|  0%| F|  |TAMS 0x000000008b400000, 0x000000008b400000| Untracked 
| 181|0x000000008b500000, 0x000000008b500000, 0x000000008b600000|  0%| F|  |TAMS 0x000000008b500000, 0x000000008b500000| Untracked 
| 182|0x000000008b600000, 0x000000008b600000, 0x000000008b700000|  0%| F|  |TAMS 0x000000008b600000, 0x000000008b600000| Untracked 
| 183|0x000000008b700000, 0x000000008b700000, 0x000000008b800000|  0%| F|  |TAMS 0x000000008b700000, 0x000000008b700000| Untracked 
| 184|0x000000008b800000, 0x000000008b800000, 0x000000008b900000|  0%| F|  |TAMS 0x000000008b800000, 0x000000008b800000| Untracked 
| 185|0x000000008b900000, 0x000000008b900000, 0x000000008ba00000|  0%| F|  |TAMS 0x000000008b900000, 0x000000008b900000| Untracked 
| 186|0x000000008ba00000, 0x000000008ba00000, 0x000000008bb00000|  0%| F|  |TAMS 0x000000008ba00000, 0x000000008ba00000| Untracked 
| 187|0x000000008bb00000, 0x000000008bb00000, 0x000000008bc00000|  0%| F|  |TAMS 0x000000008bb00000, 0x000000008bb00000| Untracked 
| 188|0x000000008bc00000, 0x000000008bc00000, 0x000000008bd00000|  0%| F|  |TAMS 0x000000008bc00000, 0x000000008bc00000| Untracked 
| 189|0x000000008bd00000, 0x000000008bd00000, 0x000000008be00000|  0%| F|  |TAMS 0x000000008bd00000, 0x000000008bd00000| Untracked 
| 190|0x000000008be00000, 0x000000008be00000, 0x000000008bf00000|  0%| F|  |TAMS 0x000000008be00000, 0x000000008be00000| Untracked 
| 191|0x000000008bf00000, 0x000000008bf00000, 0x000000008c000000|  0%| F|  |TAMS 0x000000008bf00000, 0x000000008bf00000| Untracked 
| 192|0x000000008c000000, 0x000000008c000000, 0x000000008c100000|  0%| F|  |TAMS 0x000000008c000000, 0x000000008c000000| Untracked 
| 193|0x000000008c100000, 0x000000008c100000, 0x000000008c200000|  0%| F|  |TAMS 0x000000008c100000, 0x000000008c100000| Untracked 
| 194|0x000000008c200000, 0x000000008c200000, 0x000000008c300000|  0%| F|  |TAMS 0x000000008c200000, 0x000000008c200000| Untracked 
| 195|0x000000008c300000, 0x000000008c300000, 0x000000008c400000|  0%| F|  |TAMS 0x000000008c300000, 0x000000008c300000| Untracked 
| 196|0x000000008c400000, 0x000000008c400000, 0x000000008c500000|  0%| F|  |TAMS 0x000000008c400000, 0x000000008c400000| Untracked 
| 197|0x000000008c500000, 0x000000008c500000, 0x000000008c600000|  0%| F|  |TAMS 0x000000008c500000, 0x000000008c500000| Untracked 
| 198|0x000000008c600000, 0x000000008c600000, 0x000000008c700000|  0%| F|  |TAMS 0x000000008c600000, 0x000000008c600000| Untracked 
| 199|0x000000008c700000, 0x000000008c700000, 0x000000008c800000|  0%| F|  |TAMS 0x000000008c700000, 0x000000008c700000| Untracked 
| 200|0x000000008c800000, 0x000000008c800000, 0x000000008c900000|  0%| F|  |TAMS 0x000000008c800000, 0x000000008c800000| Untracked 
| 201|0x000000008c900000, 0x000000008c900000, 0x000000008ca00000|  0%| F|  |TAMS 0x000000008c900000, 0x000000008c900000| Untracked 
| 202|0x000000008ca00000, 0x000000008ca00000, 0x000000008cb00000|  0%| F|  |TAMS 0x000000008ca00000, 0x000000008ca00000| Untracked 
| 203|0x000000008cb00000, 0x000000008cb00000, 0x000000008cc00000|  0%| F|  |TAMS 0x000000008cb00000, 0x000000008cb00000| Untracked 
| 204|0x000000008cc00000, 0x000000008cc00000, 0x000000008cd00000|  0%| F|  |TAMS 0x000000008cc00000, 0x000000008cc00000| Untracked 
| 205|0x000000008cd00000, 0x000000008cd00000, 0x000000008ce00000|  0%| F|  |TAMS 0x000000008cd00000, 0x000000008cd00000| Untracked 
| 206|0x000000008ce00000, 0x000000008ce00000, 0x000000008cf00000|  0%| F|  |TAMS 0x000000008ce00000, 0x000000008ce00000| Untracked 
| 207|0x000000008cf00000, 0x000000008cf00000, 0x000000008d000000|  0%| F|  |TAMS 0x000000008cf00000, 0x000000008cf00000| Untracked 
| 208|0x000000008d000000, 0x000000008d000000, 0x000000008d100000|  0%| F|  |TAMS 0x000000008d000000, 0x000000008d000000| Untracked 
| 209|0x000000008d100000, 0x000000008d100000, 0x000000008d200000|  0%| F|  |TAMS 0x000000008d100000, 0x000000008d100000| Untracked 
| 210|0x000000008d200000, 0x000000008d200000, 0x000000008d300000|  0%| F|  |TAMS 0x000000008d200000, 0x000000008d200000| Untracked 
| 211|0x000000008d300000, 0x000000008d300000, 0x000000008d400000|  0%| F|  |TAMS 0x000000008d300000, 0x000000008d300000| Untracked 
| 212|0x000000008d400000, 0x000000008d400000, 0x000000008d500000|  0%| F|  |TAMS 0x000000008d400000, 0x000000008d400000| Untracked 
| 213|0x000000008d500000, 0x000000008d500000, 0x000000008d600000|  0%| F|  |TAMS 0x000000008d500000, 0x000000008d500000| Untracked 
| 214|0x000000008d600000, 0x000000008d600000, 0x000000008d700000|  0%| F|  |TAMS 0x000000008d600000, 0x000000008d600000| Untracked 
| 215|0x000000008d700000, 0x000000008d700000, 0x000000008d800000|  0%| F|  |TAMS 0x000000008d700000, 0x000000008d700000| Untracked 
| 216|0x000000008d800000, 0x000000008d800000, 0x000000008d900000|  0%| F|  |TAMS 0x000000008d800000, 0x000000008d800000| Untracked 
| 217|0x000000008d900000, 0x000000008d900000, 0x000000008da00000|  0%| F|  |TAMS 0x000000008d900000, 0x000000008d900000| Untracked 
| 218|0x000000008da00000, 0x000000008da00000, 0x000000008db00000|  0%| F|  |TAMS 0x000000008da00000, 0x000000008da00000| Untracked 
| 219|0x000000008db00000, 0x000000008db00000, 0x000000008dc00000|  0%| F|  |TAMS 0x000000008db00000, 0x000000008db00000| Untracked 
| 220|0x000000008dc00000, 0x000000008dc00000, 0x000000008dd00000|  0%| F|  |TAMS 0x000000008dc00000, 0x000000008dc00000| Untracked 
| 221|0x000000008dd00000, 0x000000008dd00000, 0x000000008de00000|  0%| F|  |TAMS 0x000000008dd00000, 0x000000008dd00000| Untracked 
| 222|0x000000008de00000, 0x000000008de00000, 0x000000008df00000|  0%| F|  |TAMS 0x000000008de00000, 0x000000008de00000| Untracked 
| 223|0x000000008df00000, 0x000000008df00000, 0x000000008e000000|  0%| F|  |TAMS 0x000000008df00000, 0x000000008df00000| Untracked 
| 224|0x000000008e000000, 0x000000008e000000, 0x000000008e100000|  0%| F|  |TAMS 0x000000008e000000, 0x000000008e000000| Untracked 
| 225|0x000000008e100000, 0x000000008e100000, 0x000000008e200000|  0%| F|  |TAMS 0x000000008e100000, 0x000000008e100000| Untracked 
| 226|0x000000008e200000, 0x000000008e200000, 0x000000008e300000|  0%| F|  |TAMS 0x000000008e200000, 0x000000008e200000| Untracked 
| 227|0x000000008e300000, 0x000000008e300000, 0x000000008e400000|  0%| F|  |TAMS 0x000000008e300000, 0x000000008e300000| Untracked 
| 228|0x000000008e400000, 0x000000008e4caf98, 0x000000008e500000| 79%| S|CS|TAMS 0x000000008e400000, 0x000000008e400000| Complete 
| 229|0x000000008e500000, 0x000000008e600000, 0x000000008e600000|100%| S|CS|TAMS 0x000000008e500000, 0x000000008e500000| Complete 
| 230|0x000000008e600000, 0x000000008e700000, 0x000000008e700000|100%| S|CS|TAMS 0x000000008e600000, 0x000000008e600000| Complete 
| 231|0x000000008e700000, 0x000000008e800000, 0x000000008e800000|100%| S|CS|TAMS 0x000000008e700000, 0x000000008e700000| Complete 
| 232|0x000000008e800000, 0x000000008e800000, 0x000000008e900000|  0%| F|  |TAMS 0x000000008e800000, 0x000000008e800000| Untracked 
| 233|0x000000008e900000, 0x000000008e900000, 0x000000008ea00000|  0%| F|  |TAMS 0x000000008e900000, 0x000000008e900000| Untracked 
| 234|0x000000008ea00000, 0x000000008ea00000, 0x000000008eb00000|  0%| F|  |TAMS 0x000000008ea00000, 0x000000008ea00000| Untracked 
| 235|0x000000008eb00000, 0x000000008eb00000, 0x000000008ec00000|  0%| F|  |TAMS 0x000000008eb00000, 0x000000008eb00000| Untracked 
| 236|0x000000008ec00000, 0x000000008ec00000, 0x000000008ed00000|  0%| F|  |TAMS 0x000000008ec00000, 0x000000008ec00000| Untracked 
| 237|0x000000008ed00000, 0x000000008ed00000, 0x000000008ee00000|  0%| F|  |TAMS 0x000000008ed00000, 0x000000008ed00000| Untracked 
| 238|0x000000008ee00000, 0x000000008ee00000, 0x000000008ef00000|  0%| F|  |TAMS 0x000000008ee00000, 0x000000008ee00000| Untracked 
| 239|0x000000008ef00000, 0x000000008ef00000, 0x000000008f000000|  0%| F|  |TAMS 0x000000008ef00000, 0x000000008ef00000| Untracked 
| 240|0x000000008f000000, 0x000000008f000000, 0x000000008f100000|  0%| F|  |TAMS 0x000000008f000000, 0x000000008f000000| Untracked 
| 241|0x000000008f100000, 0x000000008f100000, 0x000000008f200000|  0%| F|  |TAMS 0x000000008f100000, 0x000000008f100000| Untracked 
| 242|0x000000008f200000, 0x000000008f200000, 0x000000008f300000|  0%| F|  |TAMS 0x000000008f200000, 0x000000008f200000| Untracked 
| 243|0x000000008f300000, 0x000000008f300000, 0x000000008f400000|  0%| F|  |TAMS 0x000000008f300000, 0x000000008f300000| Untracked 
| 244|0x000000008f400000, 0x000000008f400000, 0x000000008f500000|  0%| F|  |TAMS 0x000000008f400000, 0x000000008f400000| Untracked 
| 245|0x000000008f500000, 0x000000008f500000, 0x000000008f600000|  0%| F|  |TAMS 0x000000008f500000, 0x000000008f500000| Untracked 
| 246|0x000000008f600000, 0x000000008f600000, 0x000000008f700000|  0%| F|  |TAMS 0x000000008f600000, 0x000000008f600000| Untracked 
| 247|0x000000008f700000, 0x000000008f700000, 0x000000008f800000|  0%| F|  |TAMS 0x000000008f700000, 0x000000008f700000| Untracked 
| 248|0x000000008f800000, 0x000000008f800000, 0x000000008f900000|  0%| F|  |TAMS 0x000000008f800000, 0x000000008f800000| Untracked 
| 249|0x000000008f900000, 0x000000008f900000, 0x000000008fa00000|  0%| F|  |TAMS 0x000000008f900000, 0x000000008f900000| Untracked 
| 250|0x000000008fa00000, 0x000000008fa00000, 0x000000008fb00000|  0%| F|  |TAMS 0x000000008fa00000, 0x000000008fa00000| Untracked 
| 251|0x000000008fb00000, 0x000000008fb00000, 0x000000008fc00000|  0%| F|  |TAMS 0x000000008fb00000, 0x000000008fb00000| Untracked 
| 252|0x000000008fc00000, 0x000000008fc00000, 0x000000008fd00000|  0%| F|  |TAMS 0x000000008fc00000, 0x000000008fc00000| Untracked 
| 253|0x000000008fd00000, 0x000000008fd00000, 0x000000008fe00000|  0%| F|  |TAMS 0x000000008fd00000, 0x000000008fd00000| Untracked 
| 254|0x000000008fe00000, 0x000000008fe00000, 0x000000008ff00000|  0%| F|  |TAMS 0x000000008fe00000, 0x000000008fe00000| Untracked 
| 255|0x000000008ff00000, 0x000000008ff00000, 0x0000000090000000|  0%| F|  |TAMS 0x000000008ff00000, 0x000000008ff00000| Untracked 
| 256|0x0000000090000000, 0x0000000090000000, 0x0000000090100000|  0%| F|  |TAMS 0x0000000090000000, 0x0000000090000000| Untracked 
| 257|0x0000000090100000, 0x0000000090100000, 0x0000000090200000|  0%| F|  |TAMS 0x0000000090100000, 0x0000000090100000| Untracked 
| 258|0x0000000090200000, 0x0000000090200000, 0x0000000090300000|  0%| F|  |TAMS 0x0000000090200000, 0x0000000090200000| Untracked 
| 259|0x0000000090300000, 0x0000000090300000, 0x0000000090400000|  0%| F|  |TAMS 0x0000000090300000, 0x0000000090300000| Untracked 
| 260|0x0000000090400000, 0x0000000090400000, 0x0000000090500000|  0%| F|  |TAMS 0x0000000090400000, 0x0000000090400000| Untracked 
| 261|0x0000000090500000, 0x0000000090500000, 0x0000000090600000|  0%| F|  |TAMS 0x0000000090500000, 0x0000000090500000| Untracked 
| 262|0x0000000090600000, 0x0000000090600000, 0x0000000090700000|  0%| F|  |TAMS 0x0000000090600000, 0x0000000090600000| Untracked 
| 263|0x0000000090700000, 0x0000000090700000, 0x0000000090800000|  0%| F|  |TAMS 0x0000000090700000, 0x0000000090700000| Untracked 
| 264|0x0000000090800000, 0x0000000090800000, 0x0000000090900000|  0%| F|  |TAMS 0x0000000090800000, 0x0000000090800000| Untracked 
| 265|0x0000000090900000, 0x0000000090900000, 0x0000000090a00000|  0%| F|  |TAMS 0x0000000090900000, 0x0000000090900000| Untracked 
| 266|0x0000000090a00000, 0x0000000090a00000, 0x0000000090b00000|  0%| F|  |TAMS 0x0000000090a00000, 0x0000000090a00000| Untracked 
| 267|0x0000000090b00000, 0x0000000090b00000, 0x0000000090c00000|  0%| F|  |TAMS 0x0000000090b00000, 0x0000000090b00000| Untracked 
| 268|0x0000000090c00000, 0x0000000090c00000, 0x0000000090d00000|  0%| F|  |TAMS 0x0000000090c00000, 0x0000000090c00000| Untracked 
| 269|0x0000000090d00000, 0x0000000090d00000, 0x0000000090e00000|  0%| F|  |TAMS 0x0000000090d00000, 0x0000000090d00000| Untracked 
| 270|0x0000000090e00000, 0x0000000090e00000, 0x0000000090f00000|  0%| F|  |TAMS 0x0000000090e00000, 0x0000000090e00000| Untracked 
| 271|0x0000000090f00000, 0x0000000090f00000, 0x0000000091000000|  0%| F|  |TAMS 0x0000000090f00000, 0x0000000090f00000| Untracked 
| 272|0x0000000091000000, 0x0000000091000000, 0x0000000091100000|  0%| F|  |TAMS 0x0000000091000000, 0x0000000091000000| Untracked 
| 273|0x0000000091100000, 0x0000000091100000, 0x0000000091200000|  0%| F|  |TAMS 0x0000000091100000, 0x0000000091100000| Untracked 
| 274|0x0000000091200000, 0x0000000091200000, 0x0000000091300000|  0%| F|  |TAMS 0x0000000091200000, 0x0000000091200000| Untracked 
| 275|0x0000000091300000, 0x0000000091300000, 0x0000000091400000|  0%| F|  |TAMS 0x0000000091300000, 0x0000000091300000| Untracked 
| 276|0x0000000091400000, 0x0000000091400000, 0x0000000091500000|  0%| F|  |TAMS 0x0000000091400000, 0x0000000091400000| Untracked 
| 277|0x0000000091500000, 0x0000000091500000, 0x0000000091600000|  0%| F|  |TAMS 0x0000000091500000, 0x0000000091500000| Untracked 
| 278|0x0000000091600000, 0x0000000091600000, 0x0000000091700000|  0%| F|  |TAMS 0x0000000091600000, 0x0000000091600000| Untracked 
| 279|0x0000000091700000, 0x0000000091700000, 0x0000000091800000|  0%| F|  |TAMS 0x0000000091700000, 0x0000000091700000| Untracked 
| 280|0x0000000091800000, 0x0000000091800000, 0x0000000091900000|  0%| F|  |TAMS 0x0000000091800000, 0x0000000091800000| Untracked 
| 281|0x0000000091900000, 0x0000000091900000, 0x0000000091a00000|  0%| F|  |TAMS 0x0000000091900000, 0x0000000091900000| Untracked 
| 282|0x0000000091a00000, 0x0000000091a00000, 0x0000000091b00000|  0%| F|  |TAMS 0x0000000091a00000, 0x0000000091a00000| Untracked 
| 283|0x0000000091b00000, 0x0000000091b00000, 0x0000000091c00000|  0%| F|  |TAMS 0x0000000091b00000, 0x0000000091b00000| Untracked 
| 284|0x0000000091c00000, 0x0000000091c00000, 0x0000000091d00000|  0%| F|  |TAMS 0x0000000091c00000, 0x0000000091c00000| Untracked 
| 285|0x0000000091d00000, 0x0000000091d00000, 0x0000000091e00000|  0%| F|  |TAMS 0x0000000091d00000, 0x0000000091d00000| Untracked 
| 286|0x0000000091e00000, 0x0000000091e00000, 0x0000000091f00000|  0%| F|  |TAMS 0x0000000091e00000, 0x0000000091e00000| Untracked 
| 287|0x0000000091f00000, 0x0000000091f00000, 0x0000000092000000|  0%| F|  |TAMS 0x0000000091f00000, 0x0000000091f00000| Untracked 
| 288|0x0000000092000000, 0x0000000092000000, 0x0000000092100000|  0%| F|  |TAMS 0x0000000092000000, 0x0000000092000000| Untracked 
| 289|0x0000000092100000, 0x0000000092100000, 0x0000000092200000|  0%| F|  |TAMS 0x0000000092100000, 0x0000000092100000| Untracked 
| 290|0x0000000092200000, 0x0000000092200000, 0x0000000092300000|  0%| F|  |TAMS 0x0000000092200000, 0x0000000092200000| Untracked 
| 291|0x0000000092300000, 0x0000000092300000, 0x0000000092400000|  0%| F|  |TAMS 0x0000000092300000, 0x0000000092300000| Untracked 
| 292|0x0000000092400000, 0x0000000092400000, 0x0000000092500000|  0%| F|  |TAMS 0x0000000092400000, 0x0000000092400000| Untracked 
| 293|0x0000000092500000, 0x0000000092500000, 0x0000000092600000|  0%| F|  |TAMS 0x0000000092500000, 0x0000000092500000| Untracked 
| 294|0x0000000092600000, 0x0000000092600000, 0x0000000092700000|  0%| F|  |TAMS 0x0000000092600000, 0x0000000092600000| Untracked 
| 295|0x0000000092700000, 0x0000000092700000, 0x0000000092800000|  0%| F|  |TAMS 0x0000000092700000, 0x0000000092700000| Untracked 
| 296|0x0000000092800000, 0x0000000092800000, 0x0000000092900000|  0%| F|  |TAMS 0x0000000092800000, 0x0000000092800000| Untracked 
| 297|0x0000000092900000, 0x0000000092900000, 0x0000000092a00000|  0%| F|  |TAMS 0x0000000092900000, 0x0000000092900000| Untracked 
| 298|0x0000000092a00000, 0x0000000092a00000, 0x0000000092b00000|  0%| F|  |TAMS 0x0000000092a00000, 0x0000000092a00000| Untracked 
| 299|0x0000000092b00000, 0x0000000092b00000, 0x0000000092c00000|  0%| F|  |TAMS 0x0000000092b00000, 0x0000000092b00000| Untracked 
| 300|0x0000000092c00000, 0x0000000092c00000, 0x0000000092d00000|  0%| F|  |TAMS 0x0000000092c00000, 0x0000000092c00000| Untracked 
| 301|0x0000000092d00000, 0x0000000092d00000, 0x0000000092e00000|  0%| F|  |TAMS 0x0000000092d00000, 0x0000000092d00000| Untracked 
| 302|0x0000000092e00000, 0x0000000092e00000, 0x0000000092f00000|  0%| F|  |TAMS 0x0000000092e00000, 0x0000000092e00000| Untracked 
| 303|0x0000000092f00000, 0x0000000092f00000, 0x0000000093000000|  0%| F|  |TAMS 0x0000000092f00000, 0x0000000092f00000| Untracked 
| 304|0x0000000093000000, 0x0000000093000000, 0x0000000093100000|  0%| F|  |TAMS 0x0000000093000000, 0x0000000093000000| Untracked 
| 305|0x0000000093100000, 0x0000000093100000, 0x0000000093200000|  0%| F|  |TAMS 0x0000000093100000, 0x0000000093100000| Untracked 
| 306|0x0000000093200000, 0x0000000093200000, 0x0000000093300000|  0%| F|  |TAMS 0x0000000093200000, 0x0000000093200000| Untracked 
| 307|0x0000000093300000, 0x0000000093300000, 0x0000000093400000|  0%| F|  |TAMS 0x0000000093300000, 0x0000000093300000| Untracked 
| 308|0x0000000093400000, 0x0000000093400000, 0x0000000093500000|  0%| F|  |TAMS 0x0000000093400000, 0x0000000093400000| Untracked 
| 309|0x0000000093500000, 0x0000000093500000, 0x0000000093600000|  0%| F|  |TAMS 0x0000000093500000, 0x0000000093500000| Untracked 
| 310|0x0000000093600000, 0x0000000093600000, 0x0000000093700000|  0%| F|  |TAMS 0x0000000093600000, 0x0000000093600000| Untracked 
| 311|0x0000000093700000, 0x0000000093700000, 0x0000000093800000|  0%| F|  |TAMS 0x0000000093700000, 0x0000000093700000| Untracked 
| 312|0x0000000093800000, 0x0000000093800000, 0x0000000093900000|  0%| F|  |TAMS 0x0000000093800000, 0x0000000093800000| Untracked 
| 313|0x0000000093900000, 0x0000000093900000, 0x0000000093a00000|  0%| F|  |TAMS 0x0000000093900000, 0x0000000093900000| Untracked 
| 314|0x0000000093a00000, 0x0000000093a00000, 0x0000000093b00000|  0%| F|  |TAMS 0x0000000093a00000, 0x0000000093a00000| Untracked 
| 315|0x0000000093b00000, 0x0000000093b00000, 0x0000000093c00000|  0%| F|  |TAMS 0x0000000093b00000, 0x0000000093b00000| Untracked 
| 316|0x0000000093c00000, 0x0000000093caae50, 0x0000000093d00000| 66%| E|  |TAMS 0x0000000093c00000, 0x0000000093c00000| Complete 
| 317|0x0000000093d00000, 0x0000000093e00000, 0x0000000093e00000|100%| E|CS|TAMS 0x0000000093d00000, 0x0000000093d00000| Complete 
| 318|0x0000000093e00000, 0x0000000093f00000, 0x0000000093f00000|100%| E|CS|TAMS 0x0000000093e00000, 0x0000000093e00000| Complete 
| 319|0x0000000093f00000, 0x0000000094000000, 0x0000000094000000|100%| E|  |TAMS 0x0000000093f00000, 0x0000000093f00000| Complete 
| 320|0x0000000094000000, 0x0000000094100000, 0x0000000094100000|100%| E|CS|TAMS 0x0000000094000000, 0x0000000094000000| Complete 
| 321|0x0000000094100000, 0x0000000094200000, 0x0000000094200000|100%| E|CS|TAMS 0x0000000094100000, 0x0000000094100000| Complete 
| 322|0x0000000094200000, 0x0000000094300000, 0x0000000094300000|100%| E|CS|TAMS 0x0000000094200000, 0x0000000094200000| Complete 
| 323|0x0000000094300000, 0x0000000094400000, 0x0000000094400000|100%| E|CS|TAMS 0x0000000094300000, 0x0000000094300000| Complete 
| 324|0x0000000094400000, 0x0000000094500000, 0x0000000094500000|100%| E|CS|TAMS 0x0000000094400000, 0x0000000094400000| Complete 
| 325|0x0000000094500000, 0x0000000094600000, 0x0000000094600000|100%| E|CS|TAMS 0x0000000094500000, 0x0000000094500000| Complete 
| 326|0x0000000094600000, 0x0000000094700000, 0x0000000094700000|100%| E|CS|TAMS 0x0000000094600000, 0x0000000094600000| Complete 
| 327|0x0000000094700000, 0x0000000094800000, 0x0000000094800000|100%| E|CS|TAMS 0x0000000094700000, 0x0000000094700000| Complete 
| 328|0x0000000094800000, 0x0000000094900000, 0x0000000094900000|100%| E|CS|TAMS 0x0000000094800000, 0x0000000094800000| Complete 
| 329|0x0000000094900000, 0x0000000094a00000, 0x0000000094a00000|100%| E|CS|TAMS 0x0000000094900000, 0x0000000094900000| Complete 
| 330|0x0000000094a00000, 0x0000000094b00000, 0x0000000094b00000|100%| E|CS|TAMS 0x0000000094a00000, 0x0000000094a00000| Complete 
| 331|0x0000000094b00000, 0x0000000094c00000, 0x0000000094c00000|100%| E|CS|TAMS 0x0000000094b00000, 0x0000000094b00000| Complete 
| 332|0x0000000094c00000, 0x0000000094d00000, 0x0000000094d00000|100%| E|CS|TAMS 0x0000000094c00000, 0x0000000094c00000| Complete 
| 333|0x0000000094d00000, 0x0000000094e00000, 0x0000000094e00000|100%| E|CS|TAMS 0x0000000094d00000, 0x0000000094d00000| Complete 
| 334|0x0000000094e00000, 0x0000000094f00000, 0x0000000094f00000|100%| E|CS|TAMS 0x0000000094e00000, 0x0000000094e00000| Complete 
| 335|0x0000000094f00000, 0x0000000095000000, 0x0000000095000000|100%| E|CS|TAMS 0x0000000094f00000, 0x0000000094f00000| Complete 
| 336|0x0000000095000000, 0x0000000095100000, 0x0000000095100000|100%| E|CS|TAMS 0x0000000095000000, 0x0000000095000000| Complete 
| 337|0x0000000095100000, 0x0000000095200000, 0x0000000095200000|100%| E|CS|TAMS 0x0000000095100000, 0x0000000095100000| Complete 
| 338|0x0000000095200000, 0x0000000095300000, 0x0000000095300000|100%| E|CS|TAMS 0x0000000095200000, 0x0000000095200000| Complete 
| 339|0x0000000095300000, 0x0000000095400000, 0x0000000095400000|100%| E|CS|TAMS 0x0000000095300000, 0x0000000095300000| Complete 
| 340|0x0000000095400000, 0x0000000095500000, 0x0000000095500000|100%| E|CS|TAMS 0x0000000095400000, 0x0000000095400000| Complete 
| 341|0x0000000095500000, 0x0000000095600000, 0x0000000095600000|100%| E|CS|TAMS 0x0000000095500000, 0x0000000095500000| Complete 
| 342|0x0000000095600000, 0x0000000095700000, 0x0000000095700000|100%| E|CS|TAMS 0x0000000095600000, 0x0000000095600000| Complete 
| 343|0x0000000095700000, 0x0000000095800000, 0x0000000095800000|100%| E|CS|TAMS 0x0000000095700000, 0x0000000095700000| Complete 
| 344|0x0000000095800000, 0x0000000095900000, 0x0000000095900000|100%| E|CS|TAMS 0x0000000095800000, 0x0000000095800000| Complete 
| 345|0x0000000095900000, 0x0000000095a00000, 0x0000000095a00000|100%| E|CS|TAMS 0x0000000095900000, 0x0000000095900000| Complete 
| 346|0x0000000095a00000, 0x0000000095b00000, 0x0000000095b00000|100%| E|CS|TAMS 0x0000000095a00000, 0x0000000095a00000| Complete 
| 347|0x0000000095b00000, 0x0000000095c00000, 0x0000000095c00000|100%| E|CS|TAMS 0x0000000095b00000, 0x0000000095b00000| Complete 
| 348|0x0000000095c00000, 0x0000000095d00000, 0x0000000095d00000|100%| E|CS|TAMS 0x0000000095c00000, 0x0000000095c00000| Complete 
| 349|0x0000000095d00000, 0x0000000095e00000, 0x0000000095e00000|100%| E|CS|TAMS 0x0000000095d00000, 0x0000000095d00000| Complete 
| 350|0x0000000095e00000, 0x0000000095f00000, 0x0000000095f00000|100%| E|CS|TAMS 0x0000000095e00000, 0x0000000095e00000| Complete 
| 351|0x0000000095f00000, 0x0000000096000000, 0x0000000096000000|100%| E|CS|TAMS 0x0000000095f00000, 0x0000000095f00000| Complete 
| 352|0x0000000096000000, 0x0000000096100000, 0x0000000096100000|100%| E|CS|TAMS 0x0000000096000000, 0x0000000096000000| Complete 
| 353|0x0000000096100000, 0x0000000096200000, 0x0000000096200000|100%| E|CS|TAMS 0x0000000096100000, 0x0000000096100000| Complete 
| 354|0x0000000096200000, 0x0000000096300000, 0x0000000096300000|100%| E|CS|TAMS 0x0000000096200000, 0x0000000096200000| Complete 
| 355|0x0000000096300000, 0x0000000096400000, 0x0000000096400000|100%| E|CS|TAMS 0x0000000096300000, 0x0000000096300000| Complete 
| 356|0x0000000096400000, 0x0000000096500000, 0x0000000096500000|100%| E|CS|TAMS 0x0000000096400000, 0x0000000096400000| Complete 
| 357|0x0000000096500000, 0x0000000096600000, 0x0000000096600000|100%| E|CS|TAMS 0x0000000096500000, 0x0000000096500000| Complete 
| 358|0x0000000096600000, 0x0000000096700000, 0x0000000096700000|100%| E|CS|TAMS 0x0000000096600000, 0x0000000096600000| Complete 
| 359|0x0000000096700000, 0x0000000096800000, 0x0000000096800000|100%| E|CS|TAMS 0x0000000096700000, 0x0000000096700000| Complete 
| 360|0x0000000096800000, 0x0000000096900000, 0x0000000096900000|100%| E|CS|TAMS 0x0000000096800000, 0x0000000096800000| Complete 
| 361|0x0000000096900000, 0x0000000096a00000, 0x0000000096a00000|100%| E|CS|TAMS 0x0000000096900000, 0x0000000096900000| Complete 
| 362|0x0000000096a00000, 0x0000000096b00000, 0x0000000096b00000|100%| E|CS|TAMS 0x0000000096a00000, 0x0000000096a00000| Complete 
| 363|0x0000000096b00000, 0x0000000096c00000, 0x0000000096c00000|100%| E|CS|TAMS 0x0000000096b00000, 0x0000000096b00000| Complete 
| 364|0x0000000096c00000, 0x0000000096d00000, 0x0000000096d00000|100%| E|CS|TAMS 0x0000000096c00000, 0x0000000096c00000| Complete 
| 365|0x0000000096d00000, 0x0000000096e00000, 0x0000000096e00000|100%| E|CS|TAMS 0x0000000096d00000, 0x0000000096d00000| Complete 
| 366|0x0000000096e00000, 0x0000000096f00000, 0x0000000096f00000|100%| E|CS|TAMS 0x0000000096e00000, 0x0000000096e00000| Complete 
| 367|0x0000000096f00000, 0x0000000097000000, 0x0000000097000000|100%| E|CS|TAMS 0x0000000096f00000, 0x0000000096f00000| Complete 
| 368|0x0000000097000000, 0x0000000097100000, 0x0000000097100000|100%| E|CS|TAMS 0x0000000097000000, 0x0000000097000000| Complete 
| 369|0x0000000097100000, 0x0000000097200000, 0x0000000097200000|100%| E|CS|TAMS 0x0000000097100000, 0x0000000097100000| Complete 
| 370|0x0000000097200000, 0x0000000097300000, 0x0000000097300000|100%| E|CS|TAMS 0x0000000097200000, 0x0000000097200000| Complete 
| 371|0x0000000097300000, 0x0000000097400000, 0x0000000097400000|100%| E|CS|TAMS 0x0000000097300000, 0x0000000097300000| Complete 
| 372|0x0000000097400000, 0x0000000097500000, 0x0000000097500000|100%| E|CS|TAMS 0x0000000097400000, 0x0000000097400000| Complete 
| 373|0x0000000097500000, 0x0000000097600000, 0x0000000097600000|100%| E|CS|TAMS 0x0000000097500000, 0x0000000097500000| Complete 
| 374|0x0000000097600000, 0x0000000097700000, 0x0000000097700000|100%| E|CS|TAMS 0x0000000097600000, 0x0000000097600000| Complete 
| 375|0x0000000097700000, 0x0000000097800000, 0x0000000097800000|100%| E|CS|TAMS 0x0000000097700000, 0x0000000097700000| Complete 
| 376|0x0000000097800000, 0x0000000097900000, 0x0000000097900000|100%| E|CS|TAMS 0x0000000097800000, 0x0000000097800000| Complete 
| 377|0x0000000097900000, 0x0000000097a00000, 0x0000000097a00000|100%| E|CS|TAMS 0x0000000097900000, 0x0000000097900000| Complete 
| 378|0x0000000097a00000, 0x0000000097b00000, 0x0000000097b00000|100%| E|CS|TAMS 0x0000000097a00000, 0x0000000097a00000| Complete 
| 379|0x0000000097b00000, 0x0000000097c00000, 0x0000000097c00000|100%| E|CS|TAMS 0x0000000097b00000, 0x0000000097b00000| Complete 
| 380|0x0000000097c00000, 0x0000000097d00000, 0x0000000097d00000|100%| E|CS|TAMS 0x0000000097c00000, 0x0000000097c00000| Complete 
| 381|0x0000000097d00000, 0x0000000097e00000, 0x0000000097e00000|100%| E|CS|TAMS 0x0000000097d00000, 0x0000000097d00000| Complete 
| 382|0x0000000097e00000, 0x0000000097f00000, 0x0000000097f00000|100%| E|CS|TAMS 0x0000000097e00000, 0x0000000097e00000| Complete 
| 383|0x0000000097f00000, 0x0000000098000000, 0x0000000098000000|100%| E|CS|TAMS 0x0000000097f00000, 0x0000000097f00000| Complete 

Card table byte_map: [0x00000241a3920000,0x00000241a3d20000] _byte_map_base: 0x00000241a3520000

Marking Bits (Prev, Next): (CMBitMap*) 0x0000024190722580, (CMBitMap*) 0x0000024190722548
 Prev Bits: [0x00000241a6120000, 0x00000241a8120000)
 Next Bits: [0x00000241a4120000, 0x00000241a6120000)

Polling page: 0x000002418e890000

Metaspace:

Usage:
  Non-class:     99.84 MB capacity,    97.93 MB ( 98%) used,     1.59 MB (  2%) free+waste,   329.13 KB ( <1%) overhead. 
      Class:     15.17 MB capacity,    14.06 MB ( 93%) used,   993.20 KB (  6%) free+waste,   149.88 KB ( <1%) overhead. 
       Both:    115.01 MB capacity,   111.99 MB ( 97%) used,     2.56 MB (  2%) free+waste,   479.00 KB ( <1%) overhead. 

Virtual space:
  Non-class space:      102.00 MB reserved,     100.07 MB ( 98%) committed 
      Class space:        1.00 GB reserved,      15.25 MB (  1%) committed 
             Both:        1.10 GB reserved,     115.32 MB ( 10%) committed 

Chunk freelists:
   Non-Class:  45.00 KB
       Class:  15.00 KB
        Both:  60.00 KB

MaxMetaspaceSize: 17179869184.00 GB
CompressedClassSpaceSize: 1.00 GB
Initial GC threshold: 20.80 MB
Current GC threshold: 181.79 MB
CDS: off

CodeHeap 'non-profiled nmethods': size=120000Kb used=15750Kb max_used=15885Kb free=104249Kb
 bounds [0x000002419bcc0000, 0x000002419cc90000, 0x00000241a31f0000]
CodeHeap 'profiled nmethods': size=120000Kb used=36297Kb max_used=36297Kb free=83702Kb
 bounds [0x0000024194790000, 0x0000024196b10000, 0x000002419bcc0000]
CodeHeap 'non-nmethods': size=5760Kb used=2441Kb max_used=2523Kb free=3318Kb
 bounds [0x00000241941f0000, 0x0000024194480000, 0x0000024194790000]
 total_blobs=17374 nmethods=16408 adapters=878
 compilation: enabled
              stopped_count=0, restarted_count=0
 full_count=0

Compilation events (20 events):
Event: 1586.020 Thread 0x00000241ab4b9800 19368       2       com.sun.org.apache.xerces.internal.impl.dtd.XMLDTDValidator::getPropertyDefault (36 bytes)
Event: 1586.020 Thread 0x00000241ab4b9800 nmethod 19368 0x0000024196afba10 code [0x0000024196afbbe0, 0x0000024196afbe08]
Event: 1586.020 Thread 0x00000241ab4b9800 19370       2       com.sun.org.apache.xerces.internal.impl.dtd.XMLDTDValidator::setProperty (1 bytes)
Event: 1586.020 Thread 0x00000241ab4b9800 nmethod 19370 0x0000024196afbf90 code [0x0000024196afc140, 0x0000024196afc238]
Event: 1586.020 Thread 0x00000241ab4b9800 19371       2       com.sun.org.apache.xerces.internal.impl.XMLErrorReporter::setProperty (47 bytes)
Event: 1586.021 Thread 0x00000241ab4b9800 nmethod 19371 0x0000024196afc310 code [0x0000024196afc4e0, 0x0000024196afc738]
Event: 1586.021 Thread 0x00000241ab4b9800 19369       2       com.sun.org.apache.xerces.internal.jaxp.SAXParserFactoryImpl::getFromFeatures (36 bytes)
Event: 1586.021 Thread 0x00000241ab4b9800 nmethod 19369 0x0000024196afc890 code [0x0000024196afca40, 0x0000024196afcbc8]
Event: 1586.021 Thread 0x00000241ab4b9800 19372       2       com.sun.org.apache.xerces.internal.impl.XMLDocumentFragmentScannerImpl::getFeatureDefault (36 bytes)
Event: 1586.022 Thread 0x00000241ab4b9800 nmethod 19372 0x0000024196afcc90 code [0x0000024196afce60, 0x0000024196afd088]
Event: 1586.022 Thread 0x00000241ab4b9800 19373   !   2       com.sun.org.apache.xerces.internal.parsers.AbstractSAXParser::setFeature (552 bytes)
Event: 1586.026 Thread 0x00000241ab4b9800 nmethod 19373 0x0000024196afd210 code [0x0000024196afd6a0, 0x0000024196afef88]
Event: 1586.035 Thread 0x00000241ab4b9800 19375       2       com.sun.org.apache.xerces.internal.utils.XMLSecurityPropertyManager$Property::values (10 bytes)
Event: 1586.035 Thread 0x00000241ab4b9800 nmethod 19375 0x0000024196b00490 code [0x0000024196b00640, 0x0000024196b00788]
Event: 1586.035 Thread 0x00000241ab4b9800 19376       2       com.sun.org.apache.xerces.internal.impl.XMLEntityScanner::scanData (1158 bytes)
Event: 1586.038 Thread 0x00000241ab4b9800 nmethod 19376 0x0000024196b00810 code [0x0000024196b00b40, 0x0000024196b01e08]
Event: 1586.038 Thread 0x00000241ab4b9800 19377       1       com.sun.org.apache.xerces.internal.impl.XMLEntityManager::setEntityHandler (6 bytes)
Event: 1586.038 Thread 0x00000241ab4b9800 nmethod 19377 0x000002419bd18410 code [0x000002419bd185c0, 0x000002419bd186b8]
Event: 1586.054 Thread 0x00000241ab4b9800 19380   !   2       com.android.builder.packaging.JarMerger::addEntry (51 bytes)
Event: 1586.054 Thread 0x00000241ab4b9800 nmethod 19380 0x0000024196b02b90 code [0x0000024196b02d80, 0x0000024196b03098]

GC Heap History (20 events):
Event: 1571.069 GC heap before
{Heap before GC invocations=81 (full 0):
 garbage-first heap   total 393216K, used 318185K [0x0000000080000000, 0x0000000100000000)
  region size 1024K, 172 young (176128K), 15 survivors (15360K)
 Metaspace       used 109087K, capacity 112043K, committed 112200K, reserved 1146880K
  class space    used 13675K, capacity 14757K, committed 14848K, reserved 1048576K
}
Event: 1571.075 GC heap after
{Heap after GC invocations=82 (full 0):
 garbage-first heap   total 393216K, used 161744K [0x0000000080000000, 0x0000000100000000)
  region size 1024K, 16 young (16384K), 16 survivors (16384K)
 Metaspace       used 109087K, capacity 112043K, committed 112200K, reserved 1146880K
  class space    used 13675K, capacity 14757K, committed 14848K, reserved 1048576K
}
Event: 1571.140 GC heap before
{Heap before GC invocations=82 (full 0):
 garbage-first heap   total 393216K, used 312272K [0x0000000080000000, 0x0000000100000000)
  region size 1024K, 164 young (167936K), 16 survivors (16384K)
 Metaspace       used 109117K, capacity 112043K, committed 112200K, reserved 1146880K
  class space    used 13675K, capacity 14757K, committed 14848K, reserved 1048576K
}
Event: 1571.144 GC heap after
{Heap after GC invocations=83 (full 0):
 garbage-first heap   total 393216K, used 164080K [0x0000000080000000, 0x0000000100000000)
  region size 1024K, 11 young (11264K), 11 survivors (11264K)
 Metaspace       used 109117K, capacity 112043K, committed 112200K, reserved 1146880K
  class space    used 13675K, capacity 14757K, committed 14848K, reserved 1048576K
}
Event: 1571.218 GC heap before
{Heap before GC invocations=83 (full 0):
 garbage-first heap   total 393216K, used 318704K [0x0000000080000000, 0x0000000100000000)
  region size 1024K, 163 young (166912K), 11 survivors (11264K)
 Metaspace       used 109124K, capacity 112043K, committed 112200K, reserved 1146880K
  class space    used 13675K, capacity 14757K, committed 14848K, reserved 1048576K
}
Event: 1571.220 GC heap after
{Heap after GC invocations=84 (full 0):
 garbage-first heap   total 393216K, used 166148K [0x0000000080000000, 0x0000000100000000)
  region size 1024K, 13 young (13312K), 13 survivors (13312K)
 Metaspace       used 109124K, capacity 112043K, committed 112200K, reserved 1146880K
  class space    used 13675K, capacity 14757K, committed 14848K, reserved 1048576K
}
Event: 1571.291 GC heap before
{Heap before GC invocations=84 (full 0):
 garbage-first heap   total 393216K, used 322820K [0x0000000080000000, 0x0000000100000000)
  region size 1024K, 167 young (171008K), 13 survivors (13312K)
 Metaspace       used 109169K, capacity 112171K, committed 112456K, reserved 1146880K
  class space    used 13675K, capacity 14757K, committed 14848K, reserved 1048576K
}
Event: 1571.294 GC heap after
{Heap after GC invocations=85 (full 0):
 garbage-first heap   total 393216K, used 168480K [0x0000000080000000, 0x0000000100000000)
  region size 1024K, 9 young (9216K), 9 survivors (9216K)
 Metaspace       used 109169K, capacity 112171K, committed 112456K, reserved 1146880K
  class space    used 13675K, capacity 14757K, committed 14848K, reserved 1048576K
}
Event: 1571.366 GC heap before
{Heap before GC invocations=85 (full 0):
 garbage-first heap   total 393216K, used 328224K [0x0000000080000000, 0x0000000100000000)
  region size 1024K, 165 young (168960K), 9 survivors (9216K)
 Metaspace       used 109172K, capacity 112171K, committed 112456K, reserved 1146880K
  class space    used 13675K, capacity 14757K, committed 14848K, reserved 1048576K
}
Event: 1571.369 GC heap after
{Heap after GC invocations=86 (full 0):
 garbage-first heap   total 393216K, used 171768K [0x0000000080000000, 0x0000000100000000)
  region size 1024K, 13 young (13312K), 13 survivors (13312K)
 Metaspace       used 109172K, capacity 112171K, committed 112456K, reserved 1146880K
  class space    used 13675K, capacity 14757K, committed 14848K, reserved 1048576K
}
Event: 1571.522 GC heap before
{Heap before GC invocations=86 (full 0):
 garbage-first heap   total 393216K, used 330488K [0x0000000080000000, 0x0000000100000000)
  region size 1024K, 168 young (172032K), 13 survivors (13312K)
 Metaspace       used 109172K, capacity 112171K, committed 112456K, reserved 1146880K
  class space    used 13675K, capacity 14757K, committed 14848K, reserved 1048576K
}
Event: 1571.526 GC heap after
{Heap after GC invocations=87 (full 0):
 garbage-first heap   total 393216K, used 173962K [0x0000000080000000, 0x0000000100000000)
  region size 1024K, 12 young (12288K), 12 survivors (12288K)
 Metaspace       used 109172K, capacity 112171K, committed 112456K, reserved 1146880K
  class space    used 13675K, capacity 14757K, committed 14848K, reserved 1048576K
}
Event: 1572.194 GC heap before
{Heap before GC invocations=87 (full 0):
 garbage-first heap   total 393216K, used 332682K [0x0000000080000000, 0x0000000100000000)
  region size 1024K, 167 young (171008K), 12 survivors (12288K)
 Metaspace       used 110061K, capacity 113044K, committed 113352K, reserved 1148928K
  class space    used 13786K, capacity 14830K, committed 14976K, reserved 1048576K
}
Event: 1572.199 GC heap after
{Heap after GC invocations=88 (full 0):
 garbage-first heap   total 393216K, used 180013K [0x0000000080000000, 0x0000000100000000)
  region size 1024K, 18 young (18432K), 18 survivors (18432K)
 Metaspace       used 110061K, capacity 113044K, committed 113352K, reserved 1148928K
  class space    used 13786K, capacity 14830K, committed 14976K, reserved 1048576K
}
Event: 1584.074 GC heap before
{Heap before GC invocations=88 (full 0):
 garbage-first heap   total 393216K, used 334637K [0x0000000080000000, 0x0000000100000000)
  region size 1024K, 168 young (172032K), 18 survivors (18432K)
 Metaspace       used 110193K, capacity 113173K, committed 113352K, reserved 1148928K
  class space    used 13795K, capacity 14871K, committed 14976K, reserved 1048576K
}
Event: 1584.080 GC heap after
{Heap after GC invocations=89 (full 0):
 garbage-first heap   total 393216K, used 185903K [0x0000000080000000, 0x0000000100000000)
  region size 1024K, 14 young (14336K), 14 survivors (14336K)
 Metaspace       used 110193K, capacity 113173K, committed 113352K, reserved 1148928K
  class space    used 13795K, capacity 14871K, committed 14976K, reserved 1048576K
}
Event: 1584.875 GC heap before
{Heap before GC invocations=89 (full 0):
 garbage-first heap   total 393216K, used 337455K [0x0000000080000000, 0x0000000100000000)
  region size 1024K, 160 young (163840K), 14 survivors (14336K)
 Metaspace       used 110437K, capacity 113429K, committed 113608K, reserved 1148928K
  class space    used 13814K, capacity 14871K, committed 14976K, reserved 1048576K
}
Event: 1584.880 GC heap after
{Heap after GC invocations=90 (full 0):
 garbage-first heap   total 393216K, used 186223K [0x0000000080000000, 0x0000000100000000)
  region size 1024K, 11 young (11264K), 11 survivors (11264K)
 Metaspace       used 110437K, capacity 113429K, committed 113608K, reserved 1148928K
  class space    used 13814K, capacity 14871K, committed 14976K, reserved 1048576K
}
Event: 1585.615 GC heap before
{Heap before GC invocations=90 (full 0):
 garbage-first heap   total 393216K, used 337775K [0x0000000080000000, 0x0000000100000000)
  region size 1024K, 159 young (162816K), 11 survivors (11264K)
 Metaspace       used 113577K, capacity 116622K, committed 116936K, reserved 1150976K
  class space    used 14275K, capacity 15393K, committed 15488K, reserved 1048576K
}
Event: 1585.619 GC heap after
{Heap after GC invocations=91 (full 0):
 garbage-first heap   total 393216K, used 182571K [0x0000000080000000, 0x0000000100000000)
  region size 1024K, 4 young (4096K), 4 survivors (4096K)
 Metaspace       used 113577K, capacity 116622K, committed 116936K, reserved 1150976K
  class space    used 14275K, capacity 15393K, committed 15488K, reserved 1048576K
}

Deoptimization events (20 events):
Event: 1585.808 Thread 0x00000241b12f8800 Uncommon trap: trap_request=0xffffffc6 fr.pc=0x000002419c9b5198 relative=0x00000000000002b8
Event: 1585.808 Thread 0x00000241b12f8800 Uncommon trap: reason=bimorphic_or_optimized_type_check action=maybe_recompile pc=0x000002419c9b5198 method=java.io.BufferedOutputStream.flushBuffer()V @ 20 c2
Event: 1585.808 Thread 0x00000241b12f8800 DEOPT PACKING pc=0x000002419c9b5198 sp=0x000000a7addfb1a0
Event: 1585.808 Thread 0x00000241b12f8800 DEOPT UNPACKING pc=0x000002419423a1af sp=0x000000a7addfb0e8 mode 2
Event: 1585.859 Thread 0x00000241af680800 Uncommon trap: trap_request=0xffffffde fr.pc=0x000002419c01fd80 relative=0x0000000000000440
Event: 1585.859 Thread 0x00000241af680800 Uncommon trap: reason=class_check action=maybe_recompile pc=0x000002419c01fd80 method=java.io.BufferedOutputStream.write([BII)V @ 20 c2
Event: 1585.859 Thread 0x00000241af680800 DEOPT PACKING pc=0x000002419c01fd80 sp=0x000000a7adefafb0
Event: 1585.859 Thread 0x00000241af680800 DEOPT UNPACKING pc=0x000002419423a1af sp=0x000000a7adefaf48 mode 2
Event: 1585.860 Thread 0x00000241af680800 Uncommon trap: trap_request=0xffffffde fr.pc=0x000002419c01fd80 relative=0x0000000000000440
Event: 1585.860 Thread 0x00000241af680800 Uncommon trap: reason=class_check action=maybe_recompile pc=0x000002419c01fd80 method=java.io.BufferedOutputStream.write([BII)V @ 20 c2
Event: 1585.860 Thread 0x00000241af680800 DEOPT PACKING pc=0x000002419c01fd80 sp=0x000000a7adefafb0
Event: 1585.860 Thread 0x00000241af680800 DEOPT UNPACKING pc=0x000002419423a1af sp=0x000000a7adefaf48 mode 2
Event: 1585.860 Thread 0x00000241af680800 Uncommon trap: trap_request=0xffffffde fr.pc=0x000002419c01fd80 relative=0x0000000000000440
Event: 1585.860 Thread 0x00000241af680800 Uncommon trap: reason=class_check action=maybe_recompile pc=0x000002419c01fd80 method=java.io.BufferedOutputStream.write([BII)V @ 20 c2
Event: 1585.860 Thread 0x00000241af680800 DEOPT PACKING pc=0x000002419c01fd80 sp=0x000000a7adefafb0
Event: 1585.860 Thread 0x00000241af680800 DEOPT UNPACKING pc=0x000002419423a1af sp=0x000000a7adefaf48 mode 2
Event: 1585.860 Thread 0x00000241af680800 Uncommon trap: trap_request=0xffffffde fr.pc=0x000002419c01fd80 relative=0x0000000000000440
Event: 1585.860 Thread 0x00000241af680800 Uncommon trap: reason=class_check action=maybe_recompile pc=0x000002419c01fd80 method=java.io.BufferedOutputStream.write([BII)V @ 20 c2
Event: 1585.860 Thread 0x00000241af680800 DEOPT PACKING pc=0x000002419c01fd80 sp=0x000000a7adefafb0
Event: 1585.860 Thread 0x00000241af680800 DEOPT UNPACKING pc=0x000002419423a1af sp=0x000000a7adefaf48 mode 2

Classes redefined (0 events):
No events

Internal exceptions (20 events):
Event: 1585.942 Thread 0x00000241b12f7800 Exception <a 'sun/nio/fs/WindowsException'{0x0000000094d696c0}> (0x0000000094d696c0) thrown at [./src/hotspot/share/prims/jni.cpp, line 615]
Event: 1585.943 Thread 0x00000241af687000 Exception <a 'sun/nio/fs/WindowsException'{0x0000000094ca6138}> (0x0000000094ca6138) thrown at [./src/hotspot/share/prims/jni.cpp, line 615]
Event: 1585.953 Thread 0x00000241af687000 Exception <a 'sun/nio/fs/WindowsException'{0x0000000094bebdf8}> (0x0000000094bebdf8) thrown at [./src/hotspot/share/prims/jni.cpp, line 615]
Event: 1585.954 Thread 0x00000241b12f7800 Exception <a 'sun/nio/fs/WindowsException'{0x0000000094b3a140}> (0x0000000094b3a140) thrown at [./src/hotspot/share/prims/jni.cpp, line 615]
Event: 1585.966 Thread 0x00000241b12f7800 Exception <a 'sun/nio/fs/WindowsException'{0x0000000094a41378}> (0x0000000094a41378) thrown at [./src/hotspot/share/prims/jni.cpp, line 615]
Event: 1585.968 Thread 0x00000241af687000 Exception <a 'sun/nio/fs/WindowsException'{0x0000000094944410}> (0x0000000094944410) thrown at [./src/hotspot/share/prims/jni.cpp, line 615]
Event: 1585.981 Thread 0x00000241b12f7800 Exception <a 'sun/nio/fs/WindowsException'{0x00000000948b68a0}> (0x00000000948b68a0) thrown at [./src/hotspot/share/prims/jni.cpp, line 615]
Event: 1585.996 Thread 0x00000241b12fd800 Exception <a 'sun/nio/fs/WindowsException'{0x00000000947e7c48}> (0x00000000947e7c48) thrown at [./src/hotspot/share/prims/jni.cpp, line 615]
Event: 1585.996 Thread 0x00000241b12fb000 Exception <a 'sun/nio/fs/WindowsException'{0x000000009476e708}> (0x000000009476e708) thrown at [./src/hotspot/share/prims/jni.cpp, line 615]
Event: 1585.996 Thread 0x00000241b12f7800 Exception <a 'sun/nio/fs/WindowsException'{0x00000000948effb8}> (0x00000000948effb8) thrown at [./src/hotspot/share/prims/jni.cpp, line 615]
Event: 1586.009 Thread 0x00000241af687000 Exception <a 'sun/nio/fs/WindowsException'{0x000000009456c6c8}> (0x000000009456c6c8) thrown at [./src/hotspot/share/prims/jni.cpp, line 615]
Event: 1586.019 Thread 0x00000241b12fd800 Exception <a 'sun/nio/fs/WindowsException'{0x0000000094537158}> (0x0000000094537158) thrown at [./src/hotspot/share/prims/jni.cpp, line 615]
Event: 1586.019 Thread 0x00000241b12fb000 Exception <a 'sun/nio/fs/WindowsException'{0x00000000944df930}> (0x00000000944df930) thrown at [./src/hotspot/share/prims/jni.cpp, line 615]
Event: 1586.019 Thread 0x00000241af687000 Exception <a 'sun/nio/fs/WindowsException'{0x00000000944ce700}> (0x00000000944ce700) thrown at [./src/hotspot/share/prims/jni.cpp, line 615]
Event: 1586.033 Thread 0x00000241af680800 Exception <a 'sun/nio/fs/WindowsException'{0x000000009422be50}> (0x000000009422be50) thrown at [./src/hotspot/share/prims/jni.cpp, line 615]
Event: 1586.034 Thread 0x00000241af687000 Exception <a 'sun/nio/fs/WindowsException'{0x00000000942fe7a0}> (0x00000000942fe7a0) thrown at [./src/hotspot/share/prims/jni.cpp, line 615]
Event: 1586.034 Thread 0x00000241b12fc800 Exception <a 'sun/nio/fs/WindowsException'{0x0000000094789668}> (0x0000000094789668) thrown at [./src/hotspot/share/prims/jni.cpp, line 615]
Event: 1586.034 Thread 0x00000241b12fb000 Exception <a 'sun/nio/fs/WindowsException'{0x000000009413c5a8}> (0x000000009413c5a8) thrown at [./src/hotspot/share/prims/jni.cpp, line 615]
Event: 1586.040 Thread 0x00000241b12f7800 Exception <a 'sun/nio/fs/WindowsException'{0x00000000942abf28}> (0x00000000942abf28) thrown at [./src/hotspot/share/prims/jni.cpp, line 615]
Event: 1586.041 Thread 0x00000241b12fd800 Exception <a 'sun/nio/fs/WindowsException'{0x000000009432eae8}> (0x000000009432eae8) thrown at [./src/hotspot/share/prims/jni.cpp, line 615]

Events (20 events):
Event: 1585.800 loading class kotlin/comparisons/ComparisonsKt__ComparisonsKt
Event: 1585.800 loading class kotlin/comparisons/ComparisonsKt__ComparisonsKt done
Event: 1585.800 loading class com/android/ide/common/symbols/Symbol$BasicStyleableSymbol
Event: 1585.800 loading class com/android/ide/common/symbols/Symbol$BasicStyleableSymbol done
Event: 1585.800 loading class com/android/ide/common/symbols/Symbol$StyleableSymbol
Event: 1585.800 loading class com/android/ide/common/symbols/Symbol$StyleableSymbol done
Event: 1585.801 loading class com/android/ide/common/symbols/SymbolJavaType
Event: 1585.801 loading class com/android/ide/common/symbols/SymbolJavaType done
Event: 1585.807 Executing VM operation: RevokeBias
Event: 1585.808 Executing VM operation: RevokeBias done
Event: 1585.850 loading class com/android/ide/common/xml/ManifestData$UsesFeature
Event: 1585.850 loading class com/android/ide/common/xml/ManifestData$UsesFeature done
Event: 1585.856 loading class com/android/ide/common/xml/ManifestData$UsesLibrary
Event: 1585.856 loading class com/android/ide/common/xml/ManifestData$UsesLibrary done
Event: 1585.859 Executing VM operation: RevokeBias
Event: 1585.859 Executing VM operation: RevokeBias done
Event: 1585.894 loading class com/android/ide/common/xml/ManifestData$KeepClass
Event: 1585.894 loading class com/android/ide/common/xml/ManifestData$KeepClass done
Event: 1585.935 loading class com/android/ide/common/xml/ManifestData$Activity
Event: 1585.935 loading class com/android/ide/common/xml/ManifestData$Activity done


Dynamic libraries:
0x00007ff6e9190000 - 0x00007ff6e919a000 	C:\Program Files\Android\Android Studio\jre\bin\java.exe
0x00007ff877570000 - 0x00007ff877768000 	C:\WINDOWS\SYSTEM32\ntdll.dll
0x00007ff8757b0000 - 0x00007ff87586d000 	C:\WINDOWS\System32\KERNEL32.DLL
0x00007ff874c60000 - 0x00007ff874f2e000 	C:\WINDOWS\System32\KERNELBASE.dll
0x00007ff875260000 - 0x00007ff875360000 	C:\WINDOWS\System32\ucrtbase.dll
0x00007ff867630000 - 0x00007ff867647000 	C:\Program Files\Android\Android Studio\jre\bin\VCRUNTIME140.dll
0x00007ff85f1e0000 - 0x00007ff85f1f9000 	C:\Program Files\Android\Android Studio\jre\bin\jli.dll
0x00007ff8759a0000 - 0x00007ff875b40000 	C:\WINDOWS\System32\USER32.dll
0x00007ff875410000 - 0x00007ff875432000 	C:\WINDOWS\System32\win32u.dll
0x00007ff865280000 - 0x00007ff86551a000 	C:\WINDOWS\WinSxS\amd64_microsoft.windows.common-controls_6595b64144ccf1df_6.0.19041.1110_none_60b5254171f9507e\COMCTL32.dll
0x00007ff875710000 - 0x00007ff8757ae000 	C:\WINDOWS\System32\msvcrt.dll
0x00007ff8774d0000 - 0x00007ff8774fa000 	C:\WINDOWS\System32\GDI32.dll
0x00007ff875060000 - 0x00007ff87516b000 	C:\WINDOWS\System32\gdi32full.dll
0x00007ff874f30000 - 0x00007ff874fcd000 	C:\WINDOWS\System32\msvcp_win.dll
0x00007ff875e70000 - 0x00007ff875ea0000 	C:\WINDOWS\System32\IMM32.DLL
0x00007ff846250000 - 0x00007ff8462ed000 	C:\Program Files\Android\Android Studio\jre\bin\msvcp140.dll
0x00007fffe53c0000 - 0x00007fffe5ea5000 	C:\Program Files\Android\Android Studio\jre\bin\server\jvm.dll
0x00007ff876be0000 - 0x00007ff876c8e000 	C:\WINDOWS\System32\ADVAPI32.dll
0x00007ff875670000 - 0x00007ff87570c000 	C:\WINDOWS\System32\sechost.dll
0x00007ff875870000 - 0x00007ff875995000 	C:\WINDOWS\System32\RPCRT4.dll
0x00007ff875c20000 - 0x00007ff875c28000 	C:\WINDOWS\System32\PSAPI.DLL
0x00007ff8667b0000 - 0x00007ff8667d7000 	C:\WINDOWS\SYSTEM32\WINMM.dll
0x00007ff86e5d0000 - 0x00007ff86e5da000 	C:\WINDOWS\SYSTEM32\VERSION.dll
0x00007ff867590000 - 0x00007ff867599000 	C:\WINDOWS\SYSTEM32\WSOCK32.dll
0x00007ff877460000 - 0x00007ff8774cb000 	C:\WINDOWS\System32\WS2_32.dll
0x00007ff873520000 - 0x00007ff873532000 	C:\WINDOWS\SYSTEM32\kernel.appcore.dll
0x00007ff849cd0000 - 0x00007ff849ce1000 	C:\Program Files\Android\Android Studio\jre\bin\verify.dll
0x00007ff8731f0000 - 0x00007ff8733d4000 	C:\WINDOWS\SYSTEM32\DBGHELP.DLL
0x00007ff865fb0000 - 0x00007ff865fdc000 	C:\WINDOWS\SYSTEM32\dbgcore.DLL
0x00007ff874fd0000 - 0x00007ff875052000 	C:\WINDOWS\System32\bcryptPrimitives.dll
0x00007ff83b540000 - 0x00007ff83b569000 	C:\Program Files\Android\Android Studio\jre\bin\java.dll
0x00007ff8663e0000 - 0x00007ff8663eb000 	C:\Program Files\Android\Android Studio\jre\bin\jimage.dll
0x00007ff849320000 - 0x00007ff849338000 	C:\Program Files\Android\Android Studio\jre\bin\zip.dll
0x00007ff876260000 - 0x00007ff8769a4000 	C:\WINDOWS\System32\SHELL32.dll
0x00007ff872990000 - 0x00007ff873124000 	C:\WINDOWS\SYSTEM32\windows.storage.dll
0x00007ff876c90000 - 0x00007ff876fe4000 	C:\WINDOWS\System32\combase.dll
0x00007ff8746c0000 - 0x00007ff8746f0000 	C:\WINDOWS\SYSTEM32\Wldp.dll
0x00007ff8755a0000 - 0x00007ff87564d000 	C:\WINDOWS\System32\SHCORE.dll
0x00007ff8760d0000 - 0x00007ff876125000 	C:\WINDOWS\System32\shlwapi.dll
0x00007ff874ba0000 - 0x00007ff874bbf000 	C:\WINDOWS\SYSTEM32\profapi.dll
0x00007ff8475c0000 - 0x00007ff8475da000 	C:\Program Files\Android\Android Studio\jre\bin\net.dll
0x00007ff86e250000 - 0x00007ff86e35a000 	C:\WINDOWS\SYSTEM32\WINHTTP.dll
0x00007ff874420000 - 0x00007ff87448a000 	C:\WINDOWS\system32\mswsock.dll
0x00007ff83b720000 - 0x00007ff83b734000 	C:\Program Files\Android\Android Studio\jre\bin\nio.dll
0x00007ff8696b0000 - 0x00007ff8696d7000 	C:\Users\Arash\.gradle\native\8bec1ad78214c89d9ad589b4d07fe93259594b29d510b10fafb7a158f7737e5d\windows-amd64\native-platform.dll
0x00007ff8466f0000 - 0x00007ff84682d000 	C:\Users\Arash\.gradle\native\53dbd7edfb1c66fb8903c78663c9afc45aea4f116125fa6feffd364cf09443e8\windows-amd64\native-platform-file-events.dll
0x00007ff863cd0000 - 0x00007ff863cda000 	C:\Program Files\Android\Android Studio\jre\bin\management.dll
0x00007ff85ef60000 - 0x00007ff85ef6d000 	C:\Program Files\Android\Android Studio\jre\bin\management_ext.dll
0x00007ff874620000 - 0x00007ff874638000 	C:\WINDOWS\SYSTEM32\CRYPTSP.dll
0x00007ff873d30000 - 0x00007ff873d64000 	C:\WINDOWS\system32\rsaenh.dll
0x00007ff875170000 - 0x00007ff875197000 	C:\WINDOWS\System32\bcrypt.dll
0x00007ff874b20000 - 0x00007ff874b4e000 	C:\WINDOWS\SYSTEM32\USERENV.dll
0x00007ff874610000 - 0x00007ff87461c000 	C:\WINDOWS\SYSTEM32\CRYPTBASE.dll
0x00007ff8740c0000 - 0x00007ff8740fb000 	C:\WINDOWS\SYSTEM32\IPHLPAPI.DLL
0x00007ff875650000 - 0x00007ff875658000 	C:\WINDOWS\System32\NSI.dll
0x00007ff86c960000 - 0x00007ff86c977000 	C:\WINDOWS\SYSTEM32\dhcpcsvc6.DLL
0x00007ff86d740000 - 0x00007ff86d75d000 	C:\WINDOWS\SYSTEM32\dhcpcsvc.DLL
0x00007ff874110000 - 0x00007ff8741da000 	C:\WINDOWS\SYSTEM32\DNSAPI.dll
0x00007ff832770000 - 0x00007ff832797000 	C:\Program Files\Android\Android Studio\jre\bin\sunec.dll
0x00007ff86c1e0000 - 0x00007ff86c1ea000 	C:\Windows\System32\rasadhlp.dll
0x00007ff86ad10000 - 0x00007ff86ad90000 	C:\WINDOWS\System32\fwpuclnt.dll
0x00007ff873960000 - 0x00007ff873993000 	C:\WINDOWS\SYSTEM32\ntmarta.dll

dbghelp: loaded successfully - version: 4.0.5 - missing functions: none
symbol engine: initialized successfully - sym options: 0x614 - pdb path: .;C:\Program Files\Android\Android Studio\jre\bin;C:\WINDOWS\SYSTEM32;C:\WINDOWS\WinSxS\amd64_microsoft.windows.common-controls_6595b64144ccf1df_6.0.19041.1110_none_60b5254171f9507e;C:\Program Files\Android\Android Studio\jre\bin\server;C:\Users\Arash\.gradle\native\8bec1ad78214c89d9ad589b4d07fe93259594b29d510b10fafb7a158f7737e5d\windows-amd64;C:\Users\Arash\.gradle\native\53dbd7edfb1c66fb8903c78663c9afc45aea4f116125fa6feffd364cf09443e8\windows-amd64

VM Arguments:
jvm_args: --add-opens=java.base/java.util=ALL-UNNAMED --add-opens=java.base/java.lang=ALL-UNNAMED --add-opens=java.base/java.lang.invoke=ALL-UNNAMED --add-opens=java.base/java.util=ALL-UNNAMED --add-opens=java.prefs/java.util.prefs=ALL-UNNAMED --add-opens=java.prefs/java.util.prefs=ALL-UNNAMED --add-opens=java.base/java.nio.charset=ALL-UNNAMED --add-opens=java.base/java.net=ALL-UNNAMED --add-opens=java.base/java.util.concurrent.atomic=ALL-UNNAMED -Xmx2048m -Dfile.encoding=windows-1252 -Duser.country=US -Duser.language=en -Duser.variant 
java_command: org.gradle.launcher.daemon.bootstrap.GradleDaemon 7.0.2
java_class_path (initial): C:\Users\Arash\.gradle\wrapper\dists\gradle-7.0.2-bin\857tjihv64xamwrf0h14cai3r\gradle-7.0.2\lib\gradle-launcher-7.0.2.jar
Launcher Type: SUN_STANDARD

[Global flags]
     intx CICompilerCount                          = 4                                         {product} {ergonomic}
     uint ConcGCThreads                            = 2                                         {product} {ergonomic}
     uint G1ConcRefinementThreads                  = 8                                         {product} {ergonomic}
   size_t G1HeapRegionSize                         = 1048576                                   {product} {ergonomic}
    uintx GCDrainStackTargetSize                   = 64                                        {product} {ergonomic}
   size_t InitialHeapSize                          = 402653184                                 {product} {ergonomic}
   size_t MarkStackSize                            = 4194304                                   {product} {ergonomic}
   size_t MaxHeapSize                              = 2147483648                                {product} {command line}
   size_t MaxNewSize                               = 1287651328                                {product} {ergonomic}
   size_t MinHeapDeltaBytes                        = 1048576                                   {product} {ergonomic}
    uintx NonNMethodCodeHeapSize                   = 5836300                                {pd product} {ergonomic}
    uintx NonProfiledCodeHeapSize                  = 122910970                              {pd product} {ergonomic}
    uintx ProfiledCodeHeapSize                     = 122910970                              {pd product} {ergonomic}
    uintx ReservedCodeCacheSize                    = 251658240                              {pd product} {ergonomic}
     bool SegmentedCodeCache                       = true                                      {product} {ergonomic}
     bool UseCompressedClassPointers               = true                                 {lp64_product} {ergonomic}
     bool UseCompressedOops                        = true                                 {lp64_product} {ergonomic}
     bool UseG1GC                                  = true                                      {product} {ergonomic}
     bool UseLargePagesIndividualAllocation        = false                                  {pd product} {ergonomic}

Logging:
Log output configuration:
 #0: stdout all=warning uptime,level,tags
 #1: stderr all=off uptime,level,tags

Environment Variables:
JAVA_HOME=C:\Program Files\Java\jdk-18.0.2
PATH=C:\Program Files (x86)\Common Files\Intel\Shared Libraries\redist\intel64\compiler;C:\Program Files (x86)\Common Files\Oracle\Java\javapath;C:\Program Files (x86)\Intel\Intel(R) Management Engine Components\iCLS\;C:\Program Files\Intel\Intel(R) Management Engine Components\iCLS\;C:\Windows\system32;C:\Windows;C:\Windows\System32\Wbem;C:\Windows\System32\WindowsPowerShell\v1.0\;C:\Windows\System32\OpenSSH\;C:\Program Files (x86)\NVIDIA Corporation\PhysX\Common;C:\Program Files (x86)\Intel\Intel(R) Management Engine Components\DAL;C:\Program Files\Intel\Intel(R) Management Engine Components\DAL;C:\Program Files (x86)\Intel\Intel(R) Management Engine Components\IPT;C:\Program Files\Intel\Intel(R) Management Engine Components\IPT;C:\Program Files\NVIDIA Corporation\NVIDIA NvDLISR;C:\Program Files (x86)\Microsoft SQL Server\150\DTS\Binn\;C:\WINDOWS\system32;C:\WINDOWS;C:\WINDOWS\System32\Wbem;C:\WINDOWS\System32\WindowsPowerShell\v1.0\;C:\WINDOWS\System32\OpenSSH\;C:\Program Files\Intel\WiFi\bin\;C:\Program Files\Common Files\Intel\WirelessCommon\;C:\Program Files\nodejs\;D:\Program Files\MATLAB\R2015b\runtime\win64;D:\Program Files\MATLAB\R2015b\bin;D:\Program Files\MATLAB\R2015b\polyspace\bin;C:\Program Files\dotnet\;C:\Program Files (x86)\dotnet\;C:\Program Files\Git\cmd;C:\Program Files (x86)\Google\Cloud SDK\google-cloud-sdk\bin;C:\Program Files\Java\jdk1.8.0_202\bin;C:\Users\Arash\AppData\Roaming\npm;C:\Program Files\Intel\WiFi\bin\;C:\Program Files\Common Files\Intel\WirelessCommon\;C:\Program Files\heroku\bin;C:\Program Files (x86)\JPEGmini Pro\;C:\Users\Arash\.fly\bin
USERNAME=Arash
OS=Windows_NT
PROCESSOR_IDENTIFIER=Intel64 Family 6 Model 142 Stepping 10, GenuineIntel



---------------  S Y S T E M  ---------------

OS: Windows 10 , 64 bit Build 19041 (10.0.19041.1889)
OS uptime: 6 days 14:20 hours

CPU:total 8 (initial active 8) (4 cores per cpu, 2 threads per core) family 6 model 142 stepping 10 microcode 0xb4, cmov, cx8, fxsr, mmx, sse, sse2, sse3, ssse3, sse4.1, sse4.2, popcnt, avx, avx2, aes, clmul, erms, 3dnowpref, lzcnt, ht, tsc, tscinvbit, bmi1, bmi2, adx, fma

Memory: 4k page, system-wide physical 24454M (5526M free)
TotalPageFile size 30454M (AvailPageFile size 8M)
current process WorkingSet (physical memory assigned to process): 760M, peak: 763M
current process commit charge ("private bytes"): 796M, peak: 800M

vm_info: OpenJDK 64-Bit Server VM (11.0.12+7-b1504.28-7817840) for windows-amd64 JRE (11.0.12+7-b1504.28-7817840), built on Oct 13 2021 22:12:33 by "builder" with MS VC++ 14.0 (VS2015)

END.
