#
# There is insufficient memory for the Java Runtime Environment to continue.
# Native memory allocation (malloc) failed to allocate 32784 bytes for Chunk::new
# Possible reasons:
#   The system is out of physical RAM or swap space
#   The process is running with CompressedOops enabled, and the Java Heap may be blocking the growth of the native heap
# Possible solutions:
#   Reduce memory load on the system
#   Increase physical memory or swap space
#   Check if swap backing store is full
#   Decrease Java heap size (-Xmx/-Xms)
#   Decrease number of Java threads
#   Decrease Java thread stack sizes (-Xss)
#   Set larger code cache with -XX:ReservedCodeCacheSize=
#   JVM is running with Unscaled Compressed Oops mode in which the Java heap is
#     placed in the first 4GB address space. The Java Heap base address is the
#     maximum limit for the native heap growth. Please use -XX:HeapBaseMinAddress
#     to set the Java Heap base and to place the Java Heap above 4GB virtual address.
# This output file may be truncated or incomplete.
#
#  Out of Memory Error (allocation.cpp:389), pid=18540, tid=0x0000000000002fcc
#
# JRE version: OpenJDK Runtime Environment (8.0_242-b01) (build 1.8.0_242-release-1644-b01)
# Java VM: OpenJDK 64-Bit Server VM (25.242-b01 mixed mode windows-amd64 compressed oops)
# Failed to write core dump. Minidumps are not enabled by default on client versions of Windows
#

---------------  T H R E A D  ---------------

Current thread (0x000000001a0b6800):  JavaThread "C2 CompilerThread0" daemon [_thread_in_native, id=12236, stack(0x000000001a990000,0x000000001aa90000)]

Stack: [0x000000001a990000,0x000000001aa90000]
[error occurred during error reporting (printing stack bounds), id 0xc0000005]

Native frames: (J=compiled Java code, j=interpreted, Vv=VM code, C=native code)


Current CompileTask:
C2:  23469 16725       4       com.android.tools.r8.ir.optimize.K::a (282 bytes)


---------------  P R O C E S S  ---------------

Java Threads: ( => current thread )
  0x000000002ec5d800 JavaThread "WorkerExecutor Queue Thread 9" [_thread_blocked, id=17324, stack(0x0000000030620000,0x0000000030720000)]
  0x000000002ec5b800 JavaThread "stdout" [_thread_in_native, id=18856, stack(0x0000000032170000,0x0000000032270000)]
  0x000000002ec5a800 JavaThread "stderr" [_thread_in_native, id=13452, stack(0x0000000032070000,0x0000000032170000)]
  0x000000002ec5a000 JavaThread "stdout" [_thread_in_native, id=16868, stack(0x0000000031f70000,0x0000000032070000)]
  0x000000002ec59000 JavaThread "stderr" [_thread_in_native, id=18596, stack(0x0000000031e70000,0x0000000031f70000)]
  0x000000002ec57000 JavaThread "stdout" [_thread_in_native, id=4252, stack(0x0000000031d70000,0x0000000031e70000)]
  0x000000002ec58800 JavaThread "stderr" [_thread_in_native, id=19224, stack(0x0000000031c70000,0x0000000031d70000)]
  0x000000002ec57800 JavaThread "stdout" [_thread_in_native, id=2508, stack(0x0000000031b70000,0x0000000031c70000)]
  0x000000001b6ee800 JavaThread "stderr" [_thread_in_native, id=20264, stack(0x0000000031a70000,0x0000000031b70000)]
  0x000000001b6ef000 JavaThread "stdout" [_thread_in_native, id=7380, stack(0x0000000031860000,0x0000000031960000)]
  0x000000001b6ed800 JavaThread "stderr" [_thread_in_native, id=20812, stack(0x0000000031760000,0x0000000031860000)]
  0x000000001b6ea000 JavaThread "stdout" [_thread_in_native, id=16448, stack(0x0000000031660000,0x0000000031760000)]
  0x000000001b6f0800 JavaThread "stderr" [_thread_in_native, id=19248, stack(0x0000000031560000,0x0000000031660000)]
  0x000000001b6ed000 JavaThread "stdout" [_thread_in_native, id=21664, stack(0x0000000031460000,0x0000000031560000)]
  0x000000001b6ea800 JavaThread "stderr" [_thread_in_native, id=22108, stack(0x0000000031360000,0x0000000031460000)]
  0x000000001b6ec000 JavaThread "stdout" [_thread_in_native, id=5748, stack(0x0000000031260000,0x0000000031360000)]
  0x000000001b6eb800 JavaThread "stderr" [_thread_in_native, id=2604, stack(0x0000000030b10000,0x0000000030c10000)]
  0x000000001b6f0000 JavaThread "WorkerExecutor Queue Thread 8" [_thread_blocked, id=4864, stack(0x0000000031160000,0x0000000031260000)]
  0x000000001b6e2800 JavaThread "WorkerExecutor Queue Thread 7" [_thread_in_native, id=272, stack(0x0000000031060000,0x0000000031160000)]
  0x000000001b6e8800 JavaThread "WorkerExecutor Queue Thread 6" [_thread_blocked, id=4556, stack(0x0000000030f60000,0x0000000031060000)]
  0x000000001b6e4000 JavaThread "pool-2-thread-1" [_thread_blocked, id=17692, stack(0x0000000030e60000,0x0000000030f60000)]
  0x000000001b6e9000 JavaThread "WorkerExecutor Queue Thread 5" [_thread_blocked, id=12764, stack(0x0000000030d60000,0x0000000030e60000)]
  0x000000001b6e1800 JavaThread "WorkerExecutor Queue Thread 4" [_thread_blocked, id=11540, stack(0x0000000030c60000,0x0000000030d60000)]
  0x000000001b6e7800 JavaThread "WorkerExecutor Queue Thread 3" [_thread_blocked, id=21328, stack(0x0000000030800000,0x0000000030900000)]
  0x000000001b6e7000 JavaThread "WorkerExecutor Queue Thread 2" [_thread_blocked, id=10344, stack(0x0000000030520000,0x0000000030620000)]
  0x000000001d430800 JavaThread "Cache worker for execution history cache (C:\Users\Arash\AndroidStudioProjects\NearRoom\.gradle\6.5\executionHistory)" [_thread_blocked, id=5072, stack(0x000000002fe20000,0x000000002ff20000)]
  0x000000001d430000 JavaThread "Execution worker for ':' Thread 7" [_thread_blocked, id=17256, stack(0x000000002fd20000,0x000000002fe20000)]
  0x000000001d42f000 JavaThread "Execution worker for ':' Thread 6" [_thread_blocked, id=7356, stack(0x000000002fc20000,0x000000002fd20000)]
  0x000000001d42d000 JavaThread "Execution worker for ':' Thread 5" [_thread_blocked, id=24468, stack(0x000000002fb20000,0x000000002fc20000)]
  0x000000001d425000 JavaThread "Execution worker for ':' Thread 4" [_thread_blocked, id=18688, stack(0x000000002fa20000,0x000000002fb20000)]
  0x000000001d42c000 JavaThread "Execution worker for ':' Thread 3" [_thread_blocked, id=9540, stack(0x000000002f920000,0x000000002fa20000)]
  0x000000001d428800 JavaThread "Execution worker for ':' Thread 2" [_thread_blocked, id=15964, stack(0x000000002f820000,0x000000002f920000)]
  0x000000001d424800 JavaThread "Execution worker for ':'" [_thread_blocked, id=8168, stack(0x000000002e4f0000,0x000000002e5f0000)]
  0x000000001d427800 JavaThread "Cache worker for file content cache (C:\Users\Arash\AndroidStudioProjects\NearRoom\.gradle\6.5\fileContent)" [_thread_blocked, id=12784, stack(0x000000002dec0000,0x000000002dfc0000)]
  0x000000001d42b800 JavaThread "Memory manager" [_thread_blocked, id=4084, stack(0x000000002d1b0000,0x000000002d2b0000)]
  0x000000001d426800 JavaThread "Cache worker for Build Output Cleanup Cache (C:\Users\Arash\AndroidStudioProjects\NearRoom\.gradle\buildOutputCleanup)" [_thread_blocked, id=22204, stack(0x000000002ccb0000,0x000000002cdb0000)]
  0x000000001d426000 JavaThread "jar transforms Thread 116" [_thread_blocked, id=1312, stack(0x000000002c710000,0x000000002c810000)]
  0x000000001d429000 JavaThread "jar transforms Thread 115" [_thread_blocked, id=8420, stack(0x000000002c610000,0x000000002c710000)]
  0x000000001d42a800 JavaThread "jar transforms Thread 114" [_thread_blocked, id=23024, stack(0x000000002c510000,0x000000002c610000)]
  0x0000000023d78800 JavaThread "jar transforms Thread 113" [_thread_blocked, id=23356, stack(0x000000002c410000,0x000000002c510000)]
  0x0000000023d77000 JavaThread "jar transforms Thread 112" [_thread_blocked, id=11544, stack(0x000000002c310000,0x000000002c410000)]
  0x0000000023d77800 JavaThread "jar transforms Thread 111" [_thread_blocked, id=15600, stack(0x000000002c210000,0x000000002c310000)]
  0x0000000023d76000 JavaThread "jar transforms Thread 110" [_thread_blocked, id=11408, stack(0x000000002c110000,0x000000002c210000)]
  0x0000000023d75000 JavaThread "jar transforms Thread 109" [_thread_blocked, id=19784, stack(0x000000002c010000,0x000000002c110000)]
  0x0000000023d74800 JavaThread "jar transforms Thread 108" [_thread_blocked, id=5300, stack(0x000000002bf10000,0x000000002c010000)]
  0x0000000023d7a800 JavaThread "jar transforms Thread 107" [_thread_blocked, id=22324, stack(0x000000002be10000,0x000000002bf10000)]
  0x0000000023d7a000 JavaThread "jar transforms Thread 106" [_thread_blocked, id=19944, stack(0x000000002bd10000,0x000000002be10000)]
  0x0000000023d79000 JavaThread "jar transforms Thread 105" [_thread_blocked, id=22300, stack(0x000000002bc10000,0x000000002bd10000)]
  0x0000000023d6d000 JavaThread "jar transforms Thread 104" [_thread_blocked, id=9432, stack(0x000000002bb10000,0x000000002bc10000)]
  0x0000000023d70000 JavaThread "jar transforms Thread 103" [_thread_blocked, id=11788, stack(0x000000002ba10000,0x000000002bb10000)]
  0x0000000023d6d800 JavaThread "jar transforms Thread 102" [_thread_blocked, id=16628, stack(0x0000000025680000,0x0000000025780000)]
  0x0000000023d73800 JavaThread "jar transforms Thread 101" [_thread_blocked, id=14540, stack(0x0000000024c20000,0x0000000024d20000)]
  0x0000000023d6f000 JavaThread "jar transforms Thread 100" [_thread_blocked, id=23476, stack(0x0000000024b20000,0x0000000024c20000)]
  0x0000000023d6c000 JavaThread "jar transforms Thread 99" [_thread_blocked, id=4872, stack(0x000000002b910000,0x000000002ba10000)]
  0x0000000023d6e800 JavaThread "jar transforms Thread 98" [_thread_blocked, id=17404, stack(0x000000002b810000,0x000000002b910000)]
  0x0000000023d70800 JavaThread "jar transforms Thread 97" [_thread_blocked, id=2660, stack(0x000000002b710000,0x000000002b810000)]
  0x0000000023d73000 JavaThread "jar transforms Thread 96" [_thread_blocked, id=22228, stack(0x000000002b610000,0x000000002b710000)]
  0x0000000023d6b800 JavaThread "jar transforms Thread 95" [_thread_blocked, id=15376, stack(0x000000002b510000,0x000000002b610000)]
  0x0000000023d71800 JavaThread "jar transforms Thread 94" [_thread_blocked, id=22824, stack(0x000000002b410000,0x000000002b510000)]
  0x0000000023d72000 JavaThread "jar transforms Thread 93" [_thread_blocked, id=15740, stack(0x000000002b310000,0x000000002b410000)]
  0x0000000020869000 JavaThread "jar transforms Thread 92" [_thread_blocked, id=3680, stack(0x000000002b210000,0x000000002b310000)]
  0x0000000020866000 JavaThread "jar transforms Thread 91" [_thread_blocked, id=22820, stack(0x000000002b110000,0x000000002b210000)]
  0x0000000020868000 JavaThread "jar transforms Thread 90" [_thread_blocked, id=19852, stack(0x000000002b010000,0x000000002b110000)]
  0x0000000020864800 JavaThread "jar transforms Thread 89" [_thread_blocked, id=20548, stack(0x000000002af10000,0x000000002b010000)]
  0x0000000020866800 JavaThread "jar transforms Thread 88" [_thread_blocked, id=1380, stack(0x000000002ad10000,0x000000002ae10000)]
  0x0000000020865000 JavaThread "jar transforms Thread 87" [_thread_blocked, id=23440, stack(0x000000002ac10000,0x000000002ad10000)]
  0x000000002086a800 JavaThread "jar transforms Thread 86" [_thread_blocked, id=404, stack(0x000000002ab10000,0x000000002ac10000)]
  0x0000000020867800 JavaThread "jar transforms Thread 85" [_thread_blocked, id=8492, stack(0x000000002aa10000,0x000000002ab10000)]
  0x0000000020869800 JavaThread "jar transforms Thread 84" [_thread_blocked, id=20424, stack(0x000000002a910000,0x000000002aa10000)]
  0x000000002085d000 JavaThread "jar transforms Thread 83" [_thread_blocked, id=1964, stack(0x000000002a810000,0x000000002a910000)]
  0x0000000020863800 JavaThread "jar transforms Thread 82" [_thread_blocked, id=16100, stack(0x000000002a710000,0x000000002a810000)]
  0x0000000020860800 JavaThread "jar transforms Thread 81" [_thread_blocked, id=23272, stack(0x000000002a610000,0x000000002a710000)]
  0x0000000020862000 JavaThread "jar transforms Thread 80" [_thread_blocked, id=5920, stack(0x000000002a510000,0x000000002a610000)]
  0x0000000020860000 JavaThread "jar transforms Thread 79" [_thread_blocked, id=24520, stack(0x000000002a410000,0x000000002a510000)]
  0x0000000020861800 JavaThread "jar transforms Thread 78" [_thread_blocked, id=22316, stack(0x000000002a310000,0x000000002a410000)]
  0x000000002085f000 JavaThread "jar transforms Thread 77" [_thread_blocked, id=16720, stack(0x000000002a210000,0x000000002a310000)]
  0x000000002085c000 JavaThread "jar transforms Thread 76" [_thread_blocked, id=7336, stack(0x000000002a110000,0x000000002a210000)]
  0x0000000020863000 JavaThread "jar transforms Thread 75" [_thread_blocked, id=17028, stack(0x000000002a010000,0x000000002a110000)]
  0x000000002085e800 JavaThread "jar transforms Thread 74" [_thread_blocked, id=1820, stack(0x0000000029f10000,0x000000002a010000)]
  0x000000002085b800 JavaThread "jar transforms Thread 73" [_thread_blocked, id=10648, stack(0x0000000029e10000,0x0000000029f10000)]
  0x000000002085d800 JavaThread "jar transforms Thread 72" [_thread_blocked, id=18228, stack(0x0000000029d10000,0x0000000029e10000)]
  0x000000002270f800 JavaThread "jar transforms Thread 71" [_thread_blocked, id=19976, stack(0x0000000029c10000,0x0000000029d10000)]
  0x000000002270d800 JavaThread "jar transforms Thread 70" [_thread_blocked, id=14004, stack(0x0000000029b10000,0x0000000029c10000)]
  0x000000002270c000 JavaThread "jar transforms Thread 69" [_thread_blocked, id=18564, stack(0x0000000029a10000,0x0000000029b10000)]
  0x000000002270c800 JavaThread "jar transforms Thread 68" [_thread_blocked, id=4496, stack(0x0000000029910000,0x0000000029a10000)]
  0x000000002270f000 JavaThread "jar transforms Thread 67" [_thread_blocked, id=20516, stack(0x0000000029810000,0x0000000029910000)]
  0x000000002270e000 JavaThread "jar transforms Thread 66" [_thread_blocked, id=11344, stack(0x0000000029710000,0x0000000029810000)]
  0x0000000022704800 JavaThread "jar transforms Thread 65" [_thread_blocked, id=15116, stack(0x0000000029610000,0x0000000029710000)]
  0x000000002270b000 JavaThread "jar transforms Thread 64" [_thread_blocked, id=20488, stack(0x0000000029510000,0x0000000029610000)]
  0x0000000022703800 JavaThread "jar transforms Thread 63" [_thread_blocked, id=8140, stack(0x0000000029410000,0x0000000029510000)]
  0x000000002270a800 JavaThread "jar transforms Thread 62" [_thread_blocked, id=17768, stack(0x0000000029310000,0x0000000029410000)]
  0x0000000022703000 JavaThread "jar transforms Thread 61" [_thread_blocked, id=20576, stack(0x0000000029210000,0x0000000029310000)]
  0x0000000022709800 JavaThread "jar transforms Thread 60" [_thread_blocked, id=3716, stack(0x0000000029110000,0x0000000029210000)]
  0x0000000022702000 JavaThread "jar transforms Thread 59" [_thread_blocked, id=20652, stack(0x0000000029010000,0x0000000029110000)]
  0x0000000022706000 JavaThread "jar transforms Thread 58" [_thread_blocked, id=20192, stack(0x0000000028f10000,0x0000000029010000)]
  0x0000000022709000 JavaThread "jar transforms Thread 57" [_thread_blocked, id=18336, stack(0x0000000028e10000,0x0000000028f10000)]
  0x0000000022708000 JavaThread "jar transforms Thread 56" [_thread_blocked, id=19000, stack(0x0000000028d10000,0x0000000028e10000)]
  0x0000000022700800 JavaThread "jar transforms Thread 55" [_thread_blocked, id=21956, stack(0x0000000028c10000,0x0000000028d10000)]
  0x0000000022706800 JavaThread "jar transforms Thread 54" [_thread_blocked, id=22092, stack(0x0000000028b10000,0x0000000028c10000)]
  0x0000000022701800 JavaThread "jar transforms Thread 53" [_thread_blocked, id=23596, stack(0x0000000028a10000,0x0000000028b10000)]
  0x0000000022707800 JavaThread "jar transforms Thread 52" [_thread_blocked, id=14792, stack(0x0000000028910000,0x0000000028a10000)]
  0x0000000022705000 JavaThread "jar transforms Thread 51" [_thread_blocked, id=12572, stack(0x0000000028810000,0x0000000028910000)]
  0x0000000021ebc000 JavaThread "jar transforms Thread 50" [_thread_blocked, id=11556, stack(0x0000000028710000,0x0000000028810000)]
  0x0000000021ebb800 JavaThread "jar transforms Thread 49" [_thread_blocked, id=15280, stack(0x0000000028610000,0x0000000028710000)]
  0x0000000021eb7000 JavaThread "jar transforms Thread 48" [_thread_blocked, id=15220, stack(0x0000000028510000,0x0000000028610000)]
  0x0000000021eba800 JavaThread "jar transforms Thread 47" [_thread_blocked, id=4576, stack(0x0000000028410000,0x0000000028510000)]
  0x0000000021eb8800 JavaThread "jar transforms Thread 46" [_thread_blocked, id=9784, stack(0x0000000028310000,0x0000000028410000)]
  0x0000000021eba000 JavaThread "jar transforms Thread 45" [_thread_blocked, id=16760, stack(0x0000000028210000,0x0000000028310000)]
  0x0000000021eb9000 JavaThread "jar transforms Thread 44" [_thread_blocked, id=15768, stack(0x0000000028110000,0x0000000028210000)]
  0x0000000021eb7800 JavaThread "jar transforms Thread 43" [_thread_blocked, id=17228, stack(0x0000000028010000,0x0000000028110000)]
  0x0000000021eb6000 JavaThread "jar transforms Thread 42" [_thread_blocked, id=21292, stack(0x0000000027f10000,0x0000000028010000)]
  0x0000000021eae800 JavaThread "jar transforms Thread 41" [_thread_blocked, id=7728, stack(0x0000000027e10000,0x0000000027f10000)]
  0x0000000021eb5800 JavaThread "jar transforms Thread 40" [_thread_blocked, id=10632, stack(0x0000000027d10000,0x0000000027e10000)]
  0x0000000021eae000 JavaThread "jar transforms Thread 39" [_thread_blocked, id=20888, stack(0x0000000027c10000,0x0000000027d10000)]
  0x0000000021eb4800 JavaThread "jar transforms Thread 38" [_thread_blocked, id=7780, stack(0x0000000027b10000,0x0000000027c10000)]
  0x0000000021eb3000 JavaThread "jar transforms Thread 37" [_thread_blocked, id=18940, stack(0x0000000027a10000,0x0000000027b10000)]
  0x0000000021ead000 JavaThread "jar transforms Thread 36" [_thread_blocked, id=9320, stack(0x0000000027910000,0x0000000027a10000)]
  0x0000000021eb0000 JavaThread "jar transforms Thread 35" [_thread_blocked, id=8636, stack(0x0000000027810000,0x0000000027910000)]
  0x0000000021eb1000 JavaThread "jar transforms Thread 34" [_thread_blocked, id=23656, stack(0x0000000027710000,0x0000000027810000)]
  0x0000000021eaf800 JavaThread "jar transforms Thread 33" [_thread_blocked, id=5164, stack(0x0000000027610000,0x0000000027710000)]
  0x0000000021eb2800 JavaThread "jar transforms Thread 32" [_thread_blocked, id=17668, stack(0x0000000027510000,0x0000000027610000)]
  0x0000000021eb1800 JavaThread "jar transforms Thread 31" [_thread_blocked, id=15860, stack(0x0000000027410000,0x0000000027510000)]
  0x0000000021eb4000 JavaThread "jar transforms Thread 30" [_thread_blocked, id=16992, stack(0x0000000027310000,0x0000000027410000)]
  0x0000000020905000 JavaThread "jar transforms Thread 29" [_thread_blocked, id=15852, stack(0x0000000027210000,0x0000000027310000)]
  0x0000000020908800 JavaThread "jar transforms Thread 28" [_thread_blocked, id=15724, stack(0x0000000027110000,0x0000000027210000)]
  0x0000000020907000 JavaThread "jar transforms Thread 27" [_thread_blocked, id=9520, stack(0x0000000027010000,0x0000000027110000)]
  0x0000000020906800 JavaThread "jar transforms Thread 26" [_thread_blocked, id=21216, stack(0x0000000026f10000,0x0000000027010000)]
  0x0000000020903800 JavaThread "jar transforms Thread 25" [_thread_blocked, id=18380, stack(0x0000000026e10000,0x0000000026f10000)]
  0x0000000020908000 JavaThread "jar transforms Thread 24" [_thread_blocked, id=21288, stack(0x0000000026d10000,0x0000000026e10000)]
  0x0000000020902000 JavaThread "jar transforms Thread 23" [_thread_blocked, id=19536, stack(0x0000000026c10000,0x0000000026d10000)]
  0x0000000020904000 JavaThread "jar transforms Thread 22" [_thread_blocked, id=18552, stack(0x0000000026b10000,0x0000000026c10000)]
  0x0000000020901000 JavaThread "jar transforms Thread 21" [_thread_blocked, id=3216, stack(0x0000000026a10000,0x0000000026b10000)]
  0x0000000020905800 JavaThread "jar transforms Thread 20" [_thread_blocked, id=20688, stack(0x0000000026910000,0x0000000026a10000)]
  0x0000000020902800 JavaThread "jar transforms Thread 19" [_thread_blocked, id=6936, stack(0x0000000026810000,0x0000000026910000)]
  0x00000000208f9800 JavaThread "jar transforms Thread 18" [_thread_blocked, id=24372, stack(0x0000000026710000,0x0000000026810000)]
  0x00000000208ff800 JavaThread "jar transforms Thread 17" [_thread_blocked, id=4052, stack(0x0000000026610000,0x0000000026710000)]
  0x00000000208fa800 JavaThread "jar transforms Thread 16" [_thread_blocked, id=24436, stack(0x0000000026510000,0x0000000026610000)]
  0x00000000208fe000 JavaThread "jar transforms Thread 15" [_thread_blocked, id=22696, stack(0x0000000026410000,0x0000000026510000)]
  0x00000000208fc800 JavaThread "jar transforms Thread 14" [_thread_blocked, id=18524, stack(0x0000000026310000,0x0000000026410000)]
  0x0000000020900800 JavaThread "jar transforms Thread 13" [_thread_blocked, id=13888, stack(0x0000000026210000,0x0000000026310000)]
  0x00000000208fd800 JavaThread "jar transforms Thread 12" [_thread_blocked, id=15248, stack(0x0000000026110000,0x0000000026210000)]
  0x00000000208ff000 JavaThread "jar transforms Thread 11" [_thread_blocked, id=20260, stack(0x0000000026010000,0x0000000026110000)]
  0x00000000208fc000 JavaThread "jar transforms Thread 10" [_thread_blocked, id=14820, stack(0x0000000025f10000,0x0000000026010000)]
  0x00000000208fb000 JavaThread "jar transforms Thread 9" [_thread_blocked, id=11340, stack(0x0000000025e10000,0x0000000025f10000)]
  0x000000001f979800 JavaThread "jar transforms Thread 8" [_thread_blocked, id=24356, stack(0x0000000025d10000,0x0000000025e10000)]
  0x000000001f979000 JavaThread "jar transforms Thread 7" [_thread_blocked, id=22496, stack(0x0000000025c10000,0x0000000025d10000)]
  0x000000001f978000 JavaThread "jar transforms Thread 6" [_thread_blocked, id=22420, stack(0x0000000025b10000,0x0000000025c10000)]
  0x000000001f977800 JavaThread "jar transforms Thread 5" [_thread_blocked, id=5884, stack(0x0000000025a10000,0x0000000025b10000)]
  0x000000001f976800 JavaThread "jar transforms Thread 4" [_thread_blocked, id=22164, stack(0x0000000025910000,0x0000000025a10000)]
  0x000000001f975800 JavaThread "jar transforms Thread 3" [_thread_blocked, id=2172, stack(0x0000000025810000,0x0000000025910000)]
  0x000000001f975000 JavaThread "jar transforms Thread 2" [_thread_blocked, id=22288, stack(0x0000000024d50000,0x0000000024e50000)]
  0x000000001f96d800 JavaThread "Build operations Thread 8" [_thread_in_vm, id=20128, stack(0x0000000025580000,0x0000000025680000)]
  0x000000001f974000 JavaThread "Build operations Thread 7" [_thread_in_Java, id=16600, stack(0x0000000025480000,0x0000000025580000)]
  0x000000001f96c800 JavaThread "Build operations Thread 6" [_thread_in_Java, id=11228, stack(0x0000000025380000,0x0000000025480000)]
  0x000000001f973800 JavaThread "Build operations Thread 5" [_thread_blocked, id=11016, stack(0x0000000025280000,0x0000000025380000)]
  0x000000001f972800 JavaThread "Build operations Thread 4" [_thread_in_Java, id=3796, stack(0x0000000025180000,0x0000000025280000)]
  0x000000001f96b000 JavaThread "Build operations Thread 3" [_thread_blocked, id=10716, stack(0x0000000025080000,0x0000000025180000)]
  0x000000001f96f000 JavaThread "Build operations Thread 2" [_thread_blocked, id=18048, stack(0x0000000024f80000,0x0000000025080000)]
  0x000000001f972000 JavaThread "Build operations" [_thread_blocked, id=23388, stack(0x0000000024e80000,0x0000000024f80000)]
  0x000000001a0d1800 JavaThread "Cache worker for file content cache (C:\Users\Arash\.gradle\caches\6.5\fileContent)" [_thread_blocked, id=7348, stack(0x0000000023450000,0x0000000023550000)]
  0x000000001a0d1000 JavaThread "jar transforms" [_thread_blocked, id=20796, stack(0x0000000022bb0000,0x0000000022cb0000)]
  0x000000001a0d0000 JavaThread "Cache worker for execution history cache (C:\Users\Arash\.gradle\caches\6.5\executionHistory)" [_thread_blocked, id=17084, stack(0x0000000022ab0000,0x0000000022bb0000)]
  0x000000001a0ce800 JavaThread "Cache worker for cache directory md-rule (C:\Users\Arash\.gradle\caches\6.5\md-rule)" [_thread_blocked, id=20608, stack(0x00000000229b0000,0x0000000022ab0000)]
  0x000000001a0d2800 JavaThread "Cache worker for cache directory md-supplier (C:\Users\Arash\.gradle\caches\6.5\md-supplier)" [_thread_blocked, id=23088, stack(0x0000000021650000,0x0000000021750000)]
  0x000000001a0cf800 JavaThread "Cache worker for checksums cache (C:\Users\Arash\AndroidStudioProjects\NearRoom\.gradle\checksums)" [_thread_blocked, id=5308, stack(0x0000000021550000,0x0000000021650000)]
  0x000000001a0cd000 JavaThread "Cache worker for file hash cache (C:\Users\Arash\AndroidStudioProjects\NearRoom\.gradle\6.5\fileHashes)" [_thread_blocked, id=21092, stack(0x0000000022d50000,0x0000000022e50000)]
  0x000000001a0cb800 JavaThread "Cache worker for file hash cache (C:\Users\Arash\.gradle\caches\6.5\fileHashes)" [_thread_blocked, id=17248, stack(0x000000001f0b0000,0x000000001f1b0000)]
  0x000000001a0cc800 JavaThread "File lock request listener" [_thread_in_native, id=7720, stack(0x000000001efb0000,0x000000001f0b0000)]
  0x000000001ce3b800 JavaThread "Cache worker for journal cache (C:\Users\Arash\.gradle\caches\journal-1)" [_thread_blocked, id=23156, stack(0x000000001eeb0000,0x000000001efb0000)]
  0x000000001b236800 JavaThread "Thread-9" [_thread_blocked, id=23064, stack(0x000000001ebb0000,0x000000001ecb0000)]
  0x000000001b09a800 JavaThread "Stdin handler" [_thread_blocked, id=8452, stack(0x000000001eab0000,0x000000001ebb0000)]
  0x000000001b098800 JavaThread "Asynchronous log dispatcher for DefaultDaemonConnection: socket connection from /127.0.0.1:62095 to /127.0.0.1:62096" [_thread_blocked, id=23988, stack(0x000000001e9b0000,0x000000001eab0000)]
  0x000000001b042000 JavaThread "Daemon worker" [_thread_blocked, id=15604, stack(0x000000001e8b0000,0x000000001e9b0000)]
  0x000000001b2d3800 JavaThread "Cancel handler" [_thread_blocked, id=19124, stack(0x000000001e6b0000,0x000000001e7b0000)]
  0x000000001afe4000 JavaThread "Handler for socket connection from /127.0.0.1:62095 to /127.0.0.1:62096" [_thread_in_native, id=9768, stack(0x000000001e5b0000,0x000000001e6b0000)]
  0x000000001cc2d800 JavaThread "Daemon" [_thread_blocked, id=3384, stack(0x000000001e4b0000,0x000000001e5b0000)]
  0x000000001cc20800 JavaThread "Daemon periodic checks" [_thread_blocked, id=13704, stack(0x000000001e1b0000,0x000000001e2b0000)]
  0x000000001cbc4000 JavaThread "Incoming local TCP Connector on port 62095" [_thread_in_native, id=4204, stack(0x000000001df70000,0x000000001e070000)]
  0x000000001caa8000 JavaThread "Daemon health stats" [_thread_blocked, id=15372, stack(0x000000001d930000,0x000000001da30000)]
  0x000000001a158000 JavaThread "Service Thread" daemon [_thread_blocked, id=16820, stack(0x000000001ad90000,0x000000001ae90000)]
  0x000000001a0ce000 JavaThread "C1 CompilerThread3" daemon [_thread_in_vm, id=17112, stack(0x000000001ac90000,0x000000001ad90000)]
  0x000000001a0c8000 JavaThread "C2 CompilerThread2" daemon [_thread_in_native, id=15700, stack(0x000000001ab90000,0x000000001ac90000)]
  0x000000001a0c3800 JavaThread "C2 CompilerThread1" daemon [_thread_in_native, id=6636, stack(0x000000001aa90000,0x000000001ab90000)]
=>0x000000001a0b6800 JavaThread "C2 CompilerThread0" daemon [_thread_in_native, id=12236, stack(0x000000001a990000,0x000000001aa90000)]
  0x000000001a0b1000 JavaThread "Attach Listener" daemon [_thread_blocked, id=5636, stack(0x000000001a890000,0x000000001a990000)]
  0x000000001a0b0000 JavaThread "Signal Dispatcher" daemon [_thread_blocked, id=1944, stack(0x000000001a790000,0x000000001a890000)]
  0x0000000003239800 JavaThread "Finalizer" daemon [_thread_blocked, id=11060, stack(0x000000001a580000,0x000000001a680000)]
  0x00000000182ac000 JavaThread "Reference Handler" daemon [_thread_blocked, id=19368, stack(0x000000001a480000,0x000000001a580000)]
  0x0000000002ebe000 JavaThread "main" [_thread_blocked, id=1032, stack(0x0000000003040000,0x0000000003140000)]

Other Threads:
  0x0000000003236800 VMThread [stack: 0x0000000019f80000,0x000000001a080000] [id=13336]
  0x000000001a11b000 WatcherThread [stack: 0x000000001ae90000,0x000000001af90000] [id=13708]

VM state:not at safepoint (normal execution)

VM Mutex/Monitor currently owned by a thread:  ([mutex/lock_event])
[0x0000000002eb8c20] CodeCache_lock - owner thread: 0x0000000000000000
[0x0000000003140450] CompiledIC_lock - owner thread: 0x000000001a0ce000

OutOfMemory and StackOverflow Exception counts:
OutOfMemoryError java_heap_errors=3

heap address: 0x0000000080000000, size: 2048 MB, Compressed Oops mode: 32-bit
Narrow klass base: 0x0000000000000000, Narrow klass shift: 3
Compressed class space size: 1073741824 Address: 0x0000000100000000

Heap:
 PSYoungGen      total 305152K, used 155757K [0x00000000d5580000, 0x00000000ee000000, 0x0000000100000000)
  eden space 267776K, 44% used [0x00000000d5580000,0x00000000dc9216c8,0x00000000e5b00000)
  from space 37376K, 99% used [0x00000000e8d00000,0x00000000eb179e28,0x00000000eb180000)
  to   space 51200K, 0% used [0x00000000e5b00000,0x00000000e5b00000,0x00000000e8d00000)
 ParOldGen       total 170496K, used 99786K [0x0000000080000000, 0x000000008a680000, 0x00000000d5580000)
  object space 170496K, 58% used [0x0000000080000000,0x0000000086172840,0x000000008a680000)
 Metaspace       used 91199K, capacity 98402K, committed 98584K, reserved 1134592K
  class space    used 12478K, capacity 13842K, committed 13872K, reserved 1048576K

Card table byte_map: [0x0000000012600000,0x0000000012a10000] byte_map_base: 0x0000000012200000

Marking Bits: (ParMarkBitMap*) 0x0000000054ddf030
 Begin Bits: [0x00000000134c0000, 0x00000000154c0000)
 End Bits:   [0x00000000154c0000, 0x00000000174c0000)

Polling page: 0x0000000002e80000

CodeCache: size=245760Kb used=46438Kb max_used=47234Kb free=199321Kb
 bounds [0x0000000003240000, 0x0000000006090000, 0x0000000012240000]
 total_blobs=15017 nmethods=14168 adapters=758
 compilation: disabled (not enough contiguous free space left)

Compilation events (10 events):
Event: 23.463 Thread 0x000000001a0ce000 nmethod 16751 0x000000000608d990 code [0x000000000608dba0, 0x000000000608e2d8]
Event: 23.463 Thread 0x000000001a0ce000 16747       2       com.android.tools.r8.t.a.a.a.h.a0$d::<init> (15 bytes)
Event: 23.464 Thread 0x000000001a0ce000 nmethod 16747 0x000000000608e8d0 code [0x000000000608ea20, 0x000000000608eb90]
Event: 23.464 Thread 0x000000001a0ce000 16745       2       com.android.tools.r8.ir.conversion.N::d (156 bytes)
Event: 23.465 Thread 0x000000001a0ce000 nmethod 16745 0x000000000608ec10 code [0x000000000608ee20, 0x000000000608f2f8]
Event: 23.465 Thread 0x000000001a0ce000 16749       2       com.android.tools.r8.ir.optimize.n$$Lambda$1850/871520572::apply (8 bytes)
Event: 23.465 Thread 0x000000001a0ce000 nmethod 16749 0x000000000608f710 code [0x000000000608f860, 0x000000000608fa50]
Event: 23.465 Thread 0x000000001a0ce000 16750       2       com.android.tools.r8.ir.optimize.n::a (8 bytes)
Event: 23.465 Thread 0x000000001a0ce000 nmethod 16750 0x000000000608fb10 code [0x000000000608fc60, 0x000000000608fdf0]
Event: 23.465 Thread 0x000000001a0ce000 16756       2       com.android.tools.r8.s.b.T::b (258 bytes)

GC Heap History (10 events):
Event: 12.995 GC heap before
{Heap before GC invocations=17 (full 3):
 PSYoungGen      total 243712K, used 243711K [0x00000000d5580000, 0x00000000e8380000, 0x0000000100000000)
  eden space 220160K, 100% used [0x00000000d5580000,0x00000000e2c80000,0x00000000e2c80000)
  from space 23552K, 99% used [0x00000000e2c80000,0x00000000e437fdc8,0x00000000e4380000)
  to   space 27648K, 0% used [0x00000000e6880000,0x00000000e6880000,0x00000000e8380000)
 ParOldGen       total 170496K, used 37132K [0x0000000080000000, 0x000000008a680000, 0x00000000d5580000)
  object space 170496K, 21% used [0x0000000080000000,0x0000000082443158,0x000000008a680000)
 Metaspace       used 71539K, capacity 75746K, committed 75928K, reserved 1114112K
  class space    used 9775K, capacity 10546K, committed 10672K, reserved 1048576K
Event: 13.034 GC heap after
Heap after GC invocations=17 (full 3):
 PSYoungGen      total 268288K, used 27621K [0x00000000d5580000, 0x00000000ea080000, 0x0000000100000000)
  eden space 240640K, 0% used [0x00000000d5580000,0x00000000d5580000,0x00000000e4080000)
  from space 27648K, 99% used [0x00000000e6880000,0x00000000e83796e0,0x00000000e8380000)
  to   space 40960K, 0% used [0x00000000e4080000,0x00000000e4080000,0x00000000e6880000)
 ParOldGen       total 170496K, used 62738K [0x0000000080000000, 0x000000008a680000, 0x00000000d5580000)
  object space 170496K, 36% used [0x0000000080000000,0x0000000083d449c0,0x000000008a680000)
 Metaspace       used 71539K, capacity 75746K, committed 75928K, reserved 1114112K
  class space    used 9775K, capacity 10546K, committed 10672K, reserved 1048576K
}
Event: 15.404 GC heap before
{Heap before GC invocations=18 (full 3):
 PSYoungGen      total 268288K, used 268261K [0x00000000d5580000, 0x00000000ea080000, 0x0000000100000000)
  eden space 240640K, 100% used [0x00000000d5580000,0x00000000e4080000,0x00000000e4080000)
  from space 27648K, 99% used [0x00000000e6880000,0x00000000e83796e0,0x00000000e8380000)
  to   space 40960K, 0% used [0x00000000e4080000,0x00000000e4080000,0x00000000e6880000)
 ParOldGen       total 170496K, used 62738K [0x0000000080000000, 0x000000008a680000, 0x00000000d5580000)
  object space 170496K, 36% used [0x0000000080000000,0x0000000083d449c0,0x000000008a680000)
 Metaspace       used 74451K, capacity 78724K, committed 79000K, reserved 1118208K
  class space    used 10076K, capacity 10843K, committed 10928K, reserved 1048576K
Event: 15.436 GC heap after
Heap after GC invocations=18 (full 3):
 PSYoungGen      total 281600K, used 5836K [0x00000000d5580000, 0x00000000eb480000, 0x0000000100000000)
  eden space 240640K, 0% used [0x00000000d5580000,0x00000000d5580000,0x00000000e4080000)
  from space 40960K, 14% used [0x00000000e4080000,0x00000000e46332d0,0x00000000e6880000)
  to   space 40448K, 0% used [0x00000000e8d00000,0x00000000e8d00000,0x00000000eb480000)
 ParOldGen       total 170496K, used 88387K [0x0000000080000000, 0x000000008a680000, 0x00000000d5580000)
  object space 170496K, 51% used [0x0000000080000000,0x0000000085650ee8,0x000000008a680000)
 Metaspace       used 74451K, capacity 78724K, committed 79000K, reserved 1118208K
  class space    used 10076K, capacity 10843K, committed 10928K, reserved 1048576K
}
Event: 18.250 GC heap before
{Heap before GC invocations=19 (full 3):
 PSYoungGen      total 281600K, used 246476K [0x00000000d5580000, 0x00000000eb480000, 0x0000000100000000)
  eden space 240640K, 100% used [0x00000000d5580000,0x00000000e4080000,0x00000000e4080000)
  from space 40960K, 14% used [0x00000000e4080000,0x00000000e46332d0,0x00000000e6880000)
  to   space 40448K, 0% used [0x00000000e8d00000,0x00000000e8d00000,0x00000000eb480000)
 ParOldGen       total 170496K, used 88387K [0x0000000080000000, 0x000000008a680000, 0x00000000d5580000)
  object space 170496K, 51% used [0x0000000080000000,0x0000000085650ee8,0x000000008a680000)
 Metaspace       used 78038K, capacity 82414K, committed 82712K, reserved 1120256K
  class space    used 10433K, capacity 11230K, committed 11312K, reserved 1048576K
Event: 18.279 GC heap after
Heap after GC invocations=19 (full 3):
 PSYoungGen      total 312832K, used 22461K [0x00000000d5580000, 0x00000000eb180000, 0x0000000100000000)
  eden space 275456K, 0% used [0x00000000d5580000,0x00000000d5580000,0x00000000e6280000)
  from space 37376K, 60% used [0x00000000e8d00000,0x00000000ea2ef6c0,0x00000000eb180000)
  to   space 40448K, 0% used [0x00000000e6280000,0x00000000e6280000,0x00000000e8a00000)
 ParOldGen       total 170496K, used 88395K [0x0000000080000000, 0x000000008a680000, 0x00000000d5580000)
  object space 170496K, 51% used [0x0000000080000000,0x0000000085652ee8,0x000000008a680000)
 Metaspace       used 78038K, capacity 82414K, committed 82712K, reserved 1120256K
  class space    used 10433K, capacity 11230K, committed 11312K, reserved 1048576K
}
Event: 21.403 GC heap before
{Heap before GC invocations=20 (full 3):
 PSYoungGen      total 312832K, used 297917K [0x00000000d5580000, 0x00000000eb180000, 0x0000000100000000)
  eden space 275456K, 100% used [0x00000000d5580000,0x00000000e6280000,0x00000000e6280000)
  from space 37376K, 60% used [0x00000000e8d00000,0x00000000ea2ef6c0,0x00000000eb180000)
  to   space 40448K, 0% used [0x00000000e6280000,0x00000000e6280000,0x00000000e8a00000)
 ParOldGen       total 170496K, used 88395K [0x0000000080000000, 0x000000008a680000, 0x00000000d5580000)
  object space 170496K, 51% used [0x0000000080000000,0x0000000085652ee8,0x000000008a680000)
 Metaspace       used 79434K, capacity 83898K, committed 84120K, reserved 1122304K
  class space    used 10556K, capacity 11384K, committed 11440K, reserved 1048576K
Event: 21.427 GC heap after
Heap after GC invocations=20 (full 3):
 PSYoungGen      total 315904K, used 27788K [0x00000000d5580000, 0x00000000eb180000, 0x0000000100000000)
  eden space 275456K, 0% used [0x00000000d5580000,0x00000000d5580000,0x00000000e6280000)
  from space 40448K, 68% used [0x00000000e6280000,0x00000000e7da3330,0x00000000e8a00000)
  to   space 37376K, 0% used [0x00000000e8d00000,0x00000000e8d00000,0x00000000eb180000)
 ParOldGen       total 170496K, used 88403K [0x0000000080000000, 0x000000008a680000, 0x00000000d5580000)
  object space 170496K, 51% used [0x0000000080000000,0x0000000085654ee8,0x000000008a680000)
 Metaspace       used 79434K, capacity 83898K, committed 84120K, reserved 1122304K
  class space    used 10556K, capacity 11384K, committed 11440K, reserved 1048576K
}
Event: 23.142 GC heap before
{Heap before GC invocations=21 (full 3):
 PSYoungGen      total 315904K, used 303244K [0x00000000d5580000, 0x00000000eb180000, 0x0000000100000000)
  eden space 275456K, 100% used [0x00000000d5580000,0x00000000e6280000,0x00000000e6280000)
  from space 40448K, 68% used [0x00000000e6280000,0x00000000e7da3330,0x00000000e8a00000)
  to   space 37376K, 0% used [0x00000000e8d00000,0x00000000e8d00000,0x00000000eb180000)
 ParOldGen       total 170496K, used 88403K [0x0000000080000000, 0x000000008a680000, 0x00000000d5580000)
  object space 170496K, 51% used [0x0000000080000000,0x0000000085654ee8,0x000000008a680000)
 Metaspace       used 91067K, capacity 98308K, committed 98584K, reserved 1134592K
  class space    used 12475K, capacity 13837K, committed 13872K, reserved 1048576K
Event: 23.179 GC heap after
Heap after GC invocations=21 (full 3):
 PSYoungGen      total 305152K, used 37351K [0x00000000d5580000, 0x00000000ee000000, 0x0000000100000000)
  eden space 267776K, 0% used [0x00000000d5580000,0x00000000d5580000,0x00000000e5b00000)
  from space 37376K, 99% used [0x00000000e8d00000,0x00000000eb179e28,0x00000000eb180000)
  to   space 51200K, 0% used [0x00000000e5b00000,0x00000000e5b00000,0x00000000e8d00000)
 ParOldGen       total 170496K, used 99786K [0x0000000080000000, 0x000000008a680000, 0x00000000d5580000)
  object space 170496K, 58% used [0x0000000080000000,0x0000000086172840,0x000000008a680000)
 Metaspace       used 91067K, capacity 98308K, committed 98584K, reserved 1134592K
  class space    used 12475K, capacity 13837K, committed 13872K, reserved 1048576K
}

Deoptimization events (10 events):
Event: 23.059 Thread 0x000000001f96f000 Uncommon trap: reason=unstable_if action=reinterpret pc=0x0000000005dc9ac8 method=com.android.tools.r8.ir.regalloc.b.compareTo(Ljava/lang/Object;)I @ 28
Event: 23.071 Thread 0x000000001b6e2800 Uncommon trap: reason=class_check action=maybe_recompile pc=0x0000000005c2e37c method=com.android.tools.build.apkzlib.zip.StoredEntry.<init>(Lcom/android/tools/build/apkzlib/zip/CentralDirectoryHeader;Lcom/android/tools/build/apkzlib/zip/ZFile;Lcom/androi
Event: 23.072 Thread 0x000000001b6e2800 Uncommon trap: reason=class_check action=maybe_recompile pc=0x0000000005c2e37c method=com.android.tools.build.apkzlib.zip.StoredEntry.<init>(Lcom/android/tools/build/apkzlib/zip/CentralDirectoryHeader;Lcom/android/tools/build/apkzlib/zip/ZFile;Lcom/androi
Event: 23.072 Thread 0x000000001b6e2800 Uncommon trap: reason=class_check action=maybe_recompile pc=0x0000000005c2e37c method=com.android.tools.build.apkzlib.zip.StoredEntry.<init>(Lcom/android/tools/build/apkzlib/zip/CentralDirectoryHeader;Lcom/android/tools/build/apkzlib/zip/ZFile;Lcom/androi
Event: 23.072 Thread 0x000000001b6e2800 Uncommon trap: reason=class_check action=maybe_recompile pc=0x0000000005c2e37c method=com.android.tools.build.apkzlib.zip.StoredEntry.<init>(Lcom/android/tools/build/apkzlib/zip/CentralDirectoryHeader;Lcom/android/tools/build/apkzlib/zip/ZFile;Lcom/androi
Event: 23.261 Thread 0x000000001f96b000 Uncommon trap: reason=unstable_if action=reinterpret pc=0x0000000005bdbb04 method=com.android.tools.r8.graph.i0.a([C)I @ 29
Event: 23.280 Thread 0x000000001f96d800 Uncommon trap: reason=unstable_if action=reinterpret pc=0x0000000003dd3b28 method=java.util.Arrays.equals([Ljava/lang/Object;[Ljava/lang/Object;)Z @ 47
Event: 23.301 Thread 0x000000001f972800 Uncommon trap: reason=unstable_if action=reinterpret pc=0x00000000056a5f34 method=java.util.ArrayList.remove(Ljava/lang/Object;)Z @ 46
Event: 23.451 Thread 0x000000001b6e2800 Uncommon trap: reason=unstable_if action=reinterpret pc=0x0000000005d0fcd4 method=com.android.tools.build.apkzlib.zip.ZipField.verify(Ljava/nio/ByteBuffer;JLcom/android/tools/build/apkzlib/zip/VerifyLog;)V @ 16
Event: 23.452 Thread 0x000000001b6e2800 Uncommon trap: reason=unstable_if action=reinterpret pc=0x0000000005aac1b4 method=com.android.tools.build.apkzlib.zip.ZipField.verify(Ljava/nio/ByteBuffer;JLcom/android/tools/build/apkzlib/zip/VerifyLog;)V @ 16

Classes redefined (0 events):
No events

Internal exceptions (10 events):
Event: 23.021 Thread 0x000000001f974000 Exception <a 'sun/nio/fs/WindowsException'> (0x00000000e4195ee8) thrown at [C:\src\AOSP-openjdk-git\hotspot\src\share\vm\prims\jni.cpp, line 710]
Event: 23.033 Thread 0x000000001f974000 Exception <a 'sun/nio/fs/WindowsException'> (0x00000000e4474930) thrown at [C:\src\AOSP-openjdk-git\hotspot\src\share\vm\prims\jni.cpp, line 710]
Event: 23.089 Thread 0x000000001f974000 Exception <a 'sun/nio/fs/WindowsException'> (0x00000000e5737b28) thrown at [C:\src\AOSP-openjdk-git\hotspot\src\share\vm\prims\jni.cpp, line 710]
Event: 23.133 Thread 0x000000001f96f000 Exception <a 'sun/nio/fs/WindowsException'> (0x00000000e5feeea8) thrown at [C:\src\AOSP-openjdk-git\hotspot\src\share\vm\prims\jni.cpp, line 710]
Event: 23.137 Thread 0x000000001f96b000 Exception <a 'sun/nio/fs/WindowsException'> (0x00000000e5eb17c0) thrown at [C:\src\AOSP-openjdk-git\hotspot\src\share\vm\prims\jni.cpp, line 710]
Event: 23.245 Thread 0x000000001f96b000 Exception <a 'sun/nio/fs/WindowsException'> (0x00000000d6dab998) thrown at [C:\src\AOSP-openjdk-git\hotspot\src\share\vm\prims\jni.cpp, line 710]
Event: 23.299 Thread 0x000000001f96d800 Exception <a 'sun/nio/fs/WindowsException'> (0x00000000d7c03ef8) thrown at [C:\src\AOSP-openjdk-git\hotspot\src\share\vm\prims\jni.cpp, line 710]
Event: 23.403 Thread 0x000000001f96b000 Exception <a 'sun/nio/fs/WindowsException'> (0x00000000da446f90) thrown at [C:\src\AOSP-openjdk-git\hotspot\src\share\vm\prims\jni.cpp, line 710]
Event: 23.466 Thread 0x000000001f974000 Exception <a 'sun/nio/fs/WindowsException'> (0x00000000dc03f120) thrown at [C:\src\AOSP-openjdk-git\hotspot\src\share\vm\prims\jni.cpp, line 710]
Event: 23.467 Thread 0x000000001f96d800 Exception <a 'java/lang/OutOfMemoryError'> (0x00000000dc1dfa00) thrown at [C:\src\AOSP-openjdk-git\hotspot\src\share\vm\prims\jni.cpp, line 737]

Events (10 events):
Event: 23.405 Executing VM operation: ForceSafepoint done
Event: 23.449 Thread 0x000000001b6e2800 DEOPT PACKING pc=0x0000000004ee767c sp=0x000000003115d710
Event: 23.449 Thread 0x000000001b6e2800 DEOPT UNPACKING pc=0x00000000032875d0 sp=0x000000003115d5c8 mode 0
Event: 23.451 Thread 0x000000001b6e2800 Uncommon trap: trap_request=0xffffff65 fr.pc=0x0000000005d0fcd4
Event: 23.451 Thread 0x000000001b6e2800 DEOPT PACKING pc=0x0000000005d0fcd4 sp=0x000000003115daf0
Event: 23.451 Thread 0x000000001b6e2800 DEOPT UNPACKING pc=0x000000000328557b sp=0x000000003115d9d0 mode 2
Event: 23.452 Thread 0x000000001b6e2800 Uncommon trap: trap_request=0xffffff65 fr.pc=0x0000000005aac1b4
Event: 23.452 Thread 0x000000001b6e2800 DEOPT PACKING pc=0x0000000005aac1b4 sp=0x000000003115da20
Event: 23.452 Thread 0x000000001b6e2800 DEOPT UNPACKING pc=0x000000000328557b sp=0x000000003115d9c0 mode 2
Event: 23.467 loading class java/util/zip/DataFormatException


Dynamic libraries:
0x00007ff6737d0000 - 0x00007ff673801000 	C:\Program Files\Android\Android Studio\jre\bin\java.exe
0x00007ff9f5430000 - 0x00007ff9f5626000 	C:\WINDOWS\SYSTEM32\ntdll.dll
0x00007ff9f3d20000 - 0x00007ff9f3ddd000 	C:\WINDOWS\System32\KERNEL32.DLL
0x00007ff9f2b70000 - 0x00007ff9f2e39000 	C:\WINDOWS\System32\KERNELBASE.dll
0x00007ff9f3bc0000 - 0x00007ff9f3c6c000 	C:\WINDOWS\System32\ADVAPI32.dll
0x00007ff9f49b0000 - 0x00007ff9f4a4e000 	C:\WINDOWS\System32\msvcrt.dll
0x00007ff9f3f00000 - 0x00007ff9f3f9c000 	C:\WINDOWS\System32\sechost.dll
0x00007ff9f4ae0000 - 0x00007ff9f4c0b000 	C:\WINDOWS\System32\RPCRT4.dll
0x00007ff9f3840000 - 0x00007ff9f39e0000 	C:\WINDOWS\System32\USER32.dll
0x00007ff9f2b40000 - 0x00007ff9f2b62000 	C:\WINDOWS\System32\win32u.dll
0x00007ff9f3b90000 - 0x00007ff9f3bba000 	C:\WINDOWS\System32\GDI32.dll
0x00007ff9f31d0000 - 0x00007ff9f32db000 	C:\WINDOWS\System32\gdi32full.dll
0x00007ff9f3360000 - 0x00007ff9f33fd000 	C:\WINDOWS\System32\msvcp_win.dll
0x00007ff9f2fa0000 - 0x00007ff9f30a0000 	C:\WINDOWS\System32\ucrtbase.dll
0x00007ff9d9390000 - 0x00007ff9d962b000 	C:\WINDOWS\WinSxS\amd64_microsoft.windows.common-controls_6595b64144ccf1df_6.0.19041.746_none_ca02b4b61b8320a4\COMCTL32.dll
0x00007ff9f3fa0000 - 0x00007ff9f3fd0000 	C:\WINDOWS\System32\IMM32.DLL
0x00000000562d0000 - 0x00000000563a2000 	C:\Program Files\Android\Android Studio\jre\jre\bin\msvcr100.dll
0x0000000054610000 - 0x0000000054e5b000 	C:\Program Files\Android\Android Studio\jre\jre\bin\server\jvm.dll
0x00007ff9f4170000 - 0x00007ff9f4178000 	C:\WINDOWS\System32\PSAPI.DLL
0x00007ff9e2a60000 - 0x00007ff9e2a69000 	C:\WINDOWS\SYSTEM32\WSOCK32.dll
0x00007ff9e7590000 - 0x00007ff9e75b7000 	C:\WINDOWS\SYSTEM32\WINMM.dll
0x00007ff9ec030000 - 0x00007ff9ec03a000 	C:\WINDOWS\SYSTEM32\VERSION.dll
0x00007ff9f4180000 - 0x00007ff9f41eb000 	C:\WINDOWS\System32\WS2_32.dll
0x00007ff9ee090000 - 0x00007ff9ee09f000 	C:\Program Files\Android\Android Studio\jre\jre\bin\verify.dll
0x00007ff9e6870000 - 0x00007ff9e6899000 	C:\Program Files\Android\Android Studio\jre\jre\bin\java.dll
0x00007ff9ed6b0000 - 0x00007ff9ed6c6000 	C:\Program Files\Android\Android Studio\jre\jre\bin\zip.dll
0x00007ff9f4c10000 - 0x00007ff9f5352000 	C:\WINDOWS\System32\SHELL32.dll
0x00007ff9f08c0000 - 0x00007ff9f1050000 	C:\WINDOWS\SYSTEM32\windows.storage.dll
0x00007ff9f34c0000 - 0x00007ff9f3816000 	C:\WINDOWS\System32\combase.dll
0x00007ff9f25a0000 - 0x00007ff9f25cc000 	C:\WINDOWS\SYSTEM32\Wldp.dll
0x00007ff9f41f0000 - 0x00007ff9f429e000 	C:\WINDOWS\System32\SHCORE.dll
0x00007ff9f4100000 - 0x00007ff9f4155000 	C:\WINDOWS\System32\shlwapi.dll
0x00007ff9f2a70000 - 0x00007ff9f2a96000 	C:\WINDOWS\SYSTEM32\profapi.dll
0x00007ff9ec8f0000 - 0x00007ff9ec90a000 	C:\Program Files\Android\Android Studio\jre\jre\bin\net.dll
0x00007ff9f2320000 - 0x00007ff9f238a000 	C:\WINDOWS\system32\mswsock.dll
0x00007ff9e8280000 - 0x00007ff9e8293000 	C:\Program Files\Android\Android Studio\jre\jre\bin\nio.dll
0x00007ff9e3380000 - 0x00007ff9e33a7000 	C:\Users\Arash\.gradle\native\f6784746aeab05261644944871eae4fe03e0ef1612fff0a4a95f87b438bc6780\windows-amd64\native-platform.dll
0x00007ff9ee040000 - 0x00007ff9ee04d000 	C:\Program Files\Android\Android Studio\jre\jre\bin\management.dll
0x00007ff9f24f0000 - 0x00007ff9f2508000 	C:\WINDOWS\SYSTEM32\CRYPTSP.dll
0x00007ff9f1c50000 - 0x00007ff9f1c84000 	C:\WINDOWS\system32\rsaenh.dll
0x00007ff9f32e0000 - 0x00007ff9f3307000 	C:\WINDOWS\System32\bcrypt.dll
0x00007ff9f29f0000 - 0x00007ff9f2a1e000 	C:\WINDOWS\SYSTEM32\USERENV.dll
0x00007ff9f30a0000 - 0x00007ff9f3120000 	C:\WINDOWS\System32\bcryptprimitives.dll
0x00007ff9f2510000 - 0x00007ff9f251c000 	C:\WINDOWS\SYSTEM32\CRYPTBASE.dll
0x00007ff9f1fc0000 - 0x00007ff9f1ffb000 	C:\WINDOWS\SYSTEM32\IPHLPAPI.DLL
0x00007ff9f4a50000 - 0x00007ff9f4a58000 	C:\WINDOWS\System32\NSI.dll
0x00007ff9ebec0000 - 0x00007ff9ebed7000 	C:\WINDOWS\SYSTEM32\dhcpcsvc6.DLL
0x00007ff9eab90000 - 0x00007ff9eabad000 	C:\WINDOWS\SYSTEM32\dhcpcsvc.DLL
0x00007ff9f2000000 - 0x00007ff9f20cb000 	C:\WINDOWS\SYSTEM32\DNSAPI.dll
0x00007ff9ebee0000 - 0x00007ff9ebeeb000 	C:\WINDOWS\SYSTEM32\WINNSI.DLL
0x00007ff9efff0000 - 0x00007ff9f0080000 	C:\WINDOWS\system32\apphelp.dll
0x00007ff9f19a0000 - 0x00007ff9f19d3000 	C:\WINDOWS\SYSTEM32\ntmarta.dll

VM Arguments:
jvm_args: -Xmx2048m -Dfile.encoding=windows-1252 -Duser.country=US -Duser.language=en -Duser.variant 
java_command: org.gradle.launcher.daemon.bootstrap.GradleDaemon 6.5
java_class_path (initial): C:\Users\Arash\.gradle\wrapper\dists\gradle-6.5-bin\6nifqtx7604sqp1q6g8wikw7p\gradle-6.5\lib\gradle-launcher-6.5.jar
Launcher Type: SUN_STANDARD

Environment Variables:
PATH=C:\Program Files (x86)\Common Files\Intel\Shared Libraries\redist\intel64\compiler;C:\Program Files (x86)\Common Files\Oracle\Java\javapath;C:\Program Files (x86)\Intel\Intel(R) Management Engine Components\iCLS\;C:\Program Files\Intel\Intel(R) Management Engine Components\iCLS\;C:\Windows\system32;C:\Windows;C:\Windows\System32\Wbem;C:\Windows\System32\WindowsPowerShell\v1.0\;C:\Windows\System32\OpenSSH\;C:\Program Files (x86)\NVIDIA Corporation\PhysX\Common;C:\Program Files (x86)\Intel\Intel(R) Management Engine Components\DAL;C:\Program Files\Intel\Intel(R) Management Engine Components\DAL;C:\Program Files (x86)\Intel\Intel(R) Management Engine Components\IPT;C:\Program Files\Intel\Intel(R) Management Engine Components\IPT;C:\Program Files\NVIDIA Corporation\NVIDIA NvDLISR;C:\Program Files (x86)\Microsoft SQL Server\150\DTS\Binn\;C:\WINDOWS\system32;C:\WINDOWS;C:\WINDOWS\System32\Wbem;C:\WINDOWS\System32\WindowsPowerShell\v1.0\;C:\WINDOWS\System32\OpenSSH\;C:\Program Files\Intel\WiFi\bin\;C:\Program Files\Common Files\Intel\WirelessCommon\;C:\Program Files\nodejs\;C:\Program Files\Git\cmd;C:\Program Files\Java\jdk1.8.0_202\bin;C:\Users\Arash\AppData\Roaming\npm;C:\Program Files\Intel\WiFi\bin\;C:\Program Files\Common Files\Intel\WirelessCommon\;C:\Program Files\heroku\bin
USERNAME=Arash
OS=Windows_NT
PROCESSOR_IDENTIFIER=Intel64 Family 6 Model 142 Stepping 10, GenuineIntel



---------------  S Y S T E M  ---------------

OS: Windows 10.0 , 64 bit Build 19041 (10.0.19041.804)

CPU:total 8 (initial active 8) (4 cores per cpu, 2 threads per core) family 6 model 142 stepping 10, cmov, cx8, fxsr, mmx, sse, sse2, sse3, ssse3, sse4.1, sse4.2, popcnt, avx, avx2, aes, clmul, erms, 3dnowpref, lzcnt, ht, tsc, tscinvbit, bmi1, bmi2, adx

Memory: 4k page, physical 12458928k(671404k free), swap 18602928k(3704k free)

vm_info: OpenJDK 64-Bit Server VM (25.242-b01) for windows-amd64 JRE (1.8.0_242-release-1644-b01), built by "builder" with MS VC++ 10.0 (VS2010)

time: Mon Feb 22 13:17:47 2021
timezone: Iran Standard Time
elapsed time: 23 seconds (0d 0h 0m 23s)

