#
# There is insufficient memory for the Java Runtime Environment to continue.
# Native memory allocation (malloc) failed to allocate 32744 bytes for ChunkPool::allocate
# Possible reasons:
#   The system is out of physical RAM or swap space
#   The process is running with CompressedOops enabled, and the Java Heap may be blocking the growth of the native heap
# Possible solutions:
#   Reduce memory load on the system
#   Increase physical memory or swap space
#   Check if swap backing store is full
#   Decrease Java heap size (-Xmx/-Xms)
#   Decrease number of Java threads
#   Decrease Java thread stack sizes (-Xss)
#   Set larger code cache with -XX:ReservedCodeCacheSize=
#   JVM is running with Zero Based Compressed Oops mode in which the Java heap is
#     placed in the first 32GB address space. The Java Heap base address is the
#     maximum limit for the native heap growth. Please use -XX:HeapBaseMinAddress
#     to set the Java Heap base and to place the Java Heap above 32GB virtual address.
# This output file may be truncated or incomplete.
#
#  Out of Memory Error (allocation.cpp:272), pid=4188, tid=0x0000000000004364
#
# JRE version: OpenJDK Runtime Environment (8.0_242-b01) (build 1.8.0_242-release-1644-b01)
# Java VM: OpenJDK 64-Bit Server VM (25.242-b01 mixed mode windows-amd64 compressed oops)
# Failed to write core dump. Minidumps are not enabled by default on client versions of Windows
#

---------------  T H R E A D  ---------------

Current thread (0x000000001c611800):  JavaThread "C2 CompilerThread0" daemon [_thread_in_native, id=17252, stack(0x000000001cee0000,0x000000001cfe0000)]

Stack: [0x000000001cee0000,0x000000001cfe0000]
[error occurred during error reporting (printing stack bounds), id 0xc0000005]

Native frames: (J=compiled Java code, j=interpreted, Vv=VM code, C=native code)


Current CompileTask:
C2:   1540 1840       4       org.jetbrains.kotlin.com.intellij.openapi.vfs.impl.ZipHandlerBase::getOrCreate (226 bytes)


---------------  P R O C E S S  ---------------

Java Threads: ( => current thread )
  0x000000001c6ab800 JavaThread "Service Thread" daemon [_thread_blocked, id=2348, stack(0x000000001d2e0000,0x000000001d3e0000)]
  0x000000001c61e800 JavaThread "C1 CompilerThread3" daemon [_thread_blocked, id=16636, stack(0x000000001d1e0000,0x000000001d2e0000)]
  0x000000001c61a800 JavaThread "C2 CompilerThread2" daemon [_thread_in_native, id=9400, stack(0x000000001d0e0000,0x000000001d1e0000)]
  0x000000001c614000 JavaThread "C2 CompilerThread1" daemon [_thread_in_native, id=9060, stack(0x000000001cfe0000,0x000000001d0e0000)]
=>0x000000001c611800 JavaThread "C2 CompilerThread0" daemon [_thread_in_native, id=17252, stack(0x000000001cee0000,0x000000001cfe0000)]
  0x000000001c60f800 JavaThread "Attach Listener" daemon [_thread_blocked, id=19212, stack(0x000000001cde0000,0x000000001cee0000)]
  0x000000001c60e000 JavaThread "Signal Dispatcher" daemon [_thread_blocked, id=4444, stack(0x000000001cce0000,0x000000001cde0000)]
  0x000000001c600800 JavaThread "Finalizer" daemon [_thread_blocked, id=12180, stack(0x000000001cae0000,0x000000001cbe0000)]
  0x0000000003358000 JavaThread "Reference Handler" daemon [_thread_blocked, id=11600, stack(0x000000001c9e0000,0x000000001cae0000)]
  0x0000000003262800 JavaThread "main" [_thread_in_native, id=12884, stack(0x0000000003160000,0x0000000003260000)]

Other Threads:
  0x000000001a816000 VMThread [stack: 0x000000001c4e0000,0x000000001c5e0000] [id=8608]
  0x000000001c6b4800 WatcherThread [stack: 0x000000001d3e0000,0x000000001d4e0000] [id=10940]

VM state:not at safepoint (normal execution)

VM Mutex/Monitor currently owned by a thread: None

heap address: 0x0000000701e00000, size: 3042 MB, Compressed Oops mode: Zero based, Oop shift amount: 3
Narrow klass base: 0x0000000000000000, Narrow klass shift: 3
Compressed class space size: 1073741824 Address: 0x00000007c0000000

Heap:
 PSYoungGen      total 106496K, used 23794K [0x0000000780a00000, 0x0000000787a00000, 0x00000007c0000000)
  eden space 98304K, 24% used [0x0000000780a00000,0x000000078213ca10,0x0000000786a00000)
  from space 8192K, 0% used [0x0000000787200000,0x0000000787200000,0x0000000787a00000)
  to   space 8192K, 0% used [0x0000000786a00000,0x0000000786a00000,0x0000000787200000)
 ParOldGen       total 112128K, used 18487K [0x0000000701e00000, 0x0000000708b80000, 0x0000000780a00000)
  object space 112128K, 16% used [0x0000000701e00000,0x000000070300de60,0x0000000708b80000)
 Metaspace       used 24036K, capacity 24487K, committed 24832K, reserved 1071104K
  class space    used 3091K, capacity 3242K, committed 3328K, reserved 1048576K

Card table byte_map: [0x0000000012720000,0x0000000012d20000] byte_map_base: 0x000000000ef11000

Marking Bits: (ParMarkBitMap*) 0x00000000699af030
 Begin Bits: [0x0000000013920000, 0x00000000168a8000)
 End Bits:   [0x00000000168a8000, 0x0000000019830000)

Polling page: 0x00000000019c0000

CodeCache: size=245760Kb used=5704Kb max_used=5704Kb free=240055Kb
 bounds [0x0000000003360000, 0x0000000003900000, 0x0000000012360000]
 total_blobs=2299 nmethods=1851 adapters=361
 compilation: enabled

Compilation events (10 events):
Event: 1.526 Thread 0x000000001c61e800 1850       3       java.util.zip.ZipEntry::setExtra0 (360 bytes)
Event: 1.531 Thread 0x000000001c61a800 nmethod 1849 0x00000000038ebdd0 code [0x00000000038ebf40, 0x00000000038ec3f8]
Event: 1.531 Thread 0x000000001c61a800 1851       4       org.jetbrains.kotlin.com.intellij.openapi.vfs.impl.ZipHandlerBase::getOrCreate (209 bytes)
Event: 1.531 Thread 0x000000001c61e800 nmethod 1850 0x00000000038ec890 code [0x00000000038ecf60, 0x00000000038f1a88]
Event: 1.531 Thread 0x000000001c61e800 1853       3       gnu.trove.THash::computeMaxSize (38 bytes)
Event: 1.532 Thread 0x000000001c61e800 nmethod 1853 0x00000000038e5810 code [0x00000000038e5980, 0x00000000038e5c70]
Event: 1.535 Thread 0x000000001c61e800 1854       3       java.io.File::exists (43 bytes)
Event: 1.535 Thread 0x000000001c61e800 nmethod 1854 0x00000000038e7b90 code [0x00000000038e7d20, 0x00000000038e81a8]
Event: 1.535 Thread 0x000000001c61e800 1855       3       sun.nio.fs.NativeBuffers::releaseNativeBuffer (103 bytes)
Event: 1.536 Thread 0x000000001c61e800 nmethod 1855 0x00000000038f6c90 code [0x00000000038f6f80, 0x00000000038f8408]

GC Heap History (6 events):
Event: 0.655 GC heap before
{Heap before GC invocations=1 (full 0):
 PSYoungGen      total 57344K, used 49152K [0x0000000780a00000, 0x0000000784a00000, 0x00000007c0000000)
  eden space 49152K, 100% used [0x0000000780a00000,0x0000000783a00000,0x0000000783a00000)
  from space 8192K, 0% used [0x0000000784200000,0x0000000784200000,0x0000000784a00000)
  to   space 8192K, 0% used [0x0000000783a00000,0x0000000783a00000,0x0000000784200000)
 ParOldGen       total 131072K, used 0K [0x0000000701e00000, 0x0000000709e00000, 0x0000000780a00000)
  object space 131072K, 0% used [0x0000000701e00000,0x0000000701e00000,0x0000000709e00000)
 Metaspace       used 11905K, capacity 12122K, committed 12160K, reserved 1060864K
  class space    used 1298K, capacity 1387K, committed 1408K, reserved 1048576K
Event: 0.663 GC heap after
Heap after GC invocations=1 (full 0):
 PSYoungGen      total 57344K, used 8175K [0x0000000780a00000, 0x0000000787a00000, 0x00000007c0000000)
  eden space 49152K, 0% used [0x0000000780a00000,0x0000000780a00000,0x0000000783a00000)
  from space 8192K, 99% used [0x0000000783a00000,0x00000007841fbc60,0x0000000784200000)
  to   space 8192K, 0% used [0x0000000787200000,0x0000000787200000,0x0000000787a00000)
 ParOldGen       total 131072K, used 3037K [0x0000000701e00000, 0x0000000709e00000, 0x0000000780a00000)
  object space 131072K, 2% used [0x0000000701e00000,0x00000007020f76e8,0x0000000709e00000)
 Metaspace       used 11905K, capacity 12122K, committed 12160K, reserved 1060864K
  class space    used 1298K, capacity 1387K, committed 1408K, reserved 1048576K
}
Event: 1.067 GC heap before
{Heap before GC invocations=2 (full 0):
 PSYoungGen      total 57344K, used 49484K [0x0000000780a00000, 0x0000000787a00000, 0x00000007c0000000)
  eden space 49152K, 84% used [0x0000000780a00000,0x00000007832573c8,0x0000000783a00000)
  from space 8192K, 99% used [0x0000000783a00000,0x00000007841fbc60,0x0000000784200000)
  to   space 8192K, 0% used [0x0000000787200000,0x0000000787200000,0x0000000787a00000)
 ParOldGen       total 131072K, used 3037K [0x0000000701e00000, 0x0000000709e00000, 0x0000000780a00000)
  object space 131072K, 2% used [0x0000000701e00000,0x00000007020f76e8,0x0000000709e00000)
 Metaspace       used 20755K, capacity 21122K, committed 21248K, reserved 1069056K
  class space    used 2382K, capacity 2515K, committed 2560K, reserved 1048576K
Event: 1.077 GC heap after
Heap after GC invocations=2 (full 0):
 PSYoungGen      total 106496K, used 8185K [0x0000000780a00000, 0x0000000787a00000, 0x00000007c0000000)
  eden space 98304K, 0% used [0x0000000780a00000,0x0000000780a00000,0x0000000786a00000)
  from space 8192K, 99% used [0x0000000787200000,0x00000007879fe700,0x0000000787a00000)
  to   space 8192K, 0% used [0x0000000786a00000,0x0000000786a00000,0x0000000787200000)
 ParOldGen       total 131072K, used 13643K [0x0000000701e00000, 0x0000000709e00000, 0x0000000780a00000)
  object space 131072K, 10% used [0x0000000701e00000,0x0000000702b52ce8,0x0000000709e00000)
 Metaspace       used 20755K, capacity 21122K, committed 21248K, reserved 1069056K
  class space    used 2382K, capacity 2515K, committed 2560K, reserved 1048576K
}
Event: 1.078 GC heap before
{Heap before GC invocations=3 (full 1):
 PSYoungGen      total 106496K, used 8185K [0x0000000780a00000, 0x0000000787a00000, 0x00000007c0000000)
  eden space 98304K, 0% used [0x0000000780a00000,0x0000000780a00000,0x0000000786a00000)
  from space 8192K, 99% used [0x0000000787200000,0x00000007879fe700,0x0000000787a00000)
  to   space 8192K, 0% used [0x0000000786a00000,0x0000000786a00000,0x0000000787200000)
 ParOldGen       total 131072K, used 13643K [0x0000000701e00000, 0x0000000709e00000, 0x0000000780a00000)
  object space 131072K, 10% used [0x0000000701e00000,0x0000000702b52ce8,0x0000000709e00000)
 Metaspace       used 20755K, capacity 21122K, committed 21248K, reserved 1069056K
  class space    used 2382K, capacity 2515K, committed 2560K, reserved 1048576K
Event: 1.116 GC heap after
Heap after GC invocations=3 (full 1):
 PSYoungGen      total 106496K, used 0K [0x0000000780a00000, 0x0000000787a00000, 0x00000007c0000000)
  eden space 98304K, 0% used [0x0000000780a00000,0x0000000780a00000,0x0000000786a00000)
  from space 8192K, 0% used [0x0000000787200000,0x0000000787200000,0x0000000787a00000)
  to   space 8192K, 0% used [0x0000000786a00000,0x0000000786a00000,0x0000000787200000)
 ParOldGen       total 112128K, used 18487K [0x0000000701e00000, 0x0000000708b80000, 0x0000000780a00000)
  object space 112128K, 16% used [0x0000000701e00000,0x000000070300de60,0x0000000708b80000)
 Metaspace       used 20755K, capacity 21122K, committed 21248K, reserved 1069056K
  class space    used 2382K, capacity 2515K, committed 2560K, reserved 1048576K
}

Deoptimization events (10 events):
Event: 0.913 Thread 0x0000000003262800 Uncommon trap: reason=class_check action=maybe_recompile pc=0x00000000036d4340 method=java.util.Collections$UnmodifiableCollection.size()I @ 4
Event: 0.913 Thread 0x0000000003262800 Uncommon trap: reason=class_check action=maybe_recompile pc=0x00000000036d1838 method=java.util.Collections$UnmodifiableList.get(I)Ljava/lang/Object; @ 5
Event: 0.913 Thread 0x0000000003262800 Uncommon trap: reason=class_check action=maybe_recompile pc=0x00000000036d1838 method=java.util.Collections$UnmodifiableList.get(I)Ljava/lang/Object; @ 5
Event: 0.924 Thread 0x0000000003262800 Uncommon trap: reason=unstable_if action=reinterpret pc=0x000000000358a250 method=sun.misc.MetaIndex.mayContain(Ljava/lang/String;)Z @ 38
Event: 0.955 Thread 0x0000000003262800 Uncommon trap: reason=unstable_if action=reinterpret pc=0x0000000003812e9c method=java.util.Arrays.equals([B[B)Z @ 2
Event: 1.054 Thread 0x0000000003262800 Uncommon trap: reason=unstable_if action=reinterpret pc=0x0000000003595cbc method=java.lang.String.startsWith(Ljava/lang/String;I)Z @ 25
Event: 1.054 Thread 0x0000000003262800 Uncommon trap: reason=unstable_if action=reinterpret pc=0x000000000351631c method=java.lang.String.startsWith(Ljava/lang/String;I)Z @ 25
Event: 1.463 Thread 0x0000000003262800 Uncommon trap: reason=unstable_if action=reinterpret pc=0x00000000038bf224 method=org.jetbrains.kotlin.com.intellij.openapi.vfs.impl.ZipEntryMap.isTheOne(Lorg/jetbrains/kotlin/com/intellij/openapi/vfs/impl/ArchiveHandler$EntryInfo;Ljava/lang/CharSequence;
Event: 1.505 Thread 0x0000000003262800 Uncommon trap: reason=unstable_if action=reinterpret pc=0x00000000038bdd30 method=org.jetbrains.kotlin.com.intellij.openapi.vfs.impl.ZipEntryMap.isTheOne(Lorg/jetbrains/kotlin/com/intellij/openapi/vfs/impl/ArchiveHandler$EntryInfo;Ljava/lang/CharSequence;
Event: 1.523 Thread 0x0000000003262800 Uncommon trap: reason=unstable_if action=reinterpret pc=0x00000000038c957c method=java.util.zip.ZipEntry.setExtra0([BZ)V @ 279

Classes redefined (0 events):
No events

Internal exceptions (10 events):
Event: 0.295 Thread 0x0000000003262800 Exception <a 'java/security/PrivilegedActionException'> (0x0000000781a33c08) thrown at [C:\src\AOSP-openjdk-git\hotspot\src\share\vm\prims\jvm.cpp, line 1502]
Event: 0.295 Thread 0x0000000003262800 Exception <a 'java/security/PrivilegedActionException'> (0x0000000781a34000) thrown at [C:\src\AOSP-openjdk-git\hotspot\src\share\vm\prims\jvm.cpp, line 1502]
Event: 0.383 Thread 0x0000000003262800 Implicit null exception at 0x00000000034dbf9c to 0x00000000034dc16d
Event: 0.448 Thread 0x0000000003262800 Exception <a 'java/lang/ArrayIndexOutOfBoundsException'> (0x0000000782801888) thrown at [C:\src\AOSP-openjdk-git\hotspot\src\share\vm\runtime\sharedRuntime.cpp, line 605]
Event: 0.568 Thread 0x0000000003262800 Exception <a 'java/lang/ArrayIndexOutOfBoundsException'> (0x00000007831ec808) thrown at [C:\src\AOSP-openjdk-git\hotspot\src\share\vm\runtime\sharedRuntime.cpp, line 605]
Event: 0.868 Thread 0x0000000003262800 Exception <a 'java/lang/NoSuchMethodError': java.lang.Object.lambda$comparing$77a9974f$1(Ljava/util/function/Function;Ljava/lang/Object;Ljava/lang/Object;)I> (0x0000000781db17a8) thrown at [C:\src\AOSP-openjdk-git\hotspot\src\share\vm\interpreter\linkReso
Event: 0.879 Thread 0x0000000003262800 Exception <a 'java/lang/NoSuchMethodError': java.lang.Object.lambda$static$0()J> (0x0000000781ec7d78) thrown at [C:\src\AOSP-openjdk-git\hotspot\src\share\vm\interpreter\linkResolver.cpp, line 620]
Event: 1.021 Thread 0x0000000003262800 Exception <a 'java/lang/NoSuchMethodError': java.lang.Object.lambda$static$0(I)[Lorg/jetbrains/kotlin/com/intellij/openapi/editor/event/DocumentListener;> (0x0000000782dada80) thrown at [C:\src\AOSP-openjdk-git\hotspot\src\share\vm\interpreter\linkResolve
Event: 1.042 Thread 0x0000000003262800 Exception <a 'java/lang/NoSuchMethodError': java.lang.Object.lambda$static$0(I)[Lorg/jetbrains/kotlin/com/intellij/psi/PsiAnnotation;> (0x0000000782fd8e40) thrown at [C:\src\AOSP-openjdk-git\hotspot\src\share\vm\interpreter\linkResolver.cpp, line 620]
Event: 1.140 Thread 0x0000000003262800 Exception <a 'java/lang/NoSuchMethodError': java.lang.Object.lambda$static$0(I)[Lorg/jetbrains/kotlin/com/intellij/psi/PsiElement;> (0x0000000780c67f88) thrown at [C:\src\AOSP-openjdk-git\hotspot\src\share\vm\interpreter\linkResolver.cpp, line 620]

Events (10 events):
Event: 1.496 loading class java/time/temporal/Temporal done
Event: 1.496 loading class java/time/temporal/TemporalAdjuster
Event: 1.497 loading class java/time/temporal/TemporalAdjuster done
Event: 1.497 loading class java/time/Instant done
Event: 1.505 Thread 0x0000000003262800 Uncommon trap: trap_request=0xffffff65 fr.pc=0x00000000038bdd30
Event: 1.505 Thread 0x0000000003262800 DEOPT PACKING pc=0x00000000038bdd30 sp=0x000000000325de90
Event: 1.505 Thread 0x0000000003262800 DEOPT UNPACKING pc=0x00000000033a557b sp=0x000000000325dde8 mode 2
Event: 1.522 Thread 0x0000000003262800 Uncommon trap: trap_request=0xffffff65 fr.pc=0x00000000038c957c
Event: 1.523 Thread 0x0000000003262800 DEOPT PACKING pc=0x00000000038c957c sp=0x000000000325df30
Event: 1.523 Thread 0x0000000003262800 DEOPT UNPACKING pc=0x00000000033a557b sp=0x000000000325deb8 mode 2


Dynamic libraries:
0x00007ff600bc0000 - 0x00007ff600bf1000 	C:\Program Files\Android\Android Studio\jre\jre\bin\java.exe
0x00007ffbf89b0000 - 0x00007ffbf8ba6000 	C:\WINDOWS\SYSTEM32\ntdll.dll
0x00007ffbf6de0000 - 0x00007ffbf6e9d000 	C:\WINDOWS\System32\KERNEL32.DLL
0x00007ffbf6560000 - 0x00007ffbf6829000 	C:\WINDOWS\System32\KERNELBASE.dll
0x00007ffbf7030000 - 0x00007ffbf70dc000 	C:\WINDOWS\System32\ADVAPI32.dll
0x00007ffbf6d40000 - 0x00007ffbf6dde000 	C:\WINDOWS\System32\msvcrt.dll
0x00007ffbf8020000 - 0x00007ffbf80bc000 	C:\WINDOWS\System32\sechost.dll
0x00007ffbf7a80000 - 0x00007ffbf7bab000 	C:\WINDOWS\System32\RPCRT4.dll
0x00007ffbf6b10000 - 0x00007ffbf6cb0000 	C:\WINDOWS\System32\USER32.dll
0x00007ffbf68e0000 - 0x00007ffbf6902000 	C:\WINDOWS\System32\win32u.dll
0x00007ffbf6f00000 - 0x00007ffbf6f2a000 	C:\WINDOWS\System32\GDI32.dll
0x00007ffbf6110000 - 0x00007ffbf6219000 	C:\WINDOWS\System32\gdi32full.dll
0x00007ffbf6940000 - 0x00007ffbf69dd000 	C:\WINDOWS\System32\msvcp_win.dll
0x00007ffbf6380000 - 0x00007ffbf6480000 	C:\WINDOWS\System32\ucrtbase.dll
0x00007ffbf54e0000 - 0x00007ffbf577b000 	C:\WINDOWS\WinSxS\amd64_microsoft.windows.common-controls_6595b64144ccf1df_6.0.19041.488_none_ca04af081b815d21\COMCTL32.dll
0x00007ffbf6fa0000 - 0x00007ffbf6fd0000 	C:\WINDOWS\System32\IMM32.DLL
0x0000000069c10000 - 0x0000000069ce2000 	C:\Program Files\Android\Android Studio\jre\jre\bin\msvcr100.dll
0x00000000691e0000 - 0x0000000069a2b000 	C:\Program Files\Android\Android Studio\jre\jre\bin\server\jvm.dll
0x00007ffbf76a0000 - 0x00007ffbf76a8000 	C:\WINDOWS\System32\PSAPI.DLL
0x00007ffbe8500000 - 0x00007ffbe8509000 	C:\WINDOWS\SYSTEM32\WSOCK32.dll
0x00007ffbf6f30000 - 0x00007ffbf6f9b000 	C:\WINDOWS\System32\WS2_32.dll
0x00007ffbef470000 - 0x00007ffbef47a000 	C:\WINDOWS\SYSTEM32\VERSION.dll
0x00007ffbeb8a0000 - 0x00007ffbeb8c7000 	C:\WINDOWS\SYSTEM32\WINMM.dll
0x00007ffbf08f0000 - 0x00007ffbf08ff000 	C:\Program Files\Android\Android Studio\jre\jre\bin\verify.dll
0x00007ffbebd90000 - 0x00007ffbebdb9000 	C:\Program Files\Android\Android Studio\jre\jre\bin\java.dll
0x00007ffbebd70000 - 0x00007ffbebd86000 	C:\Program Files\Android\Android Studio\jre\jre\bin\zip.dll
0x00007ffbf80e0000 - 0x00007ffbf8822000 	C:\WINDOWS\System32\SHELL32.dll
0x00007ffbf39e0000 - 0x00007ffbf4175000 	C:\WINDOWS\SYSTEM32\windows.storage.dll
0x00007ffbf7190000 - 0x00007ffbf74e6000 	C:\WINDOWS\System32\combase.dll
0x00007ffbf5440000 - 0x00007ffbf546c000 	C:\WINDOWS\SYSTEM32\Wldp.dll
0x00007ffbf70e0000 - 0x00007ffbf718e000 	C:\WINDOWS\System32\SHCORE.dll
0x00007ffbf8830000 - 0x00007ffbf8885000 	C:\WINDOWS\System32\shlwapi.dll
0x00007ffbf5ff0000 - 0x00007ffbf6016000 	C:\WINDOWS\SYSTEM32\profapi.dll
0x00007ffbeb540000 - 0x00007ffbeb55a000 	C:\Program Files\Android\Android Studio\jre\jre\bin\net.dll
0x00007ffbf5320000 - 0x00007ffbf538a000 	C:\WINDOWS\system32\mswsock.dll
0x00007ffbeb390000 - 0x00007ffbeb3a3000 	C:\Program Files\Android\Android Studio\jre\jre\bin\nio.dll

VM Arguments:
java_command: org.jetbrains.kotlin.cli.jvm.K2JVMCompiler @C:\Users\Arash\AndroidStudioProjects\NearRoom\app\build\20210110_4561514699930799667.compiler.options
java_class_path (initial): C:\Users\Arash\.gradle\caches\modules-2\files-2.1\org.jetbrains.kotlin\kotlin-compiler-embeddable\1.4.21\87db94500aaf883536ae8c8efdee76bdc839d582\kotlin-compiler-embeddable-1.4.21.jar;C:\Users\Arash\.gradle\caches\modules-2\files-2.1\org.jetbrains.kotlin\kotlin-reflect\1.4.21\748f681f4e3edbe9285ff46710c79049c70f4dfa\kotlin-reflect-1.4.21.jar;C:\Users\Arash\.gradle\caches\modules-2\files-2.1\org.jetbrains.kotlin\kotlin-stdlib\1.4.21\4a668382d7c38688d3490afde93b6a113ed46698\kotlin-stdlib-1.4.21.jar;C:\Users\Arash\.gradle\caches\modules-2\files-2.1\org.jetbrains.kotlin\kotlin-script-runtime\1.4.21\1247decba314790165b4fe94d09c45b09db6b07f\kotlin-script-runtime-1.4.21.jar;C:\Users\Arash\.gradle\caches\modules-2\files-2.1\org.jetbrains.kotlin\kotlin-daemon-embeddable\1.4.21\bc95bcebdc871d45d9852b0c01abe9bec373bb52\kotlin-daemon-embeddable-1.4.21.jar;C:\Users\Arash\.gradle\caches\modules-2\files-2.1\org.jetbrains.intellij.deps\trove4j\1.0.20181211\216c2e14b070f334479d800987affe4054cd563f\trove4j-1.0.20181211.jar;C:\Users\Arash\.gradle\caches\modules-2\files-2.1\org.jetbrains.kotlin\kotlin-stdlib-common\1.4.21\7f48a062aa4b53215998780f7c245a4276828e1d\kotlin-stdlib-common-1.4.21.jar;C:\Users\Arash\.gradle\caches\modules-2\files-2.1\org.jetbrains\annotations\13.0\919f0dfe192fb4e063e7dacadee7f8bb9a2672a9\annotations-13.0.jar;C:\Program Files\Android\Android Studio\jre\lib\tools.jar
Launcher Type: SUN_STANDARD

Environment Variables:
PATH=C:\Program Files (x86)\Common Files\Intel\Shared Libraries\redist\intel64\compiler;C:\Program Files (x86)\Common Files\Oracle\Java\javapath;C:\Program Files (x86)\Intel\Intel(R) Management Engine Components\iCLS\;C:\Program Files\Intel\Intel(R) Management Engine Components\iCLS\;C:\Windows\system32;C:\Windows;C:\Windows\System32\Wbem;C:\Windows\System32\WindowsPowerShell\v1.0\;C:\Windows\System32\OpenSSH\;C:\Program Files (x86)\NVIDIA Corporation\PhysX\Common;C:\Program Files (x86)\Intel\Intel(R) Management Engine Components\DAL;C:\Program Files\Intel\Intel(R) Management Engine Components\DAL;C:\Program Files (x86)\Intel\Intel(R) Management Engine Components\IPT;C:\Program Files\Intel\Intel(R) Management Engine Components\IPT;C:\Program Files\NVIDIA Corporation\NVIDIA NvDLISR;C:\Program Files (x86)\Microsoft SQL Server\150\DTS\Binn\;C:\WINDOWS\system32;C:\WINDOWS;C:\WINDOWS\System32\Wbem;C:\WINDOWS\System32\WindowsPowerShell\v1.0\;C:\WINDOWS\System32\OpenSSH\;C:\Program Files\Intel\WiFi\bin\;C:\Program Files\Common Files\Intel\WirelessCommon\;C:\Program Files\nodejs\;C:\Program Files\Git\cmd;C:\Program Files\Java\jdk1.8.0_202\bin;C:\Users\Arash\AppData\Roaming\npm;C:\Program Files\Intel\WiFi\bin\;C:\Program Files\Common Files\Intel\WirelessCommon\;C:\Program Files\heroku\bin
USERNAME=Arash
OS=Windows_NT
PROCESSOR_IDENTIFIER=Intel64 Family 6 Model 142 Stepping 10, GenuineIntel



---------------  S Y S T E M  ---------------

OS: Windows 10.0 , 64 bit Build 19041 (10.0.19041.662)

CPU:total 8 (initial active 8) (4 cores per cpu, 2 threads per core) family 6 model 142 stepping 10, cmov, cx8, fxsr, mmx, sse, sse2, sse3, ssse3, sse4.1, sse4.2, popcnt, avx, avx2, aes, clmul, erms, 3dnowpref, lzcnt, ht, tsc, tscinvbit, bmi1, bmi2, adx

Memory: 4k page, physical 12458928k(497304k free), swap 18602928k(812k free)

vm_info: OpenJDK 64-Bit Server VM (25.242-b01) for windows-amd64 JRE (1.8.0_242-release-1644-b01), built by "builder" with MS VC++ 10.0 (VS2010)

time: Sun Jan 10 23:26:57 2021
timezone: Iran Standard Time
elapsed time: 1 seconds (0d 0h 0m 1s)

