#
# There is insufficient memory for the Java Runtime Environment to continue.
# Native memory allocation (malloc) failed to allocate 1128816 bytes for Chunk::new
# Possible reasons:
#   The system is out of physical RAM or swap space
#   The process is running with CompressedOops enabled, and the Java Heap may be blocking the growth of the native heap
# Possible solutions:
#   Reduce memory load on the system
#   Increase physical memory or swap space
#   Check if swap backing store is full
#   Decrease Java heap size (-Xmx/-Xms)
#   Decrease number of Java threads
#   Decrease Java thread stack sizes (-Xss)
#   Set larger code cache with -XX:ReservedCodeCacheSize=
#   JVM is running with Zero Based Compressed Oops mode in which the Java heap is
#     placed in the first 32GB address space. The Java Heap base address is the
#     maximum limit for the native heap growth. Please use -XX:HeapBaseMinAddress
#     to set the Java Heap base and to place the Java Heap above 32GB virtual address.
# This output file may be truncated or incomplete.
#
#  Out of Memory Error (allocation.cpp:389), pid=19548, tid=0x0000000000008440
#
# JRE version: OpenJDK Runtime Environment (8.0_242-b01) (build 1.8.0_242-release-1644-b01)
# Java VM: OpenJDK 64-Bit Server VM (25.242-b01 mixed mode windows-amd64 compressed oops)
# Failed to write core dump. Minidumps are not enabled by default on client versions of Windows
#

---------------  T H R E A D  ---------------

Current thread (0x000000001bc15000):  JavaThread "C2 CompilerThread1" daemon [_thread_in_native, id=33856, stack(0x000000001c5e0000,0x000000001c6e0000)]

Stack: [0x000000001c5e0000,0x000000001c6e0000]
[error occurred during error reporting (printing stack bounds), id 0xc0000005]

Native frames: (J=compiled Java code, j=interpreted, Vv=VM code, C=native code)


Current CompileTask:
C2:  14501 15175   !   4       org.jetbrains.org.objectweb.asm.tree.analysis.Analyzer::analyze (1577 bytes)


---------------  P R O C E S S  ---------------

Java Threads: ( => current thread )
  0x000000001bcaa800 JavaThread "Service Thread" daemon [_thread_blocked, id=16536, stack(0x000000001c8e0000,0x000000001c9e0000)]
  0x000000001bc21800 JavaThread "C1 CompilerThread3" daemon [_thread_in_vm, id=37196, stack(0x000000001c7e0000,0x000000001c8e0000)]
  0x000000001bc19800 JavaThread "C2 CompilerThread2" daemon [_thread_in_native, id=2236, stack(0x000000001c6e0000,0x000000001c7e0000)]
=>0x000000001bc15000 JavaThread "C2 CompilerThread1" daemon [_thread_in_native, id=33856, stack(0x000000001c5e0000,0x000000001c6e0000)]
  0x000000001bc12800 JavaThread "C2 CompilerThread0" daemon [_thread_in_native, id=25132, stack(0x000000001c4e0000,0x000000001c5e0000)]
  0x000000001bc10800 JavaThread "Attach Listener" daemon [_thread_blocked, id=23216, stack(0x000000001c3e0000,0x000000001c4e0000)]
  0x000000001bc0f000 JavaThread "Signal Dispatcher" daemon [_thread_blocked, id=23496, stack(0x000000001c2e0000,0x000000001c3e0000)]
  0x000000001bc00800 JavaThread "Finalizer" daemon [_thread_blocked, id=30064, stack(0x000000001c0e0000,0x000000001c1e0000)]
  0x0000000002908000 JavaThread "Reference Handler" daemon [_thread_blocked, id=26876, stack(0x000000001bfe0000,0x000000001c0e0000)]
  0x0000000002812800 JavaThread "main" [_thread_in_Java, id=32728, stack(0x0000000002710000,0x0000000002810000)]

Other Threads:
  0x0000000019e06000 VMThread [stack: 0x000000001bae0000,0x000000001bbe0000] [id=6724]
  0x000000001bcb3000 WatcherThread [stack: 0x000000001c9e0000,0x000000001cae0000] [id=15488]

VM state:not at safepoint (normal execution)

VM Mutex/Monitor currently owned by a thread: None

heap address: 0x0000000701e00000, size: 3042 MB, Compressed Oops mode: Zero based, Oop shift amount: 3
Narrow klass base: 0x0000000000000000, Narrow klass shift: 3
Compressed class space size: 1073741824 Address: 0x00000007c0000000

Heap:
 PSYoungGen      total 237568K, used 37960K [0x0000000780a00000, 0x0000000794880000, 0x00000007c0000000)
  eden space 198144K, 1% used [0x0000000780a00000,0x0000000780dd2cf8,0x000000078cb80000)
  from space 39424K, 86% used [0x000000078cb80000,0x000000078ecbf440,0x000000078f200000)
  to   space 45056K, 0% used [0x0000000791c80000,0x0000000791c80000,0x0000000794880000)
 ParOldGen       total 154624K, used 65822K [0x0000000701e00000, 0x000000070b500000, 0x0000000780a00000)
  object space 154624K, 42% used [0x0000000701e00000,0x0000000705e47908,0x000000070b500000)
 Metaspace       used 69530K, capacity 71307K, committed 71552K, reserved 1112064K
  class space    used 7888K, capacity 8317K, committed 8320K, reserved 1048576K

Card table byte_map: [0x0000000011cd0000,0x00000000122d0000] byte_map_base: 0x000000000e4c1000

Marking Bits: (ParMarkBitMap*) 0x000000005869f030
 Begin Bits: [0x0000000012ed0000, 0x0000000015e58000)
 End Bits:   [0x0000000015e58000, 0x0000000018de0000)

Polling page: 0x0000000000a60000

CodeCache: size=245760Kb used=59237Kb max_used=59301Kb free=186522Kb
 bounds [0x0000000002910000, 0x0000000006330000, 0x0000000011910000]
 total_blobs=13471 nmethods=12910 adapters=471
 compilation: enabled

Compilation events (10 events):
Event: 14.465 Thread 0x000000001bc21800 15824       3       org.jetbrains.org.objectweb.asm.Frame::setInputFrameFromDescriptor (175 bytes)
Event: 14.466 Thread 0x000000001bc21800 nmethod 15824 0x000000000631a990 code [0x000000000631ab60, 0x000000000631b458]
Event: 14.466 Thread 0x000000001bc21800 15823       3       org.jetbrains.org.objectweb.asm.Label::addForwardReference (102 bytes)
Event: 14.466 Thread 0x000000001bc21800 nmethod 15823 0x0000000006329150 code [0x00000000063292e0, 0x0000000006329788]
Event: 14.493 Thread 0x000000001bc12800 nmethod 15816 0x000000000632bb10 code [0x000000000632bf60, 0x000000000632d140]
Event: 14.495 Thread 0x000000001bc12800 15825       4       org.jetbrains.kotlin.codegen.DescriptorBasedFunctionHandleForJvm::<init> (149 bytes)
Event: 14.497 Thread 0x000000001bc21800 15826       3       org.jetbrains.kotlin.load.java.typeEnhancement.EnhancedTypeAnnotations::iterator (9 bytes)
Event: 14.497 Thread 0x000000001bc21800 nmethod 15826 0x0000000006322d90 code [0x0000000006322f00, 0x0000000006323110]
Event: 14.498 Thread 0x000000001bc21800 15827       3       java.util.TimSort::gallopRight (335 bytes)
Event: 14.499 Thread 0x000000001bc21800 nmethod 15827 0x000000000632a950 code [0x000000000632ab40, 0x000000000632b638]

GC Heap History (10 events):
Event: 6.024 GC heap before
{Heap before GC invocations=8 (full 2):
 PSYoungGen      total 139776K, used 139764K [0x0000000780a00000, 0x0000000791300000, 0x00000007c0000000)
  eden space 131584K, 100% used [0x0000000780a00000,0x0000000788a80000,0x0000000788a80000)
  from space 8192K, 99% used [0x0000000788a80000,0x000000078927d008,0x0000000789280000)
  to   space 33792K, 0% used [0x000000078f200000,0x000000078f200000,0x0000000791300000)
 ParOldGen       total 154624K, used 42185K [0x0000000701e00000, 0x000000070b500000, 0x0000000780a00000)
  object space 154624K, 27% used [0x0000000701e00000,0x0000000704732408,0x000000070b500000)
 Metaspace       used 55114K, capacity 56207K, committed 56320K, reserved 1097728K
  class space    used 6829K, capacity 7103K, committed 7168K, reserved 1048576K
Event: 6.051 GC heap after
Heap after GC invocations=8 (full 2):
 PSYoungGen      total 231936K, used 32057K [0x0000000780a00000, 0x0000000791900000, 0x00000007c0000000)
  eden space 198144K, 0% used [0x0000000780a00000,0x0000000780a00000,0x000000078cb80000)
  from space 33792K, 94% used [0x000000078f200000,0x000000079114e778,0x0000000791300000)
  to   space 39424K, 0% used [0x000000078cb80000,0x000000078cb80000,0x000000078f200000)
 ParOldGen       total 154624K, used 42193K [0x0000000701e00000, 0x000000070b500000, 0x0000000780a00000)
  object space 154624K, 27% used [0x0000000701e00000,0x0000000704734408,0x000000070b500000)
 Metaspace       used 55114K, capacity 56207K, committed 56320K, reserved 1097728K
  class space    used 6829K, capacity 7103K, committed 7168K, reserved 1048576K
}
Event: 7.745 GC heap before
{Heap before GC invocations=9 (full 2):
 PSYoungGen      total 231936K, used 116105K [0x0000000780a00000, 0x0000000791900000, 0x00000007c0000000)
  eden space 198144K, 42% used [0x0000000780a00000,0x0000000785c13fc8,0x000000078cb80000)
  from space 33792K, 94% used [0x000000078f200000,0x000000079114e778,0x0000000791300000)
  to   space 39424K, 0% used [0x000000078cb80000,0x000000078cb80000,0x000000078f200000)
 ParOldGen       total 154624K, used 42193K [0x0000000701e00000, 0x000000070b500000, 0x0000000780a00000)
  object space 154624K, 27% used [0x0000000701e00000,0x0000000704734408,0x000000070b500000)
 Metaspace       used 57798K, capacity 58949K, committed 59008K, reserved 1101824K
  class space    used 6954K, capacity 7250K, committed 7296K, reserved 1048576K
Event: 7.774 GC heap after
Heap after GC invocations=9 (full 2):
 PSYoungGen      total 237568K, used 35665K [0x0000000780a00000, 0x0000000791900000, 0x00000007c0000000)
  eden space 198144K, 0% used [0x0000000780a00000,0x0000000780a00000,0x000000078cb80000)
  from space 39424K, 90% used [0x000000078cb80000,0x000000078ee54518,0x000000078f200000)
  to   space 33792K, 0% used [0x000000078f200000,0x000000078f200000,0x0000000791300000)
 ParOldGen       total 154624K, used 42201K [0x0000000701e00000, 0x000000070b500000, 0x0000000780a00000)
  object space 154624K, 27% used [0x0000000701e00000,0x0000000704736408,0x000000070b500000)
 Metaspace       used 57798K, capacity 58949K, committed 59008K, reserved 1101824K
  class space    used 6954K, capacity 7250K, committed 7296K, reserved 1048576K
}
Event: 7.774 GC heap before
{Heap before GC invocations=10 (full 3):
 PSYoungGen      total 237568K, used 35665K [0x0000000780a00000, 0x0000000791900000, 0x00000007c0000000)
  eden space 198144K, 0% used [0x0000000780a00000,0x0000000780a00000,0x000000078cb80000)
  from space 39424K, 90% used [0x000000078cb80000,0x000000078ee54518,0x000000078f200000)
  to   space 33792K, 0% used [0x000000078f200000,0x000000078f200000,0x0000000791300000)
 ParOldGen       total 154624K, used 42201K [0x0000000701e00000, 0x000000070b500000, 0x0000000780a00000)
  object space 154624K, 27% used [0x0000000701e00000,0x0000000704736408,0x000000070b500000)
 Metaspace       used 57798K, capacity 58949K, committed 59008K, reserved 1101824K
  class space    used 6954K, capacity 7250K, committed 7296K, reserved 1048576K
Event: 8.099 GC heap after
Heap after GC invocations=10 (full 3):
 PSYoungGen      total 237568K, used 0K [0x0000000780a00000, 0x0000000791900000, 0x00000007c0000000)
  eden space 198144K, 0% used [0x0000000780a00000,0x0000000780a00000,0x000000078cb80000)
  from space 39424K, 0% used [0x000000078cb80000,0x000000078cb80000,0x000000078f200000)
  to   space 33792K, 0% used [0x000000078f200000,0x000000078f200000,0x0000000791300000)
 ParOldGen       total 154624K, used 65806K [0x0000000701e00000, 0x000000070b500000, 0x0000000780a00000)
  object space 154624K, 42% used [0x0000000701e00000,0x0000000705e43908,0x000000070b500000)
 Metaspace       used 57798K, capacity 58949K, committed 59008K, reserved 1101824K
  class space    used 6954K, capacity 7250K, committed 7296K, reserved 1048576K
}
Event: 11.796 GC heap before
{Heap before GC invocations=11 (full 3):
 PSYoungGen      total 237568K, used 198144K [0x0000000780a00000, 0x0000000791900000, 0x00000007c0000000)
  eden space 198144K, 100% used [0x0000000780a00000,0x000000078cb80000,0x000000078cb80000)
  from space 39424K, 0% used [0x000000078cb80000,0x000000078cb80000,0x000000078f200000)
  to   space 33792K, 0% used [0x000000078f200000,0x000000078f200000,0x0000000791300000)
 ParOldGen       total 154624K, used 65806K [0x0000000701e00000, 0x000000070b500000, 0x0000000780a00000)
  object space 154624K, 42% used [0x0000000701e00000,0x0000000705e43908,0x000000070b500000)
 Metaspace       used 60720K, capacity 62329K, committed 62592K, reserved 1103872K
  class space    used 7154K, capacity 7524K, committed 7552K, reserved 1048576K
Event: 11.811 GC heap after
Heap after GC invocations=11 (full 3):
 PSYoungGen      total 231936K, used 24586K [0x0000000780a00000, 0x0000000791900000, 0x00000007c0000000)
  eden space 198144K, 0% used [0x0000000780a00000,0x0000000780a00000,0x000000078cb80000)
  from space 33792K, 72% used [0x000000078f200000,0x0000000790a02b18,0x0000000791300000)
  to   space 39424K, 0% used [0x000000078cb80000,0x000000078cb80000,0x000000078f200000)
 ParOldGen       total 154624K, used 65814K [0x0000000701e00000, 0x000000070b500000, 0x0000000780a00000)
  object space 154624K, 42% used [0x0000000701e00000,0x0000000705e45908,0x000000070b500000)
 Metaspace       used 60720K, capacity 62329K, committed 62592K, reserved 1103872K
  class space    used 7154K, capacity 7524K, committed 7552K, reserved 1048576K
}
Event: 14.470 GC heap before
{Heap before GC invocations=12 (full 3):
 PSYoungGen      total 231936K, used 222730K [0x0000000780a00000, 0x0000000791900000, 0x00000007c0000000)
  eden space 198144K, 100% used [0x0000000780a00000,0x000000078cb80000,0x000000078cb80000)
  from space 33792K, 72% used [0x000000078f200000,0x0000000790a02b18,0x0000000791300000)
  to   space 39424K, 0% used [0x000000078cb80000,0x000000078cb80000,0x000000078f200000)
 ParOldGen       total 154624K, used 65814K [0x0000000701e00000, 0x000000070b500000, 0x0000000780a00000)
  object space 154624K, 42% used [0x0000000701e00000,0x0000000705e45908,0x000000070b500000)
 Metaspace       used 69529K, capacity 71307K, committed 71552K, reserved 1112064K
  class space    used 7888K, capacity 8317K, committed 8320K, reserved 1048576K
Event: 14.491 GC heap after
Heap after GC invocations=12 (full 3):
 PSYoungGen      total 237568K, used 34045K [0x0000000780a00000, 0x0000000794880000, 0x00000007c0000000)
  eden space 198144K, 0% used [0x0000000780a00000,0x0000000780a00000,0x000000078cb80000)
  from space 39424K, 86% used [0x000000078cb80000,0x000000078ecbf440,0x000000078f200000)
  to   space 45056K, 0% used [0x0000000791c80000,0x0000000791c80000,0x0000000794880000)
 ParOldGen       total 154624K, used 65822K [0x0000000701e00000, 0x000000070b500000, 0x0000000780a00000)
  object space 154624K, 42% used [0x0000000701e00000,0x0000000705e47908,0x000000070b500000)
 Metaspace       used 69529K, capacity 71307K, committed 71552K, reserved 1112064K
  class space    used 7888K, capacity 8317K, committed 8320K, reserved 1048576K
}

Deoptimization events (10 events):
Event: 14.246 Thread 0x0000000002812800 Uncommon trap: reason=class_check action=maybe_recompile pc=0x00000000059aabec method=org.jetbrains.kotlin.codegen.coroutines.UninitializedStoresProcessor$UninitializedNewValueMarkerInterpreter.merge(Lorg/jetbrains/org/objectweb/asm/tree/analysis/Value;Lo
Event: 14.254 Thread 0x0000000002812800 Uncommon trap: reason=unstable_if action=reinterpret pc=0x00000000045dfa5c method=org.jetbrains.org.objectweb.asm.tree.analysis.Analyzer.findSubroutine(ILorg/jetbrains/org/objectweb/asm/tree/analysis/Subroutine;Ljava/util/List;)V @ 275
Event: 14.280 Thread 0x0000000002812800 Uncommon trap: reason=class_check action=maybe_recompile pc=0x00000000060813dc method=org.jetbrains.kotlin.codegen.optimization.nullCheck.NullabilityInterpreter.merge(Lorg/jetbrains/org/objectweb/asm/tree/analysis/BasicValue;Lorg/jetbrains/org/objectweb/a
Event: 14.283 Thread 0x0000000002812800 Uncommon trap: reason=bimorphic action=maybe_recompile pc=0x0000000005edf1bc method=org.jetbrains.kotlin.load.kotlin.TypeSignatureMappingKt.computeInternalName(Lorg/jetbrains/kotlin/descriptors/ClassDescriptor;Lorg/jetbrains/kotlin/load/kotlin/TypeMapping
Event: 14.369 Thread 0x0000000002812800 Uncommon trap: reason=unstable_if action=reinterpret pc=0x0000000003fee80c method=org.jetbrains.kotlin.codegen.optimization.common.OptimizationBasicInterpreter.merge(Lorg/jetbrains/org/objectweb/asm/tree/analysis/BasicValue;Lorg/jetbrains/org/objectweb/as
Event: 14.369 Thread 0x0000000002812800 Uncommon trap: reason=unstable_if action=reinterpret pc=0x000000000619bbb4 method=org.jetbrains.kotlin.codegen.optimization.common.OptimizationBasicInterpreter.merge(Lorg/jetbrains/org/objectweb/asm/tree/analysis/BasicValue;Lorg/jetbrains/org/objectweb/as
Event: 14.370 Thread 0x0000000002812800 Uncommon trap: reason=unstable_if action=reinterpret pc=0x000000000626766c method=org.jetbrains.kotlin.codegen.optimization.common.OptimizationBasicInterpreter.merge(Lorg/jetbrains/org/objectweb/asm/tree/analysis/BasicValue;Lorg/jetbrains/org/objectweb/as
Event: 14.371 Thread 0x0000000002812800 Uncommon trap: reason=unstable_if action=reinterpret pc=0x00000000060ebb68 method=org.jetbrains.kotlin.codegen.optimization.common.OptimizationBasicInterpreter.merge(Lorg/jetbrains/org/objectweb/asm/tree/analysis/BasicValue;Lorg/jetbrains/org/objectweb/as
Event: 14.371 Thread 0x0000000002812800 Uncommon trap: reason=unstable_if action=reinterpret pc=0x00000000061395f4 method=org.jetbrains.kotlin.codegen.optimization.common.OptimizationBasicInterpreter.merge(Lorg/jetbrains/org/objectweb/asm/tree/analysis/BasicValue;Lorg/jetbrains/org/objectweb/as
Event: 14.371 Thread 0x0000000002812800 Uncommon trap: reason=unstable_if action=reinterpret pc=0x00000000061379fc method=org.jetbrains.kotlin.codegen.optimization.common.OptimizationBasicInterpreter.merge(Lorg/jetbrains/org/objectweb/asm/tree/analysis/BasicValue;Lorg/jetbrains/org/objectweb/as

Classes redefined (0 events):
No events

Internal exceptions (10 events):
Event: 11.566 Thread 0x0000000002812800 Implicit null exception at 0x0000000003e5b614 to 0x0000000003e5b8fe
Event: 12.281 Thread 0x0000000002812800 Implicit null exception at 0x0000000002b6bf15 to 0x0000000002b6c125
Event: 12.289 Thread 0x0000000002812800 Implicit null exception at 0x0000000002f2e40c to 0x0000000002f2e466
Event: 12.910 Thread 0x0000000002812800 Implicit null exception at 0x00000000031f5894 to 0x00000000031f5a74
Event: 13.172 Thread 0x0000000002812800 Exception <a 'java/lang/NoSuchMethodError': java.lang.Object.lambda$static$0(Lorg/jetbrains/kotlin/descriptors/ValueParameterDescriptor;Lorg/jetbrains/kotlin/codegen/ExpressionCodegen;)Lorg/jetbrains/kotlin/codegen/StackValue;> (0x00000007870f8620) thrown
Event: 13.174 Thread 0x0000000002812800 Implicit null exception at 0x0000000003590ead to 0x0000000003591189
Event: 13.210 Thread 0x0000000002812800 Implicit null exception at 0x0000000002dcbb55 to 0x0000000002dcbd79
Event: 13.379 Thread 0x0000000002812800 Implicit null exception at 0x0000000005d9f450 to 0x0000000005da3595
Event: 13.398 Thread 0x0000000002812800 Exception <a 'java/lang/NoSuchMethodError': java.lang.Object.lambda$static$0(Ljava/lang/String;)Z> (0x0000000787b3a300) thrown at [C:\src\AOSP-openjdk-git\hotspot\src\share\vm\interpreter\linkResolver.cpp, line 620]
Event: 13.398 Thread 0x0000000002812800 Exception <a 'java/lang/NoSuchMethodError': java.lang.Object.lambda$static$1(Ljava/lang/String;)Z> (0x0000000787b3c9f0) thrown at [C:\src\AOSP-openjdk-git\hotspot\src\share\vm\interpreter\linkResolver.cpp, line 620]

Events (10 events):
Event: 14.494 Executing VM operation: RevokeBias done
Event: 14.494 Thread 0x000000001bc12800 flushing nmethod 0x0000000002ade990
Event: 14.495 Thread 0x000000001bc12800 flushing nmethod 0x0000000002bb5690
Event: 14.498 Thread 0x000000001bc21800 flushing nmethod 0x0000000002d45750
Event: 14.498 Thread 0x000000001bc21800 flushing nmethod 0x0000000002d62ed0
Event: 14.498 Thread 0x000000001bc21800 flushing nmethod 0x0000000002d87d10
Event: 14.499 Thread 0x000000001bc21800 flushing nmethod 0x0000000002df9e10
Event: 14.499 Thread 0x000000001bc21800 flushing nmethod 0x0000000002dfa410
Event: 14.499 Thread 0x000000001bc21800 flushing nmethod 0x0000000002e66a10
Event: 14.500 Thread 0x000000001bc21800 flushing nmethod 0x0000000002e9fe10


Dynamic libraries:
0x00007ff6432d0000 - 0x00007ff643301000 	C:\Program Files\Android\Android Studio\jre\jre\bin\java.exe
0x00007ff8f1870000 - 0x00007ff8f1a66000 	C:\WINDOWS\SYSTEM32\ntdll.dll
0x00007ff8efff0000 - 0x00007ff8f00ad000 	C:\WINDOWS\System32\KERNEL32.DLL
0x00007ff8eef80000 - 0x00007ff8ef249000 	C:\WINDOWS\System32\KERNELBASE.dll
0x00007ff8f0850000 - 0x00007ff8f08fc000 	C:\WINDOWS\System32\ADVAPI32.dll
0x00007ff8f02b0000 - 0x00007ff8f034e000 	C:\WINDOWS\System32\msvcrt.dll
0x00007ff8eff30000 - 0x00007ff8effcc000 	C:\WINDOWS\System32\sechost.dll
0x00007ff8f00b0000 - 0x00007ff8f01db000 	C:\WINDOWS\System32\RPCRT4.dll
0x00007ff8f0350000 - 0x00007ff8f04f0000 	C:\WINDOWS\System32\USER32.dll
0x00007ff8ef250000 - 0x00007ff8ef272000 	C:\WINDOWS\System32\win32u.dll
0x00007ff8f0610000 - 0x00007ff8f063a000 	C:\WINDOWS\System32\GDI32.dll
0x00007ff8ef4e0000 - 0x00007ff8ef5e9000 	C:\WINDOWS\System32\gdi32full.dll
0x00007ff8ef5f0000 - 0x00007ff8ef68d000 	C:\WINDOWS\System32\msvcp_win.dll
0x00007ff8ef690000 - 0x00007ff8ef790000 	C:\WINDOWS\System32\ucrtbase.dll
0x00007ff8ee3a0000 - 0x00007ff8ee63b000 	C:\WINDOWS\WinSxS\amd64_microsoft.windows.common-controls_6595b64144ccf1df_6.0.19041.488_none_ca04af081b815d21\COMCTL32.dll
0x00007ff8f1700000 - 0x00007ff8f1730000 	C:\WINDOWS\System32\IMM32.DLL
0x0000000059b60000 - 0x0000000059c32000 	C:\Program Files\Android\Android Studio\jre\jre\bin\msvcr100.dll
0x0000000057ed0000 - 0x000000005871b000 	C:\Program Files\Android\Android Studio\jre\jre\bin\server\jvm.dll
0x00007ff8eff20000 - 0x00007ff8eff28000 	C:\WINDOWS\System32\PSAPI.DLL
0x00007ff8e1980000 - 0x00007ff8e1989000 	C:\WINDOWS\SYSTEM32\WSOCK32.dll
0x00007ff8e8170000 - 0x00007ff8e817a000 	C:\WINDOWS\SYSTEM32\VERSION.dll
0x00007ff8e40b0000 - 0x00007ff8e40d7000 	C:\WINDOWS\SYSTEM32\WINMM.dll
0x00007ff8f04f0000 - 0x00007ff8f055b000 	C:\WINDOWS\System32\WS2_32.dll
0x00007ff8c3250000 - 0x00007ff8c325f000 	C:\Program Files\Android\Android Studio\jre\jre\bin\verify.dll
0x00007ff8931e0000 - 0x00007ff893209000 	C:\Program Files\Android\Android Studio\jre\jre\bin\java.dll
0x00007ff8ba160000 - 0x00007ff8ba176000 	C:\Program Files\Android\Android Studio\jre\jre\bin\zip.dll
0x00007ff8f0fb0000 - 0x00007ff8f16f2000 	C:\WINDOWS\System32\SHELL32.dll
0x00007ff8ec8a0000 - 0x00007ff8ed035000 	C:\WINDOWS\SYSTEM32\windows.storage.dll
0x00007ff8f0c50000 - 0x00007ff8f0fa6000 	C:\WINDOWS\System32\combase.dll
0x00007ff8ee300000 - 0x00007ff8ee32c000 	C:\WINDOWS\SYSTEM32\Wldp.dll
0x00007ff8f0560000 - 0x00007ff8f060e000 	C:\WINDOWS\System32\SHCORE.dll
0x00007ff8f0640000 - 0x00007ff8f0695000 	C:\WINDOWS\System32\shlwapi.dll
0x00007ff8eeeb0000 - 0x00007ff8eeed6000 	C:\WINDOWS\SYSTEM32\profapi.dll
0x00007ff893110000 - 0x00007ff89312a000 	C:\Program Files\Android\Android Studio\jre\jre\bin\net.dll
0x00007ff8ee1e0000 - 0x00007ff8ee24a000 	C:\WINDOWS\system32\mswsock.dll
0x00007ff8930f0000 - 0x00007ff893103000 	C:\Program Files\Android\Android Studio\jre\jre\bin\nio.dll

VM Arguments:
java_command: org.jetbrains.kotlin.cli.jvm.K2JVMCompiler @C:\Users\Arash\AndroidStudioProjects\NearRoom\app\build\20210103_7030443601718686839.compiler.options
java_class_path (initial): C:\Users\Arash\.gradle\caches\modules-2\files-2.1\org.jetbrains.kotlin\kotlin-compiler-embeddable\1.4.21\87db94500aaf883536ae8c8efdee76bdc839d582\kotlin-compiler-embeddable-1.4.21.jar;C:\Users\Arash\.gradle\caches\modules-2\files-2.1\org.jetbrains.kotlin\kotlin-reflect\1.4.21\748f681f4e3edbe9285ff46710c79049c70f4dfa\kotlin-reflect-1.4.21.jar;C:\Users\Arash\.gradle\caches\modules-2\files-2.1\org.jetbrains.kotlin\kotlin-stdlib\1.4.21\4a668382d7c38688d3490afde93b6a113ed46698\kotlin-stdlib-1.4.21.jar;C:\Users\Arash\.gradle\caches\modules-2\files-2.1\org.jetbrains.kotlin\kotlin-script-runtime\1.4.21\1247decba314790165b4fe94d09c45b09db6b07f\kotlin-script-runtime-1.4.21.jar;C:\Users\Arash\.gradle\caches\modules-2\files-2.1\org.jetbrains.kotlin\kotlin-daemon-embeddable\1.4.21\bc95bcebdc871d45d9852b0c01abe9bec373bb52\kotlin-daemon-embeddable-1.4.21.jar;C:\Users\Arash\.gradle\caches\modules-2\files-2.1\org.jetbrains.intellij.deps\trove4j\1.0.20181211\216c2e14b070f334479d800987affe4054cd563f\trove4j-1.0.20181211.jar;C:\Users\Arash\.gradle\caches\modules-2\files-2.1\org.jetbrains.kotlin\kotlin-stdlib-common\1.4.21\7f48a062aa4b53215998780f7c245a4276828e1d\kotlin-stdlib-common-1.4.21.jar;C:\Users\Arash\.gradle\caches\modules-2\files-2.1\org.jetbrains\annotations\13.0\919f0dfe192fb4e063e7dacadee7f8bb9a2672a9\annotations-13.0.jar;C:\Program Files\Android\Android Studio\jre\lib\tools.jar
Launcher Type: SUN_STANDARD

Environment Variables:
PATH=C:\Program Files (x86)\Common Files\Intel\Shared Libraries\redist\intel64\compiler;C:\Program Files (x86)\Common Files\Oracle\Java\javapath;C:\Program Files (x86)\Intel\Intel(R) Management Engine Components\iCLS\;C:\Program Files\Intel\Intel(R) Management Engine Components\iCLS\;C:\Windows\system32;C:\Windows;C:\Windows\System32\Wbem;C:\Windows\System32\WindowsPowerShell\v1.0\;C:\Windows\System32\OpenSSH\;C:\Program Files (x86)\NVIDIA Corporation\PhysX\Common;C:\Program Files (x86)\Intel\Intel(R) Management Engine Components\DAL;C:\Program Files\Intel\Intel(R) Management Engine Components\DAL;C:\Program Files (x86)\Intel\Intel(R) Management Engine Components\IPT;C:\Program Files\Intel\Intel(R) Management Engine Components\IPT;C:\Program Files\NVIDIA Corporation\NVIDIA NvDLISR;C:\Program Files (x86)\Microsoft SQL Server\150\DTS\Binn\;C:\WINDOWS\system32;C:\WINDOWS;C:\WINDOWS\System32\Wbem;C:\WINDOWS\System32\WindowsPowerShell\v1.0\;C:\WINDOWS\System32\OpenSSH\;C:\Program Files\Intel\WiFi\bin\;C:\Program Files\Common Files\Intel\WirelessCommon\;C:\Program Files\nodejs\;C:\Program Files\Git\cmd;C:\Program Files\Java\jdk1.8.0_202\bin;C:\Users\Arash\AppData\Roaming\npm;C:\Program Files\heroku\bin
USERNAME=Arash
OS=Windows_NT
PROCESSOR_IDENTIFIER=Intel64 Family 6 Model 142 Stepping 10, GenuineIntel



---------------  S Y S T E M  ---------------

OS: Windows 10.0 , 64 bit Build 19041 (10.0.19041.662)

CPU:total 8 (initial active 8) (4 cores per cpu, 2 threads per core) family 6 model 142 stepping 10, cmov, cx8, fxsr, mmx, sse, sse2, sse3, ssse3, sse4.1, sse4.2, popcnt, avx, avx2, aes, clmul, erms, 3dnowpref, lzcnt, ht, tsc, tscinvbit, bmi1, bmi2, adx

Memory: 4k page, physical 12458928k(1038304k free), swap 18602928k(5752k free)

vm_info: OpenJDK 64-Bit Server VM (25.242-b01) for windows-amd64 JRE (1.8.0_242-release-1644-b01), built by "builder" with MS VC++ 10.0 (VS2010)

time: Sun Jan 03 02:21:07 2021
timezone: Iran Standard Time
elapsed time: 14 seconds (0d 0h 0m 14s)

