#
# There is insufficient memory for the Java Runtime Environment to continue.
# Native memory allocation (malloc) failed to allocate 32744 bytes for ChunkPool::allocate
# Possible reasons:
#   The system is out of physical RAM or swap space
#   The process is running with CompressedOops enabled, and the Java Heap may be blocking the growth of the native heap
# Possible solutions:
#   Reduce memory load on the system
#   Increase physical memory or swap space
#   Check if swap backing store is full
#   Decrease Java heap size (-Xmx/-Xms)
#   Decrease number of Java threads
#   Decrease Java thread stack sizes (-Xss)
#   Set larger code cache with -XX:ReservedCodeCacheSize=
#   JVM is running with Zero Based Compressed Oops mode in which the Java heap is
#     placed in the first 32GB address space. The Java Heap base address is the
#     maximum limit for the native heap growth. Please use -XX:HeapBaseMinAddress
#     to set the Java Heap base and to place the Java Heap above 32GB virtual address.
# This output file may be truncated or incomplete.
#
#  Out of Memory Error (allocation.cpp:272), pid=16908, tid=0x00000000000020a8
#
# JRE version: OpenJDK Runtime Environment (8.0_242-b01) (build 1.8.0_242-release-1644-b01)
# Java VM: OpenJDK 64-Bit Server VM (25.242-b01 mixed mode windows-amd64 compressed oops)
# Failed to write core dump. Minidumps are not enabled by default on client versions of Windows
#

---------------  T H R E A D  ---------------

Current thread (0x000000001bdf9000):  JavaThread "C2 CompilerThread1" daemon [_thread_in_native, id=8360, stack(0x000000001c7c0000,0x000000001c8c0000)]

Stack: [0x000000001c7c0000,0x000000001c8c0000]
[error occurred during error reporting (printing stack bounds), id 0xc0000005]

Native frames: (J=compiled Java code, j=interpreted, Vv=VM code, C=native code)


Current CompileTask:
C2:   6152 7149       4       org.jetbrains.kotlin.descriptors.impl.FunctionDescriptorImpl::getSubstitutedValueParameters (270 bytes)


---------------  P R O C E S S  ---------------

Java Threads: ( => current thread )
  0x000000001be3e000 JavaThread "Service Thread" daemon [_thread_blocked, id=20464, stack(0x000000001cac0000,0x000000001cbc0000)]
  0x000000001be02800 JavaThread "C1 CompilerThread3" daemon [_thread_blocked, id=12852, stack(0x000000001c9c0000,0x000000001cac0000)]
  0x000000001bdff000 JavaThread "C2 CompilerThread2" daemon [_thread_in_native, id=22744, stack(0x000000001c8c0000,0x000000001c9c0000)]
=>0x000000001bdf9000 JavaThread "C2 CompilerThread1" daemon [_thread_in_native, id=8360, stack(0x000000001c7c0000,0x000000001c8c0000)]
  0x000000001bdf2000 JavaThread "C2 CompilerThread0" daemon [_thread_in_native, id=18008, stack(0x000000001c6c0000,0x000000001c7c0000)]
  0x000000001bdef800 JavaThread "Attach Listener" daemon [_thread_blocked, id=22932, stack(0x000000001c5c0000,0x000000001c6c0000)]
  0x000000001bdee000 JavaThread "Signal Dispatcher" daemon [_thread_blocked, id=1208, stack(0x000000001c4c0000,0x000000001c5c0000)]
  0x000000001bde1000 JavaThread "Finalizer" daemon [_thread_blocked, id=21360, stack(0x000000001c2c0000,0x000000001c3c0000)]
  0x0000000002af8000 JavaThread "Reference Handler" daemon [_thread_blocked, id=1364, stack(0x000000001c1c0000,0x000000001c2c0000)]
  0x0000000002a02800 JavaThread "main" [_thread_in_Java, id=17768, stack(0x00000000028f0000,0x00000000029f0000)]

Other Threads:
  0x0000000019fb6000 VMThread [stack: 0x000000001bcc0000,0x000000001bdc0000] [id=20548]
  0x000000001be3e800 WatcherThread [stack: 0x000000001cbc0000,0x000000001ccc0000] [id=18576]

VM state:not at safepoint (normal execution)

VM Mutex/Monitor currently owned by a thread: None

heap address: 0x0000000701e00000, size: 3042 MB, Compressed Oops mode: Zero based, Oop shift amount: 3
Narrow klass base: 0x0000000000000000, Narrow klass shift: 3
Compressed class space size: 1073741824 Address: 0x00000007c0000000

Heap:
 PSYoungGen      total 118272K, used 88401K [0x0000000780a00000, 0x000000078ce80000, 0x00000007c0000000)
  eden space 96256K, 68% used [0x0000000780a00000,0x0000000784ada110,0x0000000786800000)
  from space 22016K, 99% used [0x0000000786800000,0x0000000787d7a378,0x0000000787d80000)
  to   space 30720K, 0% used [0x000000078b080000,0x000000078b080000,0x000000078ce80000)
 ParOldGen       total 157184K, used 34516K [0x0000000701e00000, 0x000000070b780000, 0x0000000780a00000)
  object space 157184K, 21% used [0x0000000701e00000,0x0000000703fb52a0,0x000000070b780000)
 Metaspace       used 47273K, capacity 48109K, committed 48384K, reserved 1091584K
  class space    used 5632K, capacity 5876K, committed 5888K, reserved 1048576K

Card table byte_map: [0x0000000011ec0000,0x00000000124c0000] byte_map_base: 0x000000000e6b1000

Marking Bits: (ParMarkBitMap*) 0x000000006f99f030
 Begin Bits: [0x00000000130c0000, 0x0000000016048000)
 End Bits:   [0x0000000016048000, 0x0000000018fd0000)

Polling page: 0x0000000001070000

CodeCache: size=245760Kb used=24134Kb max_used=24134Kb free=221625Kb
 bounds [0x0000000002b00000, 0x00000000042b0000, 0x0000000011b00000]
 total_blobs=6783 nmethods=6291 adapters=403
 compilation: enabled

Compilation events (10 events):
Event: 6.145 Thread 0x000000001be02800 nmethod 7170 0x000000000427f690 code [0x000000000427f7e0, 0x000000000427f8f0]
Event: 6.145 Thread 0x000000001be02800 7169       1       java.util.stream.MatchOps$MatchOp::getOpFlags (8 bytes)
Event: 6.145 Thread 0x000000001be02800 nmethod 7169 0x000000000427d710 code [0x000000000427d860, 0x000000000427d970]
Event: 6.145 Thread 0x000000001be02800 7171       3       org.jetbrains.kotlin.descriptors.ScopesHolderForClass$scopeForOwnerModule$2::invoke (5 bytes)
Event: 6.146 Thread 0x000000001be02800 nmethod 7171 0x000000000429ca50 code [0x000000000429cbe0, 0x000000000429d028]
Event: 6.146 Thread 0x000000001be02800 7172       3       org.jetbrains.kotlin.descriptors.ScopesHolderForClass$scopeForOwnerModule$2::invoke (23 bytes)
Event: 6.146 Thread 0x000000001be02800 nmethod 7172 0x000000000429d190 code [0x000000000429d300, 0x000000000429d668]
Event: 6.147 Thread 0x000000001be02800 7174       3       org.jetbrains.kotlin.psi.KtClassBody::getAllCompanionObjects (104 bytes)
Event: 6.149 Thread 0x000000001be02800 nmethod 7174 0x000000000429d790 code [0x000000000429db40, 0x00000000042a0008]
Event: 6.149 Thread 0x000000001be02800 7175       3       org.jetbrains.kotlin.serialization.deserialization.descriptors.DeserializedSimpleFunctionDescriptor::<init> (116 bytes)

GC Heap History (10 events):
Event: 2.649 GC heap before
{Heap before GC invocations=5 (full 1):
 PSYoungGen      total 57344K, used 57334K [0x0000000780a00000, 0x0000000785880000, 0x00000007c0000000)
  eden space 49152K, 100% used [0x0000000780a00000,0x0000000783a00000,0x0000000783a00000)
  from space 8192K, 99% used [0x0000000783a00000,0x00000007841fd858,0x0000000784200000)
  to   space 8192K, 0% used [0x0000000785080000,0x0000000785080000,0x0000000785880000)
 ParOldGen       total 112640K, used 20586K [0x0000000701e00000, 0x0000000708c00000, 0x0000000780a00000)
  object space 112640K, 18% used [0x0000000701e00000,0x000000070321a948,0x0000000708c00000)
 Metaspace       used 33801K, capacity 34341K, committed 34688K, reserved 1079296K
  class space    used 4229K, capacity 4404K, committed 4480K, reserved 1048576K
Event: 2.662 GC heap after
Heap after GC invocations=5 (full 1):
 PSYoungGen      total 72192K, used 8180K [0x0000000780a00000, 0x0000000785b00000, 0x00000007c0000000)
  eden space 64000K, 0% used [0x0000000780a00000,0x0000000780a00000,0x0000000784880000)
  from space 8192K, 99% used [0x0000000785080000,0x000000078587d0e8,0x0000000785880000)
  to   space 8192K, 0% used [0x0000000784880000,0x0000000784880000,0x0000000785080000)
 ParOldGen       total 112640K, used 31471K [0x0000000701e00000, 0x0000000708c00000, 0x0000000780a00000)
  object space 112640K, 27% used [0x0000000701e00000,0x0000000703cbbe90,0x0000000708c00000)
 Metaspace       used 33801K, capacity 34341K, committed 34688K, reserved 1079296K
  class space    used 4229K, capacity 4404K, committed 4480K, reserved 1048576K
}
Event: 2.711 GC heap before
{Heap before GC invocations=6 (full 1):
 PSYoungGen      total 72192K, used 12144K [0x0000000780a00000, 0x0000000785b00000, 0x00000007c0000000)
  eden space 64000K, 6% used [0x0000000780a00000,0x0000000780ddf0d8,0x0000000784880000)
  from space 8192K, 99% used [0x0000000785080000,0x000000078587d0e8,0x0000000785880000)
  to   space 8192K, 0% used [0x0000000784880000,0x0000000784880000,0x0000000785080000)
 ParOldGen       total 112640K, used 31471K [0x0000000701e00000, 0x0000000708c00000, 0x0000000780a00000)
  object space 112640K, 27% used [0x0000000701e00000,0x0000000703cbbe90,0x0000000708c00000)
 Metaspace       used 34683K, capacity 35181K, committed 35416K, reserved 1081344K
  class space    used 4354K, capacity 4534K, committed 4608K, reserved 1048576K
Event: 2.718 GC heap after
Heap after GC invocations=6 (full 1):
 PSYoungGen      total 72192K, used 8164K [0x0000000780a00000, 0x0000000789d00000, 0x00000007c0000000)
  eden space 64000K, 0% used [0x0000000780a00000,0x0000000780a00000,0x0000000784880000)
  from space 8192K, 99% used [0x0000000784880000,0x0000000785079330,0x0000000785080000)
  to   space 23552K, 0% used [0x0000000788600000,0x0000000788600000,0x0000000789d00000)
 ParOldGen       total 112640K, used 32483K [0x0000000701e00000, 0x0000000708c00000, 0x0000000780a00000)
  object space 112640K, 28% used [0x0000000701e00000,0x0000000703db8c80,0x0000000708c00000)
 Metaspace       used 34683K, capacity 35181K, committed 35416K, reserved 1081344K
  class space    used 4354K, capacity 4534K, committed 4608K, reserved 1048576K
}
Event: 2.718 GC heap before
{Heap before GC invocations=7 (full 2):
 PSYoungGen      total 72192K, used 8164K [0x0000000780a00000, 0x0000000789d00000, 0x00000007c0000000)
  eden space 64000K, 0% used [0x0000000780a00000,0x0000000780a00000,0x0000000784880000)
  from space 8192K, 99% used [0x0000000784880000,0x0000000785079330,0x0000000785080000)
  to   space 23552K, 0% used [0x0000000788600000,0x0000000788600000,0x0000000789d00000)
 ParOldGen       total 112640K, used 32483K [0x0000000701e00000, 0x0000000708c00000, 0x0000000780a00000)
  object space 112640K, 28% used [0x0000000701e00000,0x0000000703db8c80,0x0000000708c00000)
 Metaspace       used 34683K, capacity 35181K, committed 35416K, reserved 1081344K
  class space    used 4354K, capacity 4534K, committed 4608K, reserved 1048576K
Event: 2.778 GC heap after
Heap after GC invocations=7 (full 2):
 PSYoungGen      total 72192K, used 0K [0x0000000780a00000, 0x0000000789d00000, 0x00000007c0000000)
  eden space 64000K, 0% used [0x0000000780a00000,0x0000000780a00000,0x0000000784880000)
  from space 8192K, 0% used [0x0000000784880000,0x0000000784880000,0x0000000785080000)
  to   space 23552K, 0% used [0x0000000788600000,0x0000000788600000,0x0000000789d00000)
 ParOldGen       total 157184K, used 23703K [0x0000000701e00000, 0x000000070b780000, 0x0000000780a00000)
  object space 157184K, 15% used [0x0000000701e00000,0x0000000703525e00,0x000000070b780000)
 Metaspace       used 34683K, capacity 35181K, committed 35416K, reserved 1081344K
  class space    used 4354K, capacity 4534K, committed 4608K, reserved 1048576K
}
Event: 3.609 GC heap before
{Heap before GC invocations=8 (full 2):
 PSYoungGen      total 72192K, used 64000K [0x0000000780a00000, 0x0000000789d00000, 0x00000007c0000000)
  eden space 64000K, 100% used [0x0000000780a00000,0x0000000784880000,0x0000000784880000)
  from space 8192K, 0% used [0x0000000784880000,0x0000000784880000,0x0000000785080000)
  to   space 23552K, 0% used [0x0000000788600000,0x0000000788600000,0x0000000789d00000)
 ParOldGen       total 157184K, used 23703K [0x0000000701e00000, 0x000000070b780000, 0x0000000780a00000)
  object space 157184K, 15% used [0x0000000701e00000,0x0000000703525e00,0x000000070b780000)
 Metaspace       used 39275K, capacity 39937K, committed 40192K, reserved 1085440K
  class space    used 4855K, capacity 5052K, committed 5120K, reserved 1048576K
Event: 3.620 GC heap after
Heap after GC invocations=8 (full 2):
 PSYoungGen      total 109568K, used 12407K [0x0000000780a00000, 0x0000000789300000, 0x00000007c0000000)
  eden space 96256K, 0% used [0x0000000780a00000,0x0000000780a00000,0x0000000786800000)
  from space 13312K, 93% used [0x0000000788600000,0x000000078921df60,0x0000000789300000)
  to   space 22016K, 0% used [0x0000000786800000,0x0000000786800000,0x0000000787d80000)
 ParOldGen       total 157184K, used 23711K [0x0000000701e00000, 0x000000070b780000, 0x0000000780a00000)
  object space 157184K, 15% used [0x0000000701e00000,0x0000000703527e00,0x000000070b780000)
 Metaspace       used 39275K, capacity 39937K, committed 40192K, reserved 1085440K
  class space    used 4855K, capacity 5052K, committed 5120K, reserved 1048576K
}
Event: 5.349 GC heap before
{Heap before GC invocations=9 (full 2):
 PSYoungGen      total 109568K, used 108663K [0x0000000780a00000, 0x0000000789300000, 0x00000007c0000000)
  eden space 96256K, 100% used [0x0000000780a00000,0x0000000786800000,0x0000000786800000)
  from space 13312K, 93% used [0x0000000788600000,0x000000078921df60,0x0000000789300000)
  to   space 22016K, 0% used [0x0000000786800000,0x0000000786800000,0x0000000787d80000)
 ParOldGen       total 157184K, used 23711K [0x0000000701e00000, 0x000000070b780000, 0x0000000780a00000)
  object space 157184K, 15% used [0x0000000701e00000,0x0000000703527e00,0x000000070b780000)
 Metaspace       used 46412K, capacity 47217K, committed 47360K, reserved 1091584K
  class space    used 5605K, capacity 5836K, committed 5888K, reserved 1048576K
Event: 5.368 GC heap after
Heap after GC invocations=9 (full 2):
 PSYoungGen      total 118272K, used 21992K [0x0000000780a00000, 0x000000078ce80000, 0x00000007c0000000)
  eden space 96256K, 0% used [0x0000000780a00000,0x0000000780a00000,0x0000000786800000)
  from space 22016K, 99% used [0x0000000786800000,0x0000000787d7a378,0x0000000787d80000)
  to   space 30720K, 0% used [0x000000078b080000,0x000000078b080000,0x000000078ce80000)
 ParOldGen       total 157184K, used 34516K [0x0000000701e00000, 0x000000070b780000, 0x0000000780a00000)
  object space 157184K, 21% used [0x0000000701e00000,0x0000000703fb52a0,0x000000070b780000)
 Metaspace       used 46412K, capacity 47217K, committed 47360K, reserved 1091584K
  class space    used 5605K, capacity 5836K, committed 5888K, reserved 1048576K
}

Deoptimization events (10 events):
Event: 5.907 Thread 0x0000000002a02800 Uncommon trap: reason=class_check action=maybe_recompile pc=0x00000000041dff7c method=org.jetbrains.kotlin.types.AbstractTypeConstructor.getSupertypes()Ljava/util/Collection; @ 4
Event: 5.907 Thread 0x0000000002a02800 Uncommon trap: reason=class_check action=maybe_recompile pc=0x00000000041dff7c method=org.jetbrains.kotlin.types.AbstractTypeConstructor.getSupertypes()Ljava/util/Collection; @ 4
Event: 6.015 Thread 0x0000000002a02800 Uncommon trap: reason=unstable_if action=reinterpret pc=0x00000000041a5a48 method=org.jetbrains.kotlin.load.java.structure.impl.classFiles.BinaryJavaClass.visitMethod(ILjava/lang/String;Ljava/lang/String;Ljava/lang/String;[Ljava/lang/String;)Lorg/jetbrain
Event: 6.015 Thread 0x0000000002a02800 Uncommon trap: reason=unstable_if action=reinterpret pc=0x0000000004191e88 method=org.jetbrains.kotlin.load.java.structure.impl.classFiles.BinaryJavaMethodBase$Companion.create(Ljava/lang/String;ILjava/lang/String;Ljava/lang/String;Lorg/jetbrains/kotlin/l
Event: 6.039 Thread 0x0000000002a02800 Uncommon trap: reason=array_check action=maybe_recompile pc=0x00000000041eb874 method=org.jetbrains.kotlin.com.intellij.extapi.psi.StubBasedPsiElementBase.getStubOrPsiChildren(Lorg/jetbrains/kotlin/com/intellij/psi/tree/TokenSet;Lorg/jetbrains/kotlin/com/
Event: 6.039 Thread 0x0000000002a02800 Uncommon trap: reason=array_check action=maybe_recompile pc=0x00000000041eb874 method=org.jetbrains.kotlin.com.intellij.extapi.psi.StubBasedPsiElementBase.getStubOrPsiChildren(Lorg/jetbrains/kotlin/com/intellij/psi/tree/TokenSet;Lorg/jetbrains/kotlin/com/
Event: 6.039 Thread 0x0000000002a02800 Uncommon trap: reason=array_check action=maybe_recompile pc=0x00000000041eb874 method=org.jetbrains.kotlin.com.intellij.extapi.psi.StubBasedPsiElementBase.getStubOrPsiChildren(Lorg/jetbrains/kotlin/com/intellij/psi/tree/TokenSet;Lorg/jetbrains/kotlin/com/
Event: 6.039 Thread 0x0000000002a02800 Uncommon trap: reason=array_check action=maybe_recompile pc=0x00000000041eb874 method=org.jetbrains.kotlin.com.intellij.extapi.psi.StubBasedPsiElementBase.getStubOrPsiChildren(Lorg/jetbrains/kotlin/com/intellij/psi/tree/TokenSet;Lorg/jetbrains/kotlin/com/
Event: 6.085 Thread 0x0000000002a02800 Uncommon trap: reason=unstable_if action=reinterpret pc=0x000000000364eec4 method=org.jetbrains.kotlin.util.Checks.isApplicable(Lorg/jetbrains/kotlin/descriptors/FunctionDescriptor;)Z @ 28
Event: 6.085 Thread 0x0000000002a02800 Uncommon trap: reason=unstable_if action=reinterpret pc=0x0000000004211478 method=org.jetbrains.kotlin.util.AbstractModifierChecks.check(Lorg/jetbrains/kotlin/descriptors/FunctionDescriptor;)Lorg/jetbrains/kotlin/util/CheckResult; @ 40

Classes redefined (0 events):
No events

Internal exceptions (10 events):
Event: 2.803 Thread 0x0000000002a02800 Exception <a 'java/lang/NoSuchMethodError': java.lang.Object.lambda$static$0(I)[Lorg/jetbrains/kotlin/psi/KtExpression;> (0x0000000780ad4038) thrown at [C:\src\AOSP-openjdk-git\hotspot\src\share\vm\interpreter\linkResolver.cpp, line 620]
Event: 3.197 Thread 0x0000000002a02800 Exception <a 'java/lang/NoSuchMethodError': java.lang.Object.lambda$static$0(I)[Lorg/jetbrains/kotlin/psi/KtDeclaration;> (0x0000000781b62840) thrown at [C:\src\AOSP-openjdk-git\hotspot\src\share\vm\interpreter\linkResolver.cpp, line 620]
Event: 3.217 Thread 0x0000000002a02800 Exception <a 'java/lang/NoSuchMethodError': java.lang.Object.lambda$static$0(I)[Lorg/jetbrains/kotlin/psi/KtTypeElement;> (0x0000000781cef480) thrown at [C:\src\AOSP-openjdk-git\hotspot\src\share\vm\interpreter\linkResolver.cpp, line 620]
Event: 3.601 Thread 0x0000000002a02800 Exception <a 'java/lang/NoSuchMethodError': java.lang.Object.lambda$static$0(I)[Lorg/jetbrains/kotlin/com/intellij/psi/PsiClass;> (0x00000007847f4fd8) thrown at [C:\src\AOSP-openjdk-git\hotspot\src\share\vm\interpreter\linkResolver.cpp, line 620]
Event: 5.028 Thread 0x0000000002a02800 Implicit null exception at 0x00000000034bb813 to 0x00000000034bbaa5
Event: 5.029 Thread 0x0000000002a02800 Implicit null exception at 0x0000000003d1bd38 to 0x0000000003d20d35
Event: 5.030 Thread 0x0000000002a02800 Exception <a 'java/lang/NoSuchMethodError': java.lang.Object.lambda$static$0(I)[Lorg/jetbrains/kotlin/com/intellij/psi/PsiReference;> (0x00000007855ebf58) thrown at [C:\src\AOSP-openjdk-git\hotspot\src\share\vm\interpreter\linkResolver.cpp, line 620]
Event: 5.037 Thread 0x0000000002a02800 Exception <a 'java/lang/NoSuchMethodError': java.lang.Object.lambda$static$0(I)[Lorg/jetbrains/kotlin/com/intellij/psi/PsiTypeElement;> (0x000000078563fc00) thrown at [C:\src\AOSP-openjdk-git\hotspot\src\share\vm\interpreter\linkResolver.cpp, line 620]
Event: 5.053 Thread 0x0000000002a02800 Exception <a 'java/lang/NoSuchMethodError': java.lang.Object.lambda$static$0(I)[Lorg/jetbrains/kotlin/com/intellij/psi/PsiTypeParameter;> (0x0000000785715a08) thrown at [C:\src\AOSP-openjdk-git\hotspot\src\share\vm\interpreter\linkResolver.cpp, line 620]
Event: 5.316 Thread 0x0000000002a02800 Implicit null exception at 0x0000000003ee6f5b to 0x0000000003ee74e5

Events (10 events):
Event: 6.085 loading class org/jetbrains/kotlin/util/Check$DefaultImpls
Event: 6.085 loading class org/jetbrains/kotlin/util/Check$DefaultImpls done
Event: 6.085 loading class org/jetbrains/kotlin/util/OperatorChecks$checks$2$1
Event: 6.085 loading class org/jetbrains/kotlin/util/OperatorChecks$checks$2$1 done
Event: 6.086 loading class org/jetbrains/kotlin/util/CheckResult$IllegalSignature
Event: 6.086 loading class org/jetbrains/kotlin/util/CheckResult$IllegalSignature done
Event: 6.086 Executing VM operation: Deoptimize
Event: 6.087 Executing VM operation: Deoptimize done
Event: 6.094 Thread 0x0000000002a02800 DEOPT PACKING pc=0x0000000003b7cfd1 sp=0x00000000029ec9a0
Event: 6.094 Thread 0x0000000002a02800 DEOPT UNPACKING pc=0x0000000002b475d0 sp=0x00000000029ec6b8 mode 0


Dynamic libraries:
0x00007ff765b30000 - 0x00007ff765b61000 	C:\Program Files\Android\Android Studio\jre\jre\bin\java.exe
0x00007ffdd79f0000 - 0x00007ffdd7be5000 	C:\WINDOWS\SYSTEM32\ntdll.dll
0x00007ffdd62b0000 - 0x00007ffdd636d000 	C:\WINDOWS\System32\KERNEL32.DLL
0x00007ffdd5100000 - 0x00007ffdd53c9000 	C:\WINDOWS\System32\KERNELBASE.dll
0x00007ffdd6df0000 - 0x00007ffdd6e9c000 	C:\WINDOWS\System32\ADVAPI32.dll
0x00007ffdd6d50000 - 0x00007ffdd6dee000 	C:\WINDOWS\System32\msvcrt.dll
0x00007ffdd6210000 - 0x00007ffdd62ac000 	C:\WINDOWS\System32\sechost.dll
0x00007ffdd7010000 - 0x00007ffdd713b000 	C:\WINDOWS\System32\RPCRT4.dll
0x00007ffdd6bb0000 - 0x00007ffdd6d50000 	C:\WINDOWS\System32\USER32.dll
0x00007ffdd57d0000 - 0x00007ffdd57f2000 	C:\WINDOWS\System32\win32u.dll
0x00007ffdd5b50000 - 0x00007ffdd5b7a000 	C:\WINDOWS\System32\GDI32.dll
0x00007ffdd5690000 - 0x00007ffdd579b000 	C:\WINDOWS\System32\gdi32full.dll
0x00007ffdd5850000 - 0x00007ffdd58ed000 	C:\WINDOWS\System32\msvcp_win.dll
0x00007ffdd53d0000 - 0x00007ffdd54d0000 	C:\WINDOWS\System32\ucrtbase.dll
0x00007ffdc4ce0000 - 0x00007ffdc4f7a000 	C:\WINDOWS\WinSxS\amd64_microsoft.windows.common-controls_6595b64144ccf1df_6.0.19041.844_none_ca00b6081b84eb1d\COMCTL32.dll
0x00007ffdd6b80000 - 0x00007ffdd6bb0000 	C:\WINDOWS\System32\IMM32.DLL
0x000000006fdd0000 - 0x000000006fea2000 	C:\Program Files\Android\Android Studio\jre\jre\bin\msvcr100.dll
0x000000006f1d0000 - 0x000000006fa1b000 	C:\Program Files\Android\Android Studio\jre\jre\bin\server\jvm.dll
0x00007ffdd76d0000 - 0x00007ffdd76d8000 	C:\WINDOWS\System32\PSAPI.DLL
0x00007ffdc82c0000 - 0x00007ffdc82c9000 	C:\WINDOWS\SYSTEM32\WSOCK32.dll
0x00007ffdca0d0000 - 0x00007ffdca0f7000 	C:\WINDOWS\SYSTEM32\WINMM.dll
0x00007ffdcfb30000 - 0x00007ffdcfb3a000 	C:\WINDOWS\SYSTEM32\VERSION.dll
0x00007ffdd6ea0000 - 0x00007ffdd6f0b000 	C:\WINDOWS\System32\WS2_32.dll
0x00007ffdcdfd0000 - 0x00007ffdcdfdf000 	C:\Program Files\Android\Android Studio\jre\jre\bin\verify.dll
0x00007ffdcae90000 - 0x00007ffdcaeb9000 	C:\Program Files\Android\Android Studio\jre\jre\bin\java.dll
0x00007ffdbe0e0000 - 0x00007ffdbe0f6000 	C:\Program Files\Android\Android Studio\jre\jre\bin\zip.dll
0x00007ffdd6420000 - 0x00007ffdd6b62000 	C:\WINDOWS\System32\SHELL32.dll
0x00007ffdd3160000 - 0x00007ffdd38f0000 	C:\WINDOWS\SYSTEM32\windows.storage.dll
0x00007ffdd7290000 - 0x00007ffdd75e5000 	C:\WINDOWS\System32\combase.dll
0x00007ffdd4aa0000 - 0x00007ffdd4acc000 	C:\WINDOWS\SYSTEM32\Wldp.dll
0x00007ffdd78d0000 - 0x00007ffdd797e000 	C:\WINDOWS\System32\SHCORE.dll
0x00007ffdd7670000 - 0x00007ffdd76c5000 	C:\WINDOWS\System32\shlwapi.dll
0x00007ffdd5040000 - 0x00007ffdd505f000 	C:\WINDOWS\SYSTEM32\profapi.dll
0x00007ffdbdd70000 - 0x00007ffdbdd8a000 	C:\Program Files\Android\Android Studio\jre\jre\bin\net.dll
0x00007ffdd4820000 - 0x00007ffdd488a000 	C:\WINDOWS\system32\mswsock.dll
0x00007ffdbaeb0000 - 0x00007ffdbaec3000 	C:\Program Files\Android\Android Studio\jre\jre\bin\nio.dll

VM Arguments:
java_command: org.jetbrains.kotlin.cli.jvm.K2JVMCompiler @C:\Users\Arash\AndroidStudioProjects\NearRoom\app\build\20210404_4261508490110502368.compiler.options
java_class_path (initial): C:\Users\Arash\.gradle\caches\modules-2\files-2.1\org.jetbrains.kotlin\kotlin-compiler-embeddable\1.4.21\87db94500aaf883536ae8c8efdee76bdc839d582\kotlin-compiler-embeddable-1.4.21.jar;C:\Users\Arash\.gradle\caches\modules-2\files-2.1\org.jetbrains.kotlin\kotlin-reflect\1.4.21\748f681f4e3edbe9285ff46710c79049c70f4dfa\kotlin-reflect-1.4.21.jar;C:\Users\Arash\.gradle\caches\modules-2\files-2.1\org.jetbrains.kotlin\kotlin-stdlib\1.4.21\4a668382d7c38688d3490afde93b6a113ed46698\kotlin-stdlib-1.4.21.jar;C:\Users\Arash\.gradle\caches\modules-2\files-2.1\org.jetbrains.kotlin\kotlin-script-runtime\1.4.21\1247decba314790165b4fe94d09c45b09db6b07f\kotlin-script-runtime-1.4.21.jar;C:\Users\Arash\.gradle\caches\modules-2\files-2.1\org.jetbrains.kotlin\kotlin-daemon-embeddable\1.4.21\bc95bcebdc871d45d9852b0c01abe9bec373bb52\kotlin-daemon-embeddable-1.4.21.jar;C:\Users\Arash\.gradle\caches\modules-2\files-2.1\org.jetbrains.intellij.deps\trove4j\1.0.20181211\216c2e14b070f334479d800987affe4054cd563f\trove4j-1.0.20181211.jar;C:\Users\Arash\.gradle\caches\modules-2\files-2.1\org.jetbrains.kotlin\kotlin-stdlib-common\1.4.21\7f48a062aa4b53215998780f7c245a4276828e1d\kotlin-stdlib-common-1.4.21.jar;C:\Users\Arash\.gradle\caches\modules-2\files-2.1\org.jetbrains\annotations\13.0\919f0dfe192fb4e063e7dacadee7f8bb9a2672a9\annotations-13.0.jar;C:\Program Files\Android\Android Studio\jre\lib\tools.jar
Launcher Type: SUN_STANDARD

Environment Variables:
PATH=C:\Program Files (x86)\Common Files\Intel\Shared Libraries\redist\intel64\compiler;C:\Program Files (x86)\Common Files\Oracle\Java\javapath;C:\Program Files (x86)\Intel\Intel(R) Management Engine Components\iCLS\;C:\Program Files\Intel\Intel(R) Management Engine Components\iCLS\;C:\Windows\system32;C:\Windows;C:\Windows\System32\Wbem;C:\Windows\System32\WindowsPowerShell\v1.0\;C:\Windows\System32\OpenSSH\;C:\Program Files (x86)\NVIDIA Corporation\PhysX\Common;C:\Program Files (x86)\Intel\Intel(R) Management Engine Components\DAL;C:\Program Files\Intel\Intel(R) Management Engine Components\DAL;C:\Program Files (x86)\Intel\Intel(R) Management Engine Components\IPT;C:\Program Files\Intel\Intel(R) Management Engine Components\IPT;C:\Program Files\NVIDIA Corporation\NVIDIA NvDLISR;C:\Program Files (x86)\Microsoft SQL Server\150\DTS\Binn\;C:\WINDOWS\system32;C:\WINDOWS;C:\WINDOWS\System32\Wbem;C:\WINDOWS\System32\WindowsPowerShell\v1.0\;C:\WINDOWS\System32\OpenSSH\;C:\Program Files\Intel\WiFi\bin\;C:\Program Files\Common Files\Intel\WirelessCommon\;C:\Program Files\nodejs\;C:\Program Files\Git\cmd;C:\Program Files\Java\jdk1.8.0_202\bin;C:\Users\Arash\AppData\Roaming\npm;C:\Program Files\Intel\WiFi\bin\;C:\Program Files\Common Files\Intel\WirelessCommon\;C:\Program Files\heroku\bin
USERNAME=Arash
OS=Windows_NT
PROCESSOR_IDENTIFIER=Intel64 Family 6 Model 142 Stepping 10, GenuineIntel



---------------  S Y S T E M  ---------------

OS: Windows 10.0 , 64 bit Build 19041 (10.0.19041.804)

CPU:total 8 (initial active 8) (4 cores per cpu, 2 threads per core) family 6 model 142 stepping 10, cmov, cx8, fxsr, mmx, sse, sse2, sse3, ssse3, sse4.1, sse4.2, popcnt, avx, avx2, aes, clmul, erms, 3dnowpref, lzcnt, ht, tsc, tscinvbit, bmi1, bmi2, adx

Memory: 4k page, physical 12458928k(821696k free), swap 18602904k(6316k free)

vm_info: OpenJDK 64-Bit Server VM (25.242-b01) for windows-amd64 JRE (1.8.0_242-release-1644-b01), built by "builder" with MS VC++ 10.0 (VS2010)

time: Sun Apr 04 01:05:31 2021
timezone: Iran Daylight Time
elapsed time: 6 seconds (0d 0h 0m 6s)

