#
# There is insufficient memory for the Java Runtime Environment to continue.
# Native memory allocation (malloc) failed to allocate 991696 bytes for Chunk::new
# Possible reasons:
#   The system is out of physical RAM or swap space
#   The process is running with CompressedOops enabled, and the Java Heap may be blocking the growth of the native heap
# Possible solutions:
#   Reduce memory load on the system
#   Increase physical memory or swap space
#   Check if swap backing store is full
#   Decrease Java heap size (-Xmx/-Xms)
#   Decrease number of Java threads
#   Decrease Java thread stack sizes (-Xss)
#   Set larger code cache with -XX:ReservedCodeCacheSize=
#   JVM is running with Zero Based Compressed Oops mode in which the Java heap is
#     placed in the first 32GB address space. The Java Heap base address is the
#     maximum limit for the native heap growth. Please use -XX:HeapBaseMinAddress
#     to set the Java Heap base and to place the Java Heap above 32GB virtual address.
# This output file may be truncated or incomplete.
#
#  Out of Memory Error (allocation.cpp:389), pid=18284, tid=0x0000000000003df4
#
# JRE version: OpenJDK Runtime Environment (8.0_242-b01) (build 1.8.0_242-release-1644-b01)
# Java VM: OpenJDK 64-Bit Server VM (25.242-b01 mixed mode windows-amd64 compressed oops)
# Failed to write core dump. Minidumps are not enabled by default on client versions of Windows
#

---------------  T H R E A D  ---------------

Current thread (0x000000001c535800):  JavaThread "C2 CompilerThread2" daemon [_thread_in_native, id=15860, stack(0x000000001cff0000,0x000000001d0f0000)]

Stack: [0x000000001cff0000,0x000000001d0f0000]
[error occurred during error reporting (printing stack bounds), id 0xc0000005]

Native frames: (J=compiled Java code, j=interpreted, Vv=VM code, C=native code)


Current CompileTask:
C2:  11085 8343       4       org.jetbrains.kotlin.resolve.lazy.descriptors.LazyClassMemberScope::getNonDeclaredFunctions (203 bytes)


---------------  P R O C E S S  ---------------

Java Threads: ( => current thread )
  0x000000001c5be000 JavaThread "Service Thread" daemon [_thread_blocked, id=1680, stack(0x000000001d1f0000,0x000000001d2f0000)]
  0x000000001c539000 JavaThread "C1 CompilerThread3" daemon [_thread_in_native, id=11084, stack(0x000000001d0f0000,0x000000001d1f0000)]
=>0x000000001c535800 JavaThread "C2 CompilerThread2" daemon [_thread_in_native, id=15860, stack(0x000000001cff0000,0x000000001d0f0000)]
  0x000000001c524000 JavaThread "C2 CompilerThread1" daemon [_thread_in_native, id=20076, stack(0x000000001cef0000,0x000000001cff0000)]
  0x000000001c522000 JavaThread "C2 CompilerThread0" daemon [_thread_in_native, id=12064, stack(0x000000001cdf0000,0x000000001cef0000)]
  0x000000001c51f800 JavaThread "Attach Listener" daemon [_thread_blocked, id=15080, stack(0x000000001ccf0000,0x000000001cdf0000)]
  0x000000001c51e000 JavaThread "Signal Dispatcher" daemon [_thread_blocked, id=11020, stack(0x000000001cbf0000,0x000000001ccf0000)]
  0x000000001c510800 JavaThread "Finalizer" daemon [_thread_blocked, id=10224, stack(0x000000001c9f0000,0x000000001caf0000)]
  0x0000000003228000 JavaThread "Reference Handler" daemon [_thread_blocked, id=19576, stack(0x000000001c8f0000,0x000000001c9f0000)]
  0x0000000003132800 JavaThread "main" [_thread_in_vm, id=3444, stack(0x0000000002fd0000,0x00000000030d0000)]

Other Threads:
  0x000000001a726000 VMThread [stack: 0x000000001c3f0000,0x000000001c4f0000] [id=9140]
  0x000000001c5c7000 WatcherThread [stack: 0x000000001d2f0000,0x000000001d3f0000] [id=20240]

VM state:not at safepoint (normal execution)

VM Mutex/Monitor currently owned by a thread: None

heap address: 0x0000000701e00000, size: 3042 MB, Compressed Oops mode: Zero based, Oop shift amount: 3
Narrow klass base: 0x0000000000000000, Narrow klass shift: 3
Compressed class space size: 1073741824 Address: 0x00000007c0000000

Heap:
 PSYoungGen      total 183808K, used 51980K [0x0000000780a00000, 0x000000078ed00000, 0x00000007c0000000)
  eden space 154112K, 14% used [0x0000000780a00000,0x0000000781fc53f8,0x000000078a080000)
  from space 29696K, 99% used [0x000000078c500000,0x000000078e1fdc48,0x000000078e200000)
  to   space 37376K, 0% used [0x000000078a080000,0x000000078a080000,0x000000078c500000)
 ParOldGen       total 147456K, used 39666K [0x0000000701e00000, 0x000000070ae00000, 0x0000000780a00000)
  object space 147456K, 26% used [0x0000000701e00000,0x00000007044bcb18,0x000000070ae00000)
 Metaspace       used 55380K, capacity 56525K, committed 56704K, reserved 1099776K
  class space    used 6757K, capacity 7032K, committed 7040K, reserved 1048576K

Card table byte_map: [0x00000000125f0000,0x0000000012bf0000] byte_map_base: 0x000000000ede1000

Marking Bits: (ParMarkBitMap*) 0x00000000616ff030
 Begin Bits: [0x00000000137f0000, 0x0000000016778000)
 End Bits:   [0x0000000016778000, 0x0000000019700000)

Polling page: 0x00000000030e0000

CodeCache: size=245760Kb used=30209Kb max_used=30209Kb free=215550Kb
 bounds [0x0000000003230000, 0x0000000004fe0000, 0x0000000012230000]
 total_blobs=7845 nmethods=7330 adapters=427
 compilation: enabled

Compilation events (10 events):
Event: 11.054 Thread 0x000000001c539000 nmethod 8416 0x00000000033a2b90 code [0x00000000033a2d00, 0x00000000033a3028]
Event: 11.055 Thread 0x000000001c539000 8417       2       org.jetbrains.org.objectweb.asm.ClassReader::readField (667 bytes)
Event: 11.059 Thread 0x000000001c539000 nmethod 8417 0x0000000004fbb850 code [0x0000000004fbbc00, 0x0000000004fbd3f8]
Event: 11.059 Thread 0x000000001c539000 8418       3       org.jetbrains.org.objectweb.asm.ClassReader::readMethod (1047 bytes)
Event: 11.068 Thread 0x000000001c539000 nmethod 8418 0x0000000004fbfc50 code [0x0000000004fc0360, 0x0000000004fc5df8]
Event: 11.068 Thread 0x000000001c539000 8425       2       gnu.trove.TIntHash::index (132 bytes)
Event: 11.069 Thread 0x000000001c539000 nmethod 8425 0x0000000003737350 code [0x00000000037374e0, 0x0000000003737888]
Event: 11.069 Thread 0x000000001c539000 8432       2       org.jetbrains.org.objectweb.asm.ClassReader::accept (1250 bytes)
Event: 11.081 Thread 0x000000001c539000 nmethod 8432 0x0000000004fcb090 code [0x0000000004fcb780, 0x0000000004fcf468]
Event: 11.081 Thread 0x000000001c539000 8440       3       gnu.trove.TIntHash::insertionIndex (223 bytes)

GC Heap History (10 events):
Event: 4.076 GC heap before
{Heap before GC invocations=6 (full 1):
 PSYoungGen      total 72192K, used 9480K [0x0000000780a00000, 0x0000000785900000, 0x00000007c0000000)
  eden space 64000K, 2% used [0x0000000780a00000,0x0000000780b42798,0x0000000784880000)
  from space 8192K, 99% used [0x0000000785080000,0x000000078587f8c8,0x0000000785880000)
  to   space 8192K, 0% used [0x0000000784880000,0x0000000784880000,0x0000000785080000)
 ParOldGen       total 113152K, used 31237K [0x0000000701e00000, 0x0000000708c80000, 0x0000000780a00000)
  object space 113152K, 27% used [0x0000000701e00000,0x0000000703c81770,0x0000000708c80000)
 Metaspace       used 34620K, capacity 35181K, committed 35416K, reserved 1081344K
  class space    used 4350K, capacity 4534K, committed 4608K, reserved 1048576K
Event: 4.084 GC heap after
Heap after GC invocations=6 (full 1):
 PSYoungGen      total 72192K, used 8185K [0x0000000780a00000, 0x0000000789f80000, 0x00000007c0000000)
  eden space 64000K, 0% used [0x0000000780a00000,0x0000000780a00000,0x0000000784880000)
  from space 8192K, 99% used [0x0000000784880000,0x000000078507e4c8,0x0000000785080000)
  to   space 23040K, 0% used [0x0000000788900000,0x0000000788900000,0x0000000789f80000)
 ParOldGen       total 113152K, used 31586K [0x0000000701e00000, 0x0000000708c80000, 0x0000000780a00000)
  object space 113152K, 27% used [0x0000000701e00000,0x0000000703cd8818,0x0000000708c80000)
 Metaspace       used 34620K, capacity 35181K, committed 35416K, reserved 1081344K
  class space    used 4350K, capacity 4534K, committed 4608K, reserved 1048576K
}
Event: 4.084 GC heap before
{Heap before GC invocations=7 (full 2):
 PSYoungGen      total 72192K, used 8185K [0x0000000780a00000, 0x0000000789f80000, 0x00000007c0000000)
  eden space 64000K, 0% used [0x0000000780a00000,0x0000000780a00000,0x0000000784880000)
  from space 8192K, 99% used [0x0000000784880000,0x000000078507e4c8,0x0000000785080000)
  to   space 23040K, 0% used [0x0000000788900000,0x0000000788900000,0x0000000789f80000)
 ParOldGen       total 113152K, used 31586K [0x0000000701e00000, 0x0000000708c80000, 0x0000000780a00000)
  object space 113152K, 27% used [0x0000000701e00000,0x0000000703cd8818,0x0000000708c80000)
 Metaspace       used 34620K, capacity 35181K, committed 35416K, reserved 1081344K
  class space    used 4350K, capacity 4534K, committed 4608K, reserved 1048576K
Event: 4.155 GC heap after
Heap after GC invocations=7 (full 2):
 PSYoungGen      total 72192K, used 0K [0x0000000780a00000, 0x0000000789f80000, 0x00000007c0000000)
  eden space 64000K, 0% used [0x0000000780a00000,0x0000000780a00000,0x0000000784880000)
  from space 8192K, 0% used [0x0000000784880000,0x0000000784880000,0x0000000785080000)
  to   space 23040K, 0% used [0x0000000788900000,0x0000000788900000,0x0000000789f80000)
 ParOldGen       total 147456K, used 22865K [0x0000000701e00000, 0x000000070ae00000, 0x0000000780a00000)
  object space 147456K, 15% used [0x0000000701e00000,0x0000000703454478,0x000000070ae00000)
 Metaspace       used 34620K, capacity 35181K, committed 35416K, reserved 1081344K
  class space    used 4350K, capacity 4534K, committed 4608K, reserved 1048576K
}
Event: 5.401 GC heap before
{Heap before GC invocations=8 (full 2):
 PSYoungGen      total 72192K, used 64000K [0x0000000780a00000, 0x0000000789f80000, 0x00000007c0000000)
  eden space 64000K, 100% used [0x0000000780a00000,0x0000000784880000,0x0000000784880000)
  from space 8192K, 0% used [0x0000000784880000,0x0000000784880000,0x0000000785080000)
  to   space 23040K, 0% used [0x0000000788900000,0x0000000788900000,0x0000000789f80000)
 ParOldGen       total 147456K, used 22865K [0x0000000701e00000, 0x000000070ae00000, 0x0000000780a00000)
  object space 147456K, 15% used [0x0000000701e00000,0x0000000703454478,0x000000070ae00000)
 Metaspace       used 39919K, capacity 40527K, committed 40704K, reserved 1085440K
  class space    used 4932K, capacity 5119K, committed 5120K, reserved 1048576K
Event: 5.415 GC heap after
Heap after GC invocations=8 (full 2):
 PSYoungGen      total 120832K, used 12088K [0x0000000780a00000, 0x0000000789a00000, 0x00000007c0000000)
  eden space 103424K, 0% used [0x0000000780a00000,0x0000000780a00000,0x0000000786f00000)
  from space 17408K, 69% used [0x0000000788900000,0x00000007894ce280,0x0000000789a00000)
  to   space 22016K, 0% used [0x0000000786f00000,0x0000000786f00000,0x0000000788480000)
 ParOldGen       total 147456K, used 22873K [0x0000000701e00000, 0x000000070ae00000, 0x0000000780a00000)
  object space 147456K, 15% used [0x0000000701e00000,0x0000000703456478,0x000000070ae00000)
 Metaspace       used 39919K, capacity 40527K, committed 40704K, reserved 1085440K
  class space    used 4932K, capacity 5119K, committed 5120K, reserved 1048576K
}
Event: 8.134 GC heap before
{Heap before GC invocations=9 (full 2):
 PSYoungGen      total 120832K, used 115512K [0x0000000780a00000, 0x0000000789a00000, 0x00000007c0000000)
  eden space 103424K, 100% used [0x0000000780a00000,0x0000000786f00000,0x0000000786f00000)
  from space 17408K, 69% used [0x0000000788900000,0x00000007894ce280,0x0000000789a00000)
  to   space 22016K, 0% used [0x0000000786f00000,0x0000000786f00000,0x0000000788480000)
 ParOldGen       total 147456K, used 22873K [0x0000000701e00000, 0x000000070ae00000, 0x0000000780a00000)
  object space 147456K, 15% used [0x0000000701e00000,0x0000000703456478,0x000000070ae00000)
 Metaspace       used 46910K, capacity 47769K, committed 48128K, reserved 1091584K
  class space    used 5630K, capacity 5874K, committed 5888K, reserved 1048576K
Event: 8.163 GC heap after
Heap after GC invocations=9 (full 2):
 PSYoungGen      total 125440K, used 22014K [0x0000000780a00000, 0x000000078e200000, 0x00000007c0000000)
  eden space 103424K, 0% used [0x0000000780a00000,0x0000000780a00000,0x0000000786f00000)
  from space 22016K, 99% used [0x0000000786f00000,0x000000078847f958,0x0000000788480000)
  to   space 29696K, 0% used [0x000000078c500000,0x000000078c500000,0x000000078e200000)
 ParOldGen       total 147456K, used 31924K [0x0000000701e00000, 0x000000070ae00000, 0x0000000780a00000)
  object space 147456K, 21% used [0x0000000701e00000,0x0000000703d2d010,0x000000070ae00000)
 Metaspace       used 46910K, capacity 47769K, committed 48128K, reserved 1091584K
  class space    used 5630K, capacity 5874K, committed 5888K, reserved 1048576K
}
Event: 10.306 GC heap before
{Heap before GC invocations=10 (full 2):
 PSYoungGen      total 125440K, used 125438K [0x0000000780a00000, 0x000000078e200000, 0x00000007c0000000)
  eden space 103424K, 100% used [0x0000000780a00000,0x0000000786f00000,0x0000000786f00000)
  from space 22016K, 99% used [0x0000000786f00000,0x000000078847f958,0x0000000788480000)
  to   space 29696K, 0% used [0x000000078c500000,0x000000078c500000,0x000000078e200000)
 ParOldGen       total 147456K, used 31924K [0x0000000701e00000, 0x000000070ae00000, 0x0000000780a00000)
  object space 147456K, 21% used [0x0000000701e00000,0x0000000703d2d010,0x000000070ae00000)
 Metaspace       used 52369K, capacity 53309K, committed 53760K, reserved 1095680K
  class space    used 6308K, capacity 6550K, committed 6656K, reserved 1048576K
Event: 10.349 GC heap after
Heap after GC invocations=10 (full 2):
 PSYoungGen      total 183808K, used 29687K [0x0000000780a00000, 0x000000078ed00000, 0x00000007c0000000)
  eden space 154112K, 0% used [0x0000000780a00000,0x0000000780a00000,0x000000078a080000)
  from space 29696K, 99% used [0x000000078c500000,0x000000078e1fdc48,0x000000078e200000)
  to   space 37376K, 0% used [0x000000078a080000,0x000000078a080000,0x000000078c500000)
 ParOldGen       total 147456K, used 39666K [0x0000000701e00000, 0x000000070ae00000, 0x0000000780a00000)
  object space 147456K, 26% used [0x0000000701e00000,0x00000007044bcb18,0x000000070ae00000)
 Metaspace       used 52369K, capacity 53309K, committed 53760K, reserved 1095680K
  class space    used 6308K, capacity 6550K, committed 6656K, reserved 1048576K
}

Deoptimization events (10 events):
Event: 10.792 Thread 0x0000000003132800 Uncommon trap: reason=class_check action=maybe_recompile pc=0x00000000035c25e4 method=java.util.concurrent.ConcurrentHashMap.putVal(Ljava/lang/Object;Ljava/lang/Object;Z)Ljava/lang/Object; @ 192
Event: 10.793 Thread 0x0000000003132800 Uncommon trap: reason=bimorphic action=maybe_recompile pc=0x00000000048f8a80 method=org.jetbrains.kotlin.com.intellij.psi.impl.source.tree.CompositeElement.getChildren(Lorg/jetbrains/kotlin/com/intellij/psi/tree/TokenSet;)[Lorg/jetbrains/kotlin/com/intell
Event: 10.815 Thread 0x0000000003132800 Uncommon trap: reason=class_check action=maybe_recompile pc=0x000000000489dcd4 method=org.jetbrains.kotlin.cli.jvm.index.JvmDependenciesIndexImpl.search(Lorg/jetbrains/kotlin/cli/jvm/index/JvmDependenciesIndexImpl$SearchRequest;Lkotlin/jvm/functions/Funct
Event: 10.815 Thread 0x0000000003132800 Uncommon trap: reason=class_check action=maybe_recompile pc=0x000000000489dcd4 method=org.jetbrains.kotlin.cli.jvm.index.JvmDependenciesIndexImpl.search(Lorg/jetbrains/kotlin/cli/jvm/index/JvmDependenciesIndexImpl$SearchRequest;Lkotlin/jvm/functions/Funct
Event: 10.902 Thread 0x0000000003132800 Uncommon trap: reason=unstable_if action=reinterpret pc=0x0000000004ecee7c method=org.jetbrains.org.objectweb.asm.ClassReader.readMethod(Lorg/jetbrains/org/objectweb/asm/ClassVisitor;Lorg/jetbrains/org/objectweb/asm/Context;I)I @ 151
Event: 10.981 Thread 0x0000000003132800 Uncommon trap: reason=class_check action=maybe_recompile pc=0x00000000035c25e4 method=java.util.concurrent.ConcurrentHashMap.putVal(Ljava/lang/Object;Ljava/lang/Object;Z)Ljava/lang/Object; @ 192
Event: 10.988 Thread 0x0000000003132800 Uncommon trap: reason=bimorphic action=maybe_recompile pc=0x00000000048f8a80 method=org.jetbrains.kotlin.com.intellij.psi.impl.source.tree.CompositeElement.getChildren(Lorg/jetbrains/kotlin/com/intellij/psi/tree/TokenSet;)[Lorg/jetbrains/kotlin/com/intell
Event: 11.027 Thread 0x0000000003132800 Uncommon trap: reason=class_check action=maybe_recompile pc=0x00000000035c25e4 method=java.util.concurrent.ConcurrentHashMap.putVal(Ljava/lang/Object;Ljava/lang/Object;Z)Ljava/lang/Object; @ 192
Event: 11.027 Thread 0x0000000003132800 Uncommon trap: reason=class_check action=maybe_recompile pc=0x00000000035c25e4 method=java.util.concurrent.ConcurrentHashMap.putVal(Ljava/lang/Object;Ljava/lang/Object;Z)Ljava/lang/Object; @ 192
Event: 11.071 Thread 0x0000000003132800 Uncommon trap: reason=bimorphic action=maybe_recompile pc=0x00000000047cba7c method=org.jetbrains.org.objectweb.asm.ClassReader.readElementValue(Lorg/jetbrains/org/objectweb/asm/AnnotationVisitor;ILjava/lang/String;[C)I @ 1208

Classes redefined (0 events):
No events

Internal exceptions (10 events):
Event: 9.137 Thread 0x0000000003132800 Implicit null exception at 0x0000000003eab744 to 0x0000000003eac33d
Event: 9.137 Thread 0x0000000003132800 Implicit null exception at 0x0000000003d0b49b to 0x0000000003d0b971
Event: 9.154 Thread 0x0000000003132800 Implicit null exception at 0x000000000351496f to 0x00000000035149d9
Event: 9.386 Thread 0x0000000003132800 Exception <a 'java/lang/IncompatibleClassChangeError': Found class java.lang.Object, but interface was expected> (0x00000007855acce0) thrown at [C:\src\AOSP-openjdk-git\hotspot\src\share\vm\interpreter\linkResolver.cpp, line 653]
Event: 10.278 Thread 0x0000000003132800 Implicit null exception at 0x0000000004a76576 to 0x0000000004a76b91
Event: 10.756 Thread 0x0000000003132800 Exception <a 'java/lang/NoSuchMethodError': java.lang.Object.lambda$static$0(I)[Lorg/jetbrains/kotlin/com/intellij/psi/PsiMethod;> (0x00000007813eca80) thrown at [C:\src\AOSP-openjdk-git\hotspot\src\share\vm\interpreter\linkResolver.cpp, line 620]
Event: 10.793 Thread 0x0000000003132800 Exception <a 'java/lang/NoSuchMethodError': java.lang.Object.lambda$static$0(I)[Lorg/jetbrains/kotlin/com/intellij/psi/PsiField;> (0x0000000781483638) thrown at [C:\src\AOSP-openjdk-git\hotspot\src\share\vm\interpreter\linkResolver.cpp, line 620]
Event: 10.811 Thread 0x0000000003132800 Exception <a 'java/lang/NoSuchMethodError': java.lang.Object.lambda$static$0(I)[Lorg/jetbrains/kotlin/com/intellij/psi/PsiJavaCodeReferenceElement;> (0x00000007814fa6d8) thrown at [C:\src\AOSP-openjdk-git\hotspot\src\share\vm\interpreter\linkResolver.cpp,
Event: 10.985 Thread 0x0000000003132800 Exception <a 'java/lang/NoSuchMethodError': java.lang.Object.lambda$static$0(I)[Lorg/jetbrains/kotlin/com/intellij/psi/PsiImportStatementBase;> (0x0000000781a2a588) thrown at [C:\src\AOSP-openjdk-git\hotspot\src\share\vm\interpreter\linkResolver.cpp, line
Event: 10.998 Thread 0x0000000003132800 Exception <a 'java/lang/NoSuchMethodError': java.lang.Object.lambda$static$0(I)I> (0x0000000781a94ac0) thrown at [C:\src\AOSP-openjdk-git\hotspot\src\share\vm\interpreter\linkResolver.cpp, line 620]

Events (10 events):
Event: 11.057 loading class org/jetbrains/kotlin/com/intellij/psi/impl/java/stubs/impl/PsiFieldStubImpl done
Event: 11.060 loading class org/jetbrains/kotlin/com/intellij/psi/impl/compiled/StubBuildingVisitor
Event: 11.060 loading class org/jetbrains/kotlin/com/intellij/psi/impl/compiled/StubBuildingVisitor done
Event: 11.069 loading class org/jetbrains/kotlin/com/intellij/psi/impl/java/stubs/impl/PsiTypeParameterStubImpl
Event: 11.069 loading class org/jetbrains/kotlin/com/intellij/psi/impl/java/stubs/impl/PsiTypeParameterStubImpl done
Event: 11.071 Thread 0x0000000003132800 Uncommon trap: trap_request=0xffffffc6 fr.pc=0x00000000047cba7c
Event: 11.071 Thread 0x0000000003132800 DEOPT PACKING pc=0x00000000047cba7c sp=0x00000000030c3110
Event: 11.071 Thread 0x0000000003132800 DEOPT UNPACKING pc=0x000000000327557b sp=0x00000000030c30a8 mode 2
Event: 11.071 loading class org/jetbrains/kotlin/com/intellij/psi/impl/compiled/StubBuildingVisitor$AnnotationTextCollector
Event: 11.071 loading class org/jetbrains/kotlin/com/intellij/psi/impl/compiled/StubBuildingVisitor$AnnotationTextCollector done


Dynamic libraries:
0x00007ff7b7570000 - 0x00007ff7b75a1000 	C:\Program Files\Android\Android Studio\jre\jre\bin\java.exe
0x00007ffd88f90000 - 0x00007ffd89186000 	C:\WINDOWS\SYSTEM32\ntdll.dll
0x00007ffd88040000 - 0x00007ffd880fd000 	C:\WINDOWS\System32\KERNEL32.DLL
0x00007ffd86b10000 - 0x00007ffd86dd9000 	C:\WINDOWS\System32\KERNELBASE.dll
0x00007ffd88e60000 - 0x00007ffd88f0c000 	C:\WINDOWS\System32\ADVAPI32.dll
0x00007ffd88dc0000 - 0x00007ffd88e5e000 	C:\WINDOWS\System32\msvcrt.dll
0x00007ffd877f0000 - 0x00007ffd8788c000 	C:\WINDOWS\System32\sechost.dll
0x00007ffd88100000 - 0x00007ffd8822b000 	C:\WINDOWS\System32\RPCRT4.dll
0x00007ffd88360000 - 0x00007ffd88500000 	C:\WINDOWS\System32\USER32.dll
0x00007ffd86a00000 - 0x00007ffd86a22000 	C:\WINDOWS\System32\win32u.dll
0x00007ffd86fc0000 - 0x00007ffd86fea000 	C:\WINDOWS\System32\GDI32.dll
0x00007ffd86840000 - 0x00007ffd8694b000 	C:\WINDOWS\System32\gdi32full.dll
0x00007ffd866a0000 - 0x00007ffd8673d000 	C:\WINDOWS\System32\msvcp_win.dll
0x00007ffd86740000 - 0x00007ffd86840000 	C:\WINDOWS\System32\ucrtbase.dll
0x00007ffd6d160000 - 0x00007ffd6d3fb000 	C:\WINDOWS\WinSxS\amd64_microsoft.windows.common-controls_6595b64144ccf1df_6.0.19041.746_none_ca02b4b61b8320a4\COMCTL32.dll
0x00007ffd87da0000 - 0x00007ffd87dd0000 	C:\WINDOWS\System32\IMM32.DLL
0x00000000628f0000 - 0x00000000629c2000 	C:\Program Files\Android\Android Studio\jre\jre\bin\msvcr100.dll
0x0000000060f30000 - 0x000000006177b000 	C:\Program Files\Android\Android Studio\jre\jre\bin\server\jvm.dll
0x00007ffd88f10000 - 0x00007ffd88f18000 	C:\WINDOWS\System32\PSAPI.DLL
0x00007ffd79080000 - 0x00007ffd79089000 	C:\WINDOWS\SYSTEM32\WSOCK32.dll
0x00007ffd80d70000 - 0x00007ffd80d7a000 	C:\WINDOWS\SYSTEM32\VERSION.dll
0x00007ffd7acc0000 - 0x00007ffd7ace7000 	C:\WINDOWS\SYSTEM32\WINMM.dll
0x00007ffd882f0000 - 0x00007ffd8835b000 	C:\WINDOWS\System32\WS2_32.dll
0x00007ffd80630000 - 0x00007ffd8063f000 	C:\Program Files\Android\Android Studio\jre\jre\bin\verify.dll
0x00007ffd7f5e0000 - 0x00007ffd7f609000 	C:\Program Files\Android\Android Studio\jre\jre\bin\java.dll
0x00007ffd7f5c0000 - 0x00007ffd7f5d6000 	C:\Program Files\Android\Android Studio\jre\jre\bin\zip.dll
0x00007ffd86ff0000 - 0x00007ffd87733000 	C:\WINDOWS\System32\SHELL32.dll
0x00007ffd844f0000 - 0x00007ffd84c7f000 	C:\WINDOWS\SYSTEM32\windows.storage.dll
0x00007ffd87a40000 - 0x00007ffd87d96000 	C:\WINDOWS\System32\combase.dll
0x00007ffd86030000 - 0x00007ffd8605c000 	C:\WINDOWS\SYSTEM32\Wldp.dll
0x00007ffd87740000 - 0x00007ffd877ee000 	C:\WINDOWS\System32\SHCORE.dll
0x00007ffd88d00000 - 0x00007ffd88d55000 	C:\WINDOWS\System32\shlwapi.dll
0x00007ffd865d0000 - 0x00007ffd865f6000 	C:\WINDOWS\SYSTEM32\profapi.dll
0x00007ffd7e990000 - 0x00007ffd7e9aa000 	C:\Program Files\Android\Android Studio\jre\jre\bin\net.dll
0x00007ffd85db0000 - 0x00007ffd85e1a000 	C:\WINDOWS\system32\mswsock.dll
0x00007ffd7e680000 - 0x00007ffd7e693000 	C:\Program Files\Android\Android Studio\jre\jre\bin\nio.dll

VM Arguments:
java_command: org.jetbrains.kotlin.cli.jvm.K2JVMCompiler @C:\Users\Arash\AndroidStudioProjects\NearRoom\app\build\20210212_236729115066952650.compiler.options
java_class_path (initial): C:\Users\Arash\.gradle\caches\modules-2\files-2.1\org.jetbrains.kotlin\kotlin-compiler-embeddable\1.4.21\87db94500aaf883536ae8c8efdee76bdc839d582\kotlin-compiler-embeddable-1.4.21.jar;C:\Users\Arash\.gradle\caches\modules-2\files-2.1\org.jetbrains.kotlin\kotlin-reflect\1.4.21\748f681f4e3edbe9285ff46710c79049c70f4dfa\kotlin-reflect-1.4.21.jar;C:\Users\Arash\.gradle\caches\modules-2\files-2.1\org.jetbrains.kotlin\kotlin-stdlib\1.4.21\4a668382d7c38688d3490afde93b6a113ed46698\kotlin-stdlib-1.4.21.jar;C:\Users\Arash\.gradle\caches\modules-2\files-2.1\org.jetbrains.kotlin\kotlin-script-runtime\1.4.21\1247decba314790165b4fe94d09c45b09db6b07f\kotlin-script-runtime-1.4.21.jar;C:\Users\Arash\.gradle\caches\modules-2\files-2.1\org.jetbrains.kotlin\kotlin-daemon-embeddable\1.4.21\bc95bcebdc871d45d9852b0c01abe9bec373bb52\kotlin-daemon-embeddable-1.4.21.jar;C:\Users\Arash\.gradle\caches\modules-2\files-2.1\org.jetbrains.intellij.deps\trove4j\1.0.20181211\216c2e14b070f334479d800987affe4054cd563f\trove4j-1.0.20181211.jar;C:\Users\Arash\.gradle\caches\modules-2\files-2.1\org.jetbrains.kotlin\kotlin-stdlib-common\1.4.21\7f48a062aa4b53215998780f7c245a4276828e1d\kotlin-stdlib-common-1.4.21.jar;C:\Users\Arash\.gradle\caches\modules-2\files-2.1\org.jetbrains\annotations\13.0\919f0dfe192fb4e063e7dacadee7f8bb9a2672a9\annotations-13.0.jar;C:\Program Files\Android\Android Studio\jre\lib\tools.jar
Launcher Type: SUN_STANDARD

Environment Variables:
PATH=C:\Program Files (x86)\Common Files\Intel\Shared Libraries\redist\intel64\compiler;C:\Program Files (x86)\Common Files\Oracle\Java\javapath;C:\Program Files (x86)\Intel\Intel(R) Management Engine Components\iCLS\;C:\Program Files\Intel\Intel(R) Management Engine Components\iCLS\;C:\Windows\system32;C:\Windows;C:\Windows\System32\Wbem;C:\Windows\System32\WindowsPowerShell\v1.0\;C:\Windows\System32\OpenSSH\;C:\Program Files (x86)\NVIDIA Corporation\PhysX\Common;C:\Program Files (x86)\Intel\Intel(R) Management Engine Components\DAL;C:\Program Files\Intel\Intel(R) Management Engine Components\DAL;C:\Program Files (x86)\Intel\Intel(R) Management Engine Components\IPT;C:\Program Files\Intel\Intel(R) Management Engine Components\IPT;C:\Program Files\NVIDIA Corporation\NVIDIA NvDLISR;C:\Program Files (x86)\Microsoft SQL Server\150\DTS\Binn\;C:\WINDOWS\system32;C:\WINDOWS;C:\WINDOWS\System32\Wbem;C:\WINDOWS\System32\WindowsPowerShell\v1.0\;C:\WINDOWS\System32\OpenSSH\;C:\Program Files\Intel\WiFi\bin\;C:\Program Files\Common Files\Intel\WirelessCommon\;C:\Program Files\nodejs\;C:\Program Files\Git\cmd;C:\Program Files\Java\jdk1.8.0_202\bin;C:\Users\Arash\AppData\Roaming\npm;C:\Program Files\Intel\WiFi\bin\;C:\Program Files\Common Files\Intel\WirelessCommon\;C:\Program Files\heroku\bin
USERNAME=Arash
OS=Windows_NT
PROCESSOR_IDENTIFIER=Intel64 Family 6 Model 142 Stepping 10, GenuineIntel



---------------  S Y S T E M  ---------------

OS: Windows 10.0 , 64 bit Build 19041 (10.0.19041.662)

CPU:total 8 (initial active 8) (4 cores per cpu, 2 threads per core) family 6 model 142 stepping 10, cmov, cx8, fxsr, mmx, sse, sse2, sse3, ssse3, sse4.1, sse4.2, popcnt, avx, avx2, aes, clmul, erms, 3dnowpref, lzcnt, ht, tsc, tscinvbit, bmi1, bmi2, adx

Memory: 4k page, physical 12458928k(680740k free), swap 18602928k(5836k free)

vm_info: OpenJDK 64-Bit Server VM (25.242-b01) for windows-amd64 JRE (1.8.0_242-release-1644-b01), built by "builder" with MS VC++ 10.0 (VS2010)

time: Fri Feb 12 02:56:53 2021
timezone: Iran Standard Time
elapsed time: 11 seconds (0d 0h 0m 11s)

