#
# There is insufficient memory for the Java Runtime Environment to continue.
# Native memory allocation (malloc) failed to allocate 748656 bytes for Chunk::new
# Possible reasons:
#   The system is out of physical RAM or swap space
#   The process is running with CompressedOops enabled, and the Java Heap may be blocking the growth of the native heap
# Possible solutions:
#   Reduce memory load on the system
#   Increase physical memory or swap space
#   Check if swap backing store is full
#   Decrease Java heap size (-Xmx/-Xms)
#   Decrease number of Java threads
#   Decrease Java thread stack sizes (-Xss)
#   Set larger code cache with -XX:ReservedCodeCacheSize=
#   JVM is running with Unscaled Compressed Oops mode in which the Java heap is
#     placed in the first 4GB address space. The Java Heap base address is the
#     maximum limit for the native heap growth. Please use -XX:HeapBaseMinAddress
#     to set the Java Heap base and to place the Java Heap above 4GB virtual address.
# This output file may be truncated or incomplete.
#
#  Out of Memory Error (allocation.cpp:389), pid=5528, tid=0x00000000000049d0
#
# JRE version: OpenJDK Runtime Environment (8.0_242-b01) (build 1.8.0_242-release-1644-b01)
# Java VM: OpenJDK 64-Bit Server VM (25.242-b01 mixed mode windows-amd64 compressed oops)
# Failed to write core dump. Minidumps are not enabled by default on client versions of Windows
#

---------------  T H R E A D  ---------------

Current thread (0x00000000197a3000):  JavaThread "C2 CompilerThread0" daemon [_thread_in_native, id=18896, stack(0x000000001a070000,0x000000001a170000)]

Stack: [0x000000001a070000,0x000000001a170000]
[error occurred during error reporting (printing stack bounds), id 0xc0000005]

Native frames: (J=compiled Java code, j=interpreted, Vv=VM code, C=native code)


Current CompileTask:
C2:  11870 5596 %     4       org.gradle.internal.instantiation.generator.AbstractClassGenerator::inspectType @ 107 (560 bytes)


---------------  P R O C E S S  ---------------

Java Threads: ( => current thread )
  0x000000001fb0f800 JavaThread "Cache worker for Build Output Cleanup Cache (C:\Users\Arash\AndroidStudioProjects\NearRoom\.gradle\buildOutputCleanup)" [_thread_blocked, id=19828, stack(0x000000002c1b0000,0x000000002c2b0000)]
  0x000000001fb0e800 JavaThread "jar transforms Thread 116" [_thread_blocked, id=7772, stack(0x000000002bcb0000,0x000000002bdb0000)]
  0x000000001fb0b800 JavaThread "jar transforms Thread 115" [_thread_blocked, id=16656, stack(0x000000002bbb0000,0x000000002bcb0000)]
  0x000000001fb0a000 JavaThread "jar transforms Thread 114" [_thread_blocked, id=19324, stack(0x000000002bab0000,0x000000002bbb0000)]
  0x000000001fb10000 JavaThread "jar transforms Thread 113" [_thread_blocked, id=6976, stack(0x000000002b9b0000,0x000000002bab0000)]
  0x000000001fa5b800 JavaThread "jar transforms Thread 112" [_thread_blocked, id=19040, stack(0x000000002b8b0000,0x000000002b9b0000)]
  0x000000001fa5a000 JavaThread "jar transforms Thread 111" [_thread_blocked, id=17808, stack(0x000000002b7b0000,0x000000002b8b0000)]
  0x000000001fa59000 JavaThread "jar transforms Thread 110" [_thread_blocked, id=16596, stack(0x000000002b6b0000,0x000000002b7b0000)]
  0x000000001fa5d800 JavaThread "jar transforms Thread 109" [_thread_blocked, id=12232, stack(0x000000002b5b0000,0x000000002b6b0000)]
  0x000000001fa5a800 JavaThread "jar transforms Thread 108" [_thread_blocked, id=9144, stack(0x000000002b4b0000,0x000000002b5b0000)]
  0x000000001fa5d000 JavaThread "jar transforms Thread 107" [_thread_blocked, id=12068, stack(0x000000002b3b0000,0x000000002b4b0000)]
  0x000000001fa5c000 JavaThread "jar transforms Thread 106" [_thread_blocked, id=16592, stack(0x000000002b2b0000,0x000000002b3b0000)]
  0x000000001fa51800 JavaThread "jar transforms Thread 105" [_thread_blocked, id=20008, stack(0x000000002b1b0000,0x000000002b2b0000)]
  0x000000001fa57800 JavaThread "jar transforms Thread 104" [_thread_blocked, id=10012, stack(0x000000002b0b0000,0x000000002b1b0000)]
  0x000000001fa58800 JavaThread "jar transforms Thread 103" [_thread_blocked, id=4752, stack(0x000000002afb0000,0x000000002b0b0000)]
  0x000000001fa57000 JavaThread "jar transforms Thread 102" [_thread_blocked, id=7320, stack(0x000000002aeb0000,0x000000002afb0000)]
  0x000000001fa51000 JavaThread "jar transforms Thread 101" [_thread_blocked, id=19696, stack(0x000000002adb0000,0x000000002aeb0000)]
  0x000000001fa4f800 JavaThread "jar transforms Thread 100" [_thread_blocked, id=15836, stack(0x000000002acb0000,0x000000002adb0000)]
  0x000000001fa54800 JavaThread "jar transforms Thread 99" [_thread_blocked, id=4364, stack(0x000000002abb0000,0x000000002acb0000)]
  0x000000001fa56000 JavaThread "jar transforms Thread 98" [_thread_blocked, id=16868, stack(0x000000002aab0000,0x000000002abb0000)]
  0x000000001fa54000 JavaThread "jar transforms Thread 97" [_thread_blocked, id=11688, stack(0x000000002a9b0000,0x000000002aab0000)]
  0x000000001fa4e800 JavaThread "jar transforms Thread 96" [_thread_blocked, id=7560, stack(0x000000002a8b0000,0x000000002a9b0000)]
  0x000000001fa55800 JavaThread "jar transforms Thread 95" [_thread_blocked, id=19636, stack(0x000000002a7b0000,0x000000002a8b0000)]
  0x000000001fa50000 JavaThread "jar transforms Thread 94" [_thread_blocked, id=9372, stack(0x000000002a6b0000,0x000000002a7b0000)]
  0x000000001fa52800 JavaThread "jar transforms Thread 93" [_thread_blocked, id=18376, stack(0x000000002a5b0000,0x000000002a6b0000)]
  0x000000001fa53000 JavaThread "jar transforms Thread 92" [_thread_blocked, id=14872, stack(0x000000002a4b0000,0x000000002a5b0000)]
  0x000000001f084800 JavaThread "jar transforms Thread 91" [_thread_blocked, id=11168, stack(0x000000002a3b0000,0x000000002a4b0000)]
  0x000000001f083800 JavaThread "jar transforms Thread 90" [_thread_blocked, id=12664, stack(0x000000002a2b0000,0x000000002a3b0000)]
  0x000000001f085000 JavaThread "jar transforms Thread 89" [_thread_blocked, id=15300, stack(0x000000002a1b0000,0x000000002a2b0000)]
  0x000000001f086800 JavaThread "jar transforms Thread 88" [_thread_blocked, id=19652, stack(0x0000000029fb0000,0x000000002a0b0000)]
  0x000000001f083000 JavaThread "jar transforms Thread 87" [_thread_blocked, id=3996, stack(0x0000000029eb0000,0x0000000029fb0000)]
  0x000000001f07d000 JavaThread "jar transforms Thread 86" [_thread_blocked, id=17856, stack(0x0000000029db0000,0x0000000029eb0000)]
  0x000000001f07c000 JavaThread "jar transforms Thread 85" [_thread_blocked, id=17584, stack(0x0000000029cb0000,0x0000000029db0000)]
  0x000000001f082000 JavaThread "jar transforms Thread 84" [_thread_blocked, id=16084, stack(0x0000000029bb0000,0x0000000029cb0000)]
  0x000000001f07a800 JavaThread "jar transforms Thread 83" [_thread_blocked, id=20136, stack(0x0000000029ab0000,0x0000000029bb0000)]
  0x000000001f081800 JavaThread "jar transforms Thread 82" [_thread_blocked, id=6392, stack(0x00000000299b0000,0x0000000029ab0000)]
  0x000000001f080800 JavaThread "jar transforms Thread 81" [_thread_blocked, id=18904, stack(0x00000000298b0000,0x00000000299b0000)]
  0x000000001f079000 JavaThread "jar transforms Thread 80" [_thread_blocked, id=19468, stack(0x00000000297b0000,0x00000000298b0000)]
  0x000000001f080000 JavaThread "jar transforms Thread 79" [_thread_blocked, id=11876, stack(0x00000000296b0000,0x00000000297b0000)]
  0x000000001f07f000 JavaThread "jar transforms Thread 78" [_thread_blocked, id=15068, stack(0x00000000295b0000,0x00000000296b0000)]
  0x000000001f077800 JavaThread "jar transforms Thread 77" [_thread_blocked, id=18660, stack(0x00000000294b0000,0x00000000295b0000)]
  0x000000001f07e800 JavaThread "jar transforms Thread 76" [_thread_blocked, id=13472, stack(0x00000000293b0000,0x00000000294b0000)]
  0x000000001f07b000 JavaThread "jar transforms Thread 75" [_thread_blocked, id=8672, stack(0x00000000292b0000,0x00000000293b0000)]
  0x000000001f078000 JavaThread "jar transforms Thread 74" [_thread_blocked, id=9516, stack(0x00000000291b0000,0x00000000292b0000)]
  0x000000001f07d800 JavaThread "jar transforms Thread 73" [_thread_blocked, id=15000, stack(0x00000000290b0000,0x00000000291b0000)]
  0x000000001f079800 JavaThread "jar transforms Thread 72" [_thread_blocked, id=3332, stack(0x0000000028fb0000,0x00000000290b0000)]
  0x000000001b8da000 JavaThread "jar transforms Thread 71" [_thread_blocked, id=14644, stack(0x0000000028eb0000,0x0000000028fb0000)]
  0x000000001b8d9800 JavaThread "jar transforms Thread 70" [_thread_blocked, id=12088, stack(0x0000000028db0000,0x0000000028eb0000)]
  0x000000001b8d7000 JavaThread "jar transforms Thread 69" [_thread_blocked, id=18272, stack(0x0000000028cb0000,0x0000000028db0000)]
  0x000000001b8d8800 JavaThread "jar transforms Thread 68" [_thread_blocked, id=856, stack(0x0000000028bb0000,0x0000000028cb0000)]
  0x000000001b8db800 JavaThread "jar transforms Thread 67" [_thread_blocked, id=19464, stack(0x0000000028ab0000,0x0000000028bb0000)]
  0x000000001b8d6800 JavaThread "jar transforms Thread 66" [_thread_blocked, id=9696, stack(0x00000000289b0000,0x0000000028ab0000)]
  0x000000001b8db000 JavaThread "jar transforms Thread 65" [_thread_blocked, id=20208, stack(0x00000000288b0000,0x00000000289b0000)]
  0x000000001b8d8000 JavaThread "jar transforms Thread 64" [_thread_blocked, id=9808, stack(0x00000000287b0000,0x00000000288b0000)]
  0x000000001b8d5800 JavaThread "jar transforms Thread 63" [_thread_blocked, id=3408, stack(0x00000000286b0000,0x00000000287b0000)]
  0x000000001b8dc800 JavaThread "jar transforms Thread 62" [_thread_blocked, id=17016, stack(0x00000000285b0000,0x00000000286b0000)]
  0x000000001b8d5000 JavaThread "jar transforms Thread 61" [_thread_blocked, id=19364, stack(0x00000000284b0000,0x00000000285b0000)]
  0x000000001b8cd800 JavaThread "jar transforms Thread 60" [_thread_blocked, id=8748, stack(0x00000000283b0000,0x00000000284b0000)]
  0x000000001b8d4000 JavaThread "jar transforms Thread 59" [_thread_blocked, id=2644, stack(0x00000000282b0000,0x00000000283b0000)]
  0x000000001b8d3800 JavaThread "jar transforms Thread 58" [_thread_blocked, id=11868, stack(0x00000000281b0000,0x00000000282b0000)]
  0x000000001b8cf800 JavaThread "jar transforms Thread 57" [_thread_blocked, id=16744, stack(0x00000000280b0000,0x00000000281b0000)]
  0x000000001b8d2800 JavaThread "jar transforms Thread 56" [_thread_blocked, id=9036, stack(0x0000000027fb0000,0x00000000280b0000)]
  0x000000001b8cf000 JavaThread "jar transforms Thread 55" [_thread_blocked, id=18676, stack(0x0000000027eb0000,0x0000000027fb0000)]
  0x000000001b8ce000 JavaThread "jar transforms Thread 54" [_thread_blocked, id=5256, stack(0x0000000027db0000,0x0000000027eb0000)]
  0x000000001b8d2000 JavaThread "jar transforms Thread 53" [_thread_blocked, id=19348, stack(0x0000000027cb0000,0x0000000027db0000)]
  0x000000001b8d1000 JavaThread "jar transforms Thread 52" [_thread_blocked, id=7000, stack(0x0000000027bb0000,0x0000000027cb0000)]
  0x000000001b8d0800 JavaThread "jar transforms Thread 51" [_thread_blocked, id=8624, stack(0x0000000027ab0000,0x0000000027bb0000)]
  0x000000001ad30800 JavaThread "jar transforms Thread 50" [_thread_blocked, id=6536, stack(0x00000000279b0000,0x0000000027ab0000)]
  0x000000001ad33000 JavaThread "jar transforms Thread 49" [_thread_blocked, id=17232, stack(0x00000000278b0000,0x00000000279b0000)]
  0x000000001ad31800 JavaThread "jar transforms Thread 48" [_thread_blocked, id=11124, stack(0x00000000277b0000,0x00000000278b0000)]
  0x000000001ad2d800 JavaThread "jar transforms Thread 47" [_thread_blocked, id=884, stack(0x00000000276b0000,0x00000000277b0000)]
  0x000000001ad30000 JavaThread "jar transforms Thread 46" [_thread_blocked, id=16460, stack(0x00000000275b0000,0x00000000276b0000)]
  0x000000001ad32000 JavaThread "jar transforms Thread 45" [_thread_blocked, id=1848, stack(0x00000000274b0000,0x00000000275b0000)]
  0x000000001ad33800 JavaThread "jar transforms Thread 44" [_thread_blocked, id=3652, stack(0x00000000273b0000,0x00000000274b0000)]
  0x000000001ad2f000 JavaThread "jar transforms Thread 43" [_thread_blocked, id=20456, stack(0x00000000272b0000,0x00000000273b0000)]
  0x000000001ad2e800 JavaThread "jar transforms Thread 42" [_thread_blocked, id=15152, stack(0x00000000271b0000,0x00000000272b0000)]
  0x000000001ad26000 JavaThread "jar transforms Thread 41" [_thread_blocked, id=19552, stack(0x00000000270b0000,0x00000000271b0000)]
  0x000000001ad27000 JavaThread "jar transforms Thread 40" [_thread_blocked, id=7312, stack(0x0000000026fb0000,0x00000000270b0000)]
  0x000000001ad2d000 JavaThread "jar transforms Thread 39" [_thread_blocked, id=4660, stack(0x0000000026eb0000,0x0000000026fb0000)]
  0x000000001ad25800 JavaThread "jar transforms Thread 38" [_thread_blocked, id=12804, stack(0x0000000026db0000,0x0000000026eb0000)]
  0x000000001ad2c000 JavaThread "jar transforms Thread 37" [_thread_blocked, id=14188, stack(0x0000000026cb0000,0x0000000026db0000)]
  0x000000001ad24800 JavaThread "jar transforms Thread 36" [_thread_blocked, id=15864, stack(0x0000000026bb0000,0x0000000026cb0000)]
  0x000000001ad2a800 JavaThread "jar transforms Thread 35" [_thread_blocked, id=17108, stack(0x0000000026ab0000,0x0000000026bb0000)]
  0x000000001ad28800 JavaThread "jar transforms Thread 34" [_thread_blocked, id=19792, stack(0x00000000269b0000,0x0000000026ab0000)]
  0x000000001ad27800 JavaThread "jar transforms Thread 33" [_thread_blocked, id=9360, stack(0x00000000268b0000,0x00000000269b0000)]
  0x000000001ad2a000 JavaThread "jar transforms Thread 32" [_thread_blocked, id=19892, stack(0x00000000267b0000,0x00000000268b0000)]
  0x000000001ad2b800 JavaThread "jar transforms Thread 31" [_thread_blocked, id=20020, stack(0x00000000266b0000,0x00000000267b0000)]
  0x000000001ad29000 JavaThread "jar transforms Thread 30" [_thread_blocked, id=10208, stack(0x00000000265b0000,0x00000000266b0000)]
  0x00000000212e7800 JavaThread "jar transforms Thread 29" [_thread_blocked, id=5216, stack(0x00000000264b0000,0x00000000265b0000)]
  0x00000000212e6800 JavaThread "jar transforms Thread 28" [_thread_blocked, id=4496, stack(0x00000000263b0000,0x00000000264b0000)]
  0x00000000212e0800 JavaThread "jar transforms Thread 27" [_thread_blocked, id=18096, stack(0x00000000262b0000,0x00000000263b0000)]
  0x00000000212e6000 JavaThread "jar transforms Thread 26" [_thread_blocked, id=14908, stack(0x00000000261b0000,0x00000000262b0000)]
  0x00000000212e4800 JavaThread "jar transforms Thread 25" [_thread_blocked, id=18348, stack(0x00000000260b0000,0x00000000261b0000)]
  0x00000000212e1000 JavaThread "jar transforms Thread 24" [_thread_blocked, id=19492, stack(0x0000000025fb0000,0x00000000260b0000)]
  0x00000000212e3800 JavaThread "jar transforms Thread 23" [_thread_blocked, id=17672, stack(0x0000000025eb0000,0x0000000025fb0000)]
  0x00000000212e5000 JavaThread "jar transforms Thread 22" [_thread_blocked, id=9160, stack(0x0000000025db0000,0x0000000025eb0000)]
  0x00000000212e3000 JavaThread "jar transforms Thread 21" [_thread_blocked, id=20000, stack(0x0000000025cb0000,0x0000000025db0000)]
  0x00000000212e2000 JavaThread "jar transforms Thread 20" [_thread_blocked, id=7112, stack(0x0000000025bb0000,0x0000000025cb0000)]
  0x00000000212d9000 JavaThread "jar transforms Thread 19" [_thread_blocked, id=13884, stack(0x0000000025ab0000,0x0000000025bb0000)]
  0x00000000212df800 JavaThread "jar transforms Thread 18" [_thread_blocked, id=2416, stack(0x00000000259b0000,0x0000000025ab0000)]
  0x00000000212d8000 JavaThread "jar transforms Thread 17" [_thread_blocked, id=15772, stack(0x00000000258b0000,0x00000000259b0000)]
  0x00000000212de000 JavaThread "jar transforms Thread 16" [_thread_blocked, id=20056, stack(0x00000000257b0000,0x00000000258b0000)]
  0x00000000212dd800 JavaThread "jar transforms Thread 15" [_thread_blocked, id=17752, stack(0x00000000256b0000,0x00000000257b0000)]
  0x00000000212dc000 JavaThread "jar transforms Thread 14" [_thread_blocked, id=8592, stack(0x00000000255b0000,0x00000000256b0000)]
  0x00000000212dc800 JavaThread "jar transforms Thread 13" [_thread_blocked, id=17840, stack(0x00000000254b0000,0x00000000255b0000)]
  0x00000000212df000 JavaThread "jar transforms Thread 12" [_thread_blocked, id=17560, stack(0x00000000253b0000,0x00000000254b0000)]
  0x00000000212db000 JavaThread "jar transforms Thread 11" [_thread_blocked, id=15440, stack(0x00000000252b0000,0x00000000253b0000)]
  0x00000000212da800 JavaThread "jar transforms Thread 10" [_thread_blocked, id=12684, stack(0x00000000251b0000,0x00000000252b0000)]
  0x00000000212d9800 JavaThread "jar transforms Thread 9" [_thread_blocked, id=592, stack(0x00000000250b0000,0x00000000251b0000)]
  0x000000001cdc9000 JavaThread "jar transforms Thread 8" [_thread_blocked, id=15716, stack(0x0000000024fb0000,0x00000000250b0000)]
  0x000000001cdc7800 JavaThread "jar transforms Thread 7" [_thread_blocked, id=1572, stack(0x0000000024eb0000,0x0000000024fb0000)]
  0x000000001cdc8000 JavaThread "jar transforms Thread 6" [_thread_blocked, id=10944, stack(0x0000000024db0000,0x0000000024eb0000)]
  0x000000001cdc6800 JavaThread "jar transforms Thread 5" [_thread_blocked, id=13004, stack(0x0000000024cb0000,0x0000000024db0000)]
  0x000000001cdc5000 JavaThread "jar transforms Thread 4" [_thread_blocked, id=19416, stack(0x0000000024bb0000,0x0000000024cb0000)]
  0x000000001cdc4800 JavaThread "jar transforms Thread 3" [_thread_blocked, id=19392, stack(0x0000000024ab0000,0x0000000024bb0000)]
  0x000000001cdc6000 JavaThread "jar transforms Thread 2" [_thread_blocked, id=5520, stack(0x00000000249b0000,0x0000000024ab0000)]
  0x000000001cdbd000 JavaThread "Build operations Thread 8" [_thread_blocked, id=6188, stack(0x00000000248b0000,0x00000000249b0000)]
  0x000000001cdc3800 JavaThread "Build operations Thread 7" [_thread_blocked, id=12800, stack(0x00000000247b0000,0x00000000248b0000)]
  0x000000001cdbc000 JavaThread "Build operations Thread 6" [_thread_blocked, id=3960, stack(0x00000000246b0000,0x00000000247b0000)]
  0x000000001cdc3000 JavaThread "Build operations Thread 5" [_thread_blocked, id=18856, stack(0x00000000245b0000,0x00000000246b0000)]
  0x000000001cdbb800 JavaThread "Build operations Thread 4" [_thread_blocked, id=17916, stack(0x00000000244b0000,0x00000000245b0000)]
  0x000000001cdc2000 JavaThread "Build operations Thread 3" [_thread_blocked, id=14220, stack(0x00000000243b0000,0x00000000244b0000)]
  0x000000001cdbe800 JavaThread "Build operations Thread 2" [_thread_blocked, id=19404, stack(0x00000000242b0000,0x00000000243b0000)]
  0x000000001cdc0000 JavaThread "Build operations" [_thread_blocked, id=8952, stack(0x00000000241b0000,0x00000000242b0000)]
  0x000000001cdba800 JavaThread "Cache worker for file content cache (C:\Users\Arash\.gradle\caches\6.5\fileContent)" [_thread_blocked, id=3580, stack(0x0000000022ae0000,0x0000000022be0000)]
  0x00000000197b6000 JavaThread "jar transforms" [_thread_blocked, id=13176, stack(0x00000000229e0000,0x0000000022ae0000)]
  0x00000000197b4800 JavaThread "Cache worker for execution history cache (C:\Users\Arash\.gradle\caches\6.5\executionHistory)" [_thread_blocked, id=13084, stack(0x00000000222e0000,0x00000000223e0000)]
  0x00000000197ba800 JavaThread "Cache worker for cache directory md-rule (C:\Users\Arash\.gradle\caches\6.5\md-rule)" [_thread_blocked, id=16364, stack(0x00000000221e0000,0x00000000222e0000)]
  0x00000000197b8800 JavaThread "Cache worker for cache directory md-supplier (C:\Users\Arash\.gradle\caches\6.5\md-supplier)" [_thread_blocked, id=6180, stack(0x0000000020e80000,0x0000000020f80000)]
  0x00000000197b7800 JavaThread "Cache worker for checksums cache (C:\Users\Arash\AndroidStudioProjects\NearRoom\.gradle\checksums)" [_thread_blocked, id=17216, stack(0x0000000020d80000,0x0000000020e80000)]
  0x00000000197b5800 JavaThread "Cache worker for file hash cache (C:\Users\Arash\AndroidStudioProjects\NearRoom\.gradle\6.5\fileHashes)" [_thread_blocked, id=18996, stack(0x000000001e890000,0x000000001e990000)]
  0x00000000197ba000 JavaThread "Cache worker for file hash cache (C:\Users\Arash\.gradle\caches\6.5\fileHashes)" [_thread_blocked, id=17900, stack(0x000000001e790000,0x000000001e890000)]
  0x00000000197b4000 JavaThread "File lock request listener" [_thread_in_native, id=15024, stack(0x000000001e690000,0x000000001e790000)]
  0x000000001a6d2800 JavaThread "Cache worker for journal cache (C:\Users\Arash\.gradle\caches\journal-1)" [_thread_blocked, id=11468, stack(0x000000001e590000,0x000000001e690000)]
  0x000000001a97d800 JavaThread "Thread-9" [_thread_blocked, id=14192, stack(0x000000001e290000,0x000000001e390000)]
  0x000000001a6bf000 JavaThread "Stdin handler" [_thread_blocked, id=7128, stack(0x000000001e190000,0x000000001e290000)]
  0x000000001a6b3000 JavaThread "Asynchronous log dispatcher for DefaultDaemonConnection: socket connection from /127.0.0.1:57973 to /127.0.0.1:57974" [_thread_blocked, id=16516, stack(0x000000001e090000,0x000000001e190000)]
  0x000000001992e000 JavaThread "Daemon worker" [_thread_in_native, id=17612, stack(0x000000001df90000,0x000000001e090000)]
  0x000000001a706800 JavaThread "Cancel handler" [_thread_blocked, id=11340, stack(0x000000001dd90000,0x000000001de90000)]
  0x00000000198d2800 JavaThread "Handler for socket connection from /127.0.0.1:57973 to /127.0.0.1:57974" [_thread_in_native, id=15572, stack(0x000000001dc90000,0x000000001dd90000)]
  0x000000001c33f800 JavaThread "Daemon" [_thread_blocked, id=10024, stack(0x000000001db90000,0x000000001dc90000)]
  0x000000001c294000 JavaThread "Daemon periodic checks" [_thread_blocked, id=3444, stack(0x000000001d890000,0x000000001d990000)]
  0x000000001c293800 JavaThread "Incoming local TCP Connector on port 57973" [_thread_in_native, id=9476, stack(0x000000001d650000,0x000000001d750000)]
  0x000000001c25a800 JavaThread "Daemon health stats" [_thread_blocked, id=20168, stack(0x000000001d010000,0x000000001d110000)]
  0x0000000019838000 JavaThread "Service Thread" daemon [_thread_blocked, id=18568, stack(0x000000001a470000,0x000000001a570000)]
  0x00000000197b9000 JavaThread "C1 CompilerThread3" daemon [_thread_blocked, id=4140, stack(0x000000001a370000,0x000000001a470000)]
  0x00000000197b0000 JavaThread "C2 CompilerThread2" daemon [_thread_in_native, id=3852, stack(0x000000001a270000,0x000000001a370000)]
  0x00000000197a8000 JavaThread "C2 CompilerThread1" daemon [_thread_in_native, id=14768, stack(0x000000001a170000,0x000000001a270000)]
=>0x00000000197a3000 JavaThread "C2 CompilerThread0" daemon [_thread_in_native, id=18896, stack(0x000000001a070000,0x000000001a170000)]
  0x00000000197a1000 JavaThread "Attach Listener" daemon [_thread_blocked, id=6204, stack(0x0000000019f70000,0x000000001a070000)]
  0x00000000197a0000 JavaThread "Signal Dispatcher" daemon [_thread_blocked, id=4788, stack(0x0000000019e70000,0x0000000019f70000)]
  0x000000000292d800 JavaThread "Finalizer" daemon [_thread_blocked, id=17348, stack(0x0000000019c70000,0x0000000019d70000)]
  0x0000000002927000 JavaThread "Reference Handler" daemon [_thread_blocked, id=1728, stack(0x0000000019b70000,0x0000000019c70000)]
  0x00000000009be000 JavaThread "main" [_thread_blocked, id=18828, stack(0x0000000002730000,0x0000000002830000)]

Other Threads:
  0x0000000017996800 VMThread [stack: 0x0000000019670000,0x0000000019770000] [id=14224]
  0x0000000019839000 WatcherThread [stack: 0x000000001a570000,0x000000001a670000] [id=13908]

VM state:not at safepoint (normal execution)

VM Mutex/Monitor currently owned by a thread: None

heap address: 0x0000000080000000, size: 2048 MB, Compressed Oops mode: 32-bit
Narrow klass base: 0x0000000000000000, Narrow klass shift: 3
Compressed class space size: 1073741824 Address: 0x0000000100000000

Heap:
 PSYoungGen      total 200192K, used 54031K [0x00000000d5580000, 0x00000000e5780000, 0x0000000100000000)
  eden space 182272K, 29% used [0x00000000d5580000,0x00000000d8a43d80,0x00000000e0780000)
  from space 17920K, 0% used [0x00000000e0780000,0x00000000e0780000,0x00000000e1900000)
  to   space 21504K, 0% used [0x00000000e4280000,0x00000000e4280000,0x00000000e5780000)
 ParOldGen       total 110592K, used 34594K [0x0000000080000000, 0x0000000086c00000, 0x00000000d5580000)
  object space 110592K, 31% used [0x0000000080000000,0x00000000821c88b0,0x0000000086c00000)
 Metaspace       used 59101K, capacity 61486K, committed 61592K, reserved 1101824K
  class space    used 8063K, capacity 8617K, committed 8624K, reserved 1048576K

Card table byte_map: [0x0000000011cf0000,0x0000000012100000] byte_map_base: 0x00000000118f0000

Marking Bits: (ParMarkBitMap*) 0x000000005869f030
 Begin Bits: [0x0000000012bb0000, 0x0000000014bb0000)
 End Bits:   [0x0000000014bb0000, 0x0000000016bb0000)

Polling page: 0x0000000000920000

CodeCache: size=245760Kb used=18000Kb max_used=18000Kb free=227759Kb
 bounds [0x0000000002930000, 0x0000000003ae0000, 0x0000000011930000]
 total_blobs=5997 nmethods=5204 adapters=705
 compilation: enabled

Compilation events (10 events):
Event: 11.845 Thread 0x00000000197b9000 5621       3       com.google.common.collect.ImmutableSet::of (4 bytes)
Event: 11.845 Thread 0x00000000197b9000 nmethod 5621 0x0000000003a9a390 code [0x0000000003a9a4e0, 0x0000000003a9a610]
Event: 11.845 Thread 0x00000000197b9000 5622       3       com.android.build.api.variant.impl.ApplicationVariantPropertiesImpl_Decorated::getArtifacts (39 bytes)
Event: 11.845 Thread 0x00000000197b9000 nmethod 5622 0x0000000003ac6dd0 code [0x0000000003ac6fa0, 0x0000000003ac7688]
Event: 11.846 Thread 0x00000000197b9000 5623       3       org.gradle.api.internal.provider.AbstractProperty::attachOwner (6 bytes)
Event: 11.846 Thread 0x00000000197b9000 nmethod 5623 0x0000000003ac7950 code [0x0000000003ac7aa0, 0x0000000003ac7c10]
Event: 11.853 Thread 0x00000000197b9000 5624       3       org.gradle.internal.instantiation.generator.ManagedObjectFactory::getObjectFactory (15 bytes)
Event: 11.853 Thread 0x00000000197b9000 nmethod 5624 0x0000000003ac7f10 code [0x0000000003ac8080, 0x0000000003ac83a8]
Event: 11.866 Thread 0x00000000197b9000 5626       3       org.gradle.api.internal.collections.CollectionFilter$1::execute (24 bytes)
Event: 11.866 Thread 0x00000000197b9000 nmethod 5626 0x0000000003ac8490 code [0x0000000003ac8600, 0x0000000003ac88b8]

GC Heap History (10 events):
Event: 4.804 GC heap before
{Heap before GC invocations=10 (full 2):
 PSYoungGen      total 165888K, used 8451K [0x00000000d5580000, 0x00000000e1400000, 0x0000000100000000)
  eden space 153088K, 0% used [0x00000000d5580000,0x00000000d5580000,0x00000000deb00000)
  from space 12800K, 66% used [0x00000000df780000,0x00000000dffc0dc8,0x00000000e0400000)
  to   space 12800K, 0% used [0x00000000deb00000,0x00000000deb00000,0x00000000df780000)
 ParOldGen       total 69120K, used 7718K [0x0000000080000000, 0x0000000084380000, 0x00000000d5580000)
  object space 69120K, 11% used [0x0000000080000000,0x0000000080789bc8,0x0000000084380000)
 Metaspace       used 34263K, capacity 35404K, committed 35496K, reserved 1079296K
  class space    used 4719K, capacity 5001K, committed 5040K, reserved 1048576K
Event: 4.919 GC heap after
Heap after GC invocations=10 (full 2):
 PSYoungGen      total 165888K, used 0K [0x00000000d5580000, 0x00000000e1400000, 0x0000000100000000)
  eden space 153088K, 0% used [0x00000000d5580000,0x00000000d5580000,0x00000000deb00000)
  from space 12800K, 0% used [0x00000000df780000,0x00000000df780000,0x00000000e0400000)
  to   space 12800K, 0% used [0x00000000deb00000,0x00000000deb00000,0x00000000df780000)
 ParOldGen       total 110592K, used 14779K [0x0000000080000000, 0x0000000086c00000, 0x00000000d5580000)
  object space 110592K, 13% used [0x0000000080000000,0x0000000080e6ed88,0x0000000086c00000)
 Metaspace       used 34263K, capacity 35404K, committed 35496K, reserved 1079296K
  class space    used 4719K, capacity 5001K, committed 5040K, reserved 1048576K
}
Event: 7.212 GC heap before
{Heap before GC invocations=11 (full 2):
 PSYoungGen      total 165888K, used 153088K [0x00000000d5580000, 0x00000000e1400000, 0x0000000100000000)
  eden space 153088K, 100% used [0x00000000d5580000,0x00000000deb00000,0x00000000deb00000)
  from space 12800K, 0% used [0x00000000df780000,0x00000000df780000,0x00000000e0400000)
  to   space 12800K, 0% used [0x00000000deb00000,0x00000000deb00000,0x00000000df780000)
 ParOldGen       total 110592K, used 14779K [0x0000000080000000, 0x0000000086c00000, 0x00000000d5580000)
  object space 110592K, 13% used [0x0000000080000000,0x0000000080e6ed88,0x0000000086c00000)
 Metaspace       used 38304K, capacity 40020K, committed 40232K, reserved 1083392K
  class space    used 5266K, capacity 5651K, committed 5680K, reserved 1048576K
Event: 7.219 GC heap after
Heap after GC invocations=11 (full 2):
 PSYoungGen      total 165888K, used 9189K [0x00000000d5580000, 0x00000000e2580000, 0x0000000100000000)
  eden space 153088K, 0% used [0x00000000d5580000,0x00000000d5580000,0x00000000deb00000)
  from space 12800K, 71% used [0x00000000deb00000,0x00000000df3f96b8,0x00000000df780000)
  to   space 12800K, 0% used [0x00000000e1900000,0x00000000e1900000,0x00000000e2580000)
 ParOldGen       total 110592K, used 14787K [0x0000000080000000, 0x0000000086c00000, 0x00000000d5580000)
  object space 110592K, 13% used [0x0000000080000000,0x0000000080e70d88,0x0000000086c00000)
 Metaspace       used 38304K, capacity 40020K, committed 40232K, reserved 1083392K
  class space    used 5266K, capacity 5651K, committed 5680K, reserved 1048576K
}
Event: 10.473 GC heap before
{Heap before GC invocations=12 (full 2):
 PSYoungGen      total 165888K, used 162277K [0x00000000d5580000, 0x00000000e2580000, 0x0000000100000000)
  eden space 153088K, 100% used [0x00000000d5580000,0x00000000deb00000,0x00000000deb00000)
  from space 12800K, 71% used [0x00000000deb00000,0x00000000df3f96b8,0x00000000df780000)
  to   space 12800K, 0% used [0x00000000e1900000,0x00000000e1900000,0x00000000e2580000)
 ParOldGen       total 110592K, used 14787K [0x0000000080000000, 0x0000000086c00000, 0x00000000d5580000)
  object space 110592K, 13% used [0x0000000080000000,0x0000000080e70d88,0x0000000086c00000)
 Metaspace       used 52593K, capacity 54634K, committed 54824K, reserved 1097728K
  class space    used 7001K, capacity 7459K, committed 7472K, reserved 1048576K
Event: 10.491 GC heap after
Heap after GC invocations=12 (full 2):
 PSYoungGen      total 195072K, used 12780K [0x00000000d5580000, 0x00000000e2b00000, 0x0000000100000000)
  eden space 182272K, 0% used [0x00000000d5580000,0x00000000d5580000,0x00000000e0780000)
  from space 12800K, 99% used [0x00000000e1900000,0x00000000e257b310,0x00000000e2580000)
  to   space 17920K, 0% used [0x00000000e0780000,0x00000000e0780000,0x00000000e1900000)
 ParOldGen       total 110592K, used 25780K [0x0000000080000000, 0x0000000086c00000, 0x00000000d5580000)
  object space 110592K, 23% used [0x0000000080000000,0x000000008192d3e0,0x0000000086c00000)
 Metaspace       used 52593K, capacity 54634K, committed 54824K, reserved 1097728K
  class space    used 7001K, capacity 7459K, committed 7472K, reserved 1048576K
}
Event: 11.129 GC heap before
{Heap before GC invocations=13 (full 2):
 PSYoungGen      total 195072K, used 78553K [0x00000000d5580000, 0x00000000e2b00000, 0x0000000100000000)
  eden space 182272K, 36% used [0x00000000d5580000,0x00000000d95bb3b8,0x00000000e0780000)
  from space 12800K, 99% used [0x00000000e1900000,0x00000000e257b310,0x00000000e2580000)
  to   space 17920K, 0% used [0x00000000e0780000,0x00000000e0780000,0x00000000e1900000)
 ParOldGen       total 110592K, used 25780K [0x0000000080000000, 0x0000000086c00000, 0x00000000d5580000)
  object space 110592K, 23% used [0x0000000080000000,0x000000008192d3e0,0x0000000086c00000)
 Metaspace       used 56831K, capacity 59058K, committed 59160K, reserved 1099776K
  class space    used 7699K, capacity 8198K, committed 8240K, reserved 1048576K
Event: 11.151 GC heap after
Heap after GC invocations=13 (full 2):
 PSYoungGen      total 200192K, used 17911K [0x00000000d5580000, 0x00000000e5780000, 0x0000000100000000)
  eden space 182272K, 0% used [0x00000000d5580000,0x00000000d5580000,0x00000000e0780000)
  from space 17920K, 99% used [0x00000000e0780000,0x00000000e18fddf0,0x00000000e1900000)
  to   space 21504K, 0% used [0x00000000e4280000,0x00000000e4280000,0x00000000e5780000)
 ParOldGen       total 110592K, used 28390K [0x0000000080000000, 0x0000000086c00000, 0x00000000d5580000)
  object space 110592K, 25% used [0x0000000080000000,0x0000000081bb9bb0,0x0000000086c00000)
 Metaspace       used 56831K, capacity 59058K, committed 59160K, reserved 1099776K
  class space    used 7699K, capacity 8198K, committed 8240K, reserved 1048576K
}
Event: 11.151 GC heap before
{Heap before GC invocations=14 (full 3):
 PSYoungGen      total 200192K, used 17911K [0x00000000d5580000, 0x00000000e5780000, 0x0000000100000000)
  eden space 182272K, 0% used [0x00000000d5580000,0x00000000d5580000,0x00000000e0780000)
  from space 17920K, 99% used [0x00000000e0780000,0x00000000e18fddf0,0x00000000e1900000)
  to   space 21504K, 0% used [0x00000000e4280000,0x00000000e4280000,0x00000000e5780000)
 ParOldGen       total 110592K, used 28390K [0x0000000080000000, 0x0000000086c00000, 0x00000000d5580000)
  object space 110592K, 25% used [0x0000000080000000,0x0000000081bb9bb0,0x0000000086c00000)
 Metaspace       used 56831K, capacity 59058K, committed 59160K, reserved 1099776K
  class space    used 7699K, capacity 8198K, committed 8240K, reserved 1048576K
Event: 11.357 GC heap after
Heap after GC invocations=14 (full 3):
 PSYoungGen      total 200192K, used 0K [0x00000000d5580000, 0x00000000e5780000, 0x0000000100000000)
  eden space 182272K, 0% used [0x00000000d5580000,0x00000000d5580000,0x00000000e0780000)
  from space 17920K, 0% used [0x00000000e0780000,0x00000000e0780000,0x00000000e1900000)
  to   space 21504K, 0% used [0x00000000e4280000,0x00000000e4280000,0x00000000e5780000)
 ParOldGen       total 110592K, used 34594K [0x0000000080000000, 0x0000000086c00000, 0x00000000d5580000)
  object space 110592K, 31% used [0x0000000080000000,0x00000000821c88b0,0x0000000086c00000)
 Metaspace       used 56782K, capacity 58890K, committed 59160K, reserved 1099776K
  class space    used 7684K, capacity 8170K, committed 8240K, reserved 1048576K
}

Deoptimization events (10 events):
Event: 11.640 Thread 0x000000001992e000 Uncommon trap: reason=unstable_if action=reinterpret pc=0x00000000033f9940 method=java.io.WinNTFileSystem.normalize(Ljava/lang/String;)Ljava/lang/String; @ 74
Event: 11.640 Thread 0x000000001992e000 Uncommon trap: reason=unstable_if action=reinterpret pc=0x0000000002f381a8 method=java.io.WinNTFileSystem.normalize(Ljava/lang/String;II)Ljava/lang/String; @ 103
Event: 11.691 Thread 0x000000001992e000 Uncommon trap: reason=unstable_if action=reinterpret pc=0x0000000002e154f4 method=java.lang.String.regionMatches(ZILjava/lang/String;II)Z @ 58
Event: 11.758 Thread 0x000000001992e000 Uncommon trap: reason=unstable_if action=reinterpret pc=0x0000000002b6232c method=sun.nio.fs.WindowsPathParser.isSlash(C)Z @ 9
Event: 11.758 Thread 0x000000001992e000 Uncommon trap: reason=unstable_if action=reinterpret pc=0x0000000002cae2f8 method=sun.nio.fs.WindowsPathParser.isSlash(C)Z @ 9
Event: 11.783 Thread 0x000000001992e000 Uncommon trap: reason=unstable_if action=reinterpret pc=0x00000000030b95e0 method=org.objectweb.asm.ByteVector.putInt(I)Lorg/objectweb/asm/ByteVector; @ 13
Event: 11.806 Thread 0x000000001992e000 Uncommon trap: reason=unstable_if action=reinterpret pc=0x0000000002c57dc8 method=java.util.HashMap.resize()[Ljava/util/HashMap$Node; @ 206
Event: 11.806 Thread 0x000000001992e000 Uncommon trap: reason=unstable_if action=reinterpret pc=0x0000000002b7b658 method=java.util.HashMap.getNode(ILjava/lang/Object;)Ljava/util/HashMap$Node; @ 84
Event: 11.806 Thread 0x000000001992e000 Uncommon trap: reason=unstable_if action=reinterpret pc=0x00000000039066b0 method=java.util.HashMap.getNode(ILjava/lang/Object;)Ljava/util/HashMap$Node; @ 84
Event: 11.806 Thread 0x000000001992e000 Uncommon trap: reason=unstable_if action=reinterpret pc=0x0000000003688624 method=java.util.HashMap.getNode(ILjava/lang/Object;)Ljava/util/HashMap$Node; @ 84

Classes redefined (0 events):
No events

Internal exceptions (10 events):
Event: 11.571 Thread 0x000000001992e000 Exception <a 'java/lang/ClassNotFoundException': org/gradle/api/internal/tasks/DefaultTaskContainer$TaskCreatingProvider_DecoratedCustomizer> (0x00000000d730cf68) thrown at [C:\src\AOSP-openjdk-git\hotspot\src\share\vm\classfile\systemDictionary.cpp, line
Event: 11.721 Thread 0x000000001992e000 Exception <a 'java/lang/ClassNotFoundException': com/google/android/gms/dependencies/DependencyAnalyzerBeanInfo> (0x00000000d7cdf3b8) thrown at [C:\src\AOSP-openjdk-git\hotspot\src\share\vm\classfile\systemDictionary.cpp, line 210]
Event: 11.721 Thread 0x000000001992e000 Exception <a 'java/lang/ClassNotFoundException': com/google/android/gms/dependencies/DependencyAnalyzerCustomizer> (0x00000000d7cff188) thrown at [C:\src\AOSP-openjdk-git\hotspot\src\share\vm\classfile\systemDictionary.cpp, line 210]
Event: 11.730 Thread 0x000000001992e000 Exception <a 'java/lang/ClassNotFoundException': com/google/android/gms/dependencies/DependencyInspectorBeanInfo> (0x00000000d7d9e2c8) thrown at [C:\src\AOSP-openjdk-git\hotspot\src\share\vm\classfile\systemDictionary.cpp, line 210]
Event: 11.731 Thread 0x000000001992e000 Exception <a 'java/lang/ClassNotFoundException': com/google/android/gms/dependencies/DependencyInspectorCustomizer> (0x00000000d7dbe128) thrown at [C:\src\AOSP-openjdk-git\hotspot\src\share\vm\classfile\systemDictionary.cpp, line 210]
Event: 11.733 Thread 0x000000001992e000 Exception <a 'java/lang/ClassNotFoundException': org/gradle/invocation/DefaultGradle_DecoratedBeanInfo> (0x00000000d7e2de18) thrown at [C:\src\AOSP-openjdk-git\hotspot\src\share\vm\classfile\systemDictionary.cpp, line 210]
Event: 11.733 Thread 0x000000001992e000 Exception <a 'java/lang/ClassNotFoundException': org/gradle/invocation/DefaultGradleBeanInfo> (0x00000000d7e44810) thrown at [C:\src\AOSP-openjdk-git\hotspot\src\share\vm\classfile\systemDictionary.cpp, line 210]
Event: 11.733 Thread 0x000000001992e000 Exception <a 'java/lang/ClassNotFoundException': org/gradle/invocation/DefaultGradleCustomizer> (0x00000000d7e5b828) thrown at [C:\src\AOSP-openjdk-git\hotspot\src\share\vm\classfile\systemDictionary.cpp, line 210]
Event: 11.734 Thread 0x000000001992e000 Exception <a 'java/lang/ClassNotFoundException': org/gradle/invocation/DefaultGradle_DecoratedCustomizer> (0x00000000d7ebd370) thrown at [C:\src\AOSP-openjdk-git\hotspot\src\share\vm\classfile\systemDictionary.cpp, line 210]
Event: 11.853 Thread 0x000000001992e000 Exception <a 'java/lang/NoSuchMethodError': java.lang.Object.lambda$static$0(Lorg/gradle/api/internal/tasks/TaskDependencyResolveContext;)V> (0x00000000d8720d88) thrown at [C:\src\AOSP-openjdk-git\hotspot\src\share\vm\interpreter\linkResolver.cpp, line 62

Events (10 events):
Event: 11.852 loading class org/gradle/api/internal/AbstractTask$12
Event: 11.852 loading class org/gradle/api/internal/AbstractTask$12 done
Event: 11.853 loading class org/gradle/api/internal/tasks/TaskDependencyResolveContext
Event: 11.853 loading class org/gradle/api/internal/tasks/TaskDependencyResolveContext done
Event: 11.853 loading class org/gradle/api/internal/tasks/TaskDependencyResolveContext
Event: 11.853 loading class org/gradle/api/internal/tasks/TaskDependencyResolveContext done
Event: 11.853 loading class org/gradle/api/internal/tasks/TaskDependencyContainer
Event: 11.853 loading class org/gradle/api/internal/tasks/TaskDependencyContainer done
Event: 11.854 loading class com/android/build/gradle/internal/tasks/MergeNativeDebugMetadataTask$Companion
Event: 11.854 loading class com/android/build/gradle/internal/tasks/MergeNativeDebugMetadataTask$Companion done


Dynamic libraries:
0x00007ff69dac0000 - 0x00007ff69daf1000 	C:\Program Files\Android\Android Studio\jre\bin\java.exe
0x00007ff8f1870000 - 0x00007ff8f1a66000 	C:\WINDOWS\SYSTEM32\ntdll.dll
0x00007ff8efff0000 - 0x00007ff8f00ad000 	C:\WINDOWS\System32\KERNEL32.DLL
0x00007ff8eef80000 - 0x00007ff8ef249000 	C:\WINDOWS\System32\KERNELBASE.dll
0x00007ff8f0850000 - 0x00007ff8f08fc000 	C:\WINDOWS\System32\ADVAPI32.dll
0x00007ff8f02b0000 - 0x00007ff8f034e000 	C:\WINDOWS\System32\msvcrt.dll
0x00007ff8eff30000 - 0x00007ff8effcc000 	C:\WINDOWS\System32\sechost.dll
0x00007ff8f00b0000 - 0x00007ff8f01db000 	C:\WINDOWS\System32\RPCRT4.dll
0x00007ff8f0350000 - 0x00007ff8f04f0000 	C:\WINDOWS\System32\USER32.dll
0x00007ff8ef250000 - 0x00007ff8ef272000 	C:\WINDOWS\System32\win32u.dll
0x00007ff8f0610000 - 0x00007ff8f063a000 	C:\WINDOWS\System32\GDI32.dll
0x00007ff8ef4e0000 - 0x00007ff8ef5e9000 	C:\WINDOWS\System32\gdi32full.dll
0x00007ff8ef5f0000 - 0x00007ff8ef68d000 	C:\WINDOWS\System32\msvcp_win.dll
0x00007ff8ef690000 - 0x00007ff8ef790000 	C:\WINDOWS\System32\ucrtbase.dll
0x00007ff8ee3a0000 - 0x00007ff8ee63b000 	C:\WINDOWS\WinSxS\amd64_microsoft.windows.common-controls_6595b64144ccf1df_6.0.19041.488_none_ca04af081b815d21\COMCTL32.dll
0x00007ff8f1700000 - 0x00007ff8f1730000 	C:\WINDOWS\System32\IMM32.DLL
0x0000000059b60000 - 0x0000000059c32000 	C:\Program Files\Android\Android Studio\jre\jre\bin\msvcr100.dll
0x0000000057ed0000 - 0x000000005871b000 	C:\Program Files\Android\Android Studio\jre\jre\bin\server\jvm.dll
0x00007ff8eff20000 - 0x00007ff8eff28000 	C:\WINDOWS\System32\PSAPI.DLL
0x00007ff8e8170000 - 0x00007ff8e817a000 	C:\WINDOWS\SYSTEM32\VERSION.dll
0x00007ff8e40b0000 - 0x00007ff8e40d7000 	C:\WINDOWS\SYSTEM32\WINMM.dll
0x00007ff8e1980000 - 0x00007ff8e1989000 	C:\WINDOWS\SYSTEM32\WSOCK32.dll
0x00007ff8f04f0000 - 0x00007ff8f055b000 	C:\WINDOWS\System32\WS2_32.dll
0x00007ff8c3250000 - 0x00007ff8c325f000 	C:\Program Files\Android\Android Studio\jre\jre\bin\verify.dll
0x00007ff8931e0000 - 0x00007ff893209000 	C:\Program Files\Android\Android Studio\jre\jre\bin\java.dll
0x00007ff8ba160000 - 0x00007ff8ba176000 	C:\Program Files\Android\Android Studio\jre\jre\bin\zip.dll
0x00007ff8f0fb0000 - 0x00007ff8f16f2000 	C:\WINDOWS\System32\SHELL32.dll
0x00007ff8ec8a0000 - 0x00007ff8ed035000 	C:\WINDOWS\SYSTEM32\windows.storage.dll
0x00007ff8f0c50000 - 0x00007ff8f0fa6000 	C:\WINDOWS\System32\combase.dll
0x00007ff8ee300000 - 0x00007ff8ee32c000 	C:\WINDOWS\SYSTEM32\Wldp.dll
0x00007ff8f0560000 - 0x00007ff8f060e000 	C:\WINDOWS\System32\SHCORE.dll
0x00007ff8f0640000 - 0x00007ff8f0695000 	C:\WINDOWS\System32\shlwapi.dll
0x00007ff8eeeb0000 - 0x00007ff8eeed6000 	C:\WINDOWS\SYSTEM32\profapi.dll
0x00007ff893110000 - 0x00007ff89312a000 	C:\Program Files\Android\Android Studio\jre\jre\bin\net.dll
0x00007ff8ee1e0000 - 0x00007ff8ee24a000 	C:\WINDOWS\system32\mswsock.dll
0x00007ff8930f0000 - 0x00007ff893103000 	C:\Program Files\Android\Android Studio\jre\jre\bin\nio.dll
0x00007ff8e6f70000 - 0x00007ff8e6f97000 	C:\Users\Arash\.gradle\native\f6784746aeab05261644944871eae4fe03e0ef1612fff0a4a95f87b438bc6780\windows-amd64\native-platform.dll
0x00007ff8b7690000 - 0x00007ff8b769d000 	C:\Program Files\Android\Android Studio\jre\jre\bin\management.dll
0x00007ff8eed10000 - 0x00007ff8eed28000 	C:\WINDOWS\SYSTEM32\CRYPTSP.dll
0x00007ff8eda30000 - 0x00007ff8eda64000 	C:\WINDOWS\system32\rsaenh.dll
0x00007ff8ef430000 - 0x00007ff8ef457000 	C:\WINDOWS\System32\bcrypt.dll
0x00007ff8eee30000 - 0x00007ff8eee5e000 	C:\WINDOWS\SYSTEM32\USERENV.dll
0x00007ff8ef460000 - 0x00007ff8ef4e0000 	C:\WINDOWS\System32\bcryptprimitives.dll
0x00007ff8ee2c0000 - 0x00007ff8ee2cc000 	C:\WINDOWS\SYSTEM32\CRYPTBASE.dll
0x00007ff8edd70000 - 0x00007ff8eddab000 	C:\WINDOWS\SYSTEM32\IPHLPAPI.DLL
0x00007ff8effe0000 - 0x00007ff8effe8000 	C:\WINDOWS\System32\NSI.dll
0x00007ff8e6c30000 - 0x00007ff8e6c47000 	C:\WINDOWS\SYSTEM32\dhcpcsvc6.DLL
0x00007ff8e6b20000 - 0x00007ff8e6b3d000 	C:\WINDOWS\SYSTEM32\dhcpcsvc.DLL
0x00007ff8eddb0000 - 0x00007ff8ede7b000 	C:\WINDOWS\SYSTEM32\DNSAPI.dll
0x00007ff8e6e00000 - 0x00007ff8e6e0b000 	C:\WINDOWS\SYSTEM32\WINNSI.DLL

VM Arguments:
jvm_args: -Xmx2048m -Dfile.encoding=windows-1252 -Duser.country=US -Duser.language=en -Duser.variant 
java_command: org.gradle.launcher.daemon.bootstrap.GradleDaemon 6.5
java_class_path (initial): C:\Users\Arash\.gradle\wrapper\dists\gradle-6.5-bin\6nifqtx7604sqp1q6g8wikw7p\gradle-6.5\lib\gradle-launcher-6.5.jar
Launcher Type: SUN_STANDARD

Environment Variables:
PATH=C:\Program Files (x86)\Common Files\Intel\Shared Libraries\redist\intel64\compiler;C:\Program Files (x86)\Common Files\Oracle\Java\javapath;C:\Program Files (x86)\Intel\Intel(R) Management Engine Components\iCLS\;C:\Program Files\Intel\Intel(R) Management Engine Components\iCLS\;C:\Windows\system32;C:\Windows;C:\Windows\System32\Wbem;C:\Windows\System32\WindowsPowerShell\v1.0\;C:\Windows\System32\OpenSSH\;C:\Program Files (x86)\NVIDIA Corporation\PhysX\Common;C:\Program Files (x86)\Intel\Intel(R) Management Engine Components\DAL;C:\Program Files\Intel\Intel(R) Management Engine Components\DAL;C:\Program Files (x86)\Intel\Intel(R) Management Engine Components\IPT;C:\Program Files\Intel\Intel(R) Management Engine Components\IPT;C:\Program Files\NVIDIA Corporation\NVIDIA NvDLISR;C:\Program Files (x86)\Microsoft SQL Server\150\DTS\Binn\;C:\WINDOWS\system32;C:\WINDOWS;C:\WINDOWS\System32\Wbem;C:\WINDOWS\System32\WindowsPowerShell\v1.0\;C:\WINDOWS\System32\OpenSSH\;C:\Program Files\Intel\WiFi\bin\;C:\Program Files\Common Files\Intel\WirelessCommon\;C:\Program Files\nodejs\;C:\Program Files\Git\cmd;C:\Program Files\Java\jdk1.8.0_202\bin;C:\Users\Arash\AppData\Roaming\npm;C:\Program Files\Intel\WiFi\bin\;C:\Program Files\Common Files\Intel\WirelessCommon\;C:\Program Files\heroku\bin
USERNAME=Arash
OS=Windows_NT
PROCESSOR_IDENTIFIER=Intel64 Family 6 Model 142 Stepping 10, GenuineIntel



---------------  S Y S T E M  ---------------

OS: Windows 10.0 , 64 bit Build 19041 (10.0.19041.662)

CPU:total 8 (initial active 8) (4 cores per cpu, 2 threads per core) family 6 model 142 stepping 10, cmov, cx8, fxsr, mmx, sse, sse2, sse3, ssse3, sse4.1, sse4.2, popcnt, avx, avx2, aes, clmul, erms, 3dnowpref, lzcnt, ht, tsc, tscinvbit, bmi1, bmi2, adx

Memory: 4k page, physical 12458928k(2216432k free), swap 18602928k(3712k free)

vm_info: OpenJDK 64-Bit Server VM (25.242-b01) for windows-amd64 JRE (1.8.0_242-release-1644-b01), built by "builder" with MS VC++ 10.0 (VS2010)

time: Sat Jan 02 00:21:02 2021
timezone: Iran Standard Time
elapsed time: 11 seconds (0d 0h 0m 11s)

