#
# There is insufficient memory for the Java Runtime Environment to continue.
# Native memory allocation (malloc) failed to allocate 32744 bytes for ChunkPool::allocate
# Possible reasons:
#   The system is out of physical RAM or swap space
#   The process is running with CompressedOops enabled, and the Java Heap may be blocking the growth of the native heap
# Possible solutions:
#   Reduce memory load on the system
#   Increase physical memory or swap space
#   Check if swap backing store is full
#   Decrease Java heap size (-Xmx/-Xms)
#   Decrease number of Java threads
#   Decrease Java thread stack sizes (-Xss)
#   Set larger code cache with -XX:ReservedCodeCacheSize=
#   JVM is running with Unscaled Compressed Oops mode in which the Java heap is
#     placed in the first 4GB address space. The Java Heap base address is the
#     maximum limit for the native heap growth. Please use -XX:HeapBaseMinAddress
#     to set the Java Heap base and to place the Java Heap above 4GB virtual address.
# This output file may be truncated or incomplete.
#
#  Out of Memory Error (allocation.cpp:272), pid=636, tid=0x0000000000005638
#
# JRE version: OpenJDK Runtime Environment (8.0_242-b01) (build 1.8.0_242-release-1644-b01)
# Java VM: OpenJDK 64-Bit Server VM (25.242-b01 mixed mode windows-amd64 compressed oops)
# Failed to write core dump. Minidumps are not enabled by default on client versions of Windows
#

---------------  T H R E A D  ---------------

Current thread (0x00000000181de000):  JavaThread "C2 CompilerThread1" daemon [_thread_in_native, id=22072, stack(0x000000001a9a0000,0x000000001aaa0000)]

Stack: [0x000000001a9a0000,0x000000001aaa0000]
[error occurred during error reporting (printing stack bounds), id 0xc0000005]

Native frames: (J=compiled Java code, j=interpreted, Vv=VM code, C=native code)


Current CompileTask:
C2:  62524 14922       4       java.io.ObjectOutputStream$BlockDataOutputStream::writeInt (46 bytes)


---------------  P R O C E S S  ---------------

Java Threads: ( => current thread )
  0x000000001ceaa000 JavaThread "Memory manager" [_thread_blocked, id=21020, stack(0x000000002d8e0000,0x000000002d9e0000)]
  0x000000001ceae000 JavaThread "Cache worker for execution history cache (C:\Users\Arash\AndroidStudioProjects\NearRoom\.gradle\6.5\executionHistory)" [_thread_blocked, id=18456, stack(0x000000002ffe0000,0x00000000300e0000)]
  0x000000001cea8000 JavaThread "jar transforms Thread 116" [_thread_blocked, id=21128, stack(0x000000002d3e0000,0x000000002d4e0000)]
  0x000000001cea7000 JavaThread "jar transforms Thread 115" [_thread_blocked, id=14800, stack(0x000000002d2e0000,0x000000002d3e0000)]
  0x000000001f66a000 JavaThread "jar transforms Thread 114" [_thread_blocked, id=10884, stack(0x000000002d1e0000,0x000000002d2e0000)]
  0x000000001f66e800 JavaThread "jar transforms Thread 113" [_thread_blocked, id=16572, stack(0x000000002d0e0000,0x000000002d1e0000)]
  0x000000001f670800 JavaThread "jar transforms Thread 112" [_thread_blocked, id=13032, stack(0x000000002cfe0000,0x000000002d0e0000)]
  0x000000001f66d800 JavaThread "jar transforms Thread 111" [_thread_blocked, id=23104, stack(0x000000002cee0000,0x000000002cfe0000)]
  0x000000001f66d000 JavaThread "jar transforms Thread 110" [_thread_blocked, id=16644, stack(0x000000002cde0000,0x000000002cee0000)]
  0x000000001f66c000 JavaThread "jar transforms Thread 109" [_thread_blocked, id=23496, stack(0x000000002cce0000,0x000000002cde0000)]
  0x000000001f669000 JavaThread "jar transforms Thread 108" [_thread_blocked, id=23084, stack(0x000000002cbe0000,0x000000002cce0000)]
  0x000000001f66a800 JavaThread "jar transforms Thread 107" [_thread_blocked, id=18100, stack(0x000000002cae0000,0x000000002cbe0000)]
  0x000000001f66b800 JavaThread "jar transforms Thread 106" [_thread_blocked, id=3376, stack(0x000000002c9e0000,0x000000002cae0000)]
  0x000000001f670000 JavaThread "jar transforms Thread 105" [_thread_blocked, id=19288, stack(0x000000002c8e0000,0x000000002c9e0000)]
  0x000000001f66f000 JavaThread "jar transforms Thread 104" [_thread_blocked, id=22576, stack(0x000000002c7e0000,0x000000002c8e0000)]
  0x000000001f661800 JavaThread "jar transforms Thread 103" [_thread_blocked, id=23124, stack(0x000000002c6e0000,0x000000002c7e0000)]
  0x000000001f668800 JavaThread "jar transforms Thread 102" [_thread_blocked, id=21536, stack(0x000000002c5e0000,0x000000002c6e0000)]
  0x000000001f667800 JavaThread "jar transforms Thread 101" [_thread_blocked, id=5836, stack(0x000000002c4e0000,0x000000002c5e0000)]
  0x000000001f664000 JavaThread "jar transforms Thread 100" [_thread_blocked, id=11732, stack(0x000000002c3e0000,0x000000002c4e0000)]
  0x000000001f662800 JavaThread "jar transforms Thread 99" [_thread_blocked, id=3504, stack(0x000000002c2e0000,0x000000002c3e0000)]
  0x000000001f667000 JavaThread "jar transforms Thread 98" [_thread_blocked, id=14760, stack(0x000000002c1e0000,0x000000002c2e0000)]
  0x000000001f663000 JavaThread "jar transforms Thread 97" [_thread_blocked, id=23660, stack(0x000000002c0e0000,0x000000002c1e0000)]
  0x000000001f666000 JavaThread "jar transforms Thread 96" [_thread_blocked, id=18520, stack(0x000000002bfe0000,0x000000002c0e0000)]
  0x000000001f665800 JavaThread "jar transforms Thread 95" [_thread_blocked, id=23784, stack(0x000000002bee0000,0x000000002bfe0000)]
  0x000000001f664800 JavaThread "jar transforms Thread 94" [_thread_blocked, id=7972, stack(0x000000002bde0000,0x000000002bee0000)]
  0x000000001f660000 JavaThread "jar transforms Thread 93" [_thread_blocked, id=9620, stack(0x000000002bce0000,0x000000002bde0000)]
  0x000000001f65f000 JavaThread "jar transforms Thread 92" [_thread_blocked, id=9888, stack(0x000000002bbe0000,0x000000002bce0000)]
  0x000000001f660800 JavaThread "jar transforms Thread 91" [_thread_blocked, id=24480, stack(0x000000002bae0000,0x000000002bbe0000)]
  0x000000001f65d800 JavaThread "jar transforms Thread 90" [_thread_blocked, id=11072, stack(0x000000002b9e0000,0x000000002bae0000)]
  0x000000001f65b800 JavaThread "jar transforms Thread 89" [_thread_blocked, id=24072, stack(0x000000002b8e0000,0x000000002b9e0000)]
  0x000000001f65c000 JavaThread "jar transforms Thread 88" [_thread_blocked, id=5552, stack(0x000000002b7e0000,0x000000002b8e0000)]
  0x000000001f65e800 JavaThread "jar transforms Thread 87" [_thread_blocked, id=23040, stack(0x000000002b6e0000,0x000000002b7e0000)]
  0x000000001f65d000 JavaThread "jar transforms Thread 86" [_thread_blocked, id=21832, stack(0x000000002b4e0000,0x000000002b5e0000)]
  0x000000001f656000 JavaThread "jar transforms Thread 85" [_thread_blocked, id=21528, stack(0x000000002b3e0000,0x000000002b4e0000)]
  0x000000001f659000 JavaThread "jar transforms Thread 84" [_thread_blocked, id=18736, stack(0x000000002b2e0000,0x000000002b3e0000)]
  0x000000001f65a800 JavaThread "jar transforms Thread 83" [_thread_blocked, id=18672, stack(0x000000002b1e0000,0x000000002b2e0000)]
  0x000000001f65a000 JavaThread "jar transforms Thread 82" [_thread_blocked, id=16960, stack(0x000000002b0e0000,0x000000002b1e0000)]
  0x000000001f651800 JavaThread "jar transforms Thread 81" [_thread_blocked, id=22788, stack(0x000000002afe0000,0x000000002b0e0000)]
  0x000000001f658800 JavaThread "jar transforms Thread 80" [_thread_blocked, id=5712, stack(0x000000002aee0000,0x000000002afe0000)]
  0x000000001f654000 JavaThread "jar transforms Thread 79" [_thread_blocked, id=17264, stack(0x000000002ade0000,0x000000002aee0000)]
  0x000000001f654800 JavaThread "jar transforms Thread 78" [_thread_blocked, id=15064, stack(0x000000002ace0000,0x000000002ade0000)]
  0x000000001f655800 JavaThread "jar transforms Thread 77" [_thread_blocked, id=7992, stack(0x000000002abe0000,0x000000002ace0000)]
  0x000000001f653000 JavaThread "jar transforms Thread 76" [_thread_blocked, id=8364, stack(0x000000002aae0000,0x000000002abe0000)]
  0x000000001f657800 JavaThread "jar transforms Thread 75" [_thread_blocked, id=10852, stack(0x000000002a9e0000,0x000000002aae0000)]
  0x000000001f652800 JavaThread "jar transforms Thread 74" [_thread_blocked, id=6652, stack(0x000000002a8e0000,0x000000002a9e0000)]
  0x000000001f657000 JavaThread "jar transforms Thread 73" [_thread_blocked, id=11672, stack(0x000000002a7e0000,0x000000002a8e0000)]
  0x000000001c1c5800 JavaThread "jar transforms Thread 72" [_thread_blocked, id=15192, stack(0x000000002a6e0000,0x000000002a7e0000)]
  0x000000001c1c5000 JavaThread "jar transforms Thread 71" [_thread_blocked, id=21872, stack(0x000000002a5e0000,0x000000002a6e0000)]
  0x000000001c1bf800 JavaThread "jar transforms Thread 70" [_thread_blocked, id=9264, stack(0x000000002a4e0000,0x000000002a5e0000)]
  0x000000001c1c2000 JavaThread "jar transforms Thread 69" [_thread_blocked, id=18448, stack(0x000000002a3e0000,0x000000002a4e0000)]
  0x000000001c1bf000 JavaThread "jar transforms Thread 68" [_thread_blocked, id=24200, stack(0x000000002a2e0000,0x000000002a3e0000)]
  0x000000001c1c1000 JavaThread "jar transforms Thread 67" [_thread_blocked, id=10496, stack(0x000000002a1e0000,0x000000002a2e0000)]
  0x000000001c1c4000 JavaThread "jar transforms Thread 66" [_thread_blocked, id=7428, stack(0x000000002a0e0000,0x000000002a1e0000)]
  0x000000001c1c3800 JavaThread "jar transforms Thread 65" [_thread_blocked, id=19004, stack(0x0000000029fe0000,0x000000002a0e0000)]
  0x000000001c1c2800 JavaThread "jar transforms Thread 64" [_thread_blocked, id=832, stack(0x0000000029ee0000,0x0000000029fe0000)]
  0x000000001c1be000 JavaThread "jar transforms Thread 63" [_thread_blocked, id=19792, stack(0x0000000029de0000,0x0000000029ee0000)]
  0x000000001c1b9800 JavaThread "jar transforms Thread 62" [_thread_blocked, id=12328, stack(0x0000000029ce0000,0x0000000029de0000)]
  0x000000001c1c0800 JavaThread "jar transforms Thread 61" [_thread_blocked, id=14032, stack(0x0000000029be0000,0x0000000029ce0000)]
  0x000000001c1bd800 JavaThread "jar transforms Thread 60" [_thread_blocked, id=22768, stack(0x0000000029ae0000,0x0000000029be0000)]
  0x000000001c1bc000 JavaThread "jar transforms Thread 59" [_thread_blocked, id=19412, stack(0x00000000299e0000,0x0000000029ae0000)]
  0x000000001c1b7000 JavaThread "jar transforms Thread 58" [_thread_blocked, id=13680, stack(0x00000000298e0000,0x00000000299e0000)]
  0x000000001c1b8000 JavaThread "jar transforms Thread 57" [_thread_blocked, id=11136, stack(0x00000000297e0000,0x00000000298e0000)]
  0x000000001c1b8800 JavaThread "jar transforms Thread 56" [_thread_blocked, id=20376, stack(0x00000000296e0000,0x00000000297e0000)]
  0x000000001c1ba000 JavaThread "jar transforms Thread 55" [_thread_blocked, id=7476, stack(0x00000000295e0000,0x00000000296e0000)]
  0x000000001c1b6800 JavaThread "jar transforms Thread 54" [_thread_blocked, id=7060, stack(0x00000000294e0000,0x00000000295e0000)]
  0x000000001c1bc800 JavaThread "jar transforms Thread 53" [_thread_blocked, id=19892, stack(0x00000000293e0000,0x00000000294e0000)]
  0x000000001c1bb000 JavaThread "jar transforms Thread 52" [_thread_blocked, id=23072, stack(0x00000000292e0000,0x00000000293e0000)]
  0x00000000203b6800 JavaThread "jar transforms Thread 51" [_thread_blocked, id=6776, stack(0x00000000291e0000,0x00000000292e0000)]
  0x00000000203b5000 JavaThread "jar transforms Thread 50" [_thread_blocked, id=1816, stack(0x00000000290e0000,0x00000000291e0000)]
  0x00000000203b4800 JavaThread "jar transforms Thread 49" [_thread_blocked, id=11692, stack(0x0000000028fe0000,0x00000000290e0000)]
  0x00000000203b6000 JavaThread "jar transforms Thread 48" [_thread_blocked, id=19608, stack(0x0000000028ee0000,0x0000000028fe0000)]
  0x00000000203b3800 JavaThread "jar transforms Thread 47" [_thread_blocked, id=24120, stack(0x0000000028de0000,0x0000000028ee0000)]
  0x00000000203b3000 JavaThread "jar transforms Thread 46" [_thread_blocked, id=13908, stack(0x0000000028ce0000,0x0000000028de0000)]
  0x00000000203b2000 JavaThread "jar transforms Thread 45" [_thread_blocked, id=14944, stack(0x0000000028be0000,0x0000000028ce0000)]
  0x00000000203aa800 JavaThread "jar transforms Thread 44" [_thread_blocked, id=19620, stack(0x0000000028ae0000,0x0000000028be0000)]
  0x00000000203ab000 JavaThread "jar transforms Thread 43" [_thread_blocked, id=23692, stack(0x00000000289e0000,0x0000000028ae0000)]
  0x00000000203b1800 JavaThread "jar transforms Thread 42" [_thread_blocked, id=20568, stack(0x00000000288e0000,0x00000000289e0000)]
  0x00000000203a9800 JavaThread "jar transforms Thread 41" [_thread_blocked, id=16492, stack(0x00000000287e0000,0x00000000288e0000)]
  0x00000000203b0800 JavaThread "jar transforms Thread 40" [_thread_blocked, id=24352, stack(0x00000000286e0000,0x00000000287e0000)]
  0x00000000203ac800 JavaThread "jar transforms Thread 39" [_thread_blocked, id=23372, stack(0x00000000285e0000,0x00000000286e0000)]
  0x00000000203b0000 JavaThread "jar transforms Thread 38" [_thread_blocked, id=8216, stack(0x00000000284e0000,0x00000000285e0000)]
  0x00000000203ad800 JavaThread "jar transforms Thread 37" [_thread_blocked, id=24052, stack(0x00000000283e0000,0x00000000284e0000)]
  0x00000000203a8000 JavaThread "jar transforms Thread 36" [_thread_blocked, id=21704, stack(0x00000000282e0000,0x00000000283e0000)]
  0x00000000203af000 JavaThread "jar transforms Thread 35" [_thread_blocked, id=24008, stack(0x00000000281e0000,0x00000000282e0000)]
  0x00000000203ac000 JavaThread "jar transforms Thread 34" [_thread_blocked, id=23712, stack(0x00000000280e0000,0x00000000281e0000)]
  0x00000000203ae800 JavaThread "jar transforms Thread 33" [_thread_blocked, id=17152, stack(0x0000000027fe0000,0x00000000280e0000)]
  0x00000000203a7800 JavaThread "jar transforms Thread 32" [_thread_blocked, id=21932, stack(0x0000000027ee0000,0x0000000027fe0000)]
  0x00000000203a9000 JavaThread "jar transforms Thread 31" [_thread_blocked, id=12052, stack(0x0000000027de0000,0x0000000027ee0000)]
  0x000000001f975800 JavaThread "jar transforms Thread 30" [_thread_blocked, id=15104, stack(0x0000000027ce0000,0x0000000027de0000)]
  0x000000001f975000 JavaThread "jar transforms Thread 29" [_thread_blocked, id=17224, stack(0x0000000027be0000,0x0000000027ce0000)]
  0x000000001f974000 JavaThread "jar transforms Thread 28" [_thread_blocked, id=11600, stack(0x0000000027ae0000,0x0000000027be0000)]
  0x000000001f972000 JavaThread "jar transforms Thread 27" [_thread_blocked, id=9368, stack(0x00000000279e0000,0x0000000027ae0000)]
  0x000000001f978800 JavaThread "jar transforms Thread 26" [_thread_blocked, id=18472, stack(0x00000000278e0000,0x00000000279e0000)]
  0x000000001f971000 JavaThread "jar transforms Thread 25" [_thread_blocked, id=18924, stack(0x00000000277e0000,0x00000000278e0000)]
  0x000000001f978000 JavaThread "jar transforms Thread 24" [_thread_blocked, id=22028, stack(0x00000000276e0000,0x00000000277e0000)]
  0x000000001f977000 JavaThread "jar transforms Thread 23" [_thread_blocked, id=12884, stack(0x00000000275e0000,0x00000000276e0000)]
  0x000000001f976800 JavaThread "jar transforms Thread 22" [_thread_blocked, id=12828, stack(0x00000000274e0000,0x00000000275e0000)]
  0x000000001f96c800 JavaThread "jar transforms Thread 21" [_thread_blocked, id=10592, stack(0x00000000273e0000,0x00000000274e0000)]
  0x000000001f96f800 JavaThread "Build operations Thread 8" [_thread_blocked, id=12512, stack(0x00000000272e0000,0x00000000273e0000)]
  0x000000001f972800 JavaThread "Build operations Thread 7" [_thread_blocked, id=21412, stack(0x00000000271e0000,0x00000000272e0000)]
  0x000000001f973800 JavaThread "Build operations Thread 6" [_thread_blocked, id=13176, stack(0x00000000270e0000,0x00000000271e0000)]
  0x000000001f969800 JavaThread "Build operations Thread 5" [_thread_blocked, id=12280, stack(0x0000000026fe0000,0x00000000270e0000)]
  0x000000001f970800 JavaThread "Build operations Thread 4" [_thread_blocked, id=24264, stack(0x0000000026ee0000,0x0000000026fe0000)]
  0x000000001f96f000 JavaThread "Build operations Thread 3" [_thread_blocked, id=13884, stack(0x0000000026de0000,0x0000000026ee0000)]
  0x000000001f96b000 JavaThread "Build operations Thread 2" [_thread_blocked, id=21556, stack(0x0000000026ce0000,0x0000000026de0000)]
  0x000000001f96c000 JavaThread "Build operations" [_thread_blocked, id=13756, stack(0x0000000026be0000,0x0000000026ce0000)]
  0x000000001f96e000 JavaThread "Cache worker for Build Output Cleanup Cache (C:\Users\Arash\AndroidStudioProjects\NearRoom\.gradle\buildOutputCleanup)" [_thread_blocked, id=19576, stack(0x0000000024740000,0x0000000024840000)]
  0x0000000020857000 JavaThread "Cache worker for file content cache (C:\Users\Arash\.gradle\caches\6.5\fileContent)" [_thread_blocked, id=9180, stack(0x0000000024640000,0x0000000024740000)]
  0x0000000020857800 JavaThread "Cache worker for execution history cache (C:\Users\Arash\.gradle\caches\6.5\executionHistory)" [_thread_blocked, id=132, stack(0x0000000024140000,0x0000000024240000)]
  0x0000000020856000 JavaThread "Cache worker for cache directory md-rule (C:\Users\Arash\.gradle\caches\6.5\md-rule)" [_thread_blocked, id=3428, stack(0x0000000023e40000,0x0000000023f40000)]
  0x000000002085a000 JavaThread "Cache worker for cache directory md-supplier (C:\Users\Arash\.gradle\caches\6.5\md-supplier)" [_thread_blocked, id=8000, stack(0x0000000023d40000,0x0000000023e40000)]
  0x000000002085b800 JavaThread "Cache worker for checksums cache (C:\Users\Arash\AndroidStudioProjects\NearRoom\.gradle\checksums)" [_thread_blocked, id=22556, stack(0x0000000023c40000,0x0000000023d40000)]
  0x000000002085a800 JavaThread "jar transforms Thread 20" [_thread_blocked, id=19920, stack(0x0000000023940000,0x0000000023a40000)]
  0x0000000020858800 JavaThread "jar transforms Thread 19" [_thread_blocked, id=21416, stack(0x0000000023840000,0x0000000023940000)]
  0x0000000020859000 JavaThread "jar transforms Thread 18" [_thread_blocked, id=24348, stack(0x0000000023740000,0x0000000023840000)]
  0x000000002084e000 JavaThread "jar transforms Thread 17" [_thread_blocked, id=15952, stack(0x0000000023640000,0x0000000023740000)]
  0x0000000020850000 JavaThread "jar transforms Thread 16" [_thread_blocked, id=16300, stack(0x0000000023540000,0x0000000023640000)]
  0x0000000020854000 JavaThread "jar transforms Thread 15" [_thread_blocked, id=18992, stack(0x0000000023440000,0x0000000023540000)]
  0x0000000020851000 JavaThread "jar transforms Thread 14" [_thread_blocked, id=4944, stack(0x0000000023340000,0x0000000023440000)]
  0x0000000020853000 JavaThread "jar transforms Thread 13" [_thread_blocked, id=23376, stack(0x0000000023240000,0x0000000023340000)]
  0x000000002084f800 JavaThread "jar transforms Thread 12" [_thread_blocked, id=2940, stack(0x0000000023140000,0x0000000023240000)]
  0x000000002084e800 JavaThread "jar transforms Thread 11" [_thread_blocked, id=12356, stack(0x0000000023040000,0x0000000023140000)]
  0x000000002084d000 JavaThread "jar transforms Thread 10" [_thread_blocked, id=21184, stack(0x0000000022f40000,0x0000000023040000)]
  0x0000000020852800 JavaThread "jar transforms Thread 9" [_thread_blocked, id=2032, stack(0x0000000022e40000,0x0000000022f40000)]
  0x0000000020851800 JavaThread "jar transforms Thread 8" [_thread_blocked, id=4404, stack(0x0000000022d40000,0x0000000022e40000)]
  0x000000001cbcd800 JavaThread "jar transforms Thread 7" [_thread_blocked, id=11176, stack(0x0000000022c40000,0x0000000022d40000)]
  0x000000001cbcd000 JavaThread "jar transforms Thread 6" [_thread_blocked, id=22160, stack(0x00000000229b0000,0x0000000022ab0000)]
  0x000000001cbcc000 JavaThread "jar transforms Thread 5" [_thread_blocked, id=21996, stack(0x0000000021560000,0x0000000021660000)]
  0x000000001cbcf000 JavaThread "jar transforms Thread 4" [_thread_blocked, id=7760, stack(0x0000000021460000,0x0000000021560000)]
  0x000000001cbd2000 JavaThread "jar transforms Thread 3" [_thread_blocked, id=14816, stack(0x0000000021360000,0x0000000021460000)]
  0x000000001cbd3000 JavaThread "jar transforms Thread 2" [_thread_blocked, id=2892, stack(0x0000000021260000,0x0000000021360000)]
  0x000000001cbd1800 JavaThread "jar transforms" [_thread_blocked, id=21336, stack(0x00000000228b0000,0x00000000229b0000)]
  0x000000001cbd0800 JavaThread "Cache worker for file hash cache (C:\Users\Arash\AndroidStudioProjects\NearRoom\.gradle\6.5\fileHashes)" [_thread_blocked, id=20592, stack(0x0000000022b40000,0x0000000022c40000)]
  0x000000001cbce800 JavaThread "Cache worker for file hash cache (C:\Users\Arash\.gradle\caches\6.5\fileHashes)" [_thread_blocked, id=22584, stack(0x000000001efc0000,0x000000001f0c0000)]
  0x000000001cbd0000 JavaThread "File lock request listener" [_thread_in_native, id=10512, stack(0x000000001eec0000,0x000000001efc0000)]
  0x000000001b250800 JavaThread "Cache worker for journal cache (C:\Users\Arash\.gradle\caches\journal-1)" [_thread_blocked, id=2596, stack(0x000000001edc0000,0x000000001eec0000)]
  0x000000001b151000 JavaThread "Thread-9" [_thread_in_vm, id=17160, stack(0x000000001eac0000,0x000000001ebc0000)]
  0x000000001b05a800 JavaThread "Asynchronous log dispatcher for DefaultDaemonConnection: socket connection from /127.0.0.1:61935 to /127.0.0.1:61936" [_thread_blocked, id=12820, stack(0x000000001e8c0000,0x000000001e9c0000)]
  0x000000001caa7800 JavaThread "Daemon worker" [_thread_in_vm, id=14344, stack(0x000000001e7c0000,0x000000001e8c0000)]
  0x000000001caa6800 JavaThread "Cancel handler" [_thread_blocked, id=10956, stack(0x000000001e5c0000,0x000000001e6c0000)]
  0x000000001ca77000 JavaThread "Handler for socket connection from /127.0.0.1:61935 to /127.0.0.1:61936" [_thread_in_native, id=23704, stack(0x000000001e4c0000,0x000000001e5c0000)]
  0x000000001ca79800 JavaThread "Daemon" [_thread_blocked, id=21040, stack(0x000000001e3c0000,0x000000001e4c0000)]
  0x000000001cab1000 JavaThread "Daemon periodic checks" [_thread_blocked, id=6048, stack(0x000000001e0c0000,0x000000001e1c0000)]
  0x000000001caa9000 JavaThread "Incoming local TCP Connector on port 61935" [_thread_in_native, id=9476, stack(0x000000001de80000,0x000000001df80000)]
  0x000000001c9fa800 JavaThread "Daemon health stats" [_thread_blocked, id=4384, stack(0x000000001d840000,0x000000001d940000)]
  0x000000001a068000 JavaThread "Service Thread" daemon [_thread_blocked, id=17648, stack(0x000000001aca0000,0x000000001ada0000)]
  0x0000000019fdd800 JavaThread "C1 CompilerThread3" daemon [_thread_blocked, id=11272, stack(0x000000001aba0000,0x000000001aca0000)]
  0x0000000019fd9800 JavaThread "C2 CompilerThread2" daemon [_thread_in_native, id=4224, stack(0x000000001aaa0000,0x000000001aba0000)]
=>0x00000000181de000 JavaThread "C2 CompilerThread1" daemon [_thread_in_native, id=22072, stack(0x000000001a9a0000,0x000000001aaa0000)]
  0x00000000181db000 JavaThread "C2 CompilerThread0" daemon [_thread_in_native, id=6396, stack(0x000000001a8a0000,0x000000001a9a0000)]
  0x0000000019fd6000 JavaThread "Attach Listener" daemon [_thread_blocked, id=17212, stack(0x000000001a7a0000,0x000000001a8a0000)]
  0x0000000019fd2800 JavaThread "Signal Dispatcher" daemon [_thread_blocked, id=20384, stack(0x000000001a6a0000,0x000000001a7a0000)]
  0x00000000030dc800 JavaThread "Finalizer" daemon [_thread_blocked, id=17008, stack(0x000000001a4a0000,0x000000001a5a0000)]
  0x0000000019fc0800 JavaThread "Reference Handler" daemon [_thread_blocked, id=8672, stack(0x000000001a3a0000,0x000000001a4a0000)]
  0x000000000181e000 JavaThread "main" [_thread_blocked, id=11860, stack(0x0000000001700000,0x0000000001800000)]

Other Threads:
  0x00000000181c8800 VMThread [stack: 0x0000000019ea0000,0x0000000019fa0000] [id=22852]
  0x000000001a069000 WatcherThread [stack: 0x000000001ada0000,0x000000001aea0000] [id=22232]

VM state:not at safepoint (normal execution)

VM Mutex/Monitor currently owned by a thread: None

heap address: 0x0000000080000000, size: 2048 MB, Compressed Oops mode: 32-bit
Narrow klass base: 0x0000000000000000, Narrow klass shift: 3
Compressed class space size: 1073741824 Address: 0x0000000100000000

Heap:
 PSYoungGen      total 504832K, used 24699K [0x00000000d5580000, 0x00000000fab80000, 0x0000000100000000)
  eden space 450560K, 5% used [0x00000000d5580000,0x00000000d6d9ed10,0x00000000f0d80000)
  from space 54272K, 0% used [0x00000000f7680000,0x00000000f7680000,0x00000000fab80000)
  to   space 40960K, 0% used [0x00000000f0d80000,0x00000000f0d80000,0x00000000f3580000)
 ParOldGen       total 148480K, used 77933K [0x0000000080000000, 0x0000000089100000, 0x00000000d5580000)
  object space 148480K, 52% used [0x0000000080000000,0x0000000084c1b718,0x0000000089100000)
 Metaspace       used 94759K, capacity 99202K, committed 100056K, reserved 1136640K
  class space    used 12467K, capacity 13366K, committed 13568K, reserved 1048576K

Card table byte_map: [0x0000000012520000,0x0000000012930000] byte_map_base: 0x0000000012120000

Marking Bits: (ParMarkBitMap*) 0x0000000054ddf030
 Begin Bits: [0x00000000133e0000, 0x00000000153e0000)
 End Bits:   [0x00000000153e0000, 0x00000000173e0000)

Polling page: 0x0000000001290000

CodeCache: size=245760Kb used=41423Kb max_used=44813Kb free=204336Kb
 bounds [0x0000000003160000, 0x0000000005d70000, 0x0000000012160000]
 total_blobs=13056 nmethods=12154 adapters=811
 compilation: enabled

Compilation events (10 events):
Event: 62.517 Thread 0x0000000019fdd800 nmethod 14915 0x0000000004ee9390 code [0x0000000004ee94e0, 0x0000000004ee9690]
Event: 62.517 Thread 0x0000000019fdd800 14916   !   3       sun.reflect.GeneratedMethodAccessor160::invoke (66 bytes)
Event: 62.518 Thread 0x0000000019fdd800 nmethod 14916 0x00000000049c3cd0 code [0x00000000049c3ee0, 0x00000000049c4a68]
Event: 62.519 Thread 0x0000000019fdd800 14918       3       sun.reflect.MethodAccessorGenerator::numNonPrimitiveParameterTypes (36 bytes)
Event: 62.519 Thread 0x0000000019fdd800 nmethod 14918 0x000000000410f490 code [0x000000000410f600, 0x000000000410f928]
Event: 62.520 Thread 0x0000000019fdd800 14917       3       java.io.ObjectOutputStream$BlockDataOutputStream::writeChar (47 bytes)
Event: 62.520 Thread 0x0000000019fdd800 nmethod 14917 0x000000000496e250 code [0x000000000496e400, 0x000000000496e998]
Event: 62.521 Thread 0x0000000019fdd800 14920       3       sun.reflect.MethodAccessorGenerator::buildInternalSignature (72 bytes)
Event: 62.522 Thread 0x0000000019fdd800 nmethod 14920 0x00000000052cecd0 code [0x00000000052cef00, 0x00000000052cff48]
Event: 62.522 Thread 0x00000000181de000 14922       4       java.io.ObjectOutputStream$BlockDataOutputStream::writeInt (46 bytes)

GC Heap History (10 events):
Event: 26.617 GC heap before
{Heap before GC invocations=20 (full 3):
 PSYoungGen      total 427520K, used 418430K [0x00000000d5580000, 0x00000000f1980000, 0x0000000100000000)
  eden space 395264K, 100% used [0x00000000d5580000,0x00000000ed780000,0x00000000ed780000)
  from space 32256K, 71% used [0x00000000efa00000,0x00000000f109fad8,0x00000000f1980000)
  to   space 33792K, 0% used [0x00000000ed780000,0x00000000ed780000,0x00000000ef880000)
 ParOldGen       total 148480K, used 46063K [0x0000000080000000, 0x0000000089100000, 0x00000000d5580000)
  object space 148480K, 31% used [0x0000000080000000,0x0000000082cfbd78,0x0000000089100000)
 Metaspace       used 83455K, capacity 87604K, committed 87640K, reserved 1124352K
  class space    used 11079K, capacity 11878K, committed 11904K, reserved 1048576K
Event: 26.634 GC heap after
Heap after GC invocations=20 (full 3):
 PSYoungGen      total 429056K, used 22140K [0x00000000d5580000, 0x00000000f5900000, 0x0000000100000000)
  eden space 395264K, 0% used [0x00000000d5580000,0x00000000d5580000,0x00000000ed780000)
  from space 33792K, 65% used [0x00000000ed780000,0x00000000eed1f348,0x00000000ef880000)
  to   space 34304K, 0% used [0x00000000f3780000,0x00000000f3780000,0x00000000f5900000)
 ParOldGen       total 148480K, used 46071K [0x0000000080000000, 0x0000000089100000, 0x00000000d5580000)
  object space 148480K, 31% used [0x0000000080000000,0x0000000082cfdd78,0x0000000089100000)
 Metaspace       used 83455K, capacity 87604K, committed 87640K, reserved 1124352K
  class space    used 11079K, capacity 11878K, committed 11904K, reserved 1048576K
}
Event: 32.802 GC heap before
{Heap before GC invocations=21 (full 3):
 PSYoungGen      total 429056K, used 417404K [0x00000000d5580000, 0x00000000f5900000, 0x0000000100000000)
  eden space 395264K, 100% used [0x00000000d5580000,0x00000000ed780000,0x00000000ed780000)
  from space 33792K, 65% used [0x00000000ed780000,0x00000000eed1f348,0x00000000ef880000)
  to   space 34304K, 0% used [0x00000000f3780000,0x00000000f3780000,0x00000000f5900000)
 ParOldGen       total 148480K, used 46071K [0x0000000080000000, 0x0000000089100000, 0x00000000d5580000)
  object space 148480K, 31% used [0x0000000080000000,0x0000000082cfdd78,0x0000000089100000)
 Metaspace       used 89605K, capacity 94258K, committed 94424K, reserved 1130496K
  class space    used 11823K, capacity 12713K, committed 12800K, reserved 1048576K
Event: 32.831 GC heap after
Heap after GC invocations=21 (full 3):
 PSYoungGen      total 484864K, used 34295K [0x00000000d5580000, 0x00000000f5d80000, 0x0000000100000000)
  eden space 450560K, 0% used [0x00000000d5580000,0x00000000d5580000,0x00000000f0d80000)
  from space 34304K, 99% used [0x00000000f3780000,0x00000000f58fdeb0,0x00000000f5900000)
  to   space 40960K, 0% used [0x00000000f0d80000,0x00000000f0d80000,0x00000000f3580000)
 ParOldGen       total 148480K, used 49598K [0x0000000080000000, 0x0000000089100000, 0x00000000d5580000)
  object space 148480K, 33% used [0x0000000080000000,0x000000008306f9a8,0x0000000089100000)
 Metaspace       used 89605K, capacity 94258K, committed 94424K, reserved 1130496K
  class space    used 11823K, capacity 12713K, committed 12800K, reserved 1048576K
}
Event: 62.016 GC heap before
{Heap before GC invocations=22 (full 3):
 PSYoungGen      total 484864K, used 484855K [0x00000000d5580000, 0x00000000f5d80000, 0x0000000100000000)
  eden space 450560K, 100% used [0x00000000d5580000,0x00000000f0d80000,0x00000000f0d80000)
  from space 34304K, 99% used [0x00000000f3780000,0x00000000f58fdeb0,0x00000000f5900000)
  to   space 40960K, 0% used [0x00000000f0d80000,0x00000000f0d80000,0x00000000f3580000)
 ParOldGen       total 148480K, used 49598K [0x0000000080000000, 0x0000000089100000, 0x00000000d5580000)
  object space 148480K, 33% used [0x0000000080000000,0x000000008306f9a8,0x0000000089100000)
 Metaspace       used 93357K, capacity 98124K, committed 98264K, reserved 1134592K
  class space    used 12334K, capacity 13286K, committed 13312K, reserved 1048576K
Event: 62.100 GC heap after
Heap after GC invocations=22 (full 3):
 PSYoungGen      total 491520K, used 40946K [0x00000000d5580000, 0x00000000fab80000, 0x0000000100000000)
  eden space 450560K, 0% used [0x00000000d5580000,0x00000000d5580000,0x00000000f0d80000)
  from space 40960K, 99% used [0x00000000f0d80000,0x00000000f357c900,0x00000000f3580000)
  to   space 54272K, 0% used [0x00000000f7680000,0x00000000f7680000,0x00000000fab80000)
 ParOldGen       total 148480K, used 68372K [0x0000000080000000, 0x0000000089100000, 0x00000000d5580000)
  object space 148480K, 46% used [0x0000000080000000,0x00000000842c5088,0x0000000089100000)
 Metaspace       used 93357K, capacity 98124K, committed 98264K, reserved 1134592K
  class space    used 12334K, capacity 13286K, committed 13312K, reserved 1048576K
}
Event: 62.139 GC heap before
{Heap before GC invocations=23 (full 3):
 PSYoungGen      total 491520K, used 49632K [0x00000000d5580000, 0x00000000fab80000, 0x0000000100000000)
  eden space 450560K, 1% used [0x00000000d5580000,0x00000000d5dfb9d0,0x00000000f0d80000)
  from space 40960K, 99% used [0x00000000f0d80000,0x00000000f357c900,0x00000000f3580000)
  to   space 54272K, 0% used [0x00000000f7680000,0x00000000f7680000,0x00000000fab80000)
 ParOldGen       total 148480K, used 68372K [0x0000000080000000, 0x0000000089100000, 0x00000000d5580000)
  object space 148480K, 46% used [0x0000000080000000,0x00000000842c5088,0x0000000089100000)
 Metaspace       used 93514K, capacity 98252K, committed 98380K, reserved 1134592K
  class space    used 12352K, capacity 13286K, committed 13312K, reserved 1048576K
Event: 62.154 GC heap after
Heap after GC invocations=23 (full 3):
 PSYoungGen      total 504832K, used 18271K [0x00000000d5580000, 0x00000000fab80000, 0x0000000100000000)
  eden space 450560K, 0% used [0x00000000d5580000,0x00000000d5580000,0x00000000f0d80000)
  from space 54272K, 33% used [0x00000000f7680000,0x00000000f8857d40,0x00000000fab80000)
  to   space 40960K, 0% used [0x00000000f0d80000,0x00000000f0d80000,0x00000000f3580000)
 ParOldGen       total 148480K, used 69544K [0x0000000080000000, 0x0000000089100000, 0x00000000d5580000)
  object space 148480K, 46% used [0x0000000080000000,0x00000000843ea0d8,0x0000000089100000)
 Metaspace       used 93514K, capacity 98252K, committed 98380K, reserved 1134592K
  class space    used 12352K, capacity 13286K, committed 13312K, reserved 1048576K
}
Event: 62.154 GC heap before
{Heap before GC invocations=24 (full 4):
 PSYoungGen      total 504832K, used 18271K [0x00000000d5580000, 0x00000000fab80000, 0x0000000100000000)
  eden space 450560K, 0% used [0x00000000d5580000,0x00000000d5580000,0x00000000f0d80000)
  from space 54272K, 33% used [0x00000000f7680000,0x00000000f8857d40,0x00000000fab80000)
  to   space 40960K, 0% used [0x00000000f0d80000,0x00000000f0d80000,0x00000000f3580000)
 ParOldGen       total 148480K, used 69544K [0x0000000080000000, 0x0000000089100000, 0x00000000d5580000)
  object space 148480K, 46% used [0x0000000080000000,0x00000000843ea0d8,0x0000000089100000)
 Metaspace       used 93514K, capacity 98252K, committed 98380K, reserved 1134592K
  class space    used 12352K, capacity 13286K, committed 13312K, reserved 1048576K
Event: 62.325 GC heap after
Heap after GC invocations=24 (full 4):
 PSYoungGen      total 504832K, used 0K [0x00000000d5580000, 0x00000000fab80000, 0x0000000100000000)
  eden space 450560K, 0% used [0x00000000d5580000,0x00000000d5580000,0x00000000f0d80000)
  from space 54272K, 0% used [0x00000000f7680000,0x00000000f7680000,0x00000000fab80000)
  to   space 40960K, 0% used [0x00000000f0d80000,0x00000000f0d80000,0x00000000f3580000)
 ParOldGen       total 148480K, used 77933K [0x0000000080000000, 0x0000000089100000, 0x00000000d5580000)
  object space 148480K, 52% used [0x0000000080000000,0x0000000084c1b718,0x0000000089100000)
 Metaspace       used 93182K, capacity 97294K, committed 98380K, reserved 1134592K
  class space    used 12243K, capacity 13093K, committed 13312K, reserved 1048576K
}

Deoptimization events (10 events):
Event: 38.377 Thread 0x000000001caa7800 Uncommon trap: reason=class_check action=maybe_recompile pc=0x00000000059f381c method=java.lang.StringCoding.encode(Ljava/nio/charset/Charset;[CII)[B @ 1
Event: 50.460 Thread 0x000000001caa7800 Uncommon trap: reason=unstable_if action=reinterpret pc=0x000000000368c81c method=com.sun.crypto.provider.GaloisCounterMode.increment32([B)V @ 39
Event: 50.460 Thread 0x000000001caa7800 Uncommon trap: reason=unstable_if action=reinterpret pc=0x0000000003fda7a0 method=com.sun.crypto.provider.GaloisCounterMode.increment32([B)V @ 39
Event: 50.461 Thread 0x000000001caa7800 Uncommon trap: reason=unstable_if action=reinterpret pc=0x0000000003fdb48c method=com.sun.crypto.provider.GaloisCounterMode.increment32([B)V @ 39
Event: 50.479 Thread 0x000000001caa7800 Uncommon trap: reason=unstable_if action=reinterpret pc=0x00000000033323ac method=com.sun.crypto.provider.GaloisCounterMode.increment32([B)V @ 39
Event: 62.333 Thread 0x000000001caa7800 Uncommon trap: reason=unloaded action=reinterpret pc=0x00000000044f92f0 method=sun.reflect.generics.factory.CoreReflectionFactory.makeNamedType(Ljava/lang/String;)Ljava/lang/reflect/Type; @ 11
Event: 62.476 Thread 0x000000001caa7800 Uncommon trap: reason=bimorphic action=maybe_recompile pc=0x00000000057b2c6c method=com.google.common.cache.LocalCache$Segment.put(Ljava/lang/Object;ILjava/lang/Object;Z)Ljava/lang/Object; @ 91
Event: 62.481 Thread 0x000000001caa7800 Uncommon trap: reason=predicate action=maybe_recompile pc=0x0000000004339594 method=java.util.ComparableTimSort.binarySort([Ljava/lang/Object;III)V @ 37
Event: 62.521 Thread 0x000000001b151000 Uncommon trap: reason=class_check action=maybe_recompile pc=0x0000000004e2ce78 method=org.gradle.launcher.daemon.server.SynchronizedDispatchConnection.dispatch(Ljava/lang/Object;)V @ 1
Event: 62.522 Thread 0x000000001b151000 Uncommon trap: reason=unstable_if action=reinterpret pc=0x0000000005a664f8 method=org.gradle.internal.remote.internal.inet.SocketConnection$SocketOutputStream.write([BII)V @ 64

Classes redefined (0 events):
No events

Internal exceptions (10 events):
Event: 62.363 Thread 0x000000001caa7800 Exception <a 'java/lang/ClassNotFoundException': java/lang/SystemCustomizer> (0x00000000d598a988) thrown at [C:\src\AOSP-openjdk-git\hotspot\src\share\vm\classfile\systemDictionary.cpp, line 210]
Event: 62.375 Thread 0x000000001caa7800 Exception <a 'java/lang/ClassNotFoundException': org/gradle/api/tasks/SourceSetBeanInfo> (0x00000000d5a405e8) thrown at [C:\src\AOSP-openjdk-git\hotspot\src\share\vm\classfile\systemDictionary.cpp, line 210]
Event: 62.375 Thread 0x000000001caa7800 Exception <a 'java/lang/ClassNotFoundException': org/gradle/api/tasks/SourceSetCustomizer> (0x00000000d5a63548) thrown at [C:\src\AOSP-openjdk-git\hotspot\src\share\vm\classfile\systemDictionary.cpp, line 210]
Event: 62.377 Thread 0x000000001caa7800 Exception <a 'java/lang/ClassNotFoundException': java/util/LinkedHashMapBeanInfo> (0x00000000d5dff558) thrown at [C:\src\AOSP-openjdk-git\hotspot\src\share\vm\classfile\systemDictionary.cpp, line 210]
Event: 62.377 Thread 0x000000001caa7800 Exception <a 'java/lang/ClassNotFoundException': java/util/HashMapBeanInfo> (0x00000000d5e07c50) thrown at [C:\src\AOSP-openjdk-git\hotspot\src\share\vm\classfile\systemDictionary.cpp, line 210]
Event: 62.378 Thread 0x000000001caa7800 Exception <a 'java/lang/ClassNotFoundException': java/util/AbstractMapBeanInfo> (0x00000000d5e11108) thrown at [C:\src\AOSP-openjdk-git\hotspot\src\share\vm\classfile\systemDictionary.cpp, line 210]
Event: 62.378 Thread 0x000000001caa7800 Exception <a 'java/lang/ClassNotFoundException': java/util/AbstractMapCustomizer> (0x00000000d5e1a6a8) thrown at [C:\src\AOSP-openjdk-git\hotspot\src\share\vm\classfile\systemDictionary.cpp, line 210]
Event: 62.379 Thread 0x000000001caa7800 Exception <a 'java/lang/ClassNotFoundException': java/util/HashMapCustomizer> (0x00000000d5e2fd80) thrown at [C:\src\AOSP-openjdk-git\hotspot\src\share\vm\classfile\systemDictionary.cpp, line 210]
Event: 62.380 Thread 0x000000001caa7800 Exception <a 'java/lang/ClassNotFoundException': java/util/LinkedHashMapCustomizer> (0x00000000d5e55500) thrown at [C:\src\AOSP-openjdk-git\hotspot\src\share\vm\classfile\systemDictionary.cpp, line 210]
Event: 62.521 Thread 0x000000001b151000 Exception <a 'java/lang/NoSuchMethodError': <clinit>> (0x00000000d6d85bb0) thrown at [C:\src\AOSP-openjdk-git\hotspot\src\share\vm\prims\jni.cpp, line 1615]

Events (10 events):
Event: 62.521 loading class org/gradle/api/services/internal/BuildServiceProvider done
Event: 62.521 loading class com/sun/jmx/mbeanserver/Repository$ObjectNamePattern
Event: 62.521 loading class com/sun/jmx/mbeanserver/Repository$ObjectNamePattern done
Event: 62.522 loading class com/android/builder/profile/ProcessProfileWriter
Event: 62.522 loading class com/android/builder/profile/ProcessProfileWriter done
Event: 62.522 Thread 0x000000001b151000 Uncommon trap: trap_request=0xffffff65 fr.pc=0x0000000005a664f8
Event: 62.522 Thread 0x000000001b151000 DEOPT PACKING pc=0x0000000005a664f8 sp=0x000000001ebbb410
Event: 62.522 loading class com/android/builder/profile/ProcessProfileWriterFactory
Event: 62.522 loading class com/android/builder/profile/ProcessProfileWriterFactory done
Event: 62.522 Thread 0x000000001b151000 DEOPT UNPACKING pc=0x00000000031a557b sp=0x000000001ebbb3e0 mode 2


Dynamic libraries:
0x00007ff6737d0000 - 0x00007ff673801000 	C:\Program Files\Android\Android Studio\jre\bin\java.exe
0x00007ff9f5430000 - 0x00007ff9f5626000 	C:\WINDOWS\SYSTEM32\ntdll.dll
0x00007ff9f3d20000 - 0x00007ff9f3ddd000 	C:\WINDOWS\System32\KERNEL32.DLL
0x00007ff9f2b70000 - 0x00007ff9f2e39000 	C:\WINDOWS\System32\KERNELBASE.dll
0x00007ff9f3bc0000 - 0x00007ff9f3c6c000 	C:\WINDOWS\System32\ADVAPI32.dll
0x00007ff9f49b0000 - 0x00007ff9f4a4e000 	C:\WINDOWS\System32\msvcrt.dll
0x00007ff9f3f00000 - 0x00007ff9f3f9c000 	C:\WINDOWS\System32\sechost.dll
0x00007ff9f4ae0000 - 0x00007ff9f4c0b000 	C:\WINDOWS\System32\RPCRT4.dll
0x00007ff9f3840000 - 0x00007ff9f39e0000 	C:\WINDOWS\System32\USER32.dll
0x00007ff9f2b40000 - 0x00007ff9f2b62000 	C:\WINDOWS\System32\win32u.dll
0x00007ff9f3b90000 - 0x00007ff9f3bba000 	C:\WINDOWS\System32\GDI32.dll
0x00007ff9f31d0000 - 0x00007ff9f32db000 	C:\WINDOWS\System32\gdi32full.dll
0x00007ff9f3360000 - 0x00007ff9f33fd000 	C:\WINDOWS\System32\msvcp_win.dll
0x00007ff9f2fa0000 - 0x00007ff9f30a0000 	C:\WINDOWS\System32\ucrtbase.dll
0x00007ff9d9390000 - 0x00007ff9d962b000 	C:\WINDOWS\WinSxS\amd64_microsoft.windows.common-controls_6595b64144ccf1df_6.0.19041.746_none_ca02b4b61b8320a4\COMCTL32.dll
0x00007ff9f3fa0000 - 0x00007ff9f3fd0000 	C:\WINDOWS\System32\IMM32.DLL
0x00000000562d0000 - 0x00000000563a2000 	C:\Program Files\Android\Android Studio\jre\jre\bin\msvcr100.dll
0x0000000054610000 - 0x0000000054e5b000 	C:\Program Files\Android\Android Studio\jre\jre\bin\server\jvm.dll
0x00007ff9f4170000 - 0x00007ff9f4178000 	C:\WINDOWS\System32\PSAPI.DLL
0x00007ff9e2a60000 - 0x00007ff9e2a69000 	C:\WINDOWS\SYSTEM32\WSOCK32.dll
0x00007ff9e7590000 - 0x00007ff9e75b7000 	C:\WINDOWS\SYSTEM32\WINMM.dll
0x00007ff9ec030000 - 0x00007ff9ec03a000 	C:\WINDOWS\SYSTEM32\VERSION.dll
0x00007ff9f4180000 - 0x00007ff9f41eb000 	C:\WINDOWS\System32\WS2_32.dll
0x00007ff9ee090000 - 0x00007ff9ee09f000 	C:\Program Files\Android\Android Studio\jre\jre\bin\verify.dll
0x00007ff9e6870000 - 0x00007ff9e6899000 	C:\Program Files\Android\Android Studio\jre\jre\bin\java.dll
0x00007ff9ed6b0000 - 0x00007ff9ed6c6000 	C:\Program Files\Android\Android Studio\jre\jre\bin\zip.dll
0x00007ff9f4c10000 - 0x00007ff9f5352000 	C:\WINDOWS\System32\SHELL32.dll
0x00007ff9f08c0000 - 0x00007ff9f1050000 	C:\WINDOWS\SYSTEM32\windows.storage.dll
0x00007ff9f34c0000 - 0x00007ff9f3816000 	C:\WINDOWS\System32\combase.dll
0x00007ff9f25a0000 - 0x00007ff9f25cc000 	C:\WINDOWS\SYSTEM32\Wldp.dll
0x00007ff9f41f0000 - 0x00007ff9f429e000 	C:\WINDOWS\System32\SHCORE.dll
0x00007ff9f4100000 - 0x00007ff9f4155000 	C:\WINDOWS\System32\shlwapi.dll
0x00007ff9f2a70000 - 0x00007ff9f2a96000 	C:\WINDOWS\SYSTEM32\profapi.dll
0x00007ff9ec8f0000 - 0x00007ff9ec90a000 	C:\Program Files\Android\Android Studio\jre\jre\bin\net.dll
0x00007ff9f2320000 - 0x00007ff9f238a000 	C:\WINDOWS\system32\mswsock.dll
0x00007ff9e8280000 - 0x00007ff9e8293000 	C:\Program Files\Android\Android Studio\jre\jre\bin\nio.dll
0x00007ff9e3380000 - 0x00007ff9e33a7000 	C:\Users\Arash\.gradle\native\f6784746aeab05261644944871eae4fe03e0ef1612fff0a4a95f87b438bc6780\windows-amd64\native-platform.dll
0x00007ff9ee040000 - 0x00007ff9ee04d000 	C:\Program Files\Android\Android Studio\jre\jre\bin\management.dll
0x00007ff9f24f0000 - 0x00007ff9f2508000 	C:\WINDOWS\SYSTEM32\CRYPTSP.dll
0x00007ff9f1c50000 - 0x00007ff9f1c84000 	C:\WINDOWS\system32\rsaenh.dll
0x00007ff9f32e0000 - 0x00007ff9f3307000 	C:\WINDOWS\System32\bcrypt.dll
0x00007ff9f29f0000 - 0x00007ff9f2a1e000 	C:\WINDOWS\SYSTEM32\USERENV.dll
0x00007ff9f30a0000 - 0x00007ff9f3120000 	C:\WINDOWS\System32\bcryptprimitives.dll
0x00007ff9f2510000 - 0x00007ff9f251c000 	C:\WINDOWS\SYSTEM32\CRYPTBASE.dll
0x00007ff9f1fc0000 - 0x00007ff9f1ffb000 	C:\WINDOWS\SYSTEM32\IPHLPAPI.DLL
0x00007ff9f4a50000 - 0x00007ff9f4a58000 	C:\WINDOWS\System32\NSI.dll
0x00007ff9ebec0000 - 0x00007ff9ebed7000 	C:\WINDOWS\SYSTEM32\dhcpcsvc6.DLL
0x00007ff9eab90000 - 0x00007ff9eabad000 	C:\WINDOWS\SYSTEM32\dhcpcsvc.DLL
0x00007ff9f2000000 - 0x00007ff9f20cb000 	C:\WINDOWS\SYSTEM32\DNSAPI.dll
0x00007ff9ebee0000 - 0x00007ff9ebeeb000 	C:\WINDOWS\SYSTEM32\WINNSI.DLL
0x00007ff9dba40000 - 0x00007ff9dba64000 	C:\Program Files\Android\Android Studio\jre\jre\bin\sunec.dll
0x00007ff9e9f10000 - 0x00007ff9e9f1a000 	C:\Windows\System32\rasadhlp.dll
0x00007ff9e9240000 - 0x00007ff9e92bf000 	C:\WINDOWS\System32\fwpuclnt.dll
0x00007ff9edfc0000 - 0x00007ff9edfcb000 	C:\Program Files\Android\Android Studio\jre\jre\bin\sunmscapi.dll
0x00007ff9f2e40000 - 0x00007ff9f2f96000 	C:\WINDOWS\System32\CRYPT32.dll
0x00007ff9f19a0000 - 0x00007ff9f19d3000 	C:\WINDOWS\SYSTEM32\ntmarta.dll

VM Arguments:
jvm_args: -Xmx2048m -Dfile.encoding=windows-1252 -Duser.country=US -Duser.language=en -Duser.variant 
java_command: org.gradle.launcher.daemon.bootstrap.GradleDaemon 6.5
java_class_path (initial): C:\Users\Arash\.gradle\wrapper\dists\gradle-6.5-bin\6nifqtx7604sqp1q6g8wikw7p\gradle-6.5\lib\gradle-launcher-6.5.jar
Launcher Type: SUN_STANDARD

Environment Variables:
PATH=C:\Program Files (x86)\Common Files\Intel\Shared Libraries\redist\intel64\compiler;C:\Program Files (x86)\Common Files\Oracle\Java\javapath;C:\Program Files (x86)\Intel\Intel(R) Management Engine Components\iCLS\;C:\Program Files\Intel\Intel(R) Management Engine Components\iCLS\;C:\Windows\system32;C:\Windows;C:\Windows\System32\Wbem;C:\Windows\System32\WindowsPowerShell\v1.0\;C:\Windows\System32\OpenSSH\;C:\Program Files (x86)\NVIDIA Corporation\PhysX\Common;C:\Program Files (x86)\Intel\Intel(R) Management Engine Components\DAL;C:\Program Files\Intel\Intel(R) Management Engine Components\DAL;C:\Program Files (x86)\Intel\Intel(R) Management Engine Components\IPT;C:\Program Files\Intel\Intel(R) Management Engine Components\IPT;C:\Program Files\NVIDIA Corporation\NVIDIA NvDLISR;C:\Program Files (x86)\Microsoft SQL Server\150\DTS\Binn\;C:\WINDOWS\system32;C:\WINDOWS;C:\WINDOWS\System32\Wbem;C:\WINDOWS\System32\WindowsPowerShell\v1.0\;C:\WINDOWS\System32\OpenSSH\;C:\Program Files\Intel\WiFi\bin\;C:\Program Files\Common Files\Intel\WirelessCommon\;C:\Program Files\nodejs\;C:\Program Files\Git\cmd;C:\Program Files\Java\jdk1.8.0_202\bin;C:\Users\Arash\AppData\Roaming\npm;C:\Program Files\Intel\WiFi\bin\;C:\Program Files\Common Files\Intel\WirelessCommon\;C:\Program Files\heroku\bin
USERNAME=Arash
OS=Windows_NT
PROCESSOR_IDENTIFIER=Intel64 Family 6 Model 142 Stepping 10, GenuineIntel



---------------  S Y S T E M  ---------------

OS: Windows 10.0 , 64 bit Build 19041 (10.0.19041.804)

CPU:total 8 (initial active 8) (4 cores per cpu, 2 threads per core) family 6 model 142 stepping 10, cmov, cx8, fxsr, mmx, sse, sse2, sse3, ssse3, sse4.1, sse4.2, popcnt, avx, avx2, aes, clmul, erms, 3dnowpref, lzcnt, ht, tsc, tscinvbit, bmi1, bmi2, adx

Memory: 4k page, physical 12458928k(743884k free), swap 18602928k(5120k free)

vm_info: OpenJDK 64-Bit Server VM (25.242-b01) for windows-amd64 JRE (1.8.0_242-release-1644-b01), built by "builder" with MS VC++ 10.0 (VS2010)

time: Mon Feb 22 13:14:13 2021
timezone: Iran Standard Time
elapsed time: 62 seconds (0d 0h 1m 2s)

