#
# There is insufficient memory for the Java Runtime Environment to continue.
# Native memory allocation (malloc) failed to allocate 1013936 bytes for Chunk::new
# Possible reasons:
#   The system is out of physical RAM or swap space
#   The process is running with CompressedOops enabled, and the Java Heap may be blocking the growth of the native heap
# Possible solutions:
#   Reduce memory load on the system
#   Increase physical memory or swap space
#   Check if swap backing store is full
#   Decrease Java heap size (-Xmx/-Xms)
#   Decrease number of Java threads
#   Decrease Java thread stack sizes (-Xss)
#   Set larger code cache with -XX:ReservedCodeCacheSize=
#   JVM is running with Zero Based Compressed Oops mode in which the Java heap is
#     placed in the first 32GB address space. The Java Heap base address is the
#     maximum limit for the native heap growth. Please use -XX:HeapBaseMinAddress
#     to set the Java Heap base and to place the Java Heap above 32GB virtual address.
# This output file may be truncated or incomplete.
#
#  Out of Memory Error (allocation.cpp:389), pid=14428, tid=0x00000000000049ac
#
# JRE version: OpenJDK Runtime Environment (8.0_242-b01) (build 1.8.0_242-release-1644-b01)
# Java VM: OpenJDK 64-Bit Server VM (25.242-b01 mixed mode windows-amd64 compressed oops)
# Failed to write core dump. Minidumps are not enabled by default on client versions of Windows
#

---------------  T H R E A D  ---------------

Current thread (0x000000001c267800):  JavaThread "C2 CompilerThread1" daemon [_thread_in_native, id=18860, stack(0x000000001cc30000,0x000000001cd30000)]

Stack: [0x000000001cc30000,0x000000001cd30000]
[error occurred during error reporting (printing stack bounds), id 0xc0000005]

Native frames: (J=compiled Java code, j=interpreted, Vv=VM code, C=native code)


Current CompileTask:
C2:   1515 1822       4       org.jetbrains.kotlin.com.intellij.openapi.vfs.impl.ZipHandlerBase::getOrCreate (226 bytes)


---------------  P R O C E S S  ---------------

Java Threads: ( => current thread )
  0x000000001c2cc800 JavaThread "Service Thread" daemon [_thread_blocked, id=16328, stack(0x000000001cf30000,0x000000001d030000)]
  0x000000001c277800 JavaThread "C1 CompilerThread3" daemon [_thread_blocked, id=19316, stack(0x000000001ce30000,0x000000001cf30000)]
  0x000000001c276800 JavaThread "C2 CompilerThread2" daemon [_thread_in_native, id=7160, stack(0x000000001cd30000,0x000000001ce30000)]
=>0x000000001c267800 JavaThread "C2 CompilerThread1" daemon [_thread_in_native, id=18860, stack(0x000000001cc30000,0x000000001cd30000)]
  0x000000001c264000 JavaThread "C2 CompilerThread0" daemon [_thread_in_native, id=17912, stack(0x000000001cb30000,0x000000001cc30000)]
  0x000000001c261800 JavaThread "Attach Listener" daemon [_thread_blocked, id=21336, stack(0x000000001ca30000,0x000000001cb30000)]
  0x000000001c260800 JavaThread "Signal Dispatcher" daemon [_thread_blocked, id=19816, stack(0x000000001c930000,0x000000001ca30000)]
  0x000000001c251000 JavaThread "Finalizer" daemon [_thread_blocked, id=12260, stack(0x000000001c730000,0x000000001c830000)]
  0x0000000002f49000 JavaThread "Reference Handler" daemon [_thread_blocked, id=1676, stack(0x000000001c630000,0x000000001c730000)]
  0x0000000002e52800 JavaThread "main" [_thread_blocked, id=14760, stack(0x0000000002d50000,0x0000000002e50000)]

Other Threads:
  0x000000001a446800 VMThread [stack: 0x000000001c130000,0x000000001c230000] [id=20780]

VM state:at safepoint (normal execution)

VM Mutex/Monitor currently owned by a thread:  ([mutex/lock_event])
[0x0000000002cde4d0] Threads_lock - owner thread: 0x000000001a446800

OutOfMemory and StackOverflow Exception counts:
OutOfMemoryError java_heap_errors=1

heap address: 0x0000000701e00000, size: 3042 MB, Compressed Oops mode: Zero based, Oop shift amount: 3
Narrow klass base: 0x0000000000000000, Narrow klass shift: 3
Compressed class space size: 1073741824 Address: 0x00000007c0000000

Heap:
 PSYoungGen      total 106496K, used 38277K [0x0000000780a00000, 0x0000000787a00000, 0x00000007c0000000)
  eden space 98304K, 38% used [0x0000000780a00000,0x0000000782f615f0,0x0000000786a00000)
  from space 8192K, 0% used [0x0000000787200000,0x0000000787200000,0x0000000787a00000)
  to   space 8192K, 0% used [0x0000000786a00000,0x0000000786a00000,0x0000000787200000)
 ParOldGen       total 111616K, used 18531K [0x0000000701e00000, 0x0000000708b00000, 0x0000000780a00000)
  object space 111616K, 16% used [0x0000000701e00000,0x0000000703018dc8,0x0000000708b00000)
 Metaspace       used 24448K, capacity 24965K, committed 25088K, reserved 1071104K
  class space    used 3134K, capacity 3314K, committed 3328K, reserved 1048576K

Card table byte_map: [0x0000000012310000,0x0000000012910000] byte_map_base: 0x000000000eb01000

Marking Bits: (ParMarkBitMap*) 0x000000005710f030
 Begin Bits: [0x0000000013510000, 0x0000000016498000)
 End Bits:   [0x0000000016498000, 0x0000000019420000)

Polling page: 0x0000000000f50000

CodeCache: size=245760Kb used=5873Kb max_used=5873Kb free=239886Kb
 bounds [0x0000000002f50000, 0x0000000003520000, 0x0000000011f50000]
 total_blobs=2361 nmethods=1912 adapters=362
 compilation: enabled

Compilation events (10 events):
Event: 1.505 Thread 0x000000001c277800 nmethod 1926 0x000000000350ef50 code [0x000000000350f0c0, 0x000000000350f350]
Event: 1.505 Thread 0x000000001c277800 1928       1       org.jetbrains.kotlin.com.intellij.util.containers.RefHashMap::access$200 (5 bytes)
Event: 1.505 Thread 0x000000001c277800 nmethod 1928 0x000000000350f490 code [0x000000000350f5e0, 0x000000000350f6d0]
Event: 1.506 Thread 0x000000001c277800 1929       1       org.jetbrains.kotlin.com.intellij.util.containers.RefHashMap$HardKey::hashCode (5 bytes)
Event: 1.506 Thread 0x000000001c277800 nmethod 1929 0x000000000350f750 code [0x000000000350f8a0, 0x000000000350f9b0]
Event: 1.506 Thread 0x000000001c277800 1923       3       jdk.internal.org.objectweb.asm.MethodWriter::visitCode (1 bytes)
Event: 1.506 Thread 0x000000001c277800 nmethod 1923 0x000000000350fa10 code [0x000000000350fb60, 0x000000000350fcb0]
Event: 1.511 Thread 0x000000001c277800 1930       3       sun.nio.cs.SingleByte$Encoder::encode (32 bytes)
Event: 1.511 Thread 0x000000001c277800 nmethod 1930 0x000000000350fd10 code [0x000000000350fe80, 0x0000000003510090]
Event: 1.512 Thread 0x000000001c277800 1931       1       java.util.logging.LogManager$LoggerContext::getOwner (5 bytes)

GC Heap History (6 events):
Event: 0.646 GC heap before
{Heap before GC invocations=1 (full 0):
 PSYoungGen      total 57344K, used 49152K [0x0000000780a00000, 0x0000000784a00000, 0x00000007c0000000)
  eden space 49152K, 100% used [0x0000000780a00000,0x0000000783a00000,0x0000000783a00000)
  from space 8192K, 0% used [0x0000000784200000,0x0000000784200000,0x0000000784a00000)
  to   space 8192K, 0% used [0x0000000783a00000,0x0000000783a00000,0x0000000784200000)
 ParOldGen       total 131072K, used 0K [0x0000000701e00000, 0x0000000709e00000, 0x0000000780a00000)
  object space 131072K, 0% used [0x0000000701e00000,0x0000000701e00000,0x0000000709e00000)
 Metaspace       used 11900K, capacity 12122K, committed 12160K, reserved 1060864K
  class space    used 1298K, capacity 1387K, committed 1408K, reserved 1048576K
Event: 0.654 GC heap after
Heap after GC invocations=1 (full 0):
 PSYoungGen      total 57344K, used 8173K [0x0000000780a00000, 0x0000000787a00000, 0x00000007c0000000)
  eden space 49152K, 0% used [0x0000000780a00000,0x0000000780a00000,0x0000000783a00000)
  from space 8192K, 99% used [0x0000000783a00000,0x00000007841fb460,0x0000000784200000)
  to   space 8192K, 0% used [0x0000000787200000,0x0000000787200000,0x0000000787a00000)
 ParOldGen       total 131072K, used 3116K [0x0000000701e00000, 0x0000000709e00000, 0x0000000780a00000)
  object space 131072K, 2% used [0x0000000701e00000,0x000000070210b118,0x0000000709e00000)
 Metaspace       used 11900K, capacity 12122K, committed 12160K, reserved 1060864K
  class space    used 1298K, capacity 1387K, committed 1408K, reserved 1048576K
}
Event: 1.046 GC heap before
{Heap before GC invocations=2 (full 0):
 PSYoungGen      total 57344K, used 50422K [0x0000000780a00000, 0x0000000787a00000, 0x00000007c0000000)
  eden space 49152K, 85% used [0x0000000780a00000,0x0000000783342480,0x0000000783a00000)
  from space 8192K, 99% used [0x0000000783a00000,0x00000007841fb460,0x0000000784200000)
  to   space 8192K, 0% used [0x0000000787200000,0x0000000787200000,0x0000000787a00000)
 ParOldGen       total 131072K, used 3116K [0x0000000701e00000, 0x0000000709e00000, 0x0000000780a00000)
  object space 131072K, 2% used [0x0000000701e00000,0x000000070210b118,0x0000000709e00000)
 Metaspace       used 20728K, capacity 21122K, committed 21248K, reserved 1069056K
  class space    used 2383K, capacity 2515K, committed 2560K, reserved 1048576K
Event: 1.057 GC heap after
Heap after GC invocations=2 (full 0):
 PSYoungGen      total 106496K, used 8171K [0x0000000780a00000, 0x0000000787a00000, 0x00000007c0000000)
  eden space 98304K, 0% used [0x0000000780a00000,0x0000000780a00000,0x0000000786a00000)
  from space 8192K, 99% used [0x0000000787200000,0x00000007879fad80,0x0000000787a00000)
  to   space 8192K, 0% used [0x0000000786a00000,0x0000000786a00000,0x0000000787200000)
 ParOldGen       total 131072K, used 13813K [0x0000000701e00000, 0x0000000709e00000, 0x0000000780a00000)
  object space 131072K, 10% used [0x0000000701e00000,0x0000000702b7d538,0x0000000709e00000)
 Metaspace       used 20728K, capacity 21122K, committed 21248K, reserved 1069056K
  class space    used 2383K, capacity 2515K, committed 2560K, reserved 1048576K
}
Event: 1.057 GC heap before
{Heap before GC invocations=3 (full 1):
 PSYoungGen      total 106496K, used 8171K [0x0000000780a00000, 0x0000000787a00000, 0x00000007c0000000)
  eden space 98304K, 0% used [0x0000000780a00000,0x0000000780a00000,0x0000000786a00000)
  from space 8192K, 99% used [0x0000000787200000,0x00000007879fad80,0x0000000787a00000)
  to   space 8192K, 0% used [0x0000000786a00000,0x0000000786a00000,0x0000000787200000)
 ParOldGen       total 131072K, used 13813K [0x0000000701e00000, 0x0000000709e00000, 0x0000000780a00000)
  object space 131072K, 10% used [0x0000000701e00000,0x0000000702b7d538,0x0000000709e00000)
 Metaspace       used 20728K, capacity 21122K, committed 21248K, reserved 1069056K
  class space    used 2383K, capacity 2515K, committed 2560K, reserved 1048576K
Event: 1.092 GC heap after
Heap after GC invocations=3 (full 1):
 PSYoungGen      total 106496K, used 0K [0x0000000780a00000, 0x0000000787a00000, 0x00000007c0000000)
  eden space 98304K, 0% used [0x0000000780a00000,0x0000000780a00000,0x0000000786a00000)
  from space 8192K, 0% used [0x0000000787200000,0x0000000787200000,0x0000000787a00000)
  to   space 8192K, 0% used [0x0000000786a00000,0x0000000786a00000,0x0000000787200000)
 ParOldGen       total 111616K, used 18531K [0x0000000701e00000, 0x0000000708b00000, 0x0000000780a00000)
  object space 111616K, 16% used [0x0000000701e00000,0x0000000703018dc8,0x0000000708b00000)
 Metaspace       used 20728K, capacity 21122K, committed 21248K, reserved 1069056K
  class space    used 2383K, capacity 2515K, committed 2560K, reserved 1048576K
}

Deoptimization events (10 events):
Event: 1.405 Thread 0x0000000002e52800 Uncommon trap: reason=unstable_if action=reinterpret pc=0x00000000034cf320 method=org.jetbrains.kotlin.com.intellij.openapi.vfs.impl.ZipEntryMap.isTheOne(Lorg/jetbrains/kotlin/com/intellij/openapi/vfs/impl/ArchiveHandler$EntryInfo;Ljava/lang/CharSequence;
Event: 1.412 Thread 0x0000000002e52800 Uncommon trap: reason=unstable_if action=reinterpret pc=0x00000000034ca060 method=org.jetbrains.kotlin.com.intellij.openapi.vfs.impl.ZipEntryMap.isTheOne(Lorg/jetbrains/kotlin/com/intellij/openapi/vfs/impl/ArchiveHandler$EntryInfo;Ljava/lang/CharSequence;
Event: 1.476 Thread 0x0000000002e52800 Uncommon trap: reason=class_check action=maybe_recompile pc=0x00000000034cb3a0 method=java.lang.AbstractStringBuilder.append(Ljava/lang/CharSequence;II)Ljava/lang/AbstractStringBuilder; @ 18
Event: 1.476 Thread 0x0000000002e52800 Uncommon trap: reason=class_check action=maybe_recompile pc=0x00000000034cb3a0 method=java.lang.AbstractStringBuilder.append(Ljava/lang/CharSequence;II)Ljava/lang/AbstractStringBuilder; @ 18
Event: 1.477 Thread 0x0000000002e52800 Uncommon trap: reason=class_check action=maybe_recompile pc=0x00000000034cb3a0 method=java.lang.AbstractStringBuilder.append(Ljava/lang/CharSequence;II)Ljava/lang/AbstractStringBuilder; @ 18
Event: 1.477 Thread 0x0000000002e52800 Uncommon trap: reason=class_check action=maybe_recompile pc=0x00000000034cb3a0 method=java.lang.AbstractStringBuilder.append(Ljava/lang/CharSequence;II)Ljava/lang/AbstractStringBuilder; @ 18
Event: 1.504 Thread 0x0000000002e52800 Uncommon trap: reason=bimorphic action=maybe_recompile pc=0x00000000034b2620 method=gnu.trove.TObjectHash.index(Ljava/lang/Object;)I @ 126
Event: 1.508 Thread 0x0000000002e52800 Uncommon trap: reason=unstable_if action=reinterpret pc=0x000000000335cd4c method=java.util.HashMap.hash(Ljava/lang/Object;)I @ 1
Event: 1.508 Thread 0x0000000002e52800 Uncommon trap: reason=unstable_if action=reinterpret pc=0x00000000033589d4 method=java.util.HashMap.hash(Ljava/lang/Object;)I @ 1
Event: 1.510 Thread 0x0000000002e52800 Uncommon trap: reason=unstable_if action=reinterpret pc=0x0000000003223968 method=java.util.HashMap.hash(Ljava/lang/Object;)I @ 1

Classes redefined (0 events):
No events

Internal exceptions (10 events):
Event: 0.570 Thread 0x0000000002e52800 Exception <a 'java/lang/ArrayIndexOutOfBoundsException'> (0x00000007831f25c8) thrown at [C:\src\AOSP-openjdk-git\hotspot\src\share\vm\runtime\sharedRuntime.cpp, line 605]
Event: 0.849 Thread 0x0000000002e52800 Exception <a 'java/lang/NoSuchMethodError': java.lang.Object.lambda$comparing$77a9974f$1(Ljava/util/function/Function;Ljava/lang/Object;Ljava/lang/Object;)I> (0x0000000781de2c68) thrown at [C:\src\AOSP-openjdk-git\hotspot\src\share\vm\interpreter\linkReso
Event: 0.860 Thread 0x0000000002e52800 Exception <a 'java/lang/NoSuchMethodError': java.lang.Object.lambda$static$0()J> (0x0000000781ef8fb0) thrown at [C:\src\AOSP-openjdk-git\hotspot\src\share\vm\interpreter\linkResolver.cpp, line 620]
Event: 1.001 Thread 0x0000000002e52800 Exception <a 'java/lang/NoSuchMethodError': java.lang.Object.lambda$static$0(I)[Lorg/jetbrains/kotlin/com/intellij/openapi/editor/event/DocumentListener;> (0x0000000782dd6cb8) thrown at [C:\src\AOSP-openjdk-git\hotspot\src\share\vm\interpreter\linkResolve
Event: 1.022 Thread 0x0000000002e52800 Exception <a 'java/lang/NoSuchMethodError': java.lang.Object.lambda$static$0(I)[Lorg/jetbrains/kotlin/com/intellij/psi/PsiAnnotation;> (0x0000000783000db8) thrown at [C:\src\AOSP-openjdk-git\hotspot\src\share\vm\interpreter\linkResolver.cpp, line 620]
Event: 1.118 Thread 0x0000000002e52800 Exception <a 'java/lang/NoSuchMethodError': java.lang.Object.lambda$static$0(I)[Lorg/jetbrains/kotlin/com/intellij/psi/PsiElement;> (0x0000000780c5a890) thrown at [C:\src\AOSP-openjdk-git\hotspot\src\share\vm\interpreter\linkResolver.cpp, line 620]
Event: 1.496 Thread 0x0000000002e52800 Exception <a 'java/lang/OutOfMemoryError'> (0x0000000782d79238) thrown at [C:\src\AOSP-openjdk-git\hotspot\src\share\vm\prims\jni.cpp, line 737]
Event: 1.508 Thread 0x0000000002e52800 Implicit null exception at 0x000000000335cad4 to 0x000000000335cd41
Event: 1.508 Thread 0x0000000002e52800 Implicit null exception at 0x000000000335833b to 0x00000000033589b9
Event: 1.510 Thread 0x0000000002e52800 Implicit null exception at 0x00000000032238ef to 0x0000000003223959

Events (10 events):
Event: 1.510 loading class org/jetbrains/kotlin/com/google/common/collect/LinkedHashMultimap$ValueSet$1 done
Event: 1.510 loading class org/jetbrains/kotlin/cli/common/messages/CompilerMessageSeverity$1
Event: 1.510 loading class org/jetbrains/kotlin/cli/common/messages/CompilerMessageSeverity$1 done
Event: 1.511 loading class java/util/IdentityHashMap$KeyIterator
Event: 1.511 loading class java/util/IdentityHashMap$IdentityHashMapIterator
Event: 1.511 loading class java/util/IdentityHashMap$IdentityHashMapIterator done
Event: 1.511 loading class java/util/IdentityHashMap$KeyIterator done
Event: 1.511 Thread 0x00000000215a6800 Thread added: 0x00000000215a6800
Event: 1.512 Thread 0x00000000215a6800 Thread exited: 0x00000000215a6800
Event: 1.512 Executing VM operation: Exit


Dynamic libraries:
0x00007ff76cae0000 - 0x00007ff76cb11000 	C:\Program Files\Android\Android Studio\jre\jre\bin\java.exe
0x00007ff8a96f0000 - 0x00007ff8a98e6000 	C:\WINDOWS\SYSTEM32\ntdll.dll
0x00007ff8a9370000 - 0x00007ff8a942d000 	C:\WINDOWS\System32\KERNEL32.DLL
0x00007ff8a6fa0000 - 0x00007ff8a7269000 	C:\WINDOWS\System32\KERNELBASE.dll
0x00007ff8a95d0000 - 0x00007ff8a967c000 	C:\WINDOWS\System32\ADVAPI32.dll
0x00007ff8a7920000 - 0x00007ff8a79be000 	C:\WINDOWS\System32\msvcrt.dll
0x00007ff8a92d0000 - 0x00007ff8a936c000 	C:\WINDOWS\System32\sechost.dll
0x00007ff8a77f0000 - 0x00007ff8a791b000 	C:\WINDOWS\System32\RPCRT4.dll
0x00007ff8a9430000 - 0x00007ff8a95d0000 	C:\WINDOWS\System32\USER32.dll
0x00007ff8a7640000 - 0x00007ff8a7662000 	C:\WINDOWS\System32\win32u.dll
0x00007ff8a8230000 - 0x00007ff8a825a000 	C:\WINDOWS\System32\GDI32.dll
0x00007ff8a74d0000 - 0x00007ff8a75db000 	C:\WINDOWS\System32\gdi32full.dll
0x00007ff8a6e00000 - 0x00007ff8a6e9d000 	C:\WINDOWS\System32\msvcp_win.dll
0x00007ff8a6ea0000 - 0x00007ff8a6fa0000 	C:\WINDOWS\System32\ucrtbase.dll
0x00007ff893730000 - 0x00007ff8939cb000 	C:\WINDOWS\WinSxS\amd64_microsoft.windows.common-controls_6595b64144ccf1df_6.0.19041.746_none_ca02b4b61b8320a4\COMCTL32.dll
0x00007ff8a8180000 - 0x00007ff8a81b0000 	C:\WINDOWS\System32\IMM32.DLL
0x0000000056860000 - 0x0000000056932000 	C:\Program Files\Android\Android Studio\jre\jre\bin\msvcr100.dll
0x0000000056940000 - 0x000000005718b000 	C:\Program Files\Android\Android Studio\jre\jre\bin\server\jvm.dll
0x00007ff8a82d0000 - 0x00007ff8a82d8000 	C:\WINDOWS\System32\PSAPI.DLL
0x00007ff898c70000 - 0x00007ff898c79000 	C:\WINDOWS\SYSTEM32\WSOCK32.dll
0x00007ff89ce30000 - 0x00007ff89ce57000 	C:\WINDOWS\SYSTEM32\WINMM.dll
0x00007ff8a0090000 - 0x00007ff8a009a000 	C:\WINDOWS\SYSTEM32\VERSION.dll
0x00007ff8a8260000 - 0x00007ff8a82cb000 	C:\WINDOWS\System32\WS2_32.dll
0x00007ff8a3d60000 - 0x00007ff8a3d6f000 	C:\Program Files\Android\Android Studio\jre\jre\bin\verify.dll
0x00007ff8a3830000 - 0x00007ff8a3859000 	C:\Program Files\Android\Android Studio\jre\jre\bin\java.dll
0x00007ff8a3560000 - 0x00007ff8a3576000 	C:\Program Files\Android\Android Studio\jre\jre\bin\zip.dll
0x00007ff8a88e0000 - 0x00007ff8a9023000 	C:\WINDOWS\System32\SHELL32.dll
0x00007ff8a4b90000 - 0x00007ff8a531f000 	C:\WINDOWS\SYSTEM32\windows.storage.dll
0x00007ff8a8490000 - 0x00007ff8a87e6000 	C:\WINDOWS\System32\combase.dll
0x00007ff8a6860000 - 0x00007ff8a688c000 	C:\WINDOWS\SYSTEM32\Wldp.dll
0x00007ff8a9220000 - 0x00007ff8a92ce000 	C:\WINDOWS\System32\SHCORE.dll
0x00007ff8a87f0000 - 0x00007ff8a8845000 	C:\WINDOWS\System32\shlwapi.dll
0x00007ff8a6d30000 - 0x00007ff8a6d56000 	C:\WINDOWS\SYSTEM32\profapi.dll
0x00007ff8a2260000 - 0x00007ff8a227a000 	C:\Program Files\Android\Android Studio\jre\jre\bin\net.dll
0x00007ff8a65e0000 - 0x00007ff8a664a000 	C:\WINDOWS\system32\mswsock.dll
0x00007ff8a1060000 - 0x00007ff8a1073000 	C:\Program Files\Android\Android Studio\jre\jre\bin\nio.dll

VM Arguments:
java_command: org.jetbrains.kotlin.cli.jvm.K2JVMCompiler @C:\Users\Arash\AndroidStudioProjects\NearRoom\app\build\20210124_364797668100283054.compiler.options
java_class_path (initial): C:\Users\Arash\.gradle\caches\modules-2\files-2.1\org.jetbrains.kotlin\kotlin-compiler-embeddable\1.4.21\87db94500aaf883536ae8c8efdee76bdc839d582\kotlin-compiler-embeddable-1.4.21.jar;C:\Users\Arash\.gradle\caches\modules-2\files-2.1\org.jetbrains.kotlin\kotlin-reflect\1.4.21\748f681f4e3edbe9285ff46710c79049c70f4dfa\kotlin-reflect-1.4.21.jar;C:\Users\Arash\.gradle\caches\modules-2\files-2.1\org.jetbrains.kotlin\kotlin-stdlib\1.4.21\4a668382d7c38688d3490afde93b6a113ed46698\kotlin-stdlib-1.4.21.jar;C:\Users\Arash\.gradle\caches\modules-2\files-2.1\org.jetbrains.kotlin\kotlin-script-runtime\1.4.21\1247decba314790165b4fe94d09c45b09db6b07f\kotlin-script-runtime-1.4.21.jar;C:\Users\Arash\.gradle\caches\modules-2\files-2.1\org.jetbrains.kotlin\kotlin-daemon-embeddable\1.4.21\bc95bcebdc871d45d9852b0c01abe9bec373bb52\kotlin-daemon-embeddable-1.4.21.jar;C:\Users\Arash\.gradle\caches\modules-2\files-2.1\org.jetbrains.intellij.deps\trove4j\1.0.20181211\216c2e14b070f334479d800987affe4054cd563f\trove4j-1.0.20181211.jar;C:\Users\Arash\.gradle\caches\modules-2\files-2.1\org.jetbrains.kotlin\kotlin-stdlib-common\1.4.21\7f48a062aa4b53215998780f7c245a4276828e1d\kotlin-stdlib-common-1.4.21.jar;C:\Users\Arash\.gradle\caches\modules-2\files-2.1\org.jetbrains\annotations\13.0\919f0dfe192fb4e063e7dacadee7f8bb9a2672a9\annotations-13.0.jar;C:\Program Files\Android\Android Studio\jre\lib\tools.jar
Launcher Type: SUN_STANDARD

Environment Variables:
PATH=C:\Program Files (x86)\Common Files\Intel\Shared Libraries\redist\intel64\compiler;C:\Program Files (x86)\Common Files\Oracle\Java\javapath;C:\Program Files (x86)\Intel\Intel(R) Management Engine Components\iCLS\;C:\Program Files\Intel\Intel(R) Management Engine Components\iCLS\;C:\Windows\system32;C:\Windows;C:\Windows\System32\Wbem;C:\Windows\System32\WindowsPowerShell\v1.0\;C:\Windows\System32\OpenSSH\;C:\Program Files (x86)\NVIDIA Corporation\PhysX\Common;C:\Program Files (x86)\Intel\Intel(R) Management Engine Components\DAL;C:\Program Files\Intel\Intel(R) Management Engine Components\DAL;C:\Program Files (x86)\Intel\Intel(R) Management Engine Components\IPT;C:\Program Files\Intel\Intel(R) Management Engine Components\IPT;C:\Program Files\NVIDIA Corporation\NVIDIA NvDLISR;C:\Program Files (x86)\Microsoft SQL Server\150\DTS\Binn\;C:\WINDOWS\system32;C:\WINDOWS;C:\WINDOWS\System32\Wbem;C:\WINDOWS\System32\WindowsPowerShell\v1.0\;C:\WINDOWS\System32\OpenSSH\;C:\Program Files\Intel\WiFi\bin\;C:\Program Files\Common Files\Intel\WirelessCommon\;C:\Program Files\nodejs\;C:\Program Files\Git\cmd;C:\Program Files\Java\jdk1.8.0_202\bin;C:\Users\Arash\AppData\Roaming\npm;C:\Program Files\Intel\WiFi\bin\;C:\Program Files\Common Files\Intel\WirelessCommon\;C:\Program Files\heroku\bin
USERNAME=Arash
OS=Windows_NT
PROCESSOR_IDENTIFIER=Intel64 Family 6 Model 142 Stepping 10, GenuineIntel



---------------  S Y S T E M  ---------------

OS: Windows 10.0 , 64 bit Build 19041 (10.0.19041.662)

CPU:total 8 (initial active 8) (4 cores per cpu, 2 threads per core) family 6 model 142 stepping 10, cmov, cx8, fxsr, mmx, sse, sse2, sse3, ssse3, sse4.1, sse4.2, popcnt, avx, avx2, aes, clmul, erms, 3dnowpref, lzcnt, ht, tsc, tscinvbit, bmi1, bmi2, adx

Memory: 4k page, physical 12458928k(1097196k free), swap 18602928k(6220k free)

vm_info: OpenJDK 64-Bit Server VM (25.242-b01) for windows-amd64 JRE (1.8.0_242-release-1644-b01), built by "builder" with MS VC++ 10.0 (VS2010)

time: Sun Jan 24 19:54:45 2021
timezone: Iran Standard Time
elapsed time: 1 seconds (0d 0h 0m 1s)

