#
# There is insufficient memory for the Java Runtime Environment to continue.
# Native memory allocation (malloc) failed to allocate 64016 bytes for Chunk::new
# Possible reasons:
#   The system is out of physical RAM or swap space
#   The process is running with CompressedOops enabled, and the Java Heap may be blocking the growth of the native heap
# Possible solutions:
#   Reduce memory load on the system
#   Increase physical memory or swap space
#   Check if swap backing store is full
#   Decrease Java heap size (-Xmx/-Xms)
#   Decrease number of Java threads
#   Decrease Java thread stack sizes (-Xss)
#   Set larger code cache with -XX:ReservedCodeCacheSize=
#   JVM is running with Unscaled Compressed Oops mode in which the Java heap is
#     placed in the first 4GB address space. The Java Heap base address is the
#     maximum limit for the native heap growth. Please use -XX:HeapBaseMinAddress
#     to set the Java Heap base and to place the Java Heap above 4GB virtual address.
# This output file may be truncated or incomplete.
#
#  Out of Memory Error (allocation.cpp:389), pid=17796, tid=0x0000000000005360
#
# JRE version: OpenJDK Runtime Environment (8.0_242-b01) (build 1.8.0_242-release-1644-b01)
# Java VM: OpenJDK 64-Bit Server VM (25.242-b01 mixed mode windows-amd64 compressed oops)
# Failed to write core dump. Minidumps are not enabled by default on client versions of Windows
#

---------------  T H R E A D  ---------------

Current thread (0x00000000192d1800):  JavaThread "C2 CompilerThread0" daemon [_thread_in_native, id=21344, stack(0x0000000019ba0000,0x0000000019ca0000)]

Stack: [0x0000000019ba0000,0x0000000019ca0000]
[error occurred during error reporting (printing stack bounds), id 0xc0000005]

Native frames: (J=compiled Java code, j=interpreted, Vv=VM code, C=native code)


Current CompileTask:
C2:  27923 13541       4       org.gradle.internal.fingerprint.classpath.impl.ClasspathFingerprintingStrategy$ClasspathContentFingerprintingVisitor::visitFile (69 bytes)


---------------  P R O C E S S  ---------------

Java Threads: ( => current thread )
  0x000000001e9ef800 JavaThread "Cache worker for Java compile cache (C:\Users\Arash\.gradle\caches\6.5\javaCompile)" [_thread_blocked, id=26820, stack(0x0000000031110000,0x0000000031210000)]
  0x000000001e9ee800 JavaThread "RMI TCP Connection(1)-127.0.0.1" daemon [_thread_in_native, id=28968, stack(0x0000000030750000,0x0000000030850000)]
  0x000000001e9ec800 JavaThread "RMI Reaper" [_thread_blocked, id=15292, stack(0x0000000030650000,0x0000000030750000)]
  0x000000001e9f1000 JavaThread "RMI TCP Accept-0" daemon [_thread_in_native, id=16656, stack(0x0000000030550000,0x0000000030650000)]
  0x000000001e9ee000 JavaThread "GC Daemon" daemon [_thread_blocked, id=22360, stack(0x0000000030450000,0x0000000030550000)]
  0x000000001e9e2800 JavaThread "RMI RenewClean-[127.0.0.1:17195,org.jetbrains.kotlin.daemon.common.LoopbackNetworkInterface$ClientLoopbackSocketFactory@2bb02f78]" daemon [_thread_blocked, id=16000, stack(0x0000000030350000,0x0000000030450000)]
  0x000000001e9e7800 JavaThread "RMI Scheduler(0)" daemon [_thread_blocked, id=29740, stack(0x0000000030250000,0x0000000030350000)]
  0x000000001e9e7000 JavaThread "stdout" [_thread_in_native, id=13532, stack(0x000000002ff50000,0x0000000030050000)]
  0x000000001e9e4000 JavaThread "stderr" [_thread_in_native, id=21716, stack(0x000000002fe50000,0x000000002ff50000)]
  0x000000001e9e4800 JavaThread "pool-2-thread-1" [_thread_blocked, id=28944, stack(0x000000002fd50000,0x000000002fe50000)]
  0x000000001e9e6000 JavaThread "WorkerExecutor Queue Thread 5" [_thread_blocked, id=28052, stack(0x000000002fc50000,0x000000002fd50000)]
  0x000000001e9e9000 JavaThread "WorkerExecutor Queue Thread 4" [_thread_blocked, id=23064, stack(0x000000002f740000,0x000000002f840000)]
  0x000000001e9e5800 JavaThread "WorkerExecutor Queue Thread 3" [_thread_blocked, id=16064, stack(0x000000002f640000,0x000000002f740000)]
  0x000000001e9e3000 JavaThread "WorkerExecutor Queue Thread 2" [_thread_blocked, id=12956, stack(0x000000002f540000,0x000000002f640000)]
  0x000000001f956000 JavaThread "WorkerExecutor Queue" [_thread_blocked, id=13132, stack(0x000000002f440000,0x000000002f540000)]
  0x000000001f959800 JavaThread "Cache worker for execution history cache (C:\Users\Arash\AndroidStudioProjects\NearRoom\.gradle\6.5\executionHistory)" [_thread_blocked, id=27544, stack(0x000000002ed40000,0x000000002ee40000)]
  0x000000001f955000 JavaThread "Execution worker for ':' Thread 7" [_thread_blocked, id=25996, stack(0x000000002ec40000,0x000000002ed40000)]
  0x000000001f959000 JavaThread "Execution worker for ':' Thread 6" [_thread_blocked, id=14056, stack(0x000000002eb40000,0x000000002ec40000)]
  0x000000001f95a800 JavaThread "Execution worker for ':' Thread 5" [_thread_blocked, id=1904, stack(0x000000002ea40000,0x000000002eb40000)]
  0x000000001f95b000 JavaThread "Execution worker for ':' Thread 4" [_thread_blocked, id=23256, stack(0x000000002e940000,0x000000002ea40000)]
  0x000000001f957800 JavaThread "Execution worker for ':' Thread 3" [_thread_blocked, id=29008, stack(0x000000002e630000,0x000000002e730000)]
  0x000000001f94d000 JavaThread "Execution worker for ':' Thread 2" [_thread_blocked, id=22824, stack(0x000000002e010000,0x000000002e110000)]
  0x000000001f953800 JavaThread "Execution worker for ':'" [_thread_blocked, id=22752, stack(0x000000002ce90000,0x000000002cf90000)]
  0x000000001f953000 JavaThread "Cache worker for file content cache (C:\Users\Arash\AndroidStudioProjects\NearRoom\.gradle\6.5\fileContent)" [_thread_blocked, id=5888, stack(0x000000002e130000,0x000000002e230000)]
  0x000000001f94f000 JavaThread "Memory manager" [_thread_blocked, id=23680, stack(0x000000002b1b0000,0x000000002b2b0000)]
  0x000000001f94e800 JavaThread "Cache worker for Build Output Cleanup Cache (C:\Users\Arash\AndroidStudioProjects\NearRoom\.gradle\buildOutputCleanup)" [_thread_blocked, id=11492, stack(0x000000002aab0000,0x000000002abb0000)]
  0x000000001f951800 JavaThread "jar transforms Thread 116" [_thread_blocked, id=21460, stack(0x000000002a7b0000,0x000000002a8b0000)]
  0x000000001f94d800 JavaThread "jar transforms Thread 115" [_thread_blocked, id=28568, stack(0x000000002a6b0000,0x000000002a7b0000)]
  0x000000001f94c000 JavaThread "jar transforms Thread 114" [_thread_blocked, id=13360, stack(0x000000002a5b0000,0x000000002a6b0000)]
  0x000000001f950800 JavaThread "jar transforms Thread 113" [_thread_blocked, id=29404, stack(0x000000002a4b0000,0x000000002a5b0000)]
  0x000000001c74b800 JavaThread "jar transforms Thread 112" [_thread_blocked, id=13964, stack(0x000000002a3b0000,0x000000002a4b0000)]
  0x000000001c747000 JavaThread "jar transforms Thread 111" [_thread_blocked, id=13564, stack(0x000000002a2b0000,0x000000002a3b0000)]
  0x000000001c74a800 JavaThread "jar transforms Thread 110" [_thread_blocked, id=18884, stack(0x000000002a1b0000,0x000000002a2b0000)]
  0x000000001c74a000 JavaThread "jar transforms Thread 109" [_thread_blocked, id=8804, stack(0x000000002a0b0000,0x000000002a1b0000)]
  0x000000001c749000 JavaThread "jar transforms Thread 108" [_thread_blocked, id=26224, stack(0x0000000029fb0000,0x000000002a0b0000)]
  0x000000001c748800 JavaThread "jar transforms Thread 107" [_thread_blocked, id=18584, stack(0x0000000029eb0000,0x0000000029fb0000)]
  0x000000001c747800 JavaThread "jar transforms Thread 106" [_thread_blocked, id=22544, stack(0x0000000029db0000,0x0000000029eb0000)]
  0x000000001c73f800 JavaThread "jar transforms Thread 105" [_thread_blocked, id=27264, stack(0x0000000029cb0000,0x0000000029db0000)]
  0x000000001c744000 JavaThread "jar transforms Thread 104" [_thread_blocked, id=20180, stack(0x0000000029ab0000,0x0000000029bb0000)]
  0x000000001c746000 JavaThread "jar transforms Thread 103" [_thread_blocked, id=26412, stack(0x00000000299b0000,0x0000000029ab0000)]
  0x000000001c745800 JavaThread "jar transforms Thread 102" [_thread_blocked, id=6156, stack(0x00000000298b0000,0x00000000299b0000)]
  0x000000001c744800 JavaThread "jar transforms Thread 101" [_thread_blocked, id=28812, stack(0x00000000297b0000,0x00000000298b0000)]
  0x000000001c73c800 JavaThread "jar transforms Thread 100" [_thread_blocked, id=20052, stack(0x00000000296b0000,0x00000000297b0000)]
  0x000000001c73d000 JavaThread "jar transforms Thread 99" [_thread_blocked, id=7524, stack(0x00000000295b0000,0x00000000296b0000)]
  0x000000001c743000 JavaThread "jar transforms Thread 98" [_thread_blocked, id=28992, stack(0x00000000294b0000,0x00000000295b0000)]
  0x000000001c741000 JavaThread "jar transforms Thread 97" [_thread_blocked, id=20572, stack(0x00000000293b0000,0x00000000294b0000)]
  0x000000001c73e000 JavaThread "jar transforms Thread 96" [_thread_blocked, id=27436, stack(0x00000000292b0000,0x00000000293b0000)]
  0x000000001c742800 JavaThread "jar transforms Thread 95" [_thread_blocked, id=3812, stack(0x00000000291b0000,0x00000000292b0000)]
  0x000000001c741800 JavaThread "jar transforms Thread 94" [_thread_blocked, id=30560, stack(0x00000000290b0000,0x00000000291b0000)]
  0x000000001c740000 JavaThread "jar transforms Thread 93" [_thread_blocked, id=22384, stack(0x0000000028fb0000,0x00000000290b0000)]
  0x000000001c73e800 JavaThread "jar transforms Thread 92" [_thread_blocked, id=20960, stack(0x0000000028eb0000,0x0000000028fb0000)]
  0x000000001b11a800 JavaThread "jar transforms Thread 91" [_thread_blocked, id=28348, stack(0x0000000028db0000,0x0000000028eb0000)]
  0x000000001b119800 JavaThread "jar transforms Thread 90" [_thread_blocked, id=27808, stack(0x0000000028cb0000,0x0000000028db0000)]
  0x000000001b11b000 JavaThread "jar transforms Thread 89" [_thread_blocked, id=18464, stack(0x0000000028bb0000,0x0000000028cb0000)]
  0x000000001b11d800 JavaThread "jar transforms Thread 88" [_thread_blocked, id=19772, stack(0x0000000028ab0000,0x0000000028bb0000)]
  0x000000001b117800 JavaThread "jar transforms Thread 87" [_thread_blocked, id=28196, stack(0x00000000289b0000,0x0000000028ab0000)]
  0x000000001b118000 JavaThread "jar transforms Thread 86" [_thread_blocked, id=19840, stack(0x00000000288b0000,0x00000000289b0000)]
  0x000000001b119000 JavaThread "jar transforms Thread 85" [_thread_blocked, id=1556, stack(0x00000000287b0000,0x00000000288b0000)]
  0x000000001b11c000 JavaThread "jar transforms Thread 84" [_thread_blocked, id=6364, stack(0x00000000286b0000,0x00000000287b0000)]
  0x000000001b11c800 JavaThread "jar transforms Thread 83" [_thread_blocked, id=9176, stack(0x00000000285b0000,0x00000000286b0000)]
  0x000000001b110000 JavaThread "jar transforms Thread 82" [_thread_blocked, id=7768, stack(0x00000000284b0000,0x00000000285b0000)]
  0x000000001b116800 JavaThread "jar transforms Thread 81" [_thread_blocked, id=30052, stack(0x00000000283b0000,0x00000000284b0000)]
  0x000000001b112000 JavaThread "jar transforms Thread 80" [_thread_blocked, id=25204, stack(0x00000000282b0000,0x00000000283b0000)]
  0x000000001b10f000 JavaThread "jar transforms Thread 79" [_thread_blocked, id=18788, stack(0x00000000281b0000,0x00000000282b0000)]
  0x000000001b111800 JavaThread "jar transforms Thread 78" [_thread_blocked, id=30016, stack(0x00000000280b0000,0x00000000281b0000)]
  0x000000001b116000 JavaThread "jar transforms Thread 77" [_thread_blocked, id=30860, stack(0x0000000027fb0000,0x00000000280b0000)]
  0x000000001b10e800 JavaThread "jar transforms Thread 76" [_thread_blocked, id=18656, stack(0x0000000027eb0000,0x0000000027fb0000)]
  0x000000001b113800 JavaThread "jar transforms Thread 75" [_thread_blocked, id=29628, stack(0x0000000027db0000,0x0000000027eb0000)]
  0x000000001b115000 JavaThread "jar transforms Thread 74" [_thread_blocked, id=22480, stack(0x0000000027cb0000,0x0000000027db0000)]
  0x000000001b113000 JavaThread "jar transforms Thread 73" [_thread_blocked, id=14276, stack(0x0000000027bb0000,0x0000000027cb0000)]
  0x000000001b110800 JavaThread "jar transforms Thread 72" [_thread_blocked, id=26180, stack(0x0000000027ab0000,0x0000000027bb0000)]
  0x000000001b114800 JavaThread "jar transforms Thread 71" [_thread_blocked, id=19072, stack(0x00000000279b0000,0x0000000027ab0000)]
  0x000000001c31f000 JavaThread "jar transforms Thread 70" [_thread_blocked, id=30184, stack(0x00000000278b0000,0x00000000279b0000)]
  0x000000001c322800 JavaThread "jar transforms Thread 69" [_thread_blocked, id=30612, stack(0x00000000277b0000,0x00000000278b0000)]
  0x000000001c322000 JavaThread "jar transforms Thread 68" [_thread_blocked, id=5544, stack(0x00000000276b0000,0x00000000277b0000)]
  0x000000001c321000 JavaThread "jar transforms Thread 67" [_thread_blocked, id=15848, stack(0x00000000275b0000,0x00000000276b0000)]
  0x000000001c320800 JavaThread "jar transforms Thread 66" [_thread_blocked, id=15936, stack(0x00000000274b0000,0x00000000275b0000)]
  0x000000001c31f800 JavaThread "jar transforms Thread 65" [_thread_blocked, id=5772, stack(0x00000000273b0000,0x00000000274b0000)]
  0x000000001c317800 JavaThread "jar transforms Thread 64" [_thread_blocked, id=24852, stack(0x00000000272b0000,0x00000000273b0000)]
  0x000000001c31e000 JavaThread "jar transforms Thread 63" [_thread_blocked, id=16800, stack(0x00000000271b0000,0x00000000272b0000)]
  0x000000001c316800 JavaThread "jar transforms Thread 62" [_thread_blocked, id=13500, stack(0x00000000270b0000,0x00000000271b0000)]
  0x000000001c31d800 JavaThread "jar transforms Thread 61" [_thread_blocked, id=2948, stack(0x0000000026fb0000,0x00000000270b0000)]
  0x000000001c31c800 JavaThread "jar transforms Thread 60" [_thread_blocked, id=27004, stack(0x0000000026eb0000,0x0000000026fb0000)]
  0x000000001c31c000 JavaThread "jar transforms Thread 59" [_thread_blocked, id=30336, stack(0x0000000026db0000,0x0000000026eb0000)]
  0x000000001c314800 JavaThread "jar transforms Thread 58" [_thread_blocked, id=22624, stack(0x0000000026cb0000,0x0000000026db0000)]
  0x000000001c316000 JavaThread "jar transforms Thread 57" [_thread_blocked, id=28032, stack(0x0000000026bb0000,0x0000000026cb0000)]
  0x000000001c31b000 JavaThread "jar transforms Thread 56" [_thread_blocked, id=6448, stack(0x0000000026ab0000,0x0000000026bb0000)]
  0x000000001c318000 JavaThread "jar transforms Thread 55" [_thread_blocked, id=28536, stack(0x00000000269b0000,0x0000000026ab0000)]
  0x000000001c315000 JavaThread "jar transforms Thread 54" [_thread_blocked, id=17900, stack(0x00000000268b0000,0x00000000269b0000)]
  0x000000001c31a800 JavaThread "jar transforms Thread 53" [_thread_blocked, id=13040, stack(0x00000000267b0000,0x00000000268b0000)]
  0x000000001c319800 JavaThread "jar transforms Thread 52" [_thread_blocked, id=25332, stack(0x00000000266b0000,0x00000000267b0000)]
  0x000000001c319000 JavaThread "jar transforms Thread 51" [_thread_blocked, id=12308, stack(0x00000000265b0000,0x00000000266b0000)]
  0x000000001c313800 JavaThread "jar transforms Thread 50" [_thread_blocked, id=17412, stack(0x00000000264b0000,0x00000000265b0000)]
  0x000000001b017000 JavaThread "jar transforms Thread 49" [_thread_blocked, id=21108, stack(0x00000000263b0000,0x00000000264b0000)]
  0x000000001b016800 JavaThread "jar transforms Thread 48" [_thread_blocked, id=26960, stack(0x00000000262b0000,0x00000000263b0000)]
  0x000000001b015800 JavaThread "jar transforms Thread 47" [_thread_blocked, id=27056, stack(0x00000000261b0000,0x00000000262b0000)]
  0x000000001b01c800 JavaThread "jar transforms Thread 46" [_thread_blocked, id=5956, stack(0x00000000260b0000,0x00000000261b0000)]
  0x000000001b01b000 JavaThread "jar transforms Thread 45" [_thread_blocked, id=31332, stack(0x0000000025fb0000,0x00000000260b0000)]
  0x000000001b019800 JavaThread "jar transforms Thread 44" [_thread_blocked, id=26764, stack(0x0000000025eb0000,0x0000000025fb0000)]
  0x000000001b018800 JavaThread "jar transforms Thread 43" [_thread_blocked, id=11752, stack(0x0000000025db0000,0x0000000025eb0000)]
  0x000000001b01b800 JavaThread "jar transforms Thread 42" [_thread_blocked, id=17052, stack(0x0000000025cb0000,0x0000000025db0000)]
  0x000000001b018000 JavaThread "jar transforms Thread 41" [_thread_blocked, id=13488, stack(0x0000000025bb0000,0x0000000025cb0000)]
  0x000000001b01a000 JavaThread "jar transforms Thread 40" [_thread_blocked, id=13164, stack(0x0000000025ab0000,0x0000000025bb0000)]
  0x000000001b00f000 JavaThread "jar transforms Thread 39" [_thread_blocked, id=25288, stack(0x00000000259b0000,0x0000000025ab0000)]
  0x000000001b015000 JavaThread "jar transforms Thread 38" [_thread_blocked, id=25584, stack(0x00000000258b0000,0x00000000259b0000)]
  0x000000001b00e000 JavaThread "jar transforms Thread 37" [_thread_blocked, id=25664, stack(0x00000000257b0000,0x00000000258b0000)]
  0x000000001b00f800 JavaThread "jar transforms Thread 36" [_thread_blocked, id=2332, stack(0x00000000256b0000,0x00000000257b0000)]
  0x000000001b00d800 JavaThread "jar transforms Thread 35" [_thread_blocked, id=19472, stack(0x00000000255b0000,0x00000000256b0000)]
  0x000000001b014000 JavaThread "jar transforms Thread 34" [_thread_blocked, id=24656, stack(0x00000000254b0000,0x00000000255b0000)]
  0x000000001b013800 JavaThread "jar transforms Thread 33" [_thread_blocked, id=13368, stack(0x00000000253b0000,0x00000000254b0000)]
  0x000000001b010800 JavaThread "jar transforms Thread 32" [_thread_blocked, id=23424, stack(0x00000000252b0000,0x00000000253b0000)]
  0x000000001b012800 JavaThread "jar transforms Thread 31" [_thread_blocked, id=10612, stack(0x00000000251b0000,0x00000000252b0000)]
  0x000000001b012000 JavaThread "jar transforms Thread 30" [_thread_blocked, id=14012, stack(0x00000000250b0000,0x00000000251b0000)]
  0x000000001b011000 JavaThread "jar transforms Thread 29" [_thread_blocked, id=28804, stack(0x0000000024fb0000,0x00000000250b0000)]
  0x000000001fc07000 JavaThread "jar transforms Thread 28" [_thread_blocked, id=28760, stack(0x0000000024eb0000,0x0000000024fb0000)]
  0x000000001fc05800 JavaThread "jar transforms Thread 27" [_thread_blocked, id=20260, stack(0x0000000024db0000,0x0000000024eb0000)]
  0x000000001fc05000 JavaThread "jar transforms Thread 26" [_thread_blocked, id=31120, stack(0x0000000024cb0000,0x0000000024db0000)]
  0x000000001fc02000 JavaThread "jar transforms Thread 25" [_thread_blocked, id=17772, stack(0x0000000024bb0000,0x0000000024cb0000)]
  0x000000001fc03800 JavaThread "jar transforms Thread 24" [_thread_blocked, id=3732, stack(0x0000000024ab0000,0x0000000024bb0000)]
  0x000000001fc01000 JavaThread "jar transforms Thread 23" [_thread_blocked, id=30400, stack(0x00000000249b0000,0x0000000024ab0000)]
  0x000000001fc02800 JavaThread "jar transforms Thread 22" [_thread_blocked, id=18472, stack(0x00000000248b0000,0x00000000249b0000)]
  0x000000001fc08000 JavaThread "jar transforms Thread 21" [_thread_blocked, id=13148, stack(0x00000000247b0000,0x00000000248b0000)]
  0x000000001fc04000 JavaThread "jar transforms Thread 20" [_thread_blocked, id=3904, stack(0x00000000246b0000,0x00000000247b0000)]
  0x000000001fc06800 JavaThread "jar transforms Thread 19" [_thread_blocked, id=30520, stack(0x00000000245b0000,0x00000000246b0000)]
  0x000000001fbf9800 JavaThread "jar transforms Thread 18" [_thread_blocked, id=16568, stack(0x00000000244b0000,0x00000000245b0000)]
  0x000000001fc00800 JavaThread "jar transforms Thread 17" [_thread_blocked, id=25828, stack(0x00000000243b0000,0x00000000244b0000)]
  0x000000001fbfb000 JavaThread "jar transforms Thread 16" [_thread_blocked, id=25296, stack(0x00000000242b0000,0x00000000243b0000)]
  0x000000001fbff800 JavaThread "jar transforms Thread 15" [_thread_blocked, id=30852, stack(0x00000000241b0000,0x00000000242b0000)]
  0x000000001fbfc000 JavaThread "jar transforms Thread 14" [_thread_blocked, id=8268, stack(0x00000000240b0000,0x00000000241b0000)]
  0x000000001fbfe000 JavaThread "jar transforms Thread 13" [_thread_blocked, id=9584, stack(0x0000000023fb0000,0x00000000240b0000)]
  0x000000001fbfc800 JavaThread "jar transforms Thread 12" [_thread_blocked, id=30748, stack(0x0000000023eb0000,0x0000000023fb0000)]
  0x000000001fbfd800 JavaThread "jar transforms Thread 11" [_thread_blocked, id=18704, stack(0x0000000023db0000,0x0000000023eb0000)]
  0x000000001fbff000 JavaThread "jar transforms Thread 10" [_thread_blocked, id=25308, stack(0x0000000023cb0000,0x0000000023db0000)]
  0x000000001fbfa800 JavaThread "jar transforms Thread 9" [_thread_blocked, id=28344, stack(0x0000000023bb0000,0x0000000023cb0000)]
  0x000000001fbf9000 JavaThread "jar transforms Thread 8" [_thread_blocked, id=2760, stack(0x0000000023ab0000,0x0000000023bb0000)]
  0x000000001bf98000 JavaThread "jar transforms Thread 7" [_thread_blocked, id=12236, stack(0x00000000239b0000,0x0000000023ab0000)]
  0x000000001bf97000 JavaThread "jar transforms Thread 6" [_thread_blocked, id=19392, stack(0x00000000238b0000,0x00000000239b0000)]
  0x000000001bf96800 JavaThread "jar transforms Thread 5" [_thread_blocked, id=7772, stack(0x00000000237b0000,0x00000000238b0000)]
  0x000000001bf95800 JavaThread "jar transforms Thread 4" [_thread_blocked, id=19764, stack(0x00000000236b0000,0x00000000237b0000)]
  0x000000001bf95000 JavaThread "jar transforms Thread 3" [_thread_blocked, id=10144, stack(0x00000000235b0000,0x00000000236b0000)]
  0x000000001bf94000 JavaThread "jar transforms Thread 2" [_thread_blocked, id=18288, stack(0x00000000234b0000,0x00000000235b0000)]
  0x000000001bf8c800 JavaThread "Build operations Thread 8" [_thread_blocked, id=17260, stack(0x00000000233b0000,0x00000000234b0000)]
  0x000000001bf93800 JavaThread "Build operations Thread 7" [_thread_blocked, id=28048, stack(0x00000000232b0000,0x00000000233b0000)]
  0x000000001bf92800 JavaThread "Build operations Thread 6" [_thread_blocked, id=22588, stack(0x00000000231b0000,0x00000000232b0000)]
  0x000000001bf92000 JavaThread "Build operations Thread 5" [_thread_blocked, id=20948, stack(0x00000000230b0000,0x00000000231b0000)]
  0x000000001bf8f800 JavaThread "Build operations Thread 4" [_thread_blocked, id=7736, stack(0x0000000022fb0000,0x00000000230b0000)]
  0x000000001bf91000 JavaThread "Build operations Thread 3" [_thread_blocked, id=25344, stack(0x0000000022eb0000,0x0000000022fb0000)]
  0x000000001bf90800 JavaThread "Build operations Thread 2" [_thread_blocked, id=29864, stack(0x0000000022db0000,0x0000000022eb0000)]
  0x000000001bf89000 JavaThread "Build operations" [_thread_blocked, id=12924, stack(0x0000000022cb0000,0x0000000022db0000)]
  0x000000001bf55000 JavaThread "Cache worker for file content cache (C:\Users\Arash\.gradle\caches\6.5\fileContent)" [_thread_blocked, id=10428, stack(0x00000000225b0000,0x00000000226b0000)]
  0x000000001bf56800 JavaThread "jar transforms" [_thread_blocked, id=23388, stack(0x00000000224b0000,0x00000000225b0000)]
  0x000000001bf53800 JavaThread "Cache worker for execution history cache (C:\Users\Arash\.gradle\caches\6.5\executionHistory)" [_thread_blocked, id=11904, stack(0x0000000021db0000,0x0000000021eb0000)]
  0x000000001bf54000 JavaThread "Cache worker for cache directory md-rule (C:\Users\Arash\.gradle\caches\6.5\md-rule)" [_thread_blocked, id=25620, stack(0x0000000021cb0000,0x0000000021db0000)]
  0x000000001bf51000 JavaThread "Cache worker for cache directory md-supplier (C:\Users\Arash\.gradle\caches\6.5\md-supplier)" [_thread_blocked, id=20060, stack(0x0000000020860000,0x0000000020960000)]
  0x000000001bf50800 JavaThread "Cache worker for checksums cache (C:\Users\Arash\AndroidStudioProjects\NearRoom\.gradle\checksums)" [_thread_blocked, id=20912, stack(0x0000000020760000,0x0000000020860000)]
  0x000000001bf52800 JavaThread "Cache worker for file hash cache (C:\Users\Arash\AndroidStudioProjects\NearRoom\.gradle\6.5\fileHashes)" [_thread_blocked, id=3148, stack(0x0000000021bb0000,0x0000000021cb0000)]
  0x000000001bf57000 JavaThread "Cache worker for file hash cache (C:\Users\Arash\.gradle\caches\6.5\fileHashes)" [_thread_blocked, id=31212, stack(0x000000001e2c0000,0x000000001e3c0000)]
  0x000000001bf52000 JavaThread "File lock request listener" [_thread_in_native, id=25656, stack(0x000000001e1c0000,0x000000001e2c0000)]
  0x000000001bee8800 JavaThread "Cache worker for journal cache (C:\Users\Arash\.gradle\caches\journal-1)" [_thread_blocked, id=25736, stack(0x000000001e0c0000,0x000000001e1c0000)]
  0x00000000193eb000 JavaThread "Thread-9" [_thread_blocked, id=14144, stack(0x000000001ddc0000,0x000000001dec0000)]
  0x0000000019412000 JavaThread "Stdin handler" [_thread_blocked, id=24256, stack(0x000000001dcc0000,0x000000001ddc0000)]
  0x000000001a54b800 JavaThread "Asynchronous log dispatcher for DefaultDaemonConnection: socket connection from /127.0.0.1:60355 to /127.0.0.1:60356" [_thread_blocked, id=30132, stack(0x000000001dbc0000,0x000000001dcc0000)]
  0x000000001a279800 JavaThread "Daemon worker" [_thread_in_native, id=28184, stack(0x000000001dac0000,0x000000001dbc0000)]
  0x000000001a27e800 JavaThread "Cancel handler" [_thread_blocked, id=16924, stack(0x000000001d8c0000,0x000000001d9c0000)]
  0x0000000019391800 JavaThread "Handler for socket connection from /127.0.0.1:60355 to /127.0.0.1:60356" [_thread_in_native, id=31128, stack(0x000000001d7c0000,0x000000001d8c0000)]
  0x000000001b96a000 JavaThread "Daemon" [_thread_blocked, id=24488, stack(0x000000001d6c0000,0x000000001d7c0000)]
  0x000000001bced000 JavaThread "Daemon periodic checks" [_thread_blocked, id=15256, stack(0x000000001d3c0000,0x000000001d4c0000)]
  0x000000001bcea800 JavaThread "Incoming local TCP Connector on port 60355" [_thread_in_native, id=15584, stack(0x000000001d180000,0x000000001d280000)]
  0x000000001bcb4800 JavaThread "Daemon health stats" [_thread_blocked, id=30396, stack(0x000000001cb40000,0x000000001cc40000)]
  0x0000000019326000 JavaThread "Service Thread" daemon [_thread_blocked, id=14020, stack(0x0000000019fa0000,0x000000001a0a0000)]
  0x00000000192eb800 JavaThread "C1 CompilerThread3" daemon [_thread_blocked, id=16584, stack(0x0000000019ea0000,0x0000000019fa0000)]
  0x00000000192e7800 JavaThread "C2 CompilerThread2" daemon [_thread_blocked, id=27736, stack(0x0000000019da0000,0x0000000019ea0000)]
  0x00000000192d5800 JavaThread "C2 CompilerThread1" daemon [_thread_in_native, id=18184, stack(0x0000000019ca0000,0x0000000019da0000)]
=>0x00000000192d1800 JavaThread "C2 CompilerThread0" daemon [_thread_in_native, id=21344, stack(0x0000000019ba0000,0x0000000019ca0000)]
  0x00000000192cf800 JavaThread "Attach Listener" daemon [_thread_blocked, id=21636, stack(0x0000000019aa0000,0x0000000019ba0000)]
  0x00000000192ce000 JavaThread "Signal Dispatcher" daemon [_thread_blocked, id=22148, stack(0x00000000199a0000,0x0000000019aa0000)]
  0x00000000192c0800 JavaThread "Finalizer" daemon [_thread_blocked, id=3288, stack(0x00000000197a0000,0x00000000198a0000)]
  0x0000000002468000 JavaThread "Reference Handler" daemon [_thread_blocked, id=19352, stack(0x00000000196a0000,0x00000000197a0000)]
  0x000000000046e000 JavaThread "main" [_thread_blocked, id=26340, stack(0x0000000002270000,0x0000000002370000)]

Other Threads:
  0x00000000174d6800 VMThread [stack: 0x00000000191a0000,0x00000000192a0000] [id=23760]
  0x0000000019327000 WatcherThread [stack: 0x000000001a0a0000,0x000000001a1a0000] [id=14048]

VM state:not at safepoint (normal execution)

VM Mutex/Monitor currently owned by a thread: None

heap address: 0x0000000080000000, size: 2048 MB, Compressed Oops mode: 32-bit
Narrow klass base: 0x0000000000000000, Narrow klass shift: 3
Compressed class space size: 1073741824 Address: 0x0000000100000000

Heap:
 PSYoungGen      total 354304K, used 155477K [0x00000000d5580000, 0x00000000f0480000, 0x0000000100000000)
  eden space 292864K, 46% used [0x00000000d5580000,0x00000000dd9c1a98,0x00000000e7380000)
  from space 61440K, 32% used [0x00000000ec880000,0x00000000edc13aa0,0x00000000f0480000)
  to   space 74240K, 0% used [0x00000000e7380000,0x00000000e7380000,0x00000000ebc00000)
 ParOldGen       total 370176K, used 158841K [0x0000000080000000, 0x0000000096980000, 0x00000000d5580000)
  object space 370176K, 42% used [0x0000000080000000,0x0000000089b1e6f8,0x0000000096980000)
 Metaspace       used 83859K, capacity 87870K, committed 88344K, reserved 1126400K
  class space    used 11440K, capacity 12238K, committed 12336K, reserved 1048576K

Card table byte_map: [0x0000000011830000,0x0000000011c40000] byte_map_base: 0x0000000011430000

Marking Bits: (ParMarkBitMap*) 0x000000006ec3f030
 Begin Bits: [0x00000000126f0000, 0x00000000146f0000)
 End Bits:   [0x00000000146f0000, 0x00000000166f0000)

Polling page: 0x00000000021d0000

CodeCache: size=245760Kb used=35833Kb max_used=35833Kb free=209926Kb
 bounds [0x0000000002470000, 0x00000000047c0000, 0x0000000011470000]
 total_blobs=12240 nmethods=11359 adapters=793
 compilation: enabled

Compilation events (10 events):
Event: 27.891 Thread 0x00000000192eb800 13550       3       org.gradle.internal.normalization.java.impl.Member::<init> (16 bytes)
Event: 27.891 Thread 0x00000000192eb800 nmethod 13550 0x00000000028ae710 code [0x00000000028ae880, 0x00000000028aeba8]
Event: 27.891 Thread 0x00000000192eb800 13551       3       com.google.common.primitives.Ints::compare (20 bytes)
Event: 27.891 Thread 0x00000000192eb800 nmethod 13551 0x0000000002a69950 code [0x0000000002a69ac0, 0x0000000002a69cb0]
Event: 27.892 Thread 0x00000000192eb800 13552       3       org.objectweb.asm.MethodVisitor::visitVarInsn (17 bytes)
Event: 27.892 Thread 0x00000000192eb800 nmethod 13552 0x0000000002a69490 code [0x0000000002a69600, 0x0000000002a69868]
Event: 27.892 Thread 0x00000000192eb800 13553       3       org.objectweb.asm.ClassReader::readCode (5089 bytes)
Event: 27.894 Thread 0x00000000192e7800 nmethod 13548 0x000000000427d250 code [0x000000000427d3c0, 0x000000000427d738]
Event: 27.904 Thread 0x00000000192e7800 13559       4       org.gradle.internal.snapshot.AbstractCompleteFileSystemLocationSnapshot$PathCompressingSnapshotWrapper::getSnapshot (8 bytes)
Event: 27.905 Thread 0x00000000192e7800 nmethod 13559 0x00000000028ae350 code [0x00000000028ae4a0, 0x00000000028ae578]

GC Heap History (10 events):
Event: 13.615 GC heap before
{Heap before GC invocations=16 (full 3):
 PSYoungGen      total 248320K, used 248295K [0x00000000d5580000, 0x00000000e6580000, 0x0000000100000000)
  eden space 229888K, 100% used [0x00000000d5580000,0x00000000e3600000,0x00000000e3600000)
  from space 18432K, 99% used [0x00000000e5380000,0x00000000e6579f70,0x00000000e6580000)
  to   space 23040K, 0% used [0x00000000e3880000,0x00000000e3880000,0x00000000e4f00000)
 ParOldGen       total 161792K, used 34453K [0x0000000080000000, 0x0000000089e00000, 0x00000000d5580000)
  object space 161792K, 21% used [0x0000000080000000,0x00000000821a5530,0x0000000089e00000)
 Metaspace       used 71121K, capacity 74506K, committed 74648K, reserved 1114112K
  class space    used 9721K, capacity 10383K, committed 10416K, reserved 1048576K
Event: 13.633 GC heap after
Heap after GC invocations=16 (full 3):
 PSYoungGen      total 255488K, used 23034K [0x00000000d5580000, 0x00000000e9080000, 0x0000000100000000)
  eden space 232448K, 0% used [0x00000000d5580000,0x00000000d5580000,0x00000000e3880000)
  from space 23040K, 99% used [0x00000000e3880000,0x00000000e4efe9e0,0x00000000e4f00000)
  to   space 27648K, 0% used [0x00000000e7580000,0x00000000e7580000,0x00000000e9080000)
 ParOldGen       total 161792K, used 38407K [0x0000000080000000, 0x0000000089e00000, 0x00000000d5580000)
  object space 161792K, 23% used [0x0000000080000000,0x0000000082581f80,0x0000000089e00000)
 Metaspace       used 71121K, capacity 74506K, committed 74648K, reserved 1114112K
  class space    used 9721K, capacity 10383K, committed 10416K, reserved 1048576K
}
Event: 15.182 GC heap before
{Heap before GC invocations=17 (full 3):
 PSYoungGen      total 255488K, used 255482K [0x00000000d5580000, 0x00000000e9080000, 0x0000000100000000)
  eden space 232448K, 100% used [0x00000000d5580000,0x00000000e3880000,0x00000000e3880000)
  from space 23040K, 99% used [0x00000000e3880000,0x00000000e4efe9e0,0x00000000e4f00000)
  to   space 27648K, 0% used [0x00000000e7580000,0x00000000e7580000,0x00000000e9080000)
 ParOldGen       total 161792K, used 38407K [0x0000000080000000, 0x0000000089e00000, 0x00000000d5580000)
  object space 161792K, 23% used [0x0000000080000000,0x0000000082581f80,0x0000000089e00000)
 Metaspace       used 74309K, capacity 77852K, committed 77976K, reserved 1116160K
  class space    used 10133K, capacity 10838K, committed 10928K, reserved 1048576K
Event: 15.219 GC heap after
Heap after GC invocations=17 (full 3):
 PSYoungGen      total 275968K, used 27645K [0x00000000d5580000, 0x00000000ebb00000, 0x0000000100000000)
  eden space 248320K, 0% used [0x00000000d5580000,0x00000000d5580000,0x00000000e4800000)
  from space 27648K, 99% used [0x00000000e7580000,0x00000000e907f7e8,0x00000000e9080000)
  to   space 46592K, 0% used [0x00000000e4800000,0x00000000e4800000,0x00000000e7580000)
 ParOldGen       total 161792K, used 78620K [0x0000000080000000, 0x0000000089e00000, 0x00000000d5580000)
  object space 161792K, 48% used [0x0000000080000000,0x0000000084cc7218,0x0000000089e00000)
 Metaspace       used 74309K, capacity 77852K, committed 77976K, reserved 1116160K
  class space    used 10133K, capacity 10838K, committed 10928K, reserved 1048576K
}
Event: 17.227 GC heap before
{Heap before GC invocations=18 (full 3):
 PSYoungGen      total 275968K, used 275965K [0x00000000d5580000, 0x00000000ebb00000, 0x0000000100000000)
  eden space 248320K, 100% used [0x00000000d5580000,0x00000000e4800000,0x00000000e4800000)
  from space 27648K, 99% used [0x00000000e7580000,0x00000000e907f7e8,0x00000000e9080000)
  to   space 46592K, 0% used [0x00000000e4800000,0x00000000e4800000,0x00000000e7580000)
 ParOldGen       total 161792K, used 78620K [0x0000000080000000, 0x0000000089e00000, 0x00000000d5580000)
  object space 161792K, 48% used [0x0000000080000000,0x0000000084cc7218,0x0000000089e00000)
 Metaspace       used 78533K, capacity 82802K, committed 83096K, reserved 1120256K
  class space    used 10820K, capacity 11645K, committed 11696K, reserved 1048576K
Event: 17.329 GC heap after
Heap after GC invocations=18 (full 3):
 PSYoungGen      total 294912K, used 46576K [0x00000000d5580000, 0x00000000f1500000, 0x0000000100000000)
  eden space 248320K, 0% used [0x00000000d5580000,0x00000000d5580000,0x00000000e4800000)
  from space 46592K, 99% used [0x00000000e4800000,0x00000000e757c288,0x00000000e7580000)
  to   space 78336K, 0% used [0x00000000ec880000,0x00000000ec880000,0x00000000f1500000)
 ParOldGen       total 161792K, used 143636K [0x0000000080000000, 0x0000000089e00000, 0x00000000d5580000)
  object space 161792K, 88% used [0x0000000080000000,0x0000000088c45340,0x0000000089e00000)
 Metaspace       used 78533K, capacity 82802K, committed 83096K, reserved 1120256K
  class space    used 10820K, capacity 11645K, committed 11696K, reserved 1048576K
}
Event: 17.329 GC heap before
{Heap before GC invocations=19 (full 4):
 PSYoungGen      total 294912K, used 46576K [0x00000000d5580000, 0x00000000f1500000, 0x0000000100000000)
  eden space 248320K, 0% used [0x00000000d5580000,0x00000000d5580000,0x00000000e4800000)
  from space 46592K, 99% used [0x00000000e4800000,0x00000000e757c288,0x00000000e7580000)
  to   space 78336K, 0% used [0x00000000ec880000,0x00000000ec880000,0x00000000f1500000)
 ParOldGen       total 161792K, used 143636K [0x0000000080000000, 0x0000000089e00000, 0x00000000d5580000)
  object space 161792K, 88% used [0x0000000080000000,0x0000000088c45340,0x0000000089e00000)
 Metaspace       used 78533K, capacity 82802K, committed 83096K, reserved 1120256K
  class space    used 10820K, capacity 11645K, committed 11696K, reserved 1048576K
Event: 17.952 GC heap after
Heap after GC invocations=19 (full 4):
 PSYoungGen      total 294912K, used 0K [0x00000000d5580000, 0x00000000f1500000, 0x0000000100000000)
  eden space 248320K, 0% used [0x00000000d5580000,0x00000000d5580000,0x00000000e4800000)
  from space 46592K, 0% used [0x00000000e4800000,0x00000000e4800000,0x00000000e7580000)
  to   space 78336K, 0% used [0x00000000ec880000,0x00000000ec880000,0x00000000f1500000)
 ParOldGen       total 370176K, used 158833K [0x0000000080000000, 0x0000000096980000, 0x00000000d5580000)
  object space 370176K, 42% used [0x0000000080000000,0x0000000089b1c6f8,0x0000000096980000)
 Metaspace       used 78199K, capacity 81828K, committed 83096K, reserved 1120256K
  class space    used 10709K, capacity 11450K, committed 11696K, reserved 1048576K
}
Event: 18.941 GC heap before
{Heap before GC invocations=20 (full 4):
 PSYoungGen      total 294912K, used 248320K [0x00000000d5580000, 0x00000000f1500000, 0x0000000100000000)
  eden space 248320K, 100% used [0x00000000d5580000,0x00000000e4800000,0x00000000e4800000)
  from space 46592K, 0% used [0x00000000e4800000,0x00000000e4800000,0x00000000e7580000)
  to   space 78336K, 0% used [0x00000000ec880000,0x00000000ec880000,0x00000000f1500000)
 ParOldGen       total 370176K, used 158833K [0x0000000080000000, 0x0000000096980000, 0x00000000d5580000)
  object space 370176K, 42% used [0x0000000080000000,0x0000000089b1c6f8,0x0000000096980000)
 Metaspace       used 79566K, capacity 83250K, committed 84248K, reserved 1122304K
  class space    used 10828K, capacity 11579K, committed 11824K, reserved 1048576K
Event: 18.960 GC heap after
Heap after GC invocations=20 (full 4):
 PSYoungGen      total 354304K, used 20046K [0x00000000d5580000, 0x00000000f0480000, 0x0000000100000000)
  eden space 292864K, 0% used [0x00000000d5580000,0x00000000d5580000,0x00000000e7380000)
  from space 61440K, 32% used [0x00000000ec880000,0x00000000edc13aa0,0x00000000f0480000)
  to   space 74240K, 0% used [0x00000000e7380000,0x00000000e7380000,0x00000000ebc00000)
 ParOldGen       total 370176K, used 158841K [0x0000000080000000, 0x0000000096980000, 0x00000000d5580000)
  object space 370176K, 42% used [0x0000000080000000,0x0000000089b1e6f8,0x0000000096980000)
 Metaspace       used 79566K, capacity 83250K, committed 84248K, reserved 1122304K
  class space    used 10828K, capacity 11579K, committed 11824K, reserved 1048576K
}

Deoptimization events (10 events):
Event: 27.871 Thread 0x000000001a279800 Uncommon trap: reason=unstable_if action=reinterpret pc=0x00000000031f0460 method=java.util.TreeMap.put(Ljava/lang/Object;Ljava/lang/Object;)Ljava/lang/Object; @ 163
Event: 27.873 Thread 0x000000001a279800 Uncommon trap: reason=unstable_if action=reinterpret pc=0x0000000002a9d170 method=org.objectweb.asm.MethodWriter.visitLabel(Lorg/objectweb/asm/Label;)V @ 312
Event: 27.873 Thread 0x000000001a279800 Uncommon trap: reason=unstable_if action=reinterpret pc=0x0000000003309324 method=org.objectweb.asm.MethodWriter.visitInsn(I)V @ 32
Event: 27.873 Thread 0x000000001a279800 Uncommon trap: reason=unstable_if action=reinterpret pc=0x0000000002aa00cc method=org.objectweb.asm.MethodWriter.visitMethodInsn(ILjava/lang/String;Ljava/lang/String;Ljava/lang/String;Z)V @ 89
Event: 27.873 Thread 0x000000001a279800 Uncommon trap: reason=unstable_if action=reinterpret pc=0x00000000034e711c method=org.objectweb.asm.MethodWriter.endCurrentBasicBlockWithNoSuccessor()V @ 5
Event: 27.873 Thread 0x000000001a279800 Uncommon trap: reason=unstable_if action=reinterpret pc=0x00000000037357f8 method=org.objectweb.asm.MethodWriter.visitMaxs(II)V @ 35
Event: 27.874 Thread 0x000000001a279800 Uncommon trap: reason=unstable_if action=reinterpret pc=0x00000000036f57f0 method=org.objectweb.asm.MethodWriter.computeMethodInfoSize()I @ 451
Event: 27.874 Thread 0x000000001a279800 Uncommon trap: reason=unstable_if action=reinterpret pc=0x000000000371fe74 method=org.objectweb.asm.MethodWriter.putMethodInfo(Lorg/objectweb/asm/ByteVector;)V @ 190
Event: 27.879 Thread 0x000000001a279800 Uncommon trap: reason=unstable_if action=reinterpret pc=0x00000000035629c4 method=org.objectweb.asm.AnnotationWriter.computeAnnotationsSize(Lorg/objectweb/asm/AnnotationWriter;Lorg/objectweb/asm/AnnotationWriter;Lorg/objectweb/asm/AnnotationWriter;Lorg/ob
Event: 27.879 Thread 0x000000001a279800 Uncommon trap: reason=unstable_if action=reinterpret pc=0x000000000356413c method=org.objectweb.asm.AnnotationWriter.putAnnotations(Lorg/objectweb/asm/SymbolTable;Lorg/objectweb/asm/AnnotationWriter;Lorg/objectweb/asm/AnnotationWriter;Lorg/objectweb/asm/A

Classes redefined (0 events):
No events

Internal exceptions (10 events):
Event: 20.862 Thread 0x000000001a279800 Exception <a 'java/lang/NoSuchMethodError': <clinit>> (0x00000000dc714940) thrown at [C:\src\AOSP-openjdk-git\hotspot\src\share\vm\prims\jni.cpp, line 1615]
Event: 20.867 Thread 0x000000001a279800 Exception <a 'java/lang/NoSuchMethodError': <clinit>> (0x00000000dc73fb38) thrown at [C:\src\AOSP-openjdk-git\hotspot\src\share\vm\prims\jni.cpp, line 1615]
Event: 20.879 Thread 0x000000001a279800 Exception <a 'java/lang/NoSuchMethodError': <clinit>> (0x00000000dc8efaf0) thrown at [C:\src\AOSP-openjdk-git\hotspot\src\share\vm\prims\jni.cpp, line 1615]
Event: 20.883 Thread 0x000000001a279800 Exception <a 'java/lang/NoSuchMethodError': <clinit>> (0x00000000dc9a9da0) thrown at [C:\src\AOSP-openjdk-git\hotspot\src\share\vm\prims\jni.cpp, line 1615]
Event: 27.895 Thread 0x000000001a279800 Exception <a 'sun/nio/fs/WindowsException'> (0x00000000dd45fbb8) thrown at [C:\src\AOSP-openjdk-git\hotspot\src\share\vm\prims\jni.cpp, line 710]
Event: 27.895 Thread 0x000000001a279800 Exception <a 'sun/nio/fs/WindowsException'> (0x00000000dd461418) thrown at [C:\src\AOSP-openjdk-git\hotspot\src\share\vm\prims\jni.cpp, line 710]
Event: 27.896 Thread 0x000000001a279800 Exception <a 'sun/nio/fs/WindowsException'> (0x00000000dd469508) thrown at [C:\src\AOSP-openjdk-git\hotspot\src\share\vm\prims\jni.cpp, line 710]
Event: 27.896 Thread 0x000000001a279800 Exception <a 'sun/nio/fs/WindowsException'> (0x00000000dd46adb0) thrown at [C:\src\AOSP-openjdk-git\hotspot\src\share\vm\prims\jni.cpp, line 710]
Event: 27.896 Thread 0x000000001a279800 Exception <a 'sun/nio/fs/WindowsException'> (0x00000000dd46d9b8) thrown at [C:\src\AOSP-openjdk-git\hotspot\src\share\vm\prims\jni.cpp, line 710]
Event: 27.896 Thread 0x000000001a279800 Exception <a 'sun/nio/fs/WindowsException'> (0x00000000dd46f270) thrown at [C:\src\AOSP-openjdk-git\hotspot\src\share\vm\prims\jni.cpp, line 710]

Events (10 events):
Event: 27.917 loading class org/gradle/api/internal/tasks/compile/ModuleApplicationNameWritingCompiler$ModuleInfoVisitor
Event: 27.917 loading class org/gradle/api/internal/tasks/compile/ModuleApplicationNameWritingCompiler$ModuleInfoVisitor done
Event: 27.917 loading class org/gradle/api/internal/tasks/compile/AnnotationProcessorDiscoveringCompiler
Event: 27.917 loading class org/gradle/api/internal/tasks/compile/AnnotationProcessorDiscoveringCompiler done
Event: 27.917 loading class org/gradle/api/internal/tasks/compile/NormalizingJavaCompiler
Event: 27.917 loading class org/gradle/api/internal/tasks/compile/NormalizingJavaCompiler done
Event: 27.918 loading class org/gradle/language/base/internal/compile/CompilerUtil
Event: 27.918 loading class org/gradle/language/base/internal/compile/CompilerUtil done
Event: 27.919 loading class org/gradle/api/internal/tasks/compile/incremental/classpath/ClasspathEntrySnapshotCache
Event: 27.919 loading class org/gradle/api/internal/tasks/compile/incremental/classpath/ClasspathEntrySnapshotCache done


Dynamic libraries:
0x00007ff6e2480000 - 0x00007ff6e24b1000 	C:\Program Files\Android\Android Studio\jre\bin\java.exe
0x00007ffecb810000 - 0x00007ffecba06000 	C:\WINDOWS\SYSTEM32\ntdll.dll
0x00007ffec9b80000 - 0x00007ffec9c3d000 	C:\WINDOWS\System32\KERNEL32.DLL
0x00007ffec9570000 - 0x00007ffec9839000 	C:\WINDOWS\System32\KERNELBASE.dll
0x00007ffeca300000 - 0x00007ffeca3ac000 	C:\WINDOWS\System32\ADVAPI32.dll
0x00007ffecab40000 - 0x00007ffecabde000 	C:\WINDOWS\System32\msvcrt.dll
0x00007ffeca9d0000 - 0x00007ffecaa6c000 	C:\WINDOWS\System32\sechost.dll
0x00007ffec9ed0000 - 0x00007ffec9ffb000 	C:\WINDOWS\System32\RPCRT4.dll
0x00007ffec9950000 - 0x00007ffec9af0000 	C:\WINDOWS\System32\USER32.dll
0x00007ffec9120000 - 0x00007ffec9142000 	C:\WINDOWS\System32\win32u.dll
0x00007ffeca4f0000 - 0x00007ffeca51a000 	C:\WINDOWS\System32\GDI32.dll
0x00007ffec9460000 - 0x00007ffec9569000 	C:\WINDOWS\System32\gdi32full.dll
0x00007ffec9150000 - 0x00007ffec91ed000 	C:\WINDOWS\System32\msvcp_win.dll
0x00007ffec8f20000 - 0x00007ffec9020000 	C:\WINDOWS\System32\ucrtbase.dll
0x00007ffeb2980000 - 0x00007ffeb2c1b000 	C:\WINDOWS\WinSxS\amd64_microsoft.windows.common-controls_6595b64144ccf1df_6.0.19041.488_none_ca04af081b815d21\COMCTL32.dll
0x00007ffec9cb0000 - 0x00007ffec9ce0000 	C:\WINDOWS\System32\IMM32.DLL
0x000000006e2b0000 - 0x000000006e382000 	C:\Program Files\Android\Android Studio\jre\jre\bin\msvcr100.dll
0x000000006e470000 - 0x000000006ecbb000 	C:\Program Files\Android\Android Studio\jre\jre\bin\server\jvm.dll
0x00007ffecaa70000 - 0x00007ffecaa78000 	C:\WINDOWS\System32\PSAPI.DLL
0x00007ffebc530000 - 0x00007ffebc539000 	C:\WINDOWS\SYSTEM32\WSOCK32.dll
0x00007ffebdfd0000 - 0x00007ffebdff7000 	C:\WINDOWS\SYSTEM32\WINMM.dll
0x00007ffec2280000 - 0x00007ffec228a000 	C:\WINDOWS\SYSTEM32\VERSION.dll
0x00007ffeca290000 - 0x00007ffeca2fb000 	C:\WINDOWS\System32\WS2_32.dll
0x00007ffec4430000 - 0x00007ffec443f000 	C:\Program Files\Android\Android Studio\jre\jre\bin\verify.dll
0x00007ffebfdb0000 - 0x00007ffebfdd9000 	C:\Program Files\Android\Android Studio\jre\jre\bin\java.dll
0x00007ffebe820000 - 0x00007ffebe836000 	C:\Program Files\Android\Android Studio\jre\jre\bin\zip.dll
0x00007ffecb050000 - 0x00007ffecb792000 	C:\WINDOWS\System32\SHELL32.dll
0x00007ffec6ca0000 - 0x00007ffec7435000 	C:\WINDOWS\SYSTEM32\windows.storage.dll
0x00007ffeca520000 - 0x00007ffeca876000 	C:\WINDOWS\System32\combase.dll
0x00007ffec8990000 - 0x00007ffec89bc000 	C:\WINDOWS\SYSTEM32\Wldp.dll
0x00007ffec9d00000 - 0x00007ffec9dae000 	C:\WINDOWS\System32\SHCORE.dll
0x00007ffec9c50000 - 0x00007ffec9ca5000 	C:\WINDOWS\System32\shlwapi.dll
0x00007ffec8e50000 - 0x00007ffec8e76000 	C:\WINDOWS\SYSTEM32\profapi.dll
0x00007ffeba650000 - 0x00007ffeba66a000 	C:\Program Files\Android\Android Studio\jre\jre\bin\net.dll
0x00007ffec8710000 - 0x00007ffec877a000 	C:\WINDOWS\system32\mswsock.dll
0x00007ffeb8a60000 - 0x00007ffeb8a73000 	C:\Program Files\Android\Android Studio\jre\jre\bin\nio.dll
0x00007ffec4440000 - 0x00007ffec4467000 	C:\Users\Arash\.gradle\native\f6784746aeab05261644944871eae4fe03e0ef1612fff0a4a95f87b438bc6780\windows-amd64\native-platform.dll
0x00007ffebfda0000 - 0x00007ffebfdad000 	C:\Program Files\Android\Android Studio\jre\jre\bin\management.dll
0x00007ffec88e0000 - 0x00007ffec88f8000 	C:\WINDOWS\SYSTEM32\CRYPTSP.dll
0x00007ffec8030000 - 0x00007ffec8064000 	C:\WINDOWS\system32\rsaenh.dll
0x00007ffec9430000 - 0x00007ffec9457000 	C:\WINDOWS\System32\bcrypt.dll
0x00007ffec8dd0000 - 0x00007ffec8dfe000 	C:\WINDOWS\SYSTEM32\USERENV.dll
0x00007ffec9250000 - 0x00007ffec92d0000 	C:\WINDOWS\System32\bcryptprimitives.dll
0x00007ffec8900000 - 0x00007ffec890c000 	C:\WINDOWS\SYSTEM32\CRYPTBASE.dll
0x00007ffec83b0000 - 0x00007ffec83eb000 	C:\WINDOWS\SYSTEM32\IPHLPAPI.DLL
0x00007ffec9c40000 - 0x00007ffec9c48000 	C:\WINDOWS\System32\NSI.dll
0x00007ffec2260000 - 0x00007ffec2277000 	C:\WINDOWS\SYSTEM32\dhcpcsvc6.DLL
0x00007ffec2240000 - 0x00007ffec225d000 	C:\WINDOWS\SYSTEM32\dhcpcsvc.DLL
0x00007ffec8400000 - 0x00007ffec84cb000 	C:\WINDOWS\SYSTEM32\DNSAPI.dll
0x00007ffec21f0000 - 0x00007ffec21fb000 	C:\WINDOWS\SYSTEM32\WINNSI.DLL
0x00007ffebe730000 - 0x00007ffebe74e000 	C:\Users\Arash\AppData\Local\Temp\native-platform954013147175785797dir\native-platform.dll

VM Arguments:
jvm_args: -Xmx2048m -Dfile.encoding=windows-1252 -Duser.country=US -Duser.language=en -Duser.variant 
java_command: org.gradle.launcher.daemon.bootstrap.GradleDaemon 6.5
java_class_path (initial): C:\Users\Arash\.gradle\wrapper\dists\gradle-6.5-bin\6nifqtx7604sqp1q6g8wikw7p\gradle-6.5\lib\gradle-launcher-6.5.jar
Launcher Type: SUN_STANDARD

Environment Variables:
PATH=C:\Program Files (x86)\Common Files\Intel\Shared Libraries\redist\intel64\compiler;C:\Program Files (x86)\Common Files\Oracle\Java\javapath;C:\Program Files (x86)\Intel\Intel(R) Management Engine Components\iCLS\;C:\Program Files\Intel\Intel(R) Management Engine Components\iCLS\;C:\Windows\system32;C:\Windows;C:\Windows\System32\Wbem;C:\Windows\System32\WindowsPowerShell\v1.0\;C:\Windows\System32\OpenSSH\;C:\Program Files (x86)\NVIDIA Corporation\PhysX\Common;C:\Program Files (x86)\Intel\Intel(R) Management Engine Components\DAL;C:\Program Files\Intel\Intel(R) Management Engine Components\DAL;C:\Program Files (x86)\Intel\Intel(R) Management Engine Components\IPT;C:\Program Files\Intel\Intel(R) Management Engine Components\IPT;C:\Program Files\NVIDIA Corporation\NVIDIA NvDLISR;C:\Program Files (x86)\Microsoft SQL Server\150\DTS\Binn\;C:\WINDOWS\system32;C:\WINDOWS;C:\WINDOWS\System32\Wbem;C:\WINDOWS\System32\WindowsPowerShell\v1.0\;C:\WINDOWS\System32\OpenSSH\;C:\Program Files\Intel\WiFi\bin\;C:\Program Files\Common Files\Intel\WirelessCommon\;C:\Program Files\nodejs\;C:\Program Files\Git\cmd;C:\Program Files\Java\jdk1.8.0_202\bin;C:\Users\Arash\AppData\Roaming\npm;C:\Program Files\Intel\WiFi\bin\;C:\Program Files\Common Files\Intel\WirelessCommon\;C:\Program Files\heroku\bin
USERNAME=Arash
OS=Windows_NT
PROCESSOR_IDENTIFIER=Intel64 Family 6 Model 142 Stepping 10, GenuineIntel



---------------  S Y S T E M  ---------------

OS: Windows 10.0 , 64 bit Build 19041 (10.0.19041.662)

CPU:total 8 (initial active 8) (4 cores per cpu, 2 threads per core) family 6 model 142 stepping 10, cmov, cx8, fxsr, mmx, sse, sse2, sse3, ssse3, sse4.1, sse4.2, popcnt, avx, avx2, aes, clmul, erms, 3dnowpref, lzcnt, ht, tsc, tscinvbit, bmi1, bmi2, adx

Memory: 4k page, physical 12458928k(867040k free), swap 18602928k(5204k free)

vm_info: OpenJDK 64-Bit Server VM (25.242-b01) for windows-amd64 JRE (1.8.0_242-release-1644-b01), built by "builder" with MS VC++ 10.0 (VS2010)

time: Thu Dec 17 12:10:06 2020
timezone: Iran Standard Time
elapsed time: 27 seconds (0d 0h 0m 27s)

