#
# There is insufficient memory for the Java Runtime Environment to continue.
# Native memory allocation (malloc) failed to allocate 1837456 bytes for Chunk::new
# Possible reasons:
#   The system is out of physical RAM or swap space
#   The process is running with CompressedOops enabled, and the Java Heap may be blocking the growth of the native heap
# Possible solutions:
#   Reduce memory load on the system
#   Increase physical memory or swap space
#   Check if swap backing store is full
#   Decrease Java heap size (-Xmx/-Xms)
#   Decrease number of Java threads
#   Decrease Java thread stack sizes (-Xss)
#   Set larger code cache with -XX:ReservedCodeCacheSize=
#   JVM is running with Unscaled Compressed Oops mode in which the Java heap is
#     placed in the first 4GB address space. The Java Heap base address is the
#     maximum limit for the native heap growth. Please use -XX:HeapBaseMinAddress
#     to set the Java Heap base and to place the Java Heap above 4GB virtual address.
# This output file may be truncated or incomplete.
#
#  Out of Memory Error (allocation.cpp:389), pid=19976, tid=0x0000000000000528
#
# JRE version: OpenJDK Runtime Environment (8.0_242-b01) (build 1.8.0_242-release-1644-b01)
# Java VM: OpenJDK 64-Bit Server VM (25.242-b01 mixed mode windows-amd64 compressed oops)
# Failed to write core dump. Minidumps are not enabled by default on client versions of Windows
#

---------------  T H R E A D  ---------------

Current thread (0x0000000019e59800):  JavaThread "C2 CompilerThread1" daemon [_thread_in_native, id=1320, stack(0x000000001a820000,0x000000001a920000)]

Stack: [0x000000001a820000,0x000000001a920000]
[error occurred during error reporting (printing stack bounds), id 0xc0000005]

Native frames: (J=compiled Java code, j=interpreted, Vv=VM code, C=native code)


Current CompileTask:
C2: 141301 17223       4       com.android.tools.build.apkzlib.zip.StoredEntry::getInFileSize (51 bytes)


---------------  P R O C E S S  ---------------

Java Threads: ( => current thread )
  0x000000002e3ae000 JavaThread "WorkerExecutor Queue Thread 9" [_thread_blocked, id=14312, stack(0x00000000312f0000,0x00000000313f0000)]
  0x000000002e3b4800 JavaThread "WorkerExecutor Queue Thread 8" [_thread_blocked, id=19824, stack(0x00000000311f0000,0x00000000312f0000)]
  0x000000002e3b1000 JavaThread "WorkerExecutor Queue Thread 7" [_thread_blocked, id=18648, stack(0x00000000310f0000,0x00000000311f0000)]
  0x0000000021a97800 JavaThread "WorkerExecutor Queue Thread 6" [_thread_blocked, id=17568, stack(0x0000000030ff0000,0x00000000310f0000)]
  0x0000000020e7c800 JavaThread "WorkerExecutor Queue Thread 5" [_thread_blocked, id=5632, stack(0x0000000030ef0000,0x0000000030ff0000)]
  0x0000000020e7f000 JavaThread "WorkerExecutor Queue Thread 4" [_thread_blocked, id=12184, stack(0x0000000030750000,0x0000000030850000)]
  0x0000000020e83800 JavaThread "WorkerExecutor Queue Thread 3" [_thread_in_vm, id=19660, stack(0x0000000030bf0000,0x0000000030cf0000)]
  0x0000000020e82800 JavaThread "WorkerExecutor Queue Thread 2" [_thread_in_vm, id=3804, stack(0x0000000030af0000,0x0000000030bf0000)]
  0x0000000020e80800 JavaThread "WorkerExecutor Queue" [_thread_in_native, id=19452, stack(0x000000002f9c0000,0x000000002fac0000)]
  0x0000000020e82000 JavaThread "Cache worker for Java compile cache (C:\Users\Arash\AndroidStudioProjects\NearRoom\.gradle\6.5\javaCompile)" [_thread_blocked, id=12068, stack(0x000000001dc00000,0x000000001dd00000)]
  0x0000000020e76800 JavaThread "Cache worker for Java compile cache (C:\Users\Arash\.gradle\caches\6.5\javaCompile)" [_thread_blocked, id=1012, stack(0x000000001db00000,0x000000001dc00000)]
  0x0000000020e7d800 JavaThread "RMI TCP Connection(2)-127.0.0.1" daemon [_thread_in_native, id=4760, stack(0x000000002fcc0000,0x000000002fdc0000)]
  0x0000000020e76000 JavaThread "Cache worker for execution history cache (C:\Users\Arash\AndroidStudioProjects\NearRoom\.gradle\6.5\executionHistory)" [_thread_blocked, id=11872, stack(0x000000002f8c0000,0x000000002f9c0000)]
  0x0000000020e75000 JavaThread "Execution worker for ':' Thread 7" [_thread_blocked, id=9256, stack(0x000000002f7c0000,0x000000002f8c0000)]
  0x0000000020e7c000 JavaThread "Execution worker for ':' Thread 6" [_thread_blocked, id=9776, stack(0x000000002f6c0000,0x000000002f7c0000)]
  0x0000000020e77800 JavaThread "Execution worker for ':' Thread 5" [_thread_blocked, id=944, stack(0x000000002f5c0000,0x000000002f6c0000)]
  0x0000000020e79800 JavaThread "Execution worker for ':' Thread 4" [_thread_blocked, id=19392, stack(0x000000002f4c0000,0x000000002f5c0000)]
  0x0000000020e79000 JavaThread "Execution worker for ':' Thread 3" [_thread_blocked, id=7684, stack(0x000000002f3c0000,0x000000002f4c0000)]
  0x0000000020e7b000 JavaThread "Execution worker for ':' Thread 2" [_thread_blocked, id=15396, stack(0x000000002ede0000,0x000000002eee0000)]
  0x0000000020e7a800 JavaThread "Execution worker for ':'" [_thread_blocked, id=2980, stack(0x000000002d850000,0x000000002d950000)]
  0x0000000020e78000 JavaThread "Cache worker for file content cache (C:\Users\Arash\AndroidStudioProjects\NearRoom\.gradle\6.5\fileContent)" [_thread_blocked, id=13296, stack(0x000000002c600000,0x000000002c700000)]
  0x0000000023966800 JavaThread "Cache worker for Build Output Cleanup Cache (C:\Users\Arash\AndroidStudioProjects\NearRoom\.gradle\buildOutputCleanup)" [_thread_blocked, id=6536, stack(0x000000002c300000,0x000000002c400000)]
  0x0000000023965800 JavaThread "jar transforms Thread 232" [_thread_blocked, id=10544, stack(0x000000002c200000,0x000000002c300000)]
  0x0000000023968000 JavaThread "jar transforms Thread 231" [_thread_blocked, id=6920, stack(0x000000002c100000,0x000000002c200000)]
  0x000000002396a000 JavaThread "jar transforms Thread 230" [_thread_blocked, id=17992, stack(0x000000002c000000,0x000000002c100000)]
  0x000000002396b800 JavaThread "jar transforms Thread 229" [_thread_blocked, id=20424, stack(0x000000002bf00000,0x000000002c000000)]
  0x0000000023965000 JavaThread "jar transforms Thread 228" [_thread_blocked, id=18384, stack(0x000000002be00000,0x000000002bf00000)]
  0x000000002396b000 JavaThread "jar transforms Thread 227" [_thread_blocked, id=19288, stack(0x000000002bd00000,0x000000002be00000)]
  0x0000000023967000 JavaThread "jar transforms Thread 226" [_thread_blocked, id=1252, stack(0x000000002bc00000,0x000000002bd00000)]
  0x0000000023969800 JavaThread "jar transforms Thread 225" [_thread_blocked, id=15920, stack(0x000000002bb00000,0x000000002bc00000)]
  0x0000000023968800 JavaThread "jar transforms Thread 224" [_thread_blocked, id=18400, stack(0x000000002ba00000,0x000000002bb00000)]
  0x000000002395d800 JavaThread "jar transforms Thread 223" [_thread_blocked, id=17616, stack(0x000000002b900000,0x000000002ba00000)]
  0x0000000023963800 JavaThread "jar transforms Thread 222" [_thread_blocked, id=7220, stack(0x000000002b800000,0x000000002b900000)]
  0x0000000023960800 JavaThread "jar transforms Thread 221" [_thread_blocked, id=9568, stack(0x000000002b600000,0x000000002b700000)]
  0x0000000023964000 JavaThread "jar transforms Thread 220" [_thread_blocked, id=18772, stack(0x000000002b500000,0x000000002b600000)]
  0x000000002395f800 JavaThread "jar transforms Thread 219" [_thread_blocked, id=18720, stack(0x000000002b400000,0x000000002b500000)]
  0x000000002395f000 JavaThread "jar transforms Thread 218" [_thread_blocked, id=15328, stack(0x000000002b300000,0x000000002b400000)]
  0x0000000023962800 JavaThread "jar transforms Thread 217" [_thread_blocked, id=13848, stack(0x000000002b200000,0x000000002b300000)]
  0x0000000023962000 JavaThread "jar transforms Thread 216" [_thread_blocked, id=16632, stack(0x000000002b100000,0x000000002b200000)]
  0x000000002395e000 JavaThread "jar transforms Thread 215" [_thread_blocked, id=1308, stack(0x000000002b000000,0x000000002b100000)]
  0x000000002395c800 JavaThread "jar transforms Thread 214" [_thread_blocked, id=13320, stack(0x000000002af00000,0x000000002b000000)]
  0x0000000023961000 JavaThread "jar transforms Thread 213" [_thread_blocked, id=17108, stack(0x000000002ae00000,0x000000002af00000)]
  0x000000001ff3e800 JavaThread "jar transforms Thread 212" [_thread_blocked, id=18188, stack(0x000000002ad00000,0x000000002ae00000)]
  0x000000001ff3d000 JavaThread "jar transforms Thread 211" [_thread_blocked, id=17116, stack(0x000000002ac00000,0x000000002ad00000)]
  0x000000001ff3e000 JavaThread "jar transforms Thread 210" [_thread_blocked, id=1600, stack(0x000000002ab00000,0x000000002ac00000)]
  0x000000001ff3b000 JavaThread "jar transforms Thread 209" [_thread_blocked, id=8076, stack(0x000000002aa00000,0x000000002ab00000)]
  0x000000001ff3c800 JavaThread "jar transforms Thread 208" [_thread_blocked, id=13580, stack(0x000000002a900000,0x000000002aa00000)]
  0x000000001ff3a000 JavaThread "jar transforms Thread 207" [_thread_blocked, id=8196, stack(0x000000002a800000,0x000000002a900000)]
  0x000000001ff3b800 JavaThread "jar transforms Thread 206" [_thread_blocked, id=8288, stack(0x000000002a700000,0x000000002a800000)]
  0x000000001ff32800 JavaThread "jar transforms Thread 205" [_thread_blocked, id=18896, stack(0x000000002a600000,0x000000002a700000)]
  0x000000001ff38800 JavaThread "jar transforms Thread 204" [_thread_blocked, id=20196, stack(0x000000002a500000,0x000000002a600000)]
  0x000000001ff39000 JavaThread "jar transforms Thread 203" [_thread_blocked, id=16016, stack(0x000000002a400000,0x000000002a500000)]
  0x000000001ff31000 JavaThread "jar transforms Thread 202" [_thread_blocked, id=20204, stack(0x000000002a300000,0x000000002a400000)]
  0x000000001ff37800 JavaThread "jar transforms Thread 201" [_thread_blocked, id=12008, stack(0x000000002a200000,0x000000002a300000)]
  0x000000001ff31800 JavaThread "jar transforms Thread 200" [_thread_blocked, id=14356, stack(0x000000002a100000,0x000000002a200000)]
  0x000000001ff30000 JavaThread "jar transforms Thread 199" [_thread_blocked, id=15560, stack(0x000000002a000000,0x000000002a100000)]
  0x000000001ff36000 JavaThread "jar transforms Thread 198" [_thread_blocked, id=15848, stack(0x0000000029f00000,0x000000002a000000)]
  0x000000001ff35800 JavaThread "jar transforms Thread 197" [_thread_blocked, id=15552, stack(0x0000000029e00000,0x0000000029f00000)]
  0x000000001ff34800 JavaThread "jar transforms Thread 196" [_thread_blocked, id=15108, stack(0x0000000029d00000,0x0000000029e00000)]
  0x000000001ff37000 JavaThread "jar transforms Thread 195" [_thread_blocked, id=17140, stack(0x0000000029c00000,0x0000000029d00000)]
  0x000000001ff2f800 JavaThread "jar transforms Thread 194" [_thread_blocked, id=14868, stack(0x0000000029b00000,0x0000000029c00000)]
  0x000000001ff34000 JavaThread "jar transforms Thread 193" [_thread_blocked, id=11168, stack(0x0000000029a00000,0x0000000029b00000)]
  0x000000001ff33000 JavaThread "jar transforms Thread 192" [_thread_blocked, id=18272, stack(0x0000000029900000,0x0000000029a00000)]
  0x000000001d0ad000 JavaThread "jar transforms Thread 191" [_thread_blocked, id=2400, stack(0x0000000029800000,0x0000000029900000)]
  0x000000001d0ae800 JavaThread "jar transforms Thread 190" [_thread_blocked, id=15056, stack(0x0000000029700000,0x0000000029800000)]
  0x000000001d0ac800 JavaThread "jar transforms Thread 189" [_thread_blocked, id=20360, stack(0x0000000029600000,0x0000000029700000)]
  0x000000001d0a9800 JavaThread "jar transforms Thread 188" [_thread_blocked, id=8676, stack(0x0000000029500000,0x0000000029600000)]
  0x000000001d0ab800 JavaThread "jar transforms Thread 187" [_thread_blocked, id=13592, stack(0x0000000029400000,0x0000000029500000)]
  0x000000001d0af800 JavaThread "jar transforms Thread 186" [_thread_blocked, id=19428, stack(0x0000000029300000,0x0000000029400000)]
  0x000000001d0ae000 JavaThread "jar transforms Thread 185" [_thread_blocked, id=13876, stack(0x0000000029200000,0x0000000029300000)]
  0x000000001d0b0000 JavaThread "jar transforms Thread 184" [_thread_blocked, id=16916, stack(0x0000000029100000,0x0000000029200000)]
  0x000000001d0ab000 JavaThread "jar transforms Thread 183" [_thread_blocked, id=9604, stack(0x0000000029000000,0x0000000029100000)]
  0x000000001d0aa000 JavaThread "jar transforms Thread 182" [_thread_blocked, id=15448, stack(0x0000000028f00000,0x0000000029000000)]
  0x000000001cbc1800 JavaThread "jar transforms Thread 181" [_thread_blocked, id=17028, stack(0x0000000028e00000,0x0000000028f00000)]
  0x000000001cbbe800 JavaThread "jar transforms Thread 180" [_thread_blocked, id=9608, stack(0x0000000028d00000,0x0000000028e00000)]
  0x000000001cbc4800 JavaThread "jar transforms Thread 179" [_thread_blocked, id=12668, stack(0x0000000028c00000,0x0000000028d00000)]
  0x000000001cbc5800 JavaThread "jar transforms Thread 178" [_thread_blocked, id=13356, stack(0x0000000028b00000,0x0000000028c00000)]
  0x000000001cbc1000 JavaThread "jar transforms Thread 177" [_thread_blocked, id=428, stack(0x0000000028a00000,0x0000000028b00000)]
  0x000000002066f800 JavaThread "jar transforms Thread 176" [_thread_blocked, id=18920, stack(0x0000000028900000,0x0000000028a00000)]
  0x000000002066e800 JavaThread "jar transforms Thread 175" [_thread_blocked, id=18464, stack(0x0000000028800000,0x0000000028900000)]
  0x000000002066e000 JavaThread "jar transforms Thread 174" [_thread_blocked, id=20080, stack(0x0000000028700000,0x0000000028800000)]
  0x000000002066d000 JavaThread "jar transforms Thread 173" [_thread_blocked, id=10140, stack(0x0000000028600000,0x0000000028700000)]
  0x000000002066c800 JavaThread "jar transforms Thread 172" [_thread_blocked, id=18940, stack(0x0000000028500000,0x0000000028600000)]
  0x0000000020665000 JavaThread "jar transforms Thread 171" [_thread_blocked, id=15228, stack(0x0000000028400000,0x0000000028500000)]
  0x000000002066b800 JavaThread "jar transforms Thread 170" [_thread_blocked, id=15852, stack(0x0000000028300000,0x0000000028400000)]
  0x000000002066b000 JavaThread "jar transforms Thread 169" [_thread_blocked, id=3452, stack(0x0000000028200000,0x0000000028300000)]
  0x0000000020663800 JavaThread "jar transforms Thread 168" [_thread_blocked, id=14060, stack(0x0000000028100000,0x0000000028200000)]
  0x000000002066a000 JavaThread "jar transforms Thread 167" [_thread_blocked, id=17432, stack(0x0000000028000000,0x0000000028100000)]
  0x0000000020662800 JavaThread "jar transforms Thread 166" [_thread_blocked, id=10820, stack(0x0000000027f00000,0x0000000028000000)]
  0x0000000020669800 JavaThread "jar transforms Thread 165" [_thread_blocked, id=7736, stack(0x0000000027e00000,0x0000000027f00000)]
  0x0000000020666800 JavaThread "jar transforms Thread 164" [_thread_blocked, id=6724, stack(0x0000000027d00000,0x0000000027e00000)]
  0x0000000020661000 JavaThread "jar transforms Thread 163" [_thread_blocked, id=19044, stack(0x0000000027c00000,0x0000000027d00000)]
  0x0000000020660800 JavaThread "jar transforms Thread 162" [_thread_blocked, id=9452, stack(0x0000000027b00000,0x0000000027c00000)]
  0x0000000020662000 JavaThread "jar transforms Thread 161" [_thread_blocked, id=18376, stack(0x0000000027a00000,0x0000000027b00000)]
  0x000000001afb5000 JavaThread "jar transforms Thread 160" [_thread_blocked, id=18844, stack(0x0000000027900000,0x0000000027a00000)]
  0x000000001afb6800 JavaThread "jar transforms Thread 159" [_thread_blocked, id=6608, stack(0x0000000027800000,0x0000000027900000)]
  0x000000001afb4800 JavaThread "jar transforms Thread 158" [_thread_blocked, id=18780, stack(0x0000000027700000,0x0000000027800000)]
  0x000000001afb3800 JavaThread "jar transforms Thread 157" [_thread_blocked, id=8820, stack(0x0000000027600000,0x0000000027700000)]
  0x000000001afb3000 JavaThread "jar transforms Thread 156" [_thread_blocked, id=392, stack(0x0000000027500000,0x0000000027600000)]
  0x000000001afb7800 JavaThread "jar transforms Thread 155" [_thread_blocked, id=2968, stack(0x0000000027400000,0x0000000027500000)]
  0x000000001afb6000 JavaThread "jar transforms Thread 154" [_thread_blocked, id=18504, stack(0x0000000027300000,0x0000000027400000)]
  0x000000001afb2000 JavaThread "jar transforms Thread 153" [_thread_blocked, id=10948, stack(0x0000000027200000,0x0000000027300000)]
  0x000000001afaa800 JavaThread "jar transforms Thread 152" [_thread_blocked, id=17700, stack(0x0000000027100000,0x0000000027200000)]
  0x000000001afb1800 JavaThread "jar transforms Thread 151" [_thread_blocked, id=18724, stack(0x0000000027000000,0x0000000027100000)]
  0x000000001afb0800 JavaThread "jar transforms Thread 150" [_thread_blocked, id=14924, stack(0x0000000026f00000,0x0000000027000000)]
  0x000000001afa9000 JavaThread "jar transforms Thread 149" [_thread_blocked, id=7616, stack(0x0000000026e00000,0x0000000026f00000)]
  0x000000001afb0000 JavaThread "jar transforms Thread 148" [_thread_blocked, id=11416, stack(0x0000000026d00000,0x0000000026e00000)]
  0x000000001afaa000 JavaThread "jar transforms Thread 147" [_thread_blocked, id=2944, stack(0x0000000026c00000,0x0000000026d00000)]
  0x000000001afa8800 JavaThread "jar transforms Thread 146" [_thread_blocked, id=16728, stack(0x0000000026b00000,0x0000000026c00000)]
  0x000000001afad000 JavaThread "jar transforms Thread 145" [_thread_blocked, id=13196, stack(0x0000000026a00000,0x0000000026b00000)]
  0x000000001afab800 JavaThread "jar transforms Thread 144" [_thread_blocked, id=16740, stack(0x0000000026900000,0x0000000026a00000)]
  0x0000000022030000 JavaThread "jar transforms Thread 143" [_thread_blocked, id=4024, stack(0x0000000026800000,0x0000000026900000)]
  0x000000002202f000 JavaThread "jar transforms Thread 142" [_thread_blocked, id=1640, stack(0x0000000026700000,0x0000000026800000)]
  0x000000002202e800 JavaThread "jar transforms Thread 141" [_thread_blocked, id=3972, stack(0x0000000026600000,0x0000000026700000)]
  0x000000002202d800 JavaThread "jar transforms Thread 140" [_thread_blocked, id=4044, stack(0x0000000026500000,0x0000000026600000)]
  0x000000002202d000 JavaThread "jar transforms Thread 139" [_thread_blocked, id=20160, stack(0x0000000026400000,0x0000000026500000)]
  0x0000000022025800 JavaThread "jar transforms Thread 138" [_thread_blocked, id=19068, stack(0x0000000026300000,0x0000000026400000)]
  0x0000000022024800 JavaThread "jar transforms Thread 137" [_thread_blocked, id=3284, stack(0x0000000026200000,0x0000000026300000)]
  0x000000002202a000 JavaThread "jar transforms Thread 136" [_thread_blocked, id=13840, stack(0x0000000026100000,0x0000000026200000)]
  0x000000002202b800 JavaThread "jar transforms Thread 135" [_thread_blocked, id=4704, stack(0x0000000026000000,0x0000000026100000)]
  0x000000002202a800 JavaThread "jar transforms Thread 134" [_thread_blocked, id=7316, stack(0x0000000025f00000,0x0000000026000000)]
  0x0000000022022800 JavaThread "jar transforms Thread 133" [_thread_blocked, id=12792, stack(0x0000000025e00000,0x0000000025f00000)]
  0x0000000022026000 JavaThread "jar transforms Thread 132" [_thread_blocked, id=14460, stack(0x0000000025d00000,0x0000000025e00000)]
  0x0000000022028800 JavaThread "jar transforms Thread 131" [_thread_blocked, id=3456, stack(0x0000000025c00000,0x0000000025d00000)]
  0x0000000022029000 JavaThread "jar transforms Thread 130" [_thread_blocked, id=14416, stack(0x0000000025b00000,0x0000000025c00000)]
  0x0000000022021800 JavaThread "jar transforms Thread 129" [_thread_blocked, id=20320, stack(0x0000000025a00000,0x0000000025b00000)]
  0x0000000022021000 JavaThread "jar transforms Thread 128" [_thread_blocked, id=20348, stack(0x0000000025900000,0x0000000025a00000)]
  0x0000000022027800 JavaThread "jar transforms Thread 127" [_thread_blocked, id=7180, stack(0x0000000025800000,0x0000000025900000)]
  0x0000000022023000 JavaThread "jar transforms Thread 126" [_thread_blocked, id=20400, stack(0x0000000025700000,0x0000000025800000)]
  0x0000000022024000 JavaThread "jar transforms Thread 125" [_thread_blocked, id=7196, stack(0x0000000025600000,0x0000000025700000)]
  0x0000000022027000 JavaThread "jar transforms Thread 124" [_thread_blocked, id=1688, stack(0x0000000025500000,0x0000000025600000)]
  0x0000000021aa7000 JavaThread "jar transforms Thread 123" [_thread_blocked, id=5520, stack(0x0000000025400000,0x0000000025500000)]
  0x0000000021aa6800 JavaThread "jar transforms Thread 122" [_thread_blocked, id=9072, stack(0x0000000025300000,0x0000000025400000)]
  0x0000000021aa5000 JavaThread "jar transforms Thread 121" [_thread_blocked, id=10484, stack(0x0000000025200000,0x0000000025300000)]
  0x0000000021aa4000 JavaThread "jar transforms Thread 120" [_thread_blocked, id=11172, stack(0x0000000025100000,0x0000000025200000)]
  0x0000000021aa3800 JavaThread "jar transforms Thread 119" [_thread_blocked, id=19056, stack(0x0000000025000000,0x0000000025100000)]
  0x0000000021aa5800 JavaThread "jar transforms Thread 118" [_thread_blocked, id=15304, stack(0x0000000024f00000,0x0000000025000000)]
  0x0000000021a9c000 JavaThread "jar transforms Thread 117" [_thread_blocked, id=7464, stack(0x0000000024e00000,0x0000000024f00000)]
  0x0000000021aa2800 JavaThread "Build operations Thread 8" [_thread_blocked, id=16092, stack(0x0000000024d00000,0x0000000024e00000)]
  0x0000000021aa2000 JavaThread "Build operations Thread 7" [_thread_blocked, id=17960, stack(0x0000000024c00000,0x0000000024d00000)]
  0x0000000021a9a800 JavaThread "Build operations Thread 6" [_thread_blocked, id=6924, stack(0x0000000024b00000,0x0000000024c00000)]
  0x0000000021aa1000 JavaThread "Build operations Thread 5" [_thread_blocked, id=3676, stack(0x0000000024a00000,0x0000000024b00000)]
  0x0000000021a9b000 JavaThread "Build operations Thread 4" [_thread_blocked, id=12140, stack(0x0000000024900000,0x0000000024a00000)]
  0x0000000021aa0800 JavaThread "Build operations Thread 3" [_thread_blocked, id=17284, stack(0x0000000024800000,0x0000000024900000)]
  0x0000000021a9e000 JavaThread "Build operations Thread 2" [_thread_blocked, id=6104, stack(0x0000000023030000,0x0000000023130000)]
  0x0000000021a9f800 JavaThread "Build operations" [_thread_blocked, id=17044, stack(0x0000000022830000,0x0000000022930000)]
  0x0000000021a9d800 JavaThread "Cache worker for cache directory md-rule (C:\Users\Arash\.gradle\caches\6.5\md-rule)" [_thread_blocked, id=4712, stack(0x0000000022730000,0x0000000022830000)]
  0x0000000021a9f000 JavaThread "Cache worker for cache directory md-supplier (C:\Users\Arash\.gradle\caches\6.5\md-supplier)" [_thread_blocked, id=9468, stack(0x000000001e940000,0x000000001ea40000)]
  0x0000000021a9c800 JavaThread "Cache worker for checksums cache (C:\Users\Arash\AndroidStudioProjects\NearRoom\.gradle\checksums)" [_thread_blocked, id=3896, stack(0x000000001e840000,0x000000001e940000)]
  0x0000000021a91800 JavaThread "Cache worker for file hash cache (C:\Users\Arash\AndroidStudioProjects\NearRoom\.gradle\6.5\fileHashes)" [_thread_blocked, id=13408, stack(0x000000001e740000,0x000000001e840000)]
  0x0000000021a95000 JavaThread "Thread-170" [_thread_blocked, id=20244, stack(0x000000001e640000,0x000000001e740000)]
  0x0000000021a94800 JavaThread "Stdin handler" [_thread_blocked, id=13260, stack(0x000000001e440000,0x000000001e540000)]
  0x0000000021a8a000 JavaThread "Asynchronous log dispatcher for DefaultDaemonConnection: socket connection from /127.0.0.1:63157 to /127.0.0.1:63253" [_thread_blocked, id=8760, stack(0x000000001e340000,0x000000001e440000)]
  0x0000000021a88800 JavaThread "Daemon worker Thread 2" [_thread_blocked, id=15124, stack(0x000000001e240000,0x000000001e340000)]
  0x0000000021a8e800 JavaThread "Cancel handler" [_thread_blocked, id=8728, stack(0x0000000001330000,0x0000000001430000)]
  0x0000000021a8a800 JavaThread "Handler for socket connection from /127.0.0.1:63157 to /127.0.0.1:63253" [_thread_in_native, id=5316, stack(0x0000000001230000,0x0000000001330000)]
  0x0000000021a8d000 JavaThread "Daemon Thread 2" [_thread_blocked, id=2232, stack(0x0000000001130000,0x0000000001230000)]
  0x0000000021a92000 JavaThread "RMI Reaper" [_thread_blocked, id=11848, stack(0x0000000036ba0000,0x0000000036ca0000)]
  0x0000000021a99000 JavaThread "RMI TCP Accept-0" daemon [_thread_in_native, id=20308, stack(0x0000000036aa0000,0x0000000036ba0000)]
  0x0000000021a96000 JavaThread "GC Daemon" daemon [_thread_blocked, id=19608, stack(0x00000000367a0000,0x00000000368a0000)]
  0x0000000021a98000 JavaThread "RMI Scheduler(0)" daemon [_thread_blocked, id=17904, stack(0x000000002ffc0000,0x00000000300c0000)]
  0x000000002202c000 JavaThread "Memory manager" [_thread_blocked, id=18444, stack(0x000000002c700000,0x000000002c800000)]
  0x000000001cbc3000 JavaThread "Cache worker for file content cache (C:\Users\Arash\.gradle\caches\6.5\fileContent)" [_thread_blocked, id=11352, stack(0x0000000023130000,0x0000000023230000)]
  0x000000001cbc2800 JavaThread "Cache worker for execution history cache (C:\Users\Arash\.gradle\caches\6.5\executionHistory)" [_thread_blocked, id=19540, stack(0x0000000022930000,0x0000000022a30000)]
  0x000000001cbbf800 JavaThread "Cache worker for file hash cache (C:\Users\Arash\.gradle\caches\6.5\fileHashes)" [_thread_blocked, id=17012, stack(0x000000001ee40000,0x000000001ef40000)]
  0x000000001cbc0000 JavaThread "File lock request listener" [_thread_in_native, id=19844, stack(0x000000001ed40000,0x000000001ee40000)]
  0x000000001b083800 JavaThread "Cache worker for journal cache (C:\Users\Arash\.gradle\caches\journal-1)" [_thread_blocked, id=7272, stack(0x000000001ec40000,0x000000001ed40000)]
  0x000000001c8c7000 JavaThread "Daemon periodic checks" [_thread_blocked, id=17972, stack(0x000000001df40000,0x000000001e040000)]
  0x000000001c8d5000 JavaThread "Incoming local TCP Connector on port 63157" [_thread_in_native, id=13804, stack(0x000000001dd00000,0x000000001de00000)]
  0x000000001c871000 JavaThread "Daemon health stats" [_thread_blocked, id=16364, stack(0x000000001d6c0000,0x000000001d7c0000)]
  0x0000000019ee0800 JavaThread "Service Thread" daemon [_thread_blocked, id=16276, stack(0x000000001ab20000,0x000000001ac20000)]
  0x0000000019e62000 JavaThread "C1 CompilerThread3" daemon [_thread_in_vm, id=12768, stack(0x000000001aa20000,0x000000001ab20000)]
  0x0000000019e5b000 JavaThread "C2 CompilerThread2" daemon [_thread_in_native, id=15444, stack(0x000000001a920000,0x000000001aa20000)]
=>0x0000000019e59800 JavaThread "C2 CompilerThread1" daemon [_thread_in_native, id=1320, stack(0x000000001a820000,0x000000001a920000)]
  0x0000000019e52800 JavaThread "C2 CompilerThread0" daemon [_thread_in_native, id=1392, stack(0x000000001a720000,0x000000001a820000)]
  0x0000000019e51000 JavaThread "Attach Listener" daemon [_thread_blocked, id=9556, stack(0x000000001a620000,0x000000001a720000)]
  0x0000000019e50000 JavaThread "Signal Dispatcher" daemon [_thread_blocked, id=13932, stack(0x000000001a520000,0x000000001a620000)]
  0x0000000002f19800 JavaThread "Finalizer" daemon [_thread_blocked, id=8796, stack(0x000000001a320000,0x000000001a420000)]
  0x000000001804c000 JavaThread "Reference Handler" daemon [_thread_blocked, id=14940, stack(0x000000001a220000,0x000000001a320000)]
  0x0000000002fde000 JavaThread "main" [_thread_blocked, id=19512, stack(0x0000000002cb0000,0x0000000002db0000)]

Other Threads:
  0x0000000002f16800 VMThread [stack: 0x0000000019d20000,0x0000000019e20000] [id=13628]
  0x0000000019e73800 WatcherThread [stack: 0x000000001ac20000,0x000000001ad20000] [id=5068]

VM state:not at safepoint (normal execution)

VM Mutex/Monitor currently owned by a thread:  ([mutex/lock_event])
[0x0000000002e203d0] CompiledIC_lock - owner thread: 0x0000000000000000

heap address: 0x0000000080000000, size: 2048 MB, Compressed Oops mode: 32-bit
Narrow klass base: 0x0000000000000000, Narrow klass shift: 3
Compressed class space size: 1073741824 Address: 0x0000000100000000

Heap:
 PSYoungGen      total 330240K, used 127270K [0x00000000d5580000, 0x00000000edf80000, 0x0000000100000000)
  eden space 281600K, 45% used [0x00000000d5580000,0x00000000dd1c98e8,0x00000000e6880000)
  from space 48640K, 0% used [0x00000000eb000000,0x00000000eb000000,0x00000000edf80000)
  to   space 46592K, 0% used [0x00000000e6880000,0x00000000e6880000,0x00000000e9600000)
 ParOldGen       total 174080K, used 77995K [0x0000000080000000, 0x000000008aa00000, 0x00000000d5580000)
  object space 174080K, 44% used [0x0000000080000000,0x0000000084c2af48,0x000000008aa00000)
 Metaspace       used 96351K, capacity 100662K, committed 100888K, reserved 1136640K
  class space    used 12502K, capacity 13340K, committed 13360K, reserved 1048576K

Card table byte_map: [0x00000000123a0000,0x00000000127b0000] byte_map_base: 0x0000000011fa0000

Marking Bits: (ParMarkBitMap*) 0x000000005869f030
 Begin Bits: [0x0000000013260000, 0x0000000015260000)
 End Bits:   [0x0000000015260000, 0x0000000017260000)

Polling page: 0x00000000014d0000

CodeCache: size=245760Kb used=47450Kb max_used=47530Kb free=198309Kb
 bounds [0x0000000002fe0000, 0x0000000005e90000, 0x0000000011fe0000]
 total_blobs=15194 nmethods=14268 adapters=837
 compilation: enabled

Compilation events (10 events):
Event: 141.267 Thread 0x0000000019e62000 17396       1       com.android.tools.r8.ProgramResource$ByteResource::getKind (5 bytes)
Event: 141.267 Thread 0x0000000019e62000 nmethod 17396 0x0000000005e81590 code [0x0000000005e816e0, 0x0000000005e817f0]
Event: 141.281 Thread 0x0000000019e62000 17397       3       java.lang.invoke.MethodTypeForm::pack (54 bytes)
Event: 141.281 Thread 0x0000000019e62000 nmethod 17397 0x0000000005e82250 code [0x0000000005e823a0, 0x0000000005e82510]
Event: 141.281 Thread 0x0000000019e62000 17398       3       sun.invoke.util.Wrapper::isDoubleWord (15 bytes)
Event: 141.281 Thread 0x0000000019e62000 nmethod 17398 0x0000000005e82590 code [0x0000000005e826e0, 0x0000000005e82890]
Event: 141.283 Thread 0x0000000019e62000 17401       3       java.lang.invoke.LambdaForm::signatureReturn (14 bytes)
Event: 141.283 Thread 0x0000000019e62000 nmethod 17401 0x0000000005e82c50 code [0x0000000005e82e00, 0x0000000005e833c8]
Event: 141.287 Thread 0x0000000019e62000 17402       3       java.io.RandomAccessFile::readFully (9 bytes)
Event: 141.288 Thread 0x0000000019e62000 nmethod 17402 0x0000000005e83610 code [0x0000000005e83780, 0x0000000005e839a8]

GC Heap History (10 events):
Event: 22.125 GC heap before
{Heap before GC invocations=20 (full 3):
 PSYoungGen      total 292864K, used 292848K [0x00000000d5580000, 0x00000000eca00000, 0x0000000100000000)
  eden space 254976K, 100% used [0x00000000d5580000,0x00000000e4e80000,0x00000000e4e80000)
  from space 37888K, 99% used [0x00000000e8000000,0x00000000ea4fc110,0x00000000ea500000)
  to   space 50688K, 0% used [0x00000000e4e80000,0x00000000e4e80000,0x00000000e8000000)
 ParOldGen       total 174080K, used 102659K [0x0000000080000000, 0x000000008aa00000, 0x00000000d5580000)
  object space 174080K, 58% used [0x0000000080000000,0x0000000086440d20,0x000000008aa00000)
 Metaspace       used 80041K, capacity 83966K, committed 84120K, reserved 1122304K
  class space    used 10643K, capacity 11399K, committed 11440K, reserved 1048576K
Event: 22.154 GC heap after
Heap after GC invocations=20 (full 3):
 PSYoungGen      total 305664K, used 16746K [0x00000000d5580000, 0x00000000ecc80000, 0x0000000100000000)
  eden space 254976K, 0% used [0x00000000d5580000,0x00000000d5580000,0x00000000e4e80000)
  from space 50688K, 33% used [0x00000000e4e80000,0x00000000e5edabd8,0x00000000e8000000)
  to   space 48128K, 0% used [0x00000000e9d80000,0x00000000e9d80000,0x00000000ecc80000)
 ParOldGen       total 174080K, used 119502K [0x0000000080000000, 0x000000008aa00000, 0x00000000d5580000)
  object space 174080K, 68% used [0x0000000080000000,0x00000000874b3bf0,0x000000008aa00000)
 Metaspace       used 80041K, capacity 83966K, committed 84120K, reserved 1122304K
  class space    used 10643K, capacity 11399K, committed 11440K, reserved 1048576K
}
Event: 129.296 GC heap before
{Heap before GC invocations=21 (full 3):
 PSYoungGen      total 305664K, used 271722K [0x00000000d5580000, 0x00000000ecc80000, 0x0000000100000000)
  eden space 254976K, 100% used [0x00000000d5580000,0x00000000e4e80000,0x00000000e4e80000)
  from space 50688K, 33% used [0x00000000e4e80000,0x00000000e5edabd8,0x00000000e8000000)
  to   space 48128K, 0% used [0x00000000e9d80000,0x00000000e9d80000,0x00000000ecc80000)
 ParOldGen       total 174080K, used 119502K [0x0000000080000000, 0x000000008aa00000, 0x00000000d5580000)
  object space 174080K, 68% used [0x0000000080000000,0x00000000874b3bf0,0x000000008aa00000)
 Metaspace       used 87573K, capacity 91914K, committed 92184K, reserved 1128448K
  class space    used 11440K, capacity 12240K, committed 12336K, reserved 1048576K
Event: 129.321 GC heap after
Heap after GC invocations=21 (full 3):
 PSYoungGen      total 320512K, used 22586K [0x00000000d5580000, 0x00000000ec380000, 0x0000000100000000)
  eden space 281600K, 0% used [0x00000000d5580000,0x00000000d5580000,0x00000000e6880000)
  from space 38912K, 58% used [0x00000000e9d80000,0x00000000eb38e958,0x00000000ec380000)
  to   space 46592K, 0% used [0x00000000e6880000,0x00000000e6880000,0x00000000e9600000)
 ParOldGen       total 174080K, used 119510K [0x0000000080000000, 0x000000008aa00000, 0x00000000d5580000)
  object space 174080K, 68% used [0x0000000080000000,0x00000000874b5bf0,0x000000008aa00000)
 Metaspace       used 87573K, capacity 91914K, committed 92184K, reserved 1128448K
  class space    used 11440K, capacity 12240K, committed 12336K, reserved 1048576K
}
Event: 140.339 GC heap before
{Heap before GC invocations=22 (full 3):
 PSYoungGen      total 320512K, used 304186K [0x00000000d5580000, 0x00000000ec380000, 0x0000000100000000)
  eden space 281600K, 100% used [0x00000000d5580000,0x00000000e6880000,0x00000000e6880000)
  from space 38912K, 58% used [0x00000000e9d80000,0x00000000eb38e958,0x00000000ec380000)
  to   space 46592K, 0% used [0x00000000e6880000,0x00000000e6880000,0x00000000e9600000)
 ParOldGen       total 174080K, used 119510K [0x0000000080000000, 0x000000008aa00000, 0x00000000d5580000)
  object space 174080K, 68% used [0x0000000080000000,0x00000000874b5bf0,0x000000008aa00000)
 Metaspace       used 94005K, capacity 98474K, committed 98584K, reserved 1134592K
  class space    used 12182K, capacity 13034K, committed 13104K, reserved 1048576K
Event: 140.365 GC heap after
Heap after GC invocations=22 (full 3):
 PSYoungGen      total 328192K, used 33399K [0x00000000d5580000, 0x00000000edf80000, 0x0000000100000000)
  eden space 281600K, 0% used [0x00000000d5580000,0x00000000d5580000,0x00000000e6880000)
  from space 46592K, 71% used [0x00000000e6880000,0x00000000e891de30,0x00000000e9600000)
  to   space 48640K, 0% used [0x00000000eb000000,0x00000000eb000000,0x00000000edf80000)
 ParOldGen       total 174080K, used 119518K [0x0000000080000000, 0x000000008aa00000, 0x00000000d5580000)
  object space 174080K, 68% used [0x0000000080000000,0x00000000874b7bf0,0x000000008aa00000)
 Metaspace       used 94005K, capacity 98474K, committed 98584K, reserved 1134592K
  class space    used 12182K, capacity 13034K, committed 13104K, reserved 1048576K
}
Event: 140.570 GC heap before
{Heap before GC invocations=23 (full 3):
 PSYoungGen      total 328192K, used 95974K [0x00000000d5580000, 0x00000000edf80000, 0x0000000100000000)
  eden space 281600K, 22% used [0x00000000d5580000,0x00000000d929bc48,0x00000000e6880000)
  from space 46592K, 71% used [0x00000000e6880000,0x00000000e891de30,0x00000000e9600000)
  to   space 48640K, 0% used [0x00000000eb000000,0x00000000eb000000,0x00000000edf80000)
 ParOldGen       total 174080K, used 119518K [0x0000000080000000, 0x000000008aa00000, 0x00000000d5580000)
  object space 174080K, 68% used [0x0000000080000000,0x00000000874b7bf0,0x000000008aa00000)
 Metaspace       used 94079K, capacity 98496K, committed 98584K, reserved 1134592K
  class space    used 12190K, capacity 13037K, committed 13104K, reserved 1048576K
Event: 140.604 GC heap after
Heap after GC invocations=23 (full 3):
 PSYoungGen      total 330240K, used 29077K [0x00000000d5580000, 0x00000000edf80000, 0x0000000100000000)
  eden space 281600K, 0% used [0x00000000d5580000,0x00000000d5580000,0x00000000e6880000)
  from space 48640K, 59% used [0x00000000eb000000,0x00000000ecc65738,0x00000000edf80000)
  to   space 46592K, 0% used [0x00000000e6880000,0x00000000e6880000,0x00000000e9600000)
 ParOldGen       total 174080K, used 119526K [0x0000000080000000, 0x000000008aa00000, 0x00000000d5580000)
  object space 174080K, 68% used [0x0000000080000000,0x00000000874b9bf0,0x000000008aa00000)
 Metaspace       used 94079K, capacity 98496K, committed 98584K, reserved 1134592K
  class space    used 12190K, capacity 13037K, committed 13104K, reserved 1048576K
}
Event: 140.604 GC heap before
{Heap before GC invocations=24 (full 4):
 PSYoungGen      total 330240K, used 29077K [0x00000000d5580000, 0x00000000edf80000, 0x0000000100000000)
  eden space 281600K, 0% used [0x00000000d5580000,0x00000000d5580000,0x00000000e6880000)
  from space 48640K, 59% used [0x00000000eb000000,0x00000000ecc65738,0x00000000edf80000)
  to   space 46592K, 0% used [0x00000000e6880000,0x00000000e6880000,0x00000000e9600000)
 ParOldGen       total 174080K, used 119526K [0x0000000080000000, 0x000000008aa00000, 0x00000000d5580000)
  object space 174080K, 68% used [0x0000000080000000,0x00000000874b9bf0,0x000000008aa00000)
 Metaspace       used 94079K, capacity 98496K, committed 98584K, reserved 1134592K
  class space    used 12190K, capacity 13037K, committed 13104K, reserved 1048576K
Event: 140.808 GC heap after
Heap after GC invocations=24 (full 4):
 PSYoungGen      total 330240K, used 0K [0x00000000d5580000, 0x00000000edf80000, 0x0000000100000000)
  eden space 281600K, 0% used [0x00000000d5580000,0x00000000d5580000,0x00000000e6880000)
  from space 48640K, 0% used [0x00000000eb000000,0x00000000eb000000,0x00000000edf80000)
  to   space 46592K, 0% used [0x00000000e6880000,0x00000000e6880000,0x00000000e9600000)
 ParOldGen       total 174080K, used 77995K [0x0000000080000000, 0x000000008aa00000, 0x00000000d5580000)
  object space 174080K, 44% used [0x0000000080000000,0x0000000084c2af48,0x000000008aa00000)
 Metaspace       used 93766K, capacity 97576K, committed 98584K, reserved 1134592K
  class space    used 12094K, capacity 12869K, committed 13104K, reserved 1048576K
}

Deoptimization events (10 events):
Event: 141.082 Thread 0x0000000020e79800 Uncommon trap: reason=unstable_if action=reinterpret pc=0x00000000050a2328 method=java.util.concurrent.ConcurrentHashMap.addCount(JI)V @ 168
Event: 141.082 Thread 0x0000000020e79800 Uncommon trap: reason=unstable_if action=reinterpret pc=0x00000000034e4014 method=java.util.concurrent.ConcurrentHashMap.transfer([Ljava/util/concurrent/ConcurrentHashMap$Node;[Ljava/util/concurrent/ConcurrentHashMap$Node;)V @ 34
Event: 141.082 Thread 0x0000000020e79800 Uncommon trap: reason=unstable_if action=reinterpret pc=0x00000000034c2ec8 method=java.util.concurrent.ConcurrentHashMap.transfer([Ljava/util/concurrent/ConcurrentHashMap$Node;[Ljava/util/concurrent/ConcurrentHashMap$Node;)V @ 175
Event: 141.082 Thread 0x000000002e3b1000 Uncommon trap: reason=unstable_if action=reinterpret pc=0x00000000034e4044 method=java.util.concurrent.ConcurrentHashMap.transfer([Ljava/util/concurrent/ConcurrentHashMap$Node;[Ljava/util/concurrent/ConcurrentHashMap$Node;)V @ 277
Event: 141.082 Thread 0x000000002e3b1000 Uncommon trap: reason=unstable_if action=reinterpret pc=0x00000000050a2328 method=java.util.concurrent.ConcurrentHashMap.addCount(JI)V @ 168
Event: 141.082 Thread 0x000000002e3b1000 Uncommon trap: reason=unstable_if action=reinterpret pc=0x0000000004576c60 method=java.util.concurrent.ConcurrentHashMap.addCount(JI)V @ 168
Event: 141.129 Thread 0x0000000020e82800 Uncommon trap: reason=unstable_if action=reinterpret pc=0x000000000553bad8 method=java.nio.Bits.copyToArray(JLjava/lang/Object;JJJ)V @ 19
Event: 141.144 Thread 0x0000000020e82800 Uncommon trap: reason=unstable_if action=reinterpret pc=0x00000000054f7e24 method=java.nio.Bits.copyToArray(JLjava/lang/Object;JJJ)V @ 19
Event: 141.150 Thread 0x0000000020e82800 Uncommon trap: reason=unstable_if action=reinterpret pc=0x000000000466e93c method=java.nio.Bits.copyToArray(JLjava/lang/Object;JJJ)V @ 19
Event: 141.287 Thread 0x000000002e3b1000 Uncommon trap: reason=unstable_if action=reinterpret pc=0x00000000045668dc method=java.nio.Bits.putInt(Ljava/nio/ByteBuffer;IIZ)V @ 1

Classes redefined (0 events):
No events

Internal exceptions (10 events):
Event: 140.452 Thread 0x0000000020e7a800 Exception <a 'sun/nio/fs/WindowsException'> (0x00000000d7035450) thrown at [C:\src\AOSP-openjdk-git\hotspot\src\share\vm\prims\jni.cpp, line 710]
Event: 140.452 Thread 0x0000000020e7a800 Exception <a 'sun/nio/fs/WindowsException'> (0x00000000d70364b8) thrown at [C:\src\AOSP-openjdk-git\hotspot\src\share\vm\prims\jni.cpp, line 710]
Event: 140.463 Thread 0x0000000020e80800 Exception <a 'sun/nio/fs/WindowsException'> (0x00000000d724a1e8) thrown at [C:\src\AOSP-openjdk-git\hotspot\src\share\vm\prims\jni.cpp, line 710]
Event: 140.909 Thread 0x0000000020e7c000 Exception <a 'java/lang/NoSuchMethodError': <clinit>> (0x00000000d7043758) thrown at [C:\src\AOSP-openjdk-git\hotspot\src\share\vm\prims\jni.cpp, line 1615]
Event: 141.011 Thread 0x0000000020e79800 Exception <a 'sun/nio/fs/WindowsException'> (0x00000000d7a10748) thrown at [C:\src\AOSP-openjdk-git\hotspot\src\share\vm\prims\jni.cpp, line 710]
Event: 141.074 Thread 0x0000000020e79800 Exception <a 'java/lang/NoSuchMethodError': <clinit>> (0x00000000d8cc0db0) thrown at [C:\src\AOSP-openjdk-git\hotspot\src\share\vm\prims\jni.cpp, line 1615]
Event: 141.090 Thread 0x000000002e3b4800 Exception <a 'java/lang/NoSuchMethodError': java.lang.Object.lambda$static$0(Ljava/lang/String;)Z> (0x00000000d8f5d7e8) thrown at [C:\src\AOSP-openjdk-git\hotspot\src\share\vm\interpreter\linkResolver.cpp, line 620]
Event: 141.120 Thread 0x0000000020e7f000 Exception <a 'sun/nio/fs/WindowsException'> (0x00000000da14fb08) thrown at [C:\src\AOSP-openjdk-git\hotspot\src\share\vm\prims\jni.cpp, line 710]
Event: 141.160 Thread 0x0000000020e7c800 Exception <a 'sun/nio/fs/WindowsException'> (0x00000000db582648) thrown at [C:\src\AOSP-openjdk-git\hotspot\src\share\vm\prims\jni.cpp, line 710]
Event: 141.247 Thread 0x0000000020e82800 Exception <a 'sun/nio/fs/WindowsException'> (0x00000000dc349478) thrown at [C:\src\AOSP-openjdk-git\hotspot\src\share\vm\prims\jni.cpp, line 710]

Events (10 events):
Event: 141.295 loading class com/android/tools/r8/graph/l0$k
Event: 141.295 loading class com/android/tools/r8/graph/l0$k done
Event: 141.296 loading class com/android/tools/r8/graph/l0$n
Event: 141.296 loading class com/android/tools/r8/graph/l0$n done
Event: 141.296 loading class com/android/tools/r8/graph/l0$l
Event: 141.296 loading class com/android/tools/r8/graph/l0$l done
Event: 141.296 loading class com/android/tools/r8/graph/l0$g
Event: 141.296 loading class com/android/tools/r8/graph/l0$g done
Event: 141.296 loading class com/google/common/util/concurrent/TrustedListenableFutureTask$TrustedFutureInterruptibleAsyncTask
Event: 141.296 loading class com/google/common/util/concurrent/TrustedListenableFutureTask$TrustedFutureInterruptibleAsyncTask done


Dynamic libraries:
0x00007ff7caeb0000 - 0x00007ff7caee1000 	C:\Program Files\Android\Android Studio\jre\bin\java.exe
0x00007ff8f1870000 - 0x00007ff8f1a66000 	C:\WINDOWS\SYSTEM32\ntdll.dll
0x00007ff8efff0000 - 0x00007ff8f00ad000 	C:\WINDOWS\System32\KERNEL32.DLL
0x00007ff8eef80000 - 0x00007ff8ef249000 	C:\WINDOWS\System32\KERNELBASE.dll
0x00007ff8f0850000 - 0x00007ff8f08fc000 	C:\WINDOWS\System32\ADVAPI32.dll
0x00007ff8f02b0000 - 0x00007ff8f034e000 	C:\WINDOWS\System32\msvcrt.dll
0x00007ff8eff30000 - 0x00007ff8effcc000 	C:\WINDOWS\System32\sechost.dll
0x00007ff8f00b0000 - 0x00007ff8f01db000 	C:\WINDOWS\System32\RPCRT4.dll
0x00007ff8f0350000 - 0x00007ff8f04f0000 	C:\WINDOWS\System32\USER32.dll
0x00007ff8ef250000 - 0x00007ff8ef272000 	C:\WINDOWS\System32\win32u.dll
0x00007ff8f0610000 - 0x00007ff8f063a000 	C:\WINDOWS\System32\GDI32.dll
0x00007ff8ef4e0000 - 0x00007ff8ef5e9000 	C:\WINDOWS\System32\gdi32full.dll
0x00007ff8ef5f0000 - 0x00007ff8ef68d000 	C:\WINDOWS\System32\msvcp_win.dll
0x00007ff8ef690000 - 0x00007ff8ef790000 	C:\WINDOWS\System32\ucrtbase.dll
0x00007ff8ee3a0000 - 0x00007ff8ee63b000 	C:\WINDOWS\WinSxS\amd64_microsoft.windows.common-controls_6595b64144ccf1df_6.0.19041.488_none_ca04af081b815d21\COMCTL32.dll
0x00007ff8f1700000 - 0x00007ff8f1730000 	C:\WINDOWS\System32\IMM32.DLL
0x0000000059b60000 - 0x0000000059c32000 	C:\Program Files\Android\Android Studio\jre\jre\bin\msvcr100.dll
0x0000000057ed0000 - 0x000000005871b000 	C:\Program Files\Android\Android Studio\jre\jre\bin\server\jvm.dll
0x00007ff8eff20000 - 0x00007ff8eff28000 	C:\WINDOWS\System32\PSAPI.DLL
0x00007ff8e1980000 - 0x00007ff8e1989000 	C:\WINDOWS\SYSTEM32\WSOCK32.dll
0x00007ff8e8170000 - 0x00007ff8e817a000 	C:\WINDOWS\SYSTEM32\VERSION.dll
0x00007ff8e40b0000 - 0x00007ff8e40d7000 	C:\WINDOWS\SYSTEM32\WINMM.dll
0x00007ff8f04f0000 - 0x00007ff8f055b000 	C:\WINDOWS\System32\WS2_32.dll
0x00007ff8c3250000 - 0x00007ff8c325f000 	C:\Program Files\Android\Android Studio\jre\jre\bin\verify.dll
0x00007ff8931e0000 - 0x00007ff893209000 	C:\Program Files\Android\Android Studio\jre\jre\bin\java.dll
0x00007ff8ba160000 - 0x00007ff8ba176000 	C:\Program Files\Android\Android Studio\jre\jre\bin\zip.dll
0x00007ff8f0fb0000 - 0x00007ff8f16f2000 	C:\WINDOWS\System32\SHELL32.dll
0x00007ff8ec8a0000 - 0x00007ff8ed035000 	C:\WINDOWS\SYSTEM32\windows.storage.dll
0x00007ff8f0c50000 - 0x00007ff8f0fa6000 	C:\WINDOWS\System32\combase.dll
0x00007ff8ee300000 - 0x00007ff8ee32c000 	C:\WINDOWS\SYSTEM32\Wldp.dll
0x00007ff8f0560000 - 0x00007ff8f060e000 	C:\WINDOWS\System32\SHCORE.dll
0x00007ff8f0640000 - 0x00007ff8f0695000 	C:\WINDOWS\System32\shlwapi.dll
0x00007ff8eeeb0000 - 0x00007ff8eeed6000 	C:\WINDOWS\SYSTEM32\profapi.dll
0x00007ff893110000 - 0x00007ff89312a000 	C:\Program Files\Android\Android Studio\jre\jre\bin\net.dll
0x00007ff8ee1e0000 - 0x00007ff8ee24a000 	C:\WINDOWS\system32\mswsock.dll
0x00007ff8930f0000 - 0x00007ff893103000 	C:\Program Files\Android\Android Studio\jre\jre\bin\nio.dll
0x00007ff8e6f70000 - 0x00007ff8e6f97000 	C:\Users\Arash\.gradle\native\f6784746aeab05261644944871eae4fe03e0ef1612fff0a4a95f87b438bc6780\windows-amd64\native-platform.dll
0x00007ff8b7690000 - 0x00007ff8b769d000 	C:\Program Files\Android\Android Studio\jre\jre\bin\management.dll
0x00007ff8eed10000 - 0x00007ff8eed28000 	C:\WINDOWS\SYSTEM32\CRYPTSP.dll
0x00007ff8eda30000 - 0x00007ff8eda64000 	C:\WINDOWS\system32\rsaenh.dll
0x00007ff8ef430000 - 0x00007ff8ef457000 	C:\WINDOWS\System32\bcrypt.dll
0x00007ff8eee30000 - 0x00007ff8eee5e000 	C:\WINDOWS\SYSTEM32\USERENV.dll
0x00007ff8ef460000 - 0x00007ff8ef4e0000 	C:\WINDOWS\System32\bcryptprimitives.dll
0x00007ff8ee2c0000 - 0x00007ff8ee2cc000 	C:\WINDOWS\SYSTEM32\CRYPTBASE.dll
0x00007ff8edd70000 - 0x00007ff8eddab000 	C:\WINDOWS\SYSTEM32\IPHLPAPI.DLL
0x00007ff8effe0000 - 0x00007ff8effe8000 	C:\WINDOWS\System32\NSI.dll
0x00007ff8e6c30000 - 0x00007ff8e6c47000 	C:\WINDOWS\SYSTEM32\dhcpcsvc6.DLL
0x00007ff8e6b20000 - 0x00007ff8e6b3d000 	C:\WINDOWS\SYSTEM32\dhcpcsvc.DLL
0x00007ff8eddb0000 - 0x00007ff8ede7b000 	C:\WINDOWS\SYSTEM32\DNSAPI.dll
0x00007ff8e6e00000 - 0x00007ff8e6e0b000 	C:\WINDOWS\SYSTEM32\WINNSI.DLL
0x00007ff8eecd0000 - 0x00007ff8eed03000 	C:\WINDOWS\SYSTEM32\ntmarta.dll
0x00007ff8e7930000 - 0x00007ff8e794e000 	C:\Users\Arash\AppData\Local\Temp\native-platform6115888337180895963dir\native-platform.dll

VM Arguments:
jvm_args: -Xmx2048m -Dfile.encoding=windows-1252 -Duser.country=US -Duser.language=en -Duser.variant 
java_command: org.gradle.launcher.daemon.bootstrap.GradleDaemon 6.5
java_class_path (initial): C:\Users\Arash\.gradle\wrapper\dists\gradle-6.5-bin\6nifqtx7604sqp1q6g8wikw7p\gradle-6.5\lib\gradle-launcher-6.5.jar
Launcher Type: SUN_STANDARD

Environment Variables:
PATH=C:\Program Files (x86)\Common Files\Intel\Shared Libraries\redist\intel64\compiler;C:\Program Files (x86)\Common Files\Oracle\Java\javapath;C:\Program Files (x86)\Intel\Intel(R) Management Engine Components\iCLS\;C:\Program Files\Intel\Intel(R) Management Engine Components\iCLS\;C:\Windows\system32;C:\Windows;C:\Windows\System32\Wbem;C:\Windows\System32\WindowsPowerShell\v1.0\;C:\Windows\System32\OpenSSH\;C:\Program Files (x86)\NVIDIA Corporation\PhysX\Common;C:\Program Files (x86)\Intel\Intel(R) Management Engine Components\DAL;C:\Program Files\Intel\Intel(R) Management Engine Components\DAL;C:\Program Files (x86)\Intel\Intel(R) Management Engine Components\IPT;C:\Program Files\Intel\Intel(R) Management Engine Components\IPT;C:\Program Files\NVIDIA Corporation\NVIDIA NvDLISR;C:\Program Files (x86)\Microsoft SQL Server\150\DTS\Binn\;C:\WINDOWS\system32;C:\WINDOWS;C:\WINDOWS\System32\Wbem;C:\WINDOWS\System32\WindowsPowerShell\v1.0\;C:\WINDOWS\System32\OpenSSH\;C:\Program Files\Intel\WiFi\bin\;C:\Program Files\Common Files\Intel\WirelessCommon\;C:\Program Files\nodejs\;C:\Program Files\Git\cmd;C:\Program Files\Java\jdk1.8.0_202\bin;C:\Users\Arash\AppData\Roaming\npm;C:\Program Files\Intel\WiFi\bin\;C:\Program Files\Common Files\Intel\WirelessCommon\;C:\Program Files\heroku\bin
USERNAME=Arash
OS=Windows_NT
PROCESSOR_IDENTIFIER=Intel64 Family 6 Model 142 Stepping 10, GenuineIntel



---------------  S Y S T E M  ---------------

OS: Windows 10.0 , 64 bit Build 19041 (10.0.19041.662)

CPU:total 8 (initial active 8) (4 cores per cpu, 2 threads per core) family 6 model 142 stepping 10, cmov, cx8, fxsr, mmx, sse, sse2, sse3, ssse3, sse4.1, sse4.2, popcnt, avx, avx2, aes, clmul, erms, 3dnowpref, lzcnt, ht, tsc, tscinvbit, bmi1, bmi2, adx

Memory: 4k page, physical 12458928k(537976k free), swap 18602928k(6704k free)

vm_info: OpenJDK 64-Bit Server VM (25.242-b01) for windows-amd64 JRE (1.8.0_242-release-1644-b01), built by "builder" with MS VC++ 10.0 (VS2010)

time: Thu Dec 31 23:43:24 2020
timezone: Iran Standard Time
elapsed time: 141 seconds (0d 0h 2m 21s)

