#
# There is insufficient memory for the Java Runtime Environment to continue.
# Native memory allocation (malloc) failed to allocate 1274800 bytes for Chunk::new
# Possible reasons:
#   The system is out of physical RAM or swap space
#   The process is running with CompressedOops enabled, and the Java Heap may be blocking the growth of the native heap
# Possible solutions:
#   Reduce memory load on the system
#   Increase physical memory or swap space
#   Check if swap backing store is full
#   Decrease Java heap size (-Xmx/-Xms)
#   Decrease number of Java threads
#   Decrease Java thread stack sizes (-Xss)
#   Set larger code cache with -XX:ReservedCodeCacheSize=
#   JVM is running with Unscaled Compressed Oops mode in which the Java heap is
#     placed in the first 4GB address space. The Java Heap base address is the
#     maximum limit for the native heap growth. Please use -XX:HeapBaseMinAddress
#     to set the Java Heap base and to place the Java Heap above 4GB virtual address.
# This output file may be truncated or incomplete.
#
#  Out of Memory Error (allocation.cpp:389), pid=5436, tid=0x000000000000024c
#
# JRE version: OpenJDK Runtime Environment (8.0_242-b01) (build 1.8.0_242-release-1644-b01)
# Java VM: OpenJDK 64-Bit Server VM (25.242-b01 mixed mode windows-amd64 compressed oops)
# Failed to write core dump. Minidumps are not enabled by default on client versions of Windows
#

---------------  T H R E A D  ---------------

Current thread (0x000000001a196000):  JavaThread "C2 CompilerThread2" daemon [_thread_in_native, id=588, stack(0x000000001ac60000,0x000000001ad60000)]

Stack: [0x000000001ac60000,0x000000001ad60000]
[error occurred during error reporting (printing stack bounds), id 0xc0000005]

Native frames: (J=compiled Java code, j=interpreted, Vv=VM code, C=native code)


Current CompileTask:
C2:  58138 15262       4       com.android.tools.r8.ir.conversion.o::a (1153 bytes)


---------------  P R O C E S S  ---------------

Java Threads: ( => current thread )
  0x000000001f899000 JavaThread "WorkerExecutor Queue Thread 9" [_thread_in_Java, id=14628, stack(0x0000000032dc0000,0x0000000032ec0000)]
  0x000000001f895800 JavaThread "WorkerExecutor Queue Thread 8" [_thread_in_Java, id=4444, stack(0x0000000032cc0000,0x0000000032dc0000)]
  0x000000001f898800 JavaThread "WorkerExecutor Queue Thread 7" [_thread_in_Java, id=18724, stack(0x0000000032bc0000,0x0000000032cc0000)]
  0x000000001f896000 JavaThread "WorkerExecutor Queue Thread 6" [_thread_in_Java, id=17624, stack(0x0000000032ac0000,0x0000000032bc0000)]
  0x000000001f894800 JavaThread "WorkerExecutor Queue Thread 5" [_thread_blocked, id=6984, stack(0x00000000329c0000,0x0000000032ac0000)]
  0x000000001f897800 JavaThread "ForkJoinPool.commonPool-worker-5" daemon [_thread_blocked, id=15000, stack(0x00000000325c0000,0x00000000326c0000)]
  0x000000001f897000 JavaThread "ForkJoinPool.commonPool-worker-4" daemon [_thread_blocked, id=16432, stack(0x00000000324c0000,0x00000000325c0000)]
  0x000000001f894000 JavaThread "ForkJoinPool.commonPool-worker-3" daemon [_thread_blocked, id=20836, stack(0x00000000323c0000,0x00000000324c0000)]
  0x000000001f891800 JavaThread "ForkJoinPool.commonPool-worker-2" daemon [_thread_blocked, id=3620, stack(0x00000000320c0000,0x00000000321c0000)]
  0x00000000220d0000 JavaThread "ForkJoinPool.commonPool-worker-1" daemon [_thread_blocked, id=17688, stack(0x00000000315c0000,0x00000000316c0000)]
  0x0000000020fb6000 JavaThread "Cache worker for Java compile cache (C:\Users\Arash\AndroidStudioProjects\NearRoom\.gradle\6.5\javaCompile)" [_thread_blocked, id=5020, stack(0x0000000031bc0000,0x0000000031cc0000)]
  0x0000000020fba800 JavaThread "Cache worker for Java compile cache (C:\Users\Arash\.gradle\caches\6.5\javaCompile)" [_thread_blocked, id=13972, stack(0x0000000031ac0000,0x0000000031bc0000)]
  0x0000000020fb5000 JavaThread "RMI TCP Connection(2)-127.0.0.1" daemon [_thread_in_native, id=7352, stack(0x00000000319c0000,0x0000000031ac0000)]
  0x0000000020fb9000 JavaThread "RMI Reaper" [_thread_blocked, id=20396, stack(0x00000000318c0000,0x00000000319c0000)]
  0x0000000020fb7800 JavaThread "RMI TCP Accept-0" daemon [_thread_in_native, id=5840, stack(0x00000000317c0000,0x00000000318c0000)]
  0x0000000020fb6800 JavaThread "GC Daemon" daemon [_thread_blocked, id=3472, stack(0x00000000316c0000,0x00000000317c0000)]
  0x0000000020fb0800 JavaThread "RMI Scheduler(0)" daemon [_thread_blocked, id=13952, stack(0x0000000030f80000,0x0000000031080000)]
  0x0000000020fb4800 JavaThread "WorkerExecutor Queue Thread 3" [_thread_in_Java, id=11896, stack(0x00000000310c0000,0x00000000311c0000)]
  0x0000000020fab000 JavaThread "stdout" [_thread_in_native, id=3432, stack(0x0000000030e80000,0x0000000030f80000)]
  0x0000000020fb2000 JavaThread "stderr" [_thread_in_native, id=12080, stack(0x0000000030d80000,0x0000000030e80000)]
  0x0000000020fac800 JavaThread "stdout" [_thread_in_native, id=15592, stack(0x0000000030c80000,0x0000000030d80000)]
  0x0000000020faf800 JavaThread "stderr" [_thread_in_native, id=15008, stack(0x0000000030b80000,0x0000000030c80000)]
  0x0000000020fb1000 JavaThread "pool-2-thread-1" [_thread_blocked, id=18952, stack(0x00000000303f0000,0x00000000304f0000)]
  0x0000000020fac000 JavaThread "WorkerExecutor Queue Thread 2" [_thread_blocked, id=5144, stack(0x0000000030640000,0x0000000030740000)]
  0x00000000220d3000 JavaThread "WorkerExecutor Queue" [_thread_in_vm, id=5936, stack(0x0000000030540000,0x0000000030640000)]
  0x00000000220d1800 JavaThread "Cache worker for execution history cache (C:\Users\Arash\AndroidStudioProjects\NearRoom\.gradle\6.5\executionHistory)" [_thread_blocked, id=3068, stack(0x000000002fcf0000,0x000000002fdf0000)]
  0x00000000220d4000 JavaThread "Execution worker for ':' Thread 7" [_thread_blocked, id=9812, stack(0x000000002fbf0000,0x000000002fcf0000)]
  0x00000000220d4800 JavaThread "Execution worker for ':' Thread 6" [_thread_blocked, id=15748, stack(0x000000002f690000,0x000000002f790000)]
  0x00000000220c8000 JavaThread "Execution worker for ':' Thread 5" [_thread_blocked, id=19744, stack(0x000000002faf0000,0x000000002fbf0000)]
  0x00000000220ce000 JavaThread "Execution worker for ':' Thread 4" [_thread_blocked, id=21308, stack(0x000000002f9f0000,0x000000002faf0000)]
  0x00000000220c9800 JavaThread "Execution worker for ':' Thread 3" [_thread_blocked, id=6784, stack(0x000000002f8f0000,0x000000002f9f0000)]
  0x00000000220ce800 JavaThread "Execution worker for ':' Thread 2" [_thread_blocked, id=15188, stack(0x000000002f7f0000,0x000000002f8f0000)]
  0x00000000220cd000 JavaThread "Execution worker for ':'" [_thread_blocked, id=7344, stack(0x000000002f390000,0x000000002f490000)]
  0x00000000220cc800 JavaThread "Cache worker for file content cache (C:\Users\Arash\AndroidStudioProjects\NearRoom\.gradle\6.5\fileContent)" [_thread_blocked, id=20884, stack(0x000000002cb90000,0x000000002cc90000)]
  0x00000000220c5800 JavaThread "Memory manager" [_thread_blocked, id=5044, stack(0x000000002c940000,0x000000002ca40000)]
  0x00000000220cb800 JavaThread "Cache worker for Build Output Cleanup Cache (C:\Users\Arash\AndroidStudioProjects\NearRoom\.gradle\buildOutputCleanup)" [_thread_blocked, id=20796, stack(0x000000002ca90000,0x000000002cb90000)]
  0x00000000220c7000 JavaThread "jar transforms Thread 116" [_thread_blocked, id=5644, stack(0x000000002c640000,0x000000002c740000)]
  0x00000000220c6800 JavaThread "jar transforms Thread 115" [_thread_blocked, id=2276, stack(0x000000002c540000,0x000000002c640000)]
  0x00000000220cb000 JavaThread "jar transforms Thread 114" [_thread_blocked, id=18668, stack(0x000000002c440000,0x000000002c540000)]
  0x00000000220ca000 JavaThread "jar transforms Thread 113" [_thread_blocked, id=19408, stack(0x000000002c340000,0x000000002c440000)]
  0x0000000020658000 JavaThread "jar transforms Thread 112" [_thread_blocked, id=11612, stack(0x000000002c240000,0x000000002c340000)]
  0x000000002065c800 JavaThread "jar transforms Thread 111" [_thread_blocked, id=18644, stack(0x000000002c140000,0x000000002c240000)]
  0x0000000020656800 JavaThread "jar transforms Thread 110" [_thread_blocked, id=3596, stack(0x000000002c040000,0x000000002c140000)]
  0x000000002065b000 JavaThread "jar transforms Thread 109" [_thread_blocked, id=18968, stack(0x000000002bf40000,0x000000002c040000)]
  0x0000000020659800 JavaThread "jar transforms Thread 108" [_thread_blocked, id=12112, stack(0x000000002be40000,0x000000002bf40000)]
  0x0000000020659000 JavaThread "jar transforms Thread 107" [_thread_blocked, id=6012, stack(0x000000002bd40000,0x000000002be40000)]
  0x0000000020655000 JavaThread "jar transforms Thread 106" [_thread_blocked, id=1660, stack(0x000000002bc40000,0x000000002bd40000)]
  0x000000002065c000 JavaThread "jar transforms Thread 105" [_thread_blocked, id=20356, stack(0x000000002bb40000,0x000000002bc40000)]
  0x0000000020657800 JavaThread "jar transforms Thread 104" [_thread_blocked, id=17764, stack(0x000000002b940000,0x000000002ba40000)]
  0x000000002065a800 JavaThread "jar transforms Thread 103" [_thread_blocked, id=15660, stack(0x000000002b840000,0x000000002b940000)]
  0x0000000020650000 JavaThread "jar transforms Thread 102" [_thread_blocked, id=21020, stack(0x000000002b740000,0x000000002b840000)]
  0x0000000020656000 JavaThread "jar transforms Thread 101" [_thread_blocked, id=19756, stack(0x000000002b640000,0x000000002b740000)]
  0x000000002064d800 JavaThread "jar transforms Thread 100" [_thread_blocked, id=6444, stack(0x000000002b540000,0x000000002b640000)]
  0x0000000020653000 JavaThread "jar transforms Thread 99" [_thread_blocked, id=19056, stack(0x000000002b440000,0x000000002b540000)]
  0x0000000020651800 JavaThread "jar transforms Thread 98" [_thread_blocked, id=16472, stack(0x000000002b340000,0x000000002b440000)]
  0x0000000020650800 JavaThread "jar transforms Thread 97" [_thread_blocked, id=4092, stack(0x000000002b240000,0x000000002b340000)]
  0x0000000020654800 JavaThread "jar transforms Thread 96" [_thread_blocked, id=15968, stack(0x000000002b140000,0x000000002b240000)]
  0x000000002064f000 JavaThread "jar transforms Thread 95" [_thread_blocked, id=13556, stack(0x000000002b040000,0x000000002b140000)]
  0x0000000020652000 JavaThread "jar transforms Thread 94" [_thread_blocked, id=5396, stack(0x000000002af40000,0x000000002b040000)]
  0x000000002064e800 JavaThread "jar transforms Thread 93" [_thread_blocked, id=14828, stack(0x000000002ae40000,0x000000002af40000)]
  0x0000000020653800 JavaThread "jar transforms Thread 92" [_thread_blocked, id=9852, stack(0x000000002ad40000,0x000000002ae40000)]
  0x000000001bc99000 JavaThread "jar transforms Thread 91" [_thread_blocked, id=18800, stack(0x000000002ac40000,0x000000002ad40000)]
  0x000000001bc98000 JavaThread "jar transforms Thread 90" [_thread_blocked, id=1556, stack(0x000000002ab40000,0x000000002ac40000)]
  0x000000001bc96800 JavaThread "jar transforms Thread 89" [_thread_blocked, id=2132, stack(0x000000002aa40000,0x000000002ab40000)]
  0x000000001bc96000 JavaThread "jar transforms Thread 88" [_thread_blocked, id=16024, stack(0x000000002a940000,0x000000002aa40000)]
  0x000000001bc94800 JavaThread "jar transforms Thread 87" [_thread_blocked, id=13588, stack(0x000000002a840000,0x000000002a940000)]
  0x000000001bc93000 JavaThread "jar transforms Thread 86" [_thread_blocked, id=13032, stack(0x000000002a740000,0x000000002a840000)]
  0x000000001bc93800 JavaThread "jar transforms Thread 85" [_thread_blocked, id=15724, stack(0x000000002a640000,0x000000002a740000)]
  0x000000001bc97800 JavaThread "jar transforms Thread 84" [_thread_blocked, id=15032, stack(0x000000002a540000,0x000000002a640000)]
  0x000000001bc95000 JavaThread "jar transforms Thread 83" [_thread_blocked, id=956, stack(0x000000002a440000,0x000000002a540000)]
  0x000000001bc8c000 JavaThread "jar transforms Thread 82" [_thread_blocked, id=13584, stack(0x000000002a340000,0x000000002a440000)]
  0x000000001bc92000 JavaThread "jar transforms Thread 81" [_thread_blocked, id=19156, stack(0x000000002a240000,0x000000002a340000)]
  0x000000001bc91800 JavaThread "jar transforms Thread 80" [_thread_blocked, id=16444, stack(0x000000002a140000,0x000000002a240000)]
  0x000000001bc8b000 JavaThread "jar transforms Thread 79" [_thread_blocked, id=19368, stack(0x000000002a040000,0x000000002a140000)]
  0x000000001bc8a800 JavaThread "jar transforms Thread 78" [_thread_blocked, id=20832, stack(0x0000000029f40000,0x000000002a040000)]
  0x000000001bc89800 JavaThread "jar transforms Thread 77" [_thread_blocked, id=12020, stack(0x0000000029e40000,0x0000000029f40000)]
  0x000000001bc8e000 JavaThread "jar transforms Thread 76" [_thread_blocked, id=1588, stack(0x0000000029d40000,0x0000000029e40000)]
  0x000000001bc90800 JavaThread "jar transforms Thread 75" [_thread_blocked, id=19880, stack(0x0000000029c40000,0x0000000029d40000)]
  0x000000001bc8c800 JavaThread "jar transforms Thread 74" [_thread_blocked, id=14616, stack(0x0000000029b40000,0x0000000029c40000)]
  0x000000001bc8d800 JavaThread "jar transforms Thread 73" [_thread_blocked, id=18056, stack(0x0000000029a40000,0x0000000029b40000)]
  0x000000001bc8f800 JavaThread "jar transforms Thread 72" [_thread_blocked, id=2792, stack(0x0000000029940000,0x0000000029a40000)]
  0x000000001bc8f000 JavaThread "jar transforms Thread 71" [_thread_blocked, id=6364, stack(0x0000000029840000,0x0000000029940000)]
  0x000000001fd35000 JavaThread "jar transforms Thread 70" [_thread_blocked, id=14048, stack(0x0000000029740000,0x0000000029840000)]
  0x000000001fd38000 JavaThread "jar transforms Thread 69" [_thread_blocked, id=3884, stack(0x0000000029640000,0x0000000029740000)]
  0x000000001fd34800 JavaThread "jar transforms Thread 68" [_thread_blocked, id=14160, stack(0x0000000029540000,0x0000000029640000)]
  0x000000001fd33000 JavaThread "jar transforms Thread 67" [_thread_blocked, id=14716, stack(0x0000000029440000,0x0000000029540000)]
  0x000000001fd37800 JavaThread "jar transforms Thread 66" [_thread_blocked, id=20060, stack(0x0000000029340000,0x0000000029440000)]
  0x000000001fd36800 JavaThread "jar transforms Thread 65" [_thread_blocked, id=17756, stack(0x0000000029240000,0x0000000029340000)]
  0x000000001fd36000 JavaThread "jar transforms Thread 64" [_thread_blocked, id=968, stack(0x0000000029140000,0x0000000029240000)]
  0x000000001fd33800 JavaThread "jar transforms Thread 63" [_thread_blocked, id=1892, stack(0x0000000029040000,0x0000000029140000)]
  0x000000001fd2b800 JavaThread "jar transforms Thread 62" [_thread_blocked, id=16076, stack(0x0000000028f40000,0x0000000029040000)]
  0x000000001fd32000 JavaThread "jar transforms Thread 61" [_thread_blocked, id=13064, stack(0x0000000028e40000,0x0000000028f40000)]
  0x000000001fd2c000 JavaThread "jar transforms Thread 60" [_thread_blocked, id=17020, stack(0x0000000028d40000,0x0000000028e40000)]
  0x000000001fd31800 JavaThread "jar transforms Thread 59" [_thread_blocked, id=2800, stack(0x0000000028c40000,0x0000000028d40000)]
  0x000000001fd2a000 JavaThread "jar transforms Thread 58" [_thread_blocked, id=18592, stack(0x0000000028b40000,0x0000000028c40000)]
  0x000000001fd30800 JavaThread "jar transforms Thread 57" [_thread_blocked, id=8168, stack(0x0000000028a40000,0x0000000028b40000)]
  0x000000001fd30000 JavaThread "jar transforms Thread 56" [_thread_blocked, id=9040, stack(0x0000000028940000,0x0000000028a40000)]
  0x000000001fd29000 JavaThread "jar transforms Thread 55" [_thread_blocked, id=6688, stack(0x0000000028840000,0x0000000028940000)]
  0x000000001fd2a800 JavaThread "jar transforms Thread 54" [_thread_blocked, id=16448, stack(0x0000000028740000,0x0000000028840000)]
  0x000000001fd2f000 JavaThread "jar transforms Thread 53" [_thread_blocked, id=15944, stack(0x0000000028640000,0x0000000028740000)]
  0x000000001fd2d800 JavaThread "jar transforms Thread 52" [_thread_blocked, id=10624, stack(0x0000000028540000,0x0000000028640000)]
  0x000000001fd2d000 JavaThread "jar transforms Thread 51" [_thread_blocked, id=20068, stack(0x0000000028440000,0x0000000028540000)]
  0x000000001fd2e800 JavaThread "jar transforms Thread 50" [_thread_blocked, id=14136, stack(0x0000000028340000,0x0000000028440000)]
  0x0000000021f68000 JavaThread "jar transforms Thread 49" [_thread_blocked, id=6468, stack(0x0000000028240000,0x0000000028340000)]
  0x0000000021f6e000 JavaThread "jar transforms Thread 48" [_thread_blocked, id=21164, stack(0x0000000028140000,0x0000000028240000)]
  0x0000000021f6a000 JavaThread "jar transforms Thread 47" [_thread_blocked, id=15884, stack(0x0000000028040000,0x0000000028140000)]
  0x0000000021f68800 JavaThread "jar transforms Thread 46" [_thread_blocked, id=14008, stack(0x0000000027f40000,0x0000000028040000)]
  0x0000000021f6c800 JavaThread "jar transforms Thread 45" [_thread_blocked, id=20192, stack(0x0000000027e40000,0x0000000027f40000)]
  0x0000000021f6b800 JavaThread "jar transforms Thread 44" [_thread_blocked, id=3860, stack(0x0000000027d40000,0x0000000027e40000)]
  0x0000000021f6b000 JavaThread "jar transforms Thread 43" [_thread_blocked, id=18376, stack(0x0000000027c40000,0x0000000027d40000)]
  0x0000000021f69800 JavaThread "jar transforms Thread 42" [_thread_blocked, id=20544, stack(0x0000000027b40000,0x0000000027c40000)]
  0x0000000021f6e800 JavaThread "jar transforms Thread 41" [_thread_blocked, id=4984, stack(0x0000000027a40000,0x0000000027b40000)]
  0x0000000021f6d000 JavaThread "jar transforms Thread 40" [_thread_blocked, id=15068, stack(0x0000000027940000,0x0000000027a40000)]
  0x0000000021f60800 JavaThread "jar transforms Thread 39" [_thread_blocked, id=5388, stack(0x0000000027840000,0x0000000027940000)]
  0x0000000021f67000 JavaThread "jar transforms Thread 38" [_thread_blocked, id=3152, stack(0x0000000027740000,0x0000000027840000)]
  0x0000000021f61000 JavaThread "jar transforms Thread 37" [_thread_blocked, id=10200, stack(0x0000000027640000,0x0000000027740000)]
  0x0000000021f5f800 JavaThread "jar transforms Thread 36" [_thread_blocked, id=8532, stack(0x0000000027540000,0x0000000027640000)]
  0x0000000021f65800 JavaThread "jar transforms Thread 35" [_thread_blocked, id=11588, stack(0x0000000027440000,0x0000000027540000)]
  0x0000000021f66800 JavaThread "jar transforms Thread 34" [_thread_blocked, id=2196, stack(0x0000000027340000,0x0000000027440000)]
  0x0000000021f65000 JavaThread "jar transforms Thread 33" [_thread_blocked, id=10304, stack(0x0000000027240000,0x0000000027340000)]
  0x0000000021f64000 JavaThread "jar transforms Thread 32" [_thread_blocked, id=5868, stack(0x0000000027140000,0x0000000027240000)]
  0x0000000021f63800 JavaThread "jar transforms Thread 31" [_thread_blocked, id=17144, stack(0x0000000027040000,0x0000000027140000)]
  0x0000000021f62800 JavaThread "jar transforms Thread 30" [_thread_blocked, id=256, stack(0x0000000026f40000,0x0000000027040000)]
  0x0000000021f62000 JavaThread "jar transforms Thread 29" [_thread_blocked, id=20428, stack(0x0000000026e40000,0x0000000026f40000)]
  0x0000000021f50000 JavaThread "jar transforms Thread 28" [_thread_blocked, id=2128, stack(0x0000000026d40000,0x0000000026e40000)]
  0x0000000021f56800 JavaThread "jar transforms Thread 27" [_thread_blocked, id=10104, stack(0x0000000026c40000,0x0000000026d40000)]
  0x0000000021f52000 JavaThread "jar transforms Thread 26" [_thread_blocked, id=20012, stack(0x0000000026b40000,0x0000000026c40000)]
  0x0000000021f4f000 JavaThread "jar transforms Thread 25" [_thread_blocked, id=7524, stack(0x0000000026a40000,0x0000000026b40000)]
  0x0000000021f56000 JavaThread "jar transforms Thread 24" [_thread_blocked, id=20904, stack(0x0000000026940000,0x0000000026a40000)]
  0x0000000021f51800 JavaThread "jar transforms Thread 23" [_thread_blocked, id=14892, stack(0x0000000026840000,0x0000000026940000)]
  0x0000000021f55000 JavaThread "jar transforms Thread 22" [_thread_blocked, id=8392, stack(0x0000000026740000,0x0000000026840000)]
  0x0000000021f53000 JavaThread "jar transforms Thread 21" [_thread_blocked, id=1344, stack(0x0000000026640000,0x0000000026740000)]
  0x0000000021f50800 JavaThread "jar transforms Thread 20" [_thread_blocked, id=17516, stack(0x0000000026540000,0x0000000026640000)]
  0x0000000021f54800 JavaThread "jar transforms Thread 19" [_thread_blocked, id=15816, stack(0x0000000026440000,0x0000000026540000)]
  0x0000000021f53800 JavaThread "jar transforms Thread 18" [_thread_blocked, id=11212, stack(0x0000000026340000,0x0000000026440000)]
  0x0000000021f47800 JavaThread "jar transforms Thread 17" [_thread_blocked, id=16172, stack(0x0000000026240000,0x0000000026340000)]
  0x0000000021f49000 JavaThread "jar transforms Thread 16" [_thread_blocked, id=20916, stack(0x0000000026140000,0x0000000026240000)]
  0x0000000021f4a000 JavaThread "jar transforms Thread 15" [_thread_blocked, id=2760, stack(0x0000000026040000,0x0000000026140000)]
  0x0000000021f4d000 JavaThread "jar transforms Thread 14" [_thread_blocked, id=18316, stack(0x0000000025f40000,0x0000000026040000)]
  0x0000000021f4a800 JavaThread "jar transforms Thread 13" [_thread_blocked, id=408, stack(0x0000000025e40000,0x0000000025f40000)]
  0x0000000021f48800 JavaThread "jar transforms Thread 12" [_thread_blocked, id=12952, stack(0x0000000025d40000,0x0000000025e40000)]
  0x0000000021f4c000 JavaThread "jar transforms Thread 11" [_thread_blocked, id=19628, stack(0x0000000025c40000,0x0000000025d40000)]
  0x0000000021f4d800 JavaThread "jar transforms Thread 10" [_thread_blocked, id=14056, stack(0x0000000025b40000,0x0000000025c40000)]
  0x0000000021f4b800 JavaThread "jar transforms Thread 9" [_thread_blocked, id=6732, stack(0x0000000025a40000,0x0000000025b40000)]
  0x0000000021f4e800 JavaThread "jar transforms Thread 8" [_thread_blocked, id=18328, stack(0x0000000025940000,0x0000000025a40000)]
  0x00000000222a8800 JavaThread "jar transforms Thread 7" [_thread_blocked, id=16540, stack(0x0000000025840000,0x0000000025940000)]
  0x00000000222aa800 JavaThread "jar transforms Thread 6" [_thread_blocked, id=6380, stack(0x0000000025740000,0x0000000025840000)]
  0x00000000222a7800 JavaThread "jar transforms Thread 5" [_thread_blocked, id=7444, stack(0x0000000025640000,0x0000000025740000)]
  0x00000000222a5800 JavaThread "jar transforms Thread 4" [_thread_blocked, id=14764, stack(0x0000000025540000,0x0000000025640000)]
  0x00000000222aa000 JavaThread "jar transforms Thread 3" [_thread_blocked, id=3256, stack(0x0000000025440000,0x0000000025540000)]
  0x00000000222a4800 JavaThread "jar transforms Thread 2" [_thread_blocked, id=18416, stack(0x0000000025340000,0x0000000025440000)]
  0x00000000222a6000 JavaThread "Build operations Thread 8" [_thread_blocked, id=9860, stack(0x0000000025240000,0x0000000025340000)]
  0x00000000222a9000 JavaThread "Build operations Thread 7" [_thread_blocked, id=12680, stack(0x0000000025140000,0x0000000025240000)]
  0x00000000222a7000 JavaThread "Build operations Thread 6" [_thread_blocked, id=20148, stack(0x0000000025040000,0x0000000025140000)]
  0x000000002229e800 JavaThread "Build operations Thread 5" [_thread_blocked, id=18424, stack(0x0000000024f40000,0x0000000025040000)]
  0x000000002229d000 JavaThread "Build operations Thread 4" [_thread_blocked, id=18720, stack(0x0000000024e40000,0x0000000024f40000)]
  0x00000000222a0000 JavaThread "Build operations Thread 3" [_thread_blocked, id=13580, stack(0x0000000024d40000,0x0000000024e40000)]
  0x00000000222a4000 JavaThread "Build operations Thread 2" [_thread_blocked, id=14960, stack(0x0000000024c40000,0x0000000024d40000)]
  0x000000002229c800 JavaThread "Build operations" [_thread_blocked, id=1868, stack(0x0000000024b40000,0x0000000024c40000)]
  0x00000000222a1800 JavaThread "Cache worker for file content cache (C:\Users\Arash\.gradle\caches\6.5\fileContent)" [_thread_blocked, id=18808, stack(0x0000000023470000,0x0000000023570000)]
  0x000000001a195800 JavaThread "jar transforms" [_thread_blocked, id=15080, stack(0x0000000023370000,0x0000000023470000)]
  0x000000001a19a800 JavaThread "Cache worker for execution history cache (C:\Users\Arash\.gradle\caches\6.5\executionHistory)" [_thread_blocked, id=18560, stack(0x0000000022c70000,0x0000000022d70000)]
  0x000000001a198800 JavaThread "Cache worker for cache directory md-rule (C:\Users\Arash\.gradle\caches\6.5\md-rule)" [_thread_blocked, id=20612, stack(0x0000000022b70000,0x0000000022c70000)]
  0x000000001a19a000 JavaThread "Cache worker for cache directory md-supplier (C:\Users\Arash\.gradle\caches\6.5\md-supplier)" [_thread_blocked, id=12948, stack(0x0000000022a70000,0x0000000022b70000)]
  0x000000001a19c000 JavaThread "Cache worker for checksums cache (C:\Users\Arash\AndroidStudioProjects\NearRoom\.gradle\checksums)" [_thread_blocked, id=3428, stack(0x0000000021720000,0x0000000021820000)]
  0x000000001a19b800 JavaThread "Cache worker for file hash cache (C:\Users\Arash\AndroidStudioProjects\NearRoom\.gradle\6.5\fileHashes)" [_thread_blocked, id=1452, stack(0x0000000021420000,0x0000000021520000)]
  0x000000001a199000 JavaThread "Cache worker for file hash cache (C:\Users\Arash\.gradle\caches\6.5\fileHashes)" [_thread_blocked, id=4672, stack(0x000000001f180000,0x000000001f280000)]
  0x000000001a197800 JavaThread "File lock request listener" [_thread_in_native, id=11092, stack(0x000000001f080000,0x000000001f180000)]
  0x000000001b398000 JavaThread "Cache worker for journal cache (C:\Users\Arash\.gradle\caches\journal-1)" [_thread_blocked, id=1712, stack(0x000000001ef80000,0x000000001f080000)]
  0x000000001b39f000 JavaThread "Thread-9" [_thread_blocked, id=10344, stack(0x000000001ec80000,0x000000001ed80000)]
  0x000000001a2a0800 JavaThread "Stdin handler" [_thread_blocked, id=5592, stack(0x000000001eb80000,0x000000001ec80000)]
  0x000000001b12d800 JavaThread "Asynchronous log dispatcher for DefaultDaemonConnection: socket connection from /127.0.0.1:61868 to /127.0.0.1:61869" [_thread_blocked, id=15696, stack(0x000000001ea80000,0x000000001eb80000)]
  0x000000001b12b800 JavaThread "Daemon worker" [_thread_blocked, id=7004, stack(0x000000001e980000,0x000000001ea80000)]
  0x000000001b3a1000 JavaThread "Cancel handler" [_thread_blocked, id=19208, stack(0x000000001e780000,0x000000001e880000)]
  0x000000001b0ce800 JavaThread "Handler for socket connection from /127.0.0.1:61868 to /127.0.0.1:61869" [_thread_in_native, id=21016, stack(0x000000001e680000,0x000000001e780000)]
  0x000000001cb64800 JavaThread "Daemon" [_thread_blocked, id=20056, stack(0x000000001e580000,0x000000001e680000)]
  0x000000001ca44000 JavaThread "Daemon periodic checks" [_thread_blocked, id=15952, stack(0x000000001e280000,0x000000001e380000)]
  0x000000001ca3b000 JavaThread "Incoming local TCP Connector on port 61868" [_thread_in_native, id=19028, stack(0x000000001e040000,0x000000001e140000)]
  0x000000001cac9800 JavaThread "Daemon health stats" [_thread_blocked, id=6168, stack(0x000000001da00000,0x000000001db00000)]
  0x000000001a224800 JavaThread "Service Thread" daemon [_thread_blocked, id=3456, stack(0x000000001ae60000,0x000000001af60000)]
  0x000000001a197000 JavaThread "C1 CompilerThread3" daemon [_thread_in_native, id=8120, stack(0x000000001ad60000,0x000000001ae60000)]
=>0x000000001a196000 JavaThread "C2 CompilerThread2" daemon [_thread_in_native, id=588, stack(0x000000001ac60000,0x000000001ad60000)]
  0x000000001a186000 JavaThread "C2 CompilerThread1" daemon [_thread_in_native, id=6516, stack(0x000000001ab60000,0x000000001ac60000)]
  0x000000001a182000 JavaThread "C2 CompilerThread0" daemon [_thread_in_native, id=15200, stack(0x000000001aa60000,0x000000001ab60000)]
  0x000000001a180000 JavaThread "Attach Listener" daemon [_thread_blocked, id=21404, stack(0x000000001a960000,0x000000001aa60000)]
  0x000000001a17f000 JavaThread "Signal Dispatcher" daemon [_thread_blocked, id=4008, stack(0x000000001a860000,0x000000001a960000)]
  0x00000000032de000 JavaThread "Finalizer" daemon [_thread_blocked, id=13096, stack(0x000000001a650000,0x000000001a750000)]
  0x00000000032d7000 JavaThread "Reference Handler" daemon [_thread_blocked, id=19928, stack(0x000000001a550000,0x000000001a650000)]
  0x000000000306e000 JavaThread "main" [_thread_blocked, id=16520, stack(0x00000000030e0000,0x00000000031e0000)]

Other Threads:
  0x0000000018376800 VMThread [stack: 0x000000001a050000,0x000000001a150000] [id=13036]
  0x000000001a225800 WatcherThread [stack: 0x000000001af60000,0x000000001b060000] [id=6580]

VM state:not at safepoint (normal execution)

VM Mutex/Monitor currently owned by a thread: None

heap address: 0x0000000080000000, size: 2048 MB, Compressed Oops mode: 32-bit
Narrow klass base: 0x0000000000000000, Narrow klass shift: 3
Compressed class space size: 1073741824 Address: 0x0000000100000000

Heap:
 PSYoungGen      total 320000K, used 130748K [0x00000000d5580000, 0x00000000ed980000, 0x0000000100000000)
  eden space 272384K, 48% used [0x00000000d5580000,0x00000000dd52f0d8,0x00000000e5f80000)
  from space 47616K, 0% used [0x00000000e9600000,0x00000000e9600000,0x00000000ec480000)
  to   space 55808K, 0% used [0x00000000e5f80000,0x00000000e5f80000,0x00000000e9600000)
 ParOldGen       total 320000K, used 107559K [0x0000000080000000, 0x0000000093880000, 0x00000000d5580000)
  object space 320000K, 33% used [0x0000000080000000,0x0000000086909db0,0x0000000093880000)
 Metaspace       used 96448K, capacity 100936K, committed 102184K, reserved 1136640K
  class space    used 12884K, capacity 13741K, committed 14144K, reserved 1048576K

Card table byte_map: [0x00000000126a0000,0x0000000012ab0000] byte_map_base: 0x00000000122a0000

Marking Bits: (ParMarkBitMap*) 0x000000005710f030
 Begin Bits: [0x0000000013560000, 0x0000000015560000)
 End Bits:   [0x0000000015560000, 0x0000000017560000)

Polling page: 0x0000000003050000

CodeCache: size=245760Kb used=44366Kb max_used=44366Kb free=201393Kb
 bounds [0x00000000032e0000, 0x0000000005e70000, 0x00000000122e0000]
 total_blobs=14091 nmethods=13170 adapters=832
 compilation: enabled

Compilation events (10 events):
Event: 58.131 Thread 0x000000001a197000 nmethod 15743 0x0000000005e4cd50 code [0x0000000005e4cea0, 0x0000000005e4cfb0]
Event: 58.131 Thread 0x000000001a197000 15668       1       com.android.tools.r8.s.b.h0::O2 (5 bytes)
Event: 58.131 Thread 0x000000001a197000 nmethod 15668 0x0000000005e4d010 code [0x0000000005e4d160, 0x0000000005e4d270]
Event: 58.131 Thread 0x000000001a197000 15744       1       com.android.tools.r8.s.a.h.a::c (2 bytes)
Event: 58.131 Thread 0x000000001a197000 nmethod 15744 0x0000000005e4d2d0 code [0x0000000005e4d420, 0x0000000005e4d530]
Event: 58.131 Thread 0x000000001a197000 15642       1       com.android.tools.r8.s.b.j0::I2 (3 bytes)
Event: 58.131 Thread 0x000000001a197000 nmethod 15642 0x0000000005e4d590 code [0x0000000005e4d6e0, 0x0000000005e4d7f0]
Event: 58.131 Thread 0x000000001a197000 15768       1       com.android.tools.r8.graph.x0::a (2 bytes)
Event: 58.131 Thread 0x000000001a197000 nmethod 15768 0x0000000005e4d850 code [0x0000000005e4d9a0, 0x0000000005e4dab0]
Event: 58.131 Thread 0x000000001a197000 15861       2       java.util.TimSort::mergeLo (659 bytes)

GC Heap History (10 events):
Event: 21.434 GC heap before
{Heap before GC invocations=18 (full 3):
 PSYoungGen      total 263168K, used 255619K [0x00000000d5580000, 0x00000000e7f00000, 0x0000000100000000)
  eden space 231424K, 100% used [0x00000000d5580000,0x00000000e3780000,0x00000000e3780000)
  from space 31744K, 76% used [0x00000000e5880000,0x00000000e7020cb8,0x00000000e7780000)
  to   space 33792K, 0% used [0x00000000e3780000,0x00000000e3780000,0x00000000e5880000)
 ParOldGen       total 178688K, used 60953K [0x0000000080000000, 0x000000008ae80000, 0x00000000d5580000)
  object space 178688K, 34% used [0x0000000080000000,0x0000000083b86788,0x000000008ae80000)
 Metaspace       used 76189K, capacity 79688K, committed 79896K, reserved 1118208K
  class space    used 10268K, capacity 10942K, committed 11056K, reserved 1048576K
Event: 21.463 GC heap after
Heap after GC invocations=18 (full 3):
 PSYoungGen      total 265216K, used 33782K [0x00000000d5580000, 0x00000000ea980000, 0x0000000100000000)
  eden space 231424K, 0% used [0x00000000d5580000,0x00000000d5580000,0x00000000e3780000)
  from space 33792K, 99% used [0x00000000e3780000,0x00000000e587daa8,0x00000000e5880000)
  to   space 42496K, 0% used [0x00000000e8000000,0x00000000e8000000,0x00000000ea980000)
 ParOldGen       total 178688K, used 70370K [0x0000000080000000, 0x000000008ae80000, 0x00000000d5580000)
  object space 178688K, 39% used [0x0000000080000000,0x00000000844b8888,0x000000008ae80000)
 Metaspace       used 76189K, capacity 79688K, committed 79896K, reserved 1118208K
  class space    used 10268K, capacity 10942K, committed 11056K, reserved 1048576K
}
Event: 53.529 GC heap before
{Heap before GC invocations=19 (full 3):
 PSYoungGen      total 265216K, used 265206K [0x00000000d5580000, 0x00000000ea980000, 0x0000000100000000)
  eden space 231424K, 100% used [0x00000000d5580000,0x00000000e3780000,0x00000000e3780000)
  from space 33792K, 99% used [0x00000000e3780000,0x00000000e587daa8,0x00000000e5880000)
  to   space 42496K, 0% used [0x00000000e8000000,0x00000000e8000000,0x00000000ea980000)
 ParOldGen       total 178688K, used 70370K [0x0000000080000000, 0x000000008ae80000, 0x00000000d5580000)
  object space 178688K, 39% used [0x0000000080000000,0x00000000844b8888,0x000000008ae80000)
 Metaspace       used 81458K, capacity 85258K, committed 85528K, reserved 1122304K
  class space    used 10964K, capacity 11704K, committed 11824K, reserved 1048576K
Event: 53.569 GC heap after
Heap after GC invocations=19 (full 3):
 PSYoungGen      total 295424K, used 25862K [0x00000000d5580000, 0x00000000ea500000, 0x0000000100000000)
  eden space 257536K, 0% used [0x00000000d5580000,0x00000000d5580000,0x00000000e5100000)
  from space 37888K, 68% used [0x00000000e8000000,0x00000000e9941af0,0x00000000ea500000)
  to   space 43008K, 0% used [0x00000000e5100000,0x00000000e5100000,0x00000000e7b00000)
 ParOldGen       total 178688K, used 91082K [0x0000000080000000, 0x000000008ae80000, 0x00000000d5580000)
  object space 178688K, 50% used [0x0000000080000000,0x00000000858f29a8,0x000000008ae80000)
 Metaspace       used 81458K, capacity 85258K, committed 85528K, reserved 1122304K
  class space    used 10964K, capacity 11704K, committed 11824K, reserved 1048576K
}
Event: 54.880 GC heap before
{Heap before GC invocations=20 (full 3):
 PSYoungGen      total 295424K, used 283398K [0x00000000d5580000, 0x00000000ea500000, 0x0000000100000000)
  eden space 257536K, 100% used [0x00000000d5580000,0x00000000e5100000,0x00000000e5100000)
  from space 37888K, 68% used [0x00000000e8000000,0x00000000e9941af0,0x00000000ea500000)
  to   space 43008K, 0% used [0x00000000e5100000,0x00000000e5100000,0x00000000e7b00000)
 ParOldGen       total 178688K, used 91082K [0x0000000080000000, 0x000000008ae80000, 0x00000000d5580000)
  object space 178688K, 50% used [0x0000000080000000,0x00000000858f29a8,0x000000008ae80000)
 Metaspace       used 86608K, capacity 90556K, committed 90648K, reserved 1128448K
  class space    used 11541K, capacity 12311K, committed 12336K, reserved 1048576K
Event: 54.908 GC heap after
Heap after GC invocations=20 (full 3):
 PSYoungGen      total 300544K, used 37625K [0x00000000d5580000, 0x00000000ec480000, 0x0000000100000000)
  eden space 257536K, 0% used [0x00000000d5580000,0x00000000d5580000,0x00000000e5100000)
  from space 43008K, 87% used [0x00000000e5100000,0x00000000e75be470,0x00000000e7b00000)
  to   space 47616K, 0% used [0x00000000e9600000,0x00000000e9600000,0x00000000ec480000)
 ParOldGen       total 178688K, used 91090K [0x0000000080000000, 0x000000008ae80000, 0x00000000d5580000)
  object space 178688K, 50% used [0x0000000080000000,0x00000000858f49a8,0x000000008ae80000)
 Metaspace       used 86608K, capacity 90556K, committed 90648K, reserved 1128448K
  class space    used 11541K, capacity 12311K, committed 12336K, reserved 1048576K
}
Event: 56.607 GC heap before
{Heap before GC invocations=21 (full 3):
 PSYoungGen      total 300544K, used 218575K [0x00000000d5580000, 0x00000000ec480000, 0x0000000100000000)
  eden space 257536K, 70% used [0x00000000d5580000,0x00000000e0635a08,0x00000000e5100000)
  from space 43008K, 87% used [0x00000000e5100000,0x00000000e75be470,0x00000000e7b00000)
  to   space 47616K, 0% used [0x00000000e9600000,0x00000000e9600000,0x00000000ec480000)
 ParOldGen       total 178688K, used 91090K [0x0000000080000000, 0x000000008ae80000, 0x00000000d5580000)
  object space 178688K, 50% used [0x0000000080000000,0x00000000858f49a8,0x000000008ae80000)
 Metaspace       used 93485K, capacity 98544K, committed 98600K, reserved 1134592K
  class space    used 12591K, capacity 13625K, committed 13632K, reserved 1048576K
Event: 56.659 GC heap after
Heap after GC invocations=21 (full 3):
 PSYoungGen      total 320000K, used 47585K [0x00000000d5580000, 0x00000000ed980000, 0x0000000100000000)
  eden space 272384K, 0% used [0x00000000d5580000,0x00000000d5580000,0x00000000e5f80000)
  from space 47616K, 99% used [0x00000000e9600000,0x00000000ec478678,0x00000000ec480000)
  to   space 55808K, 0% used [0x00000000e5f80000,0x00000000e5f80000,0x00000000e9600000)
 ParOldGen       total 178688K, used 94408K [0x0000000080000000, 0x000000008ae80000, 0x00000000d5580000)
  object space 178688K, 52% used [0x0000000080000000,0x0000000085c32330,0x000000008ae80000)
 Metaspace       used 93485K, capacity 98544K, committed 98600K, reserved 1134592K
  class space    used 12591K, capacity 13625K, committed 13632K, reserved 1048576K
}
Event: 56.659 GC heap before
{Heap before GC invocations=22 (full 4):
 PSYoungGen      total 320000K, used 47585K [0x00000000d5580000, 0x00000000ed980000, 0x0000000100000000)
  eden space 272384K, 0% used [0x00000000d5580000,0x00000000d5580000,0x00000000e5f80000)
  from space 47616K, 99% used [0x00000000e9600000,0x00000000ec478678,0x00000000ec480000)
  to   space 55808K, 0% used [0x00000000e5f80000,0x00000000e5f80000,0x00000000e9600000)
 ParOldGen       total 178688K, used 94408K [0x0000000080000000, 0x000000008ae80000, 0x00000000d5580000)
  object space 178688K, 52% used [0x0000000080000000,0x0000000085c32330,0x000000008ae80000)
 Metaspace       used 93485K, capacity 98544K, committed 98600K, reserved 1134592K
  class space    used 12591K, capacity 13625K, committed 13632K, reserved 1048576K
Event: 57.040 GC heap after
Heap after GC invocations=22 (full 4):
 PSYoungGen      total 320000K, used 0K [0x00000000d5580000, 0x00000000ed980000, 0x0000000100000000)
  eden space 272384K, 0% used [0x00000000d5580000,0x00000000d5580000,0x00000000e5f80000)
  from space 47616K, 0% used [0x00000000e9600000,0x00000000e9600000,0x00000000ec480000)
  to   space 55808K, 0% used [0x00000000e5f80000,0x00000000e5f80000,0x00000000e9600000)
 ParOldGen       total 320000K, used 107559K [0x0000000080000000, 0x0000000093880000, 0x00000000d5580000)
  object space 320000K, 33% used [0x0000000080000000,0x0000000086909db0,0x0000000093880000)
 Metaspace       used 92357K, capacity 96132K, committed 98600K, reserved 1134592K
  class space    used 12256K, capacity 13021K, committed 13632K, reserved 1048576K
}

Deoptimization events (10 events):
Event: 57.276 Thread 0x00000000220d3000 Uncommon trap: reason=class_check action=maybe_recompile pc=0x00000000054d58d0 method=com.android.tools.r8.q.a.a.b.J0.k()Ljava/lang/Object; @ 27
Event: 57.283 Thread 0x0000000020fb4800 Uncommon trap: reason=unstable_if action=reinterpret pc=0x00000000040abf04 method=java.util.HashMap.computeIfAbsent(Ljava/lang/Object;Ljava/util/function/Function;)Ljava/lang/Object; @ 145
Event: 57.294 Thread 0x0000000020fb4800 Uncommon trap: reason=class_check action=maybe_recompile pc=0x00000000054d58d0 method=com.android.tools.r8.q.a.a.b.J0.k()Ljava/lang/Object; @ 27
Event: 57.486 Thread 0x00000000220d3000 Uncommon trap: reason=unstable_if action=reinterpret pc=0x0000000005bc3d94 method=com.android.tools.r8.q.a.a.b.u0.b(I[Ljava/lang/Object;)Lcom/android/tools/r8/q/a/a/b/u0; @ 113
Event: 57.734 Thread 0x0000000020fb4800 Uncommon trap: reason=unstable_if action=reinterpret pc=0x0000000003cc7d90 method=java.util.HashMap.getNode(ILjava/lang/Object;)Ljava/util/HashMap$Node; @ 84
Event: 57.929 Thread 0x00000000220d3000 Uncommon trap: reason=unstable_if action=reinterpret pc=0x0000000005c572e8 method=com.android.tools.r8.ir.conversion.N.a(ILcom/android/tools/r8/s/b/t1;Lcom/android/tools/r8/s/b/o;Lcom/android/tools/r8/s/b/o$c;Lcom/android/tools/r8/s/b/U0$a;)Lcom/android/t
Event: 58.019 Thread 0x00000000220d3000 Uncommon trap: reason=unstable_if action=reinterpret pc=0x0000000004647278 method=com.android.tools.r8.z.a.a.f.a(II[C)Ljava/lang/String; @ 59
Event: 58.019 Thread 0x00000000220d3000 Uncommon trap: reason=unstable_if action=reinterpret pc=0x00000000034c0ec0 method=com.android.tools.r8.graph.i0.a(C[BI)I @ 27
Event: 58.028 Thread 0x00000000220d3000 Uncommon trap: reason=unstable_if action=reinterpret pc=0x0000000003fce4fc method=com.android.tools.r8.graph.i0.a([C)I @ 44
Event: 58.043 Thread 0x00000000220d3000 Uncommon trap: reason=unstable_if action=reinterpret pc=0x00000000053c65ac method=com.android.tools.r8.z.a.a.f.a(Lcom/android/tools/r8/z/a/a/u;Lcom/android/tools/r8/z/a/a/k;I)V @ 1388

Classes redefined (0 events):
No events

Internal exceptions (10 events):
Event: 56.019 Thread 0x0000000020fb4800 Exception <a 'sun/nio/fs/WindowsException'> (0x00000000dbe568c8) thrown at [C:\src\AOSP-openjdk-git\hotspot\src\share\vm\prims\jni.cpp, line 710]
Event: 56.095 Thread 0x00000000220d3000 Exception <a 'sun/nio/fs/WindowsException'> (0x00000000dcc406c8) thrown at [C:\src\AOSP-openjdk-git\hotspot\src\share\vm\prims\jni.cpp, line 710]
Event: 56.360 Thread 0x0000000020fb4800 Exception <a 'java/lang/IncompatibleClassChangeError': Found class java.lang.Object, but interface was expected> (0x00000000de9631f0) thrown at [C:\src\AOSP-openjdk-git\hotspot\src\share\vm\interpreter\linkResolver.cpp, line 653]
Event: 56.360 Thread 0x000000001f898800 Exception <a 'java/lang/IncompatibleClassChangeError': Found class java.lang.Object, but interface was expected> (0x00000000de9505f0) thrown at [C:\src\AOSP-openjdk-git\hotspot\src\share\vm\interpreter\linkResolver.cpp, line 653]
Event: 57.143 Thread 0x00000000220d3000 Exception <a 'java/lang/NoSuchMethodError': java.lang.Object.b(Lcom/android/tools/r8/graph/p1$b;)Lcom/android/tools/r8/graph/p1$b;> (0x00000000d5646028) thrown at [C:\src\AOSP-openjdk-git\hotspot\src\share\vm\interpreter\linkResolver.cpp, line 620]
Event: 57.177 Thread 0x000000001f896000 Exception <a 'java/lang/NoSuchMethodError': java.lang.Object.lambda$maxBy$1(Ljava/util/Comparator;Ljava/lang/Object;Ljava/lang/Object;)Ljava/lang/Object;> (0x00000000d5a75620) thrown at [C:\src\AOSP-openjdk-git\hotspot\src\share\vm\interpreter\linkResolve
Event: 57.177 Thread 0x000000001f898800 Exception <a 'java/lang/NoSuchMethodError': java.lang.Object.lambda$maxBy$1(Ljava/util/Comparator;Ljava/lang/Object;Ljava/lang/Object;)Ljava/lang/Object;> (0x00000000d5a10328) thrown at [C:\src\AOSP-openjdk-git\hotspot\src\share\vm\interpreter\linkResolve
Event: 57.177 Thread 0x00000000220d3000 Exception <a 'java/lang/NoSuchMethodError': java.lang.Object.lambda$maxBy$1(Ljava/util/Comparator;Ljava/lang/Object;Ljava/lang/Object;)Ljava/lang/Object;> (0x00000000d5ba5e38) thrown at [C:\src\AOSP-openjdk-git\hotspot\src\share\vm\interpreter\linkResolve
Event: 57.177 Thread 0x000000001f899000 Exception <a 'java/lang/NoSuchMethodError': java.lang.Object.lambda$maxBy$1(Ljava/util/Comparator;Ljava/lang/Object;Ljava/lang/Object;)Ljava/lang/Object;> (0x00000000d5b316d8) thrown at [C:\src\AOSP-openjdk-git\hotspot\src\share\vm\interpreter\linkResolve
Event: 57.177 Thread 0x0000000020fb4800 Exception <a 'java/lang/NoSuchMethodError': java.lang.Object.lambda$maxBy$1(Ljava/util/Comparator;Ljava/lang/Object;Ljava/lang/Object;)Ljava/lang/Object;> (0x00000000d5be4e58) thrown at [C:\src\AOSP-openjdk-git\hotspot\src\share\vm\interpreter\linkResolve

Events (10 events):
Event: 58.043 Thread 0x00000000220d3000 DEOPT PACKING pc=0x00000000053c65ac sp=0x000000003063c690
Event: 58.043 Thread 0x00000000220d3000 DEOPT UNPACKING pc=0x000000000332557b sp=0x000000003063c670 mode 2
Event: 58.083 Thread 0x0000000020fb4800 DEOPT PACKING pc=0x0000000005c90ec4 sp=0x00000000311bc470
Event: 58.085 Thread 0x0000000020fb4800 DEOPT UNPACKING pc=0x00000000033275d0 sp=0x00000000311bc210 mode 0
Event: 58.123 loading class com/android/tools/r8/graph/i0
Event: 58.123 loading class com/android/tools/r8/graph/i0 done
Event: 58.123 loading class com/android/tools/r8/graph/i0
Event: 58.123 loading class com/android/tools/r8/graph/i0 done
Event: 58.123 loading class com/android/tools/r8/graph/g1
Event: 58.123 loading class com/android/tools/r8/graph/g1 done


Dynamic libraries:
0x00007ff651d70000 - 0x00007ff651da1000 	C:\Program Files\Android\Android Studio\jre\bin\java.exe
0x00007ff8a96f0000 - 0x00007ff8a98e6000 	C:\WINDOWS\SYSTEM32\ntdll.dll
0x00007ff8a9370000 - 0x00007ff8a942d000 	C:\WINDOWS\System32\KERNEL32.DLL
0x00007ff8a6fa0000 - 0x00007ff8a7269000 	C:\WINDOWS\System32\KERNELBASE.dll
0x00007ff8a95d0000 - 0x00007ff8a967c000 	C:\WINDOWS\System32\ADVAPI32.dll
0x00007ff8a7920000 - 0x00007ff8a79be000 	C:\WINDOWS\System32\msvcrt.dll
0x00007ff8a92d0000 - 0x00007ff8a936c000 	C:\WINDOWS\System32\sechost.dll
0x00007ff8a77f0000 - 0x00007ff8a791b000 	C:\WINDOWS\System32\RPCRT4.dll
0x00007ff8a9430000 - 0x00007ff8a95d0000 	C:\WINDOWS\System32\USER32.dll
0x00007ff8a7640000 - 0x00007ff8a7662000 	C:\WINDOWS\System32\win32u.dll
0x00007ff8a8230000 - 0x00007ff8a825a000 	C:\WINDOWS\System32\GDI32.dll
0x00007ff8a74d0000 - 0x00007ff8a75db000 	C:\WINDOWS\System32\gdi32full.dll
0x00007ff8a6e00000 - 0x00007ff8a6e9d000 	C:\WINDOWS\System32\msvcp_win.dll
0x00007ff8a6ea0000 - 0x00007ff8a6fa0000 	C:\WINDOWS\System32\ucrtbase.dll
0x00007ff893730000 - 0x00007ff8939cb000 	C:\WINDOWS\WinSxS\amd64_microsoft.windows.common-controls_6595b64144ccf1df_6.0.19041.746_none_ca02b4b61b8320a4\COMCTL32.dll
0x00007ff8a8180000 - 0x00007ff8a81b0000 	C:\WINDOWS\System32\IMM32.DLL
0x0000000056860000 - 0x0000000056932000 	C:\Program Files\Android\Android Studio\jre\jre\bin\msvcr100.dll
0x0000000056940000 - 0x000000005718b000 	C:\Program Files\Android\Android Studio\jre\jre\bin\server\jvm.dll
0x00007ff8a82d0000 - 0x00007ff8a82d8000 	C:\WINDOWS\System32\PSAPI.DLL
0x00007ff898c70000 - 0x00007ff898c79000 	C:\WINDOWS\SYSTEM32\WSOCK32.dll
0x00007ff89ce30000 - 0x00007ff89ce57000 	C:\WINDOWS\SYSTEM32\WINMM.dll
0x00007ff8a0090000 - 0x00007ff8a009a000 	C:\WINDOWS\SYSTEM32\VERSION.dll
0x00007ff8a8260000 - 0x00007ff8a82cb000 	C:\WINDOWS\System32\WS2_32.dll
0x00007ff8a21b0000 - 0x00007ff8a21bf000 	C:\Program Files\Android\Android Studio\jre\jre\bin\verify.dll
0x00007ff89f6c0000 - 0x00007ff89f6e9000 	C:\Program Files\Android\Android Studio\jre\jre\bin\java.dll
0x00007ff89f6a0000 - 0x00007ff89f6b6000 	C:\Program Files\Android\Android Studio\jre\jre\bin\zip.dll
0x00007ff8a88e0000 - 0x00007ff8a9023000 	C:\WINDOWS\System32\SHELL32.dll
0x00007ff8a4b90000 - 0x00007ff8a531f000 	C:\WINDOWS\SYSTEM32\windows.storage.dll
0x00007ff8a8490000 - 0x00007ff8a87e6000 	C:\WINDOWS\System32\combase.dll
0x00007ff8a6860000 - 0x00007ff8a688c000 	C:\WINDOWS\SYSTEM32\Wldp.dll
0x00007ff8a9220000 - 0x00007ff8a92ce000 	C:\WINDOWS\System32\SHCORE.dll
0x00007ff8a87f0000 - 0x00007ff8a8845000 	C:\WINDOWS\System32\shlwapi.dll
0x00007ff8a6d30000 - 0x00007ff8a6d56000 	C:\WINDOWS\SYSTEM32\profapi.dll
0x00007ff89cad0000 - 0x00007ff89caea000 	C:\Program Files\Android\Android Studio\jre\jre\bin\net.dll
0x00007ff8a65e0000 - 0x00007ff8a664a000 	C:\WINDOWS\system32\mswsock.dll
0x00007ff89cab0000 - 0x00007ff89cac3000 	C:\Program Files\Android\Android Studio\jre\jre\bin\nio.dll
0x00007ff88cbd0000 - 0x00007ff88cbf7000 	C:\Users\Arash\.gradle\native\f6784746aeab05261644944871eae4fe03e0ef1612fff0a4a95f87b438bc6780\windows-amd64\native-platform.dll
0x00007ff8a2190000 - 0x00007ff8a219d000 	C:\Program Files\Android\Android Studio\jre\jre\bin\management.dll
0x00007ff8a67b0000 - 0x00007ff8a67c8000 	C:\WINDOWS\SYSTEM32\CRYPTSP.dll
0x00007ff8a5f10000 - 0x00007ff8a5f44000 	C:\WINDOWS\system32\rsaenh.dll
0x00007ff8a76f0000 - 0x00007ff8a7717000 	C:\WINDOWS\System32\bcrypt.dll
0x00007ff8a6cb0000 - 0x00007ff8a6cde000 	C:\WINDOWS\SYSTEM32\USERENV.dll
0x00007ff8a7670000 - 0x00007ff8a76f0000 	C:\WINDOWS\System32\bcryptprimitives.dll
0x00007ff8a67d0000 - 0x00007ff8a67dc000 	C:\WINDOWS\SYSTEM32\CRYPTBASE.dll
0x00007ff8a6280000 - 0x00007ff8a62bb000 	C:\WINDOWS\SYSTEM32\IPHLPAPI.DLL
0x00007ff8a7ff0000 - 0x00007ff8a7ff8000 	C:\WINDOWS\System32\NSI.dll
0x00007ff89ed20000 - 0x00007ff89ed37000 	C:\WINDOWS\SYSTEM32\dhcpcsvc6.DLL
0x00007ff89eea0000 - 0x00007ff89eebd000 	C:\WINDOWS\SYSTEM32\dhcpcsvc.DLL
0x00007ff8a62d0000 - 0x00007ff8a639b000 	C:\WINDOWS\SYSTEM32\DNSAPI.dll
0x00007ff8a22a0000 - 0x00007ff8a22ab000 	C:\WINDOWS\SYSTEM32\WINNSI.DLL
0x00007ff89d670000 - 0x00007ff89d68e000 	C:\Users\Arash\AppData\Local\Temp\native-platform1968898470305760850dir\native-platform.dll

VM Arguments:
jvm_args: -Xmx2048m -Dfile.encoding=windows-1252 -Duser.country=US -Duser.language=en -Duser.variant 
java_command: org.gradle.launcher.daemon.bootstrap.GradleDaemon 6.5
java_class_path (initial): C:\Users\Arash\.gradle\wrapper\dists\gradle-6.5-bin\6nifqtx7604sqp1q6g8wikw7p\gradle-6.5\lib\gradle-launcher-6.5.jar
Launcher Type: SUN_STANDARD

Environment Variables:
PATH=C:\Program Files (x86)\Common Files\Intel\Shared Libraries\redist\intel64\compiler;C:\Program Files (x86)\Common Files\Oracle\Java\javapath;C:\Program Files (x86)\Intel\Intel(R) Management Engine Components\iCLS\;C:\Program Files\Intel\Intel(R) Management Engine Components\iCLS\;C:\Windows\system32;C:\Windows;C:\Windows\System32\Wbem;C:\Windows\System32\WindowsPowerShell\v1.0\;C:\Windows\System32\OpenSSH\;C:\Program Files (x86)\NVIDIA Corporation\PhysX\Common;C:\Program Files (x86)\Intel\Intel(R) Management Engine Components\DAL;C:\Program Files\Intel\Intel(R) Management Engine Components\DAL;C:\Program Files (x86)\Intel\Intel(R) Management Engine Components\IPT;C:\Program Files\Intel\Intel(R) Management Engine Components\IPT;C:\Program Files\NVIDIA Corporation\NVIDIA NvDLISR;C:\Program Files (x86)\Microsoft SQL Server\150\DTS\Binn\;C:\WINDOWS\system32;C:\WINDOWS;C:\WINDOWS\System32\Wbem;C:\WINDOWS\System32\WindowsPowerShell\v1.0\;C:\WINDOWS\System32\OpenSSH\;C:\Program Files\Intel\WiFi\bin\;C:\Program Files\Common Files\Intel\WirelessCommon\;C:\Program Files\nodejs\;C:\Program Files\Git\cmd;C:\Program Files\Java\jdk1.8.0_202\bin;C:\Users\Arash\AppData\Roaming\npm;C:\Program Files\Intel\WiFi\bin\;C:\Program Files\Common Files\Intel\WirelessCommon\;C:\Program Files\heroku\bin
USERNAME=Arash
OS=Windows_NT
PROCESSOR_IDENTIFIER=Intel64 Family 6 Model 142 Stepping 10, GenuineIntel



---------------  S Y S T E M  ---------------

OS: Windows 10.0 , 64 bit Build 19041 (10.0.19041.662)

CPU:total 8 (initial active 8) (4 cores per cpu, 2 threads per core) family 6 model 142 stepping 10, cmov, cx8, fxsr, mmx, sse, sse2, sse3, ssse3, sse4.1, sse4.2, popcnt, avx, avx2, aes, clmul, erms, 3dnowpref, lzcnt, ht, tsc, tscinvbit, bmi1, bmi2, adx

Memory: 4k page, physical 12458928k(1144448k free), swap 18602928k(6560k free)

vm_info: OpenJDK 64-Bit Server VM (25.242-b01) for windows-amd64 JRE (1.8.0_242-release-1644-b01), built by "builder" with MS VC++ 10.0 (VS2010)

time: Fri Jan 22 14:17:57 2021
timezone: Iran Standard Time
elapsed time: 58 seconds (0d 0h 0m 58s)

